#
# There is insufficient memory for the Java Runtime Environment to continue.
# Native memory allocation (malloc) failed to allocate 1023616 bytes for Chunk::new
# Possible reasons:
#   The system is out of physical RAM or swap space
#   The process is running with CompressedOops enabled, and the Java Heap may be blocking the growth of the native heap
# Possible solutions:
#   Reduce memory load on the system
#   Increase physical memory or swap space
#   Check if swap backing store is full
#   Decrease Java heap size (-Xmx/-Xms)
#   Decrease number of Java threads
#   Decrease Java thread stack sizes (-Xss)
#   Set larger code cache with -XX:ReservedCodeCacheSize=
#   JVM is running with Zero Based Compressed Oops mode in which the Java heap is
#     placed in the first 32GB address space. The Java Heap base address is the
#     maximum limit for the native heap growth. Please use -XX:HeapBaseMinAddress
#     to set the Java Heap base and to place the Java Heap above 32GB virtual address.
# This output file may be truncated or incomplete.
#
#  Out of Memory Error (arena.cpp:189), pid=10200, tid=17972
#
# JRE version: OpenJDK Runtime Environment (17.0.6) (build 17.0.6+0-b2043.56-10027231)
# Java VM: OpenJDK 64-Bit Server VM (17.0.6+0-b2043.56-10027231, mixed mode, tiered, compressed oops, compressed class ptrs, g1 gc, windows-amd64)
# No core dump will be written. Minidumps are not enabled by default on client versions of Windows
#

---------------  S U M M A R Y ------------

Command Line: --add-opens=java.base/java.util=ALL-UNNAMED --add-opens=java.base/java.lang=ALL-UNNAMED --add-opens=java.base/java.lang.invoke=ALL-UNNAMED --add-opens=java.base/java.util=ALL-UNNAMED --add-opens=java.prefs/java.util.prefs=ALL-UNNAMED --add-opens=java.prefs/java.util.prefs=ALL-UNNAMED --add-opens=java.base/java.nio.charset=ALL-UNNAMED --add-opens=java.base/java.net=ALL-UNNAMED --add-opens=java.base/java.util.concurrent.atomic=ALL-UNNAMED -Xmx4G -Dfile.encoding=windows-1252 -Duser.country=US -Duser.language=en -Duser.variant org.gradle.launcher.daemon.bootstrap.GradleDaemon 7.5

Host: Intel(R) Core(TM) i5-1035G1 CPU @ 1.00GHz, 8 cores, 7G,  Windows 11 , 64 bit Build 22000 (10.0.22000.708)
Time: Tue Dec 19 22:25:09 2023 Nepal Standard Time elapsed time: 43.400760 seconds (0d 0h 0m 43s)

---------------  T H R E A D  ---------------

Current thread (0x00000203b433c610):  JavaThread "C2 CompilerThread1" daemon [_thread_in_native, id=17972, stack(0x00000007f8800000,0x00000007f8900000)]


Current CompileTask:
C2:  43400 9459       4       java.beans.Introspector::addMethod (196 bytes)

Stack: [0x00000007f8800000,0x00000007f8900000]
Native frames: (J=compiled Java code, j=interpreted, Vv=VM code, C=native code)
V  [jvm.dll+0x683c9a]
V  [jvm.dll+0x8427a4]
V  [jvm.dll+0x843f9e]
V  [jvm.dll+0x844603]
V  [jvm.dll+0x249b75]
V  [jvm.dll+0xabcac]
V  [jvm.dll+0xac27c]
V  [jvm.dll+0x2b0eef]
V  [jvm.dll+0x58a267]
V  [jvm.dll+0x2243b2]
V  [jvm.dll+0x22478f]
V  [jvm.dll+0x21e055]
V  [jvm.dll+0x21b51b]
V  [jvm.dll+0x1a4fdd]
V  [jvm.dll+0x22b098]
V  [jvm.dll+0x229159]
V  [jvm.dll+0x7f81ec]
V  [jvm.dll+0x7f274a]
V  [jvm.dll+0x682ad5]
C  [ucrtbase.dll+0x26c0c]
C  [KERNEL32.DLL+0x154e0]
C  [ntdll.dll+0x485b]


---------------  P R O C E S S  ---------------

Threads class SMR info:
_java_thread_list=0x00000203b79888d0, length=137, elements={
0x00000203904313a0, 0x00000203aeebe030, 0x00000203aeebe9f0, 0x00000203aeecb3e0,
0x00000203aeecbca0, 0x00000203aeecc560, 0x00000203aeecce20, 0x00000203aeecda10,
0x00000203af84e1a0, 0x00000203af84e6b0, 0x00000203af9d23c0, 0x00000203af9e7730,
0x00000203b25d1190, 0x00000203b1f79010, 0x00000203b2172540, 0x00000203b2088580,
0x00000203b10f3180, 0x00000203b1f8dd30, 0x00000203b1f8e6d0, 0x00000203b1f8eba0,
0x00000203b1f8e200, 0x00000203b1f8d860, 0x00000203b1f8f070, 0x00000203b1f8d390,
0x00000203b1f8f540, 0x00000203b1f8fa10, 0x00000203b1f8fee0, 0x00000203b1f903b0,
0x00000203b1f8c9f0, 0x00000203b1f8cec0, 0x00000203b22ddd70, 0x00000203b22e1c00,
0x00000203b22debe0, 0x00000203b22df0b0, 0x00000203b22e3410, 0x00000203b22dca30,
0x00000203b22df580, 0x00000203b22e25a0, 0x00000203b22e03f0, 0x00000203b22e0d90,
0x00000203b22e08c0, 0x00000203b22e1260, 0x00000203b22dcf00, 0x00000203b22dd3d0,
0x00000203b22e20d0, 0x00000203b22e1730, 0x00000203b22e2f40, 0x00000203b22e4280,
0x00000203b22dd8a0, 0x00000203b22de240, 0x00000203b22de710, 0x00000203b22bb320,
0x00000203b22ba4b0, 0x00000203b22bf1b0, 0x00000203b22c0e90, 0x00000203b22bd9a0,
0x00000203b22be340, 0x00000203b22bd4d0, 0x00000203b22bde70, 0x00000203b22c09c0,
0x00000203b22bc190, 0x00000203b22be810, 0x00000203b22bece0, 0x00000203b22b9b10,
0x00000203b22bf680, 0x00000203b22bfb50, 0x00000203b22bcb30, 0x00000203b22bb7f0,
0x00000203b22bd000, 0x00000203b22b9fe0, 0x00000203b22c0020, 0x00000203b22ba980,
0x00000203b22c04f0, 0x00000203b22bae50, 0x00000203b22bbcc0, 0x00000203b7a5b610,
0x00000203b7a54c30, 0x00000203b7a572b0, 0x00000203b7a56910, 0x00000203b7a5b140,
0x00000203b7a56de0, 0x00000203b7a57780, 0x00000203b7a57c50, 0x00000203b7a5a7a0,
0x00000203b7a58120, 0x00000203b7a55f70, 0x00000203b7a55100, 0x00000203b7a585f0,
0x00000203b7a59930, 0x00000203b7a5bae0, 0x00000203b7a58ac0, 0x00000203b7a58f90,
0x00000203b7a5bfb0, 0x00000203b7a54760, 0x00000203b7a59460, 0x00000203b7a59e00,
0x00000203b7a56440, 0x00000203b7a55aa0, 0x00000203b7a5a2d0, 0x00000203b7a5ac70,
0x00000203b7a555d0, 0x00000203b29d8210, 0x00000203b29d3eb0, 0x00000203b29d5b90,
0x00000203b29d56c0, 0x00000203b29d1830, 0x00000203b29d2b70, 0x00000203b29d4850,
0x00000203b29d6060, 0x00000203b29d86e0, 0x00000203b29d21d0, 0x00000203b29d3510,
0x00000203b29d7870, 0x00000203b29d0e90, 0x00000203b29d26a0, 0x00000203b29d6a00,
0x00000203b29d7d40, 0x00000203b29d4d20, 0x00000203b29d1d00, 0x00000203b29d6530,
0x00000203b29d3040, 0x00000203b29d39e0, 0x00000203b29d51f0, 0x00000203b29d6ed0,
0x00000203b29d1360, 0x00000203b29d4380, 0x00000203b29d73a0, 0x00000203b0955b50,
0x00000203b09564f0, 0x00000203b0956e90, 0x00000203b0954340, 0x00000203b0953000,
0x00000203b0956020, 0x00000203b09517f0, 0x00000203b0957d00, 0x00000203b0957830,
0x00000203b433c610
}

Java Threads: ( => current thread )
  0x00000203904313a0 JavaThread "main" [_thread_blocked, id=13200, stack(0x00000007ef000000,0x00000007ef100000)]
  0x00000203aeebe030 JavaThread "Reference Handler" daemon [_thread_blocked, id=9620, stack(0x00000007ef700000,0x00000007ef800000)]
  0x00000203aeebe9f0 JavaThread "Finalizer" daemon [_thread_blocked, id=3820, stack(0x00000007ef800000,0x00000007ef900000)]
  0x00000203aeecb3e0 JavaThread "Signal Dispatcher" daemon [_thread_blocked, id=6520, stack(0x00000007ef900000,0x00000007efa00000)]
  0x00000203aeecbca0 JavaThread "Attach Listener" daemon [_thread_blocked, id=12924, stack(0x00000007efa00000,0x00000007efb00000)]
  0x00000203aeecc560 JavaThread "Service Thread" daemon [_thread_blocked, id=5204, stack(0x00000007efb00000,0x00000007efc00000)]
  0x00000203aeecce20 JavaThread "Monitor Deflation Thread" daemon [_thread_blocked, id=12388, stack(0x00000007efc00000,0x00000007efd00000)]
  0x00000203aeecda10 JavaThread "C2 CompilerThread0" daemon [_thread_in_native, id=4220, stack(0x00000007efd00000,0x00000007efe00000)]
  0x00000203af84e1a0 JavaThread "C1 CompilerThread0" daemon [_thread_blocked, id=14736, stack(0x00000007efe00000,0x00000007eff00000)]
  0x00000203af84e6b0 JavaThread "Sweeper thread" daemon [_thread_blocked, id=3648, stack(0x00000007eff00000,0x00000007f0000000)]
  0x00000203af9d23c0 JavaThread "Common-Cleaner" daemon [_thread_blocked, id=8840, stack(0x00000007f0000000,0x00000007f0100000)]
  0x00000203af9e7730 JavaThread "Notification Thread" daemon [_thread_blocked, id=12796, stack(0x00000007f0100000,0x00000007f0200000)]
  0x00000203b25d1190 JavaThread "Daemon health stats" [_thread_blocked, id=13900, stack(0x00000007f0800000,0x00000007f0900000)]
  0x00000203b1f79010 JavaThread "Incoming local TCP Connector on port 56070" [_thread_in_native, id=9452, stack(0x00000007f0600000,0x00000007f0700000)]
  0x00000203b2172540 JavaThread "Daemon periodic checks" [_thread_blocked, id=11940, stack(0x00000007f0900000,0x00000007f0a00000)]
  0x00000203b2088580 JavaThread "Daemon" [_thread_blocked, id=7156, stack(0x00000007f0b00000,0x00000007f0c00000)]
  0x00000203b10f3180 JavaThread "Handler for socket connection from /127.0.0.1:56070 to /127.0.0.1:56071" [_thread_in_native, id=11060, stack(0x00000007f0c00000,0x00000007f0d00000)]
  0x00000203b1f8dd30 JavaThread "Cancel handler" [_thread_blocked, id=2880, stack(0x00000007f0a00000,0x00000007f0b00000)]
  0x00000203b1f8e6d0 JavaThread "Daemon worker" [_thread_in_Java, id=1460, stack(0x00000007f0d00000,0x00000007f0e00000)]
  0x00000203b1f8eba0 JavaThread "Asynchronous log dispatcher for DefaultDaemonConnection: socket connection from /127.0.0.1:56070 to /127.0.0.1:56071" [_thread_blocked, id=14568, stack(0x00000007f0e00000,0x00000007f0f00000)]
  0x00000203b1f8e200 JavaThread "Stdin handler" [_thread_blocked, id=3392, stack(0x00000007f0f00000,0x00000007f1000000)]
  0x00000203b1f8d860 JavaThread "Daemon client event forwarder" [_thread_blocked, id=8764, stack(0x00000007f1000000,0x00000007f1100000)]
  0x00000203b1f8f070 JavaThread "Cache worker for journal cache (C:\Users\Dell\.gradle\caches\journal-1)" [_thread_blocked, id=4068, stack(0x00000007f1100000,0x00000007f1200000)]
  0x00000203b1f8d390 JavaThread "File lock request listener" [_thread_in_native, id=8260, stack(0x00000007f1200000,0x00000007f1300000)]
  0x00000203b1f8f540 JavaThread "Cache worker for file hash cache (C:\Users\Dell\.gradle\caches\7.5\fileHashes)" [_thread_blocked, id=6448, stack(0x00000007f1700000,0x00000007f1800000)]
  0x00000203b1f8fa10 JavaThread "File watcher server" daemon [_thread_in_native, id=15248, stack(0x00000007f1800000,0x00000007f1900000)]
  0x00000203b1f8fee0 JavaThread "File watcher consumer" daemon [_thread_blocked, id=1228, stack(0x00000007f1900000,0x00000007f1a00000)]
  0x00000203b1f903b0 JavaThread "Cache worker for checksums cache (D:\Desktop\flutter\android\.gradle\7.5\checksums)" [_thread_blocked, id=13564, stack(0x00000007f1a00000,0x00000007f1b00000)]
  0x00000203b1f8c9f0 JavaThread "Cache worker for cache directory md-rule (C:\Users\Dell\.gradle\caches\7.5\md-rule)" [_thread_blocked, id=13360, stack(0x00000007f1b00000,0x00000007f1c00000)]
  0x00000203b1f8cec0 JavaThread "Cache worker for file content cache (C:\Users\Dell\.gradle\caches\7.5\fileContent)" [_thread_blocked, id=13744, stack(0x00000007f1c00000,0x00000007f1d00000)]
  0x00000203b22ddd70 JavaThread "File lock release action executor" [_thread_blocked, id=16192, stack(0x00000007f1d00000,0x00000007f1e00000)]
  0x00000203b22e1c00 JavaThread "Cache worker for file hash cache (D:\Desktop\flutter\android\.gradle\7.5\fileHashes)" [_thread_blocked, id=8048, stack(0x00000007f1e00000,0x00000007f1f00000)]
  0x00000203b22debe0 JavaThread "Cache worker for cache directory md-supplier (C:\Users\Dell\.gradle\caches\7.5\md-supplier)" [_thread_blocked, id=15400, stack(0x00000007f1f00000,0x00000007f2000000)]
  0x00000203b22df0b0 JavaThread "Cache worker for execution history cache (C:\Users\Dell\.gradle\caches\7.5\executionHistory)" [_thread_blocked, id=7104, stack(0x00000007f2000000,0x00000007f2100000)]
  0x00000203b22e3410 JavaThread "jar transforms" [_thread_blocked, id=13952, stack(0x00000007f2100000,0x00000007f2200000)]
  0x00000203b22dca30 JavaThread "Cache worker for kotlin-dsl (C:\Users\Dell\.gradle\caches\7.5\kotlin-dsl)" [_thread_blocked, id=13324, stack(0x00000007f2200000,0x00000007f2300000)]
  0x00000203b22df580 JavaThread "jar transforms Thread 2" [_thread_blocked, id=2068, stack(0x00000007f2300000,0x00000007f2400000)]
  0x00000203b22e25a0 JavaThread "Cache worker for dependencies-accessors (D:\Desktop\flutter\android\.gradle\7.5\dependencies-accessors)" [_thread_blocked, id=2904, stack(0x00000007f2400000,0x00000007f2500000)]
  0x00000203b22e03f0 JavaThread "Cache worker for Build Output Cleanup Cache (C:\Program Files\flutter\packages\flutter_tools\gradle\.gradle\buildOutputCleanup)" [_thread_blocked, id=2808, stack(0x00000007f2500000,0x00000007f2600000)]
  0x00000203b22e0d90 JavaThread "jar transforms Thread 3" [_thread_blocked, id=2568, stack(0x00000007f2600000,0x00000007f2700000)]
  0x00000203b22e08c0 JavaThread "Memory manager" [_thread_blocked, id=5808, stack(0x00000007f2700000,0x00000007f2800000)]
  0x00000203b22e1260 JavaThread "jar transforms Thread 4" [_thread_blocked, id=6800, stack(0x00000007f2800000,0x00000007f2900000)]
  0x00000203b22dcf00 JavaThread "included builds" [_thread_blocked, id=9780, stack(0x00000007f2a00000,0x00000007f2b00000)]
  0x00000203b22dd3d0 JavaThread "Execution worker" [_thread_blocked, id=15604, stack(0x00000007f2b00000,0x00000007f2c00000)]
  0x00000203b22e20d0 JavaThread "Execution worker Thread 2" [_thread_blocked, id=6888, stack(0x00000007f2c00000,0x00000007f2d00000)]
  0x00000203b22e1730 JavaThread "Execution worker Thread 3" [_thread_blocked, id=5364, stack(0x00000007f2d00000,0x00000007f2e00000)]
  0x00000203b22e2f40 JavaThread "Execution worker Thread 4" [_thread_blocked, id=1864, stack(0x00000007f2e00000,0x00000007f2f00000)]
  0x00000203b22e4280 JavaThread "Execution worker Thread 5" [_thread_blocked, id=2856, stack(0x00000007f2f00000,0x00000007f3000000)]
  0x00000203b22dd8a0 JavaThread "Execution worker Thread 6" [_thread_blocked, id=3084, stack(0x00000007f3000000,0x00000007f3100000)]
  0x00000203b22de240 JavaThread "Execution worker Thread 7" [_thread_blocked, id=2704, stack(0x00000007f3100000,0x00000007f3200000)]
  0x00000203b22de710 JavaThread "Cache worker for execution history cache (C:\Program Files\flutter\packages\flutter_tools\gradle\.gradle\7.5\executionHistory)" [_thread_blocked, id=5732, stack(0x00000007f3200000,0x00000007f3300000)]
  0x00000203b22bb320 JavaThread "Unconstrained build operations" [_thread_blocked, id=6084, stack(0x00000007f2900000,0x00000007f2a00000)]
  0x00000203b22ba4b0 JavaThread "Unconstrained build operations Thread 2" [_thread_blocked, id=3956, stack(0x00000007f3300000,0x00000007f3400000)]
  0x00000203b22bf1b0 JavaThread "Unconstrained build operations Thread 3" [_thread_blocked, id=7944, stack(0x00000007f3400000,0x00000007f3500000)]
  0x00000203b22c0e90 JavaThread "Unconstrained build operations Thread 4" [_thread_blocked, id=15668, stack(0x00000007f3500000,0x00000007f3600000)]
  0x00000203b22bd9a0 JavaThread "Unconstrained build operations Thread 5" [_thread_blocked, id=15296, stack(0x00000007f3600000,0x00000007f3700000)]
  0x00000203b22be340 JavaThread "Unconstrained build operations Thread 6" [_thread_blocked, id=8856, stack(0x00000007f3700000,0x00000007f3800000)]
  0x00000203b22bd4d0 JavaThread "Unconstrained build operations Thread 7" [_thread_blocked, id=2492, stack(0x00000007f3800000,0x00000007f3900000)]
  0x00000203b22bde70 JavaThread "Unconstrained build operations Thread 8" [_thread_blocked, id=13816, stack(0x00000007f3900000,0x00000007f3a00000)]
  0x00000203b22c09c0 JavaThread "Unconstrained build operations Thread 9" [_thread_blocked, id=10132, stack(0x00000007f3a00000,0x00000007f3b00000)]
  0x00000203b22bc190 JavaThread "Unconstrained build operations Thread 10" [_thread_blocked, id=16388, stack(0x00000007f3b00000,0x00000007f3c00000)]
  0x00000203b22be810 JavaThread "Unconstrained build operations Thread 11" [_thread_blocked, id=16956, stack(0x00000007f3c00000,0x00000007f3d00000)]
  0x00000203b22bece0 JavaThread "Unconstrained build operations Thread 12" [_thread_blocked, id=16960, stack(0x00000007f3d00000,0x00000007f3e00000)]
  0x00000203b22b9b10 JavaThread "Unconstrained build operations Thread 13" [_thread_blocked, id=16964, stack(0x00000007f3e00000,0x00000007f3f00000)]
  0x00000203b22bf680 JavaThread "Unconstrained build operations Thread 14" [_thread_blocked, id=16968, stack(0x00000007f3f00000,0x00000007f4000000)]
  0x00000203b22bfb50 JavaThread "Unconstrained build operations Thread 15" [_thread_blocked, id=16972, stack(0x00000007f4000000,0x00000007f4100000)]
  0x00000203b22bcb30 JavaThread "Unconstrained build operations Thread 16" [_thread_blocked, id=16976, stack(0x00000007f4100000,0x00000007f4200000)]
  0x00000203b22bb7f0 JavaThread "Unconstrained build operations Thread 17" [_thread_blocked, id=16980, stack(0x00000007f4200000,0x00000007f4300000)]
  0x00000203b22bd000 JavaThread "Unconstrained build operations Thread 18" [_thread_blocked, id=16984, stack(0x00000007f4300000,0x00000007f4400000)]
  0x00000203b22b9fe0 JavaThread "Unconstrained build operations Thread 19" [_thread_blocked, id=16988, stack(0x00000007f4400000,0x00000007f4500000)]
  0x00000203b22c0020 JavaThread "Unconstrained build operations Thread 20" [_thread_blocked, id=16992, stack(0x00000007f4500000,0x00000007f4600000)]
  0x00000203b22ba980 JavaThread "Unconstrained build operations Thread 21" [_thread_blocked, id=16996, stack(0x00000007f4600000,0x00000007f4700000)]
  0x00000203b22c04f0 JavaThread "Unconstrained build operations Thread 22" [_thread_blocked, id=17000, stack(0x00000007f4700000,0x00000007f4800000)]
  0x00000203b22bae50 JavaThread "Unconstrained build operations Thread 23" [_thread_blocked, id=17004, stack(0x00000007f4800000,0x00000007f4900000)]
  0x00000203b22bbcc0 JavaThread "Unconstrained build operations Thread 24" [_thread_blocked, id=17008, stack(0x00000007f4900000,0x00000007f4a00000)]
  0x00000203b7a5b610 JavaThread "Unconstrained build operations Thread 25" [_thread_blocked, id=17012, stack(0x00000007f4a00000,0x00000007f4b00000)]
  0x00000203b7a54c30 JavaThread "Unconstrained build operations Thread 26" [_thread_blocked, id=17016, stack(0x00000007f4b00000,0x00000007f4c00000)]
  0x00000203b7a572b0 JavaThread "Unconstrained build operations Thread 27" [_thread_blocked, id=17020, stack(0x00000007f4c00000,0x00000007f4d00000)]
  0x00000203b7a56910 JavaThread "Unconstrained build operations Thread 28" [_thread_blocked, id=17024, stack(0x00000007f4d00000,0x00000007f4e00000)]
  0x00000203b7a5b140 JavaThread "Unconstrained build operations Thread 29" [_thread_blocked, id=17028, stack(0x00000007f4e00000,0x00000007f4f00000)]
  0x00000203b7a56de0 JavaThread "Unconstrained build operations Thread 30" [_thread_blocked, id=17032, stack(0x00000007f4f00000,0x00000007f5000000)]
  0x00000203b7a57780 JavaThread "Unconstrained build operations Thread 31" [_thread_blocked, id=17036, stack(0x00000007f5000000,0x00000007f5100000)]
  0x00000203b7a57c50 JavaThread "Unconstrained build operations Thread 32" [_thread_blocked, id=17040, stack(0x00000007f5100000,0x00000007f5200000)]
  0x00000203b7a5a7a0 JavaThread "Unconstrained build operations Thread 33" [_thread_blocked, id=17044, stack(0x00000007f5200000,0x00000007f5300000)]
  0x00000203b7a58120 JavaThread "Unconstrained build operations Thread 34" [_thread_blocked, id=17048, stack(0x00000007f5300000,0x00000007f5400000)]
  0x00000203b7a55f70 JavaThread "Unconstrained build operations Thread 35" [_thread_blocked, id=17052, stack(0x00000007f5400000,0x00000007f5500000)]
  0x00000203b7a55100 JavaThread "Unconstrained build operations Thread 36" [_thread_blocked, id=17056, stack(0x00000007f5500000,0x00000007f5600000)]
  0x00000203b7a585f0 JavaThread "Unconstrained build operations Thread 37" [_thread_blocked, id=17060, stack(0x00000007f5600000,0x00000007f5700000)]
  0x00000203b7a59930 JavaThread "Unconstrained build operations Thread 38" [_thread_blocked, id=17064, stack(0x00000007f5700000,0x00000007f5800000)]
  0x00000203b7a5bae0 JavaThread "Unconstrained build operations Thread 39" [_thread_blocked, id=17068, stack(0x00000007f5800000,0x00000007f5900000)]
  0x00000203b7a58ac0 JavaThread "Unconstrained build operations Thread 40" [_thread_blocked, id=17072, stack(0x00000007f5900000,0x00000007f5a00000)]
  0x00000203b7a58f90 JavaThread "Unconstrained build operations Thread 41" [_thread_blocked, id=17076, stack(0x00000007f5a00000,0x00000007f5b00000)]
  0x00000203b7a5bfb0 JavaThread "Unconstrained build operations Thread 42" [_thread_blocked, id=17080, stack(0x00000007f5b00000,0x00000007f5c00000)]
  0x00000203b7a54760 JavaThread "Unconstrained build operations Thread 43" [_thread_blocked, id=17084, stack(0x00000007f5c00000,0x00000007f5d00000)]
  0x00000203b7a59460 JavaThread "Unconstrained build operations Thread 44" [_thread_blocked, id=17088, stack(0x00000007f5d00000,0x00000007f5e00000)]
  0x00000203b7a59e00 JavaThread "Unconstrained build operations Thread 45" [_thread_blocked, id=17092, stack(0x00000007f5e00000,0x00000007f5f00000)]
  0x00000203b7a56440 JavaThread "Unconstrained build operations Thread 46" [_thread_blocked, id=17096, stack(0x00000007f5f00000,0x00000007f6000000)]
  0x00000203b7a55aa0 JavaThread "Unconstrained build operations Thread 47" [_thread_blocked, id=17100, stack(0x00000007f6000000,0x00000007f6100000)]
  0x00000203b7a5a2d0 JavaThread "Unconstrained build operations Thread 48" [_thread_blocked, id=17104, stack(0x00000007f6100000,0x00000007f6200000)]
  0x00000203b7a5ac70 JavaThread "Unconstrained build operations Thread 49" [_thread_blocked, id=17108, stack(0x00000007f6200000,0x00000007f6300000)]
  0x00000203b7a555d0 JavaThread "Unconstrained build operations Thread 50" [_thread_blocked, id=17112, stack(0x00000007f6300000,0x00000007f6400000)]
  0x00000203b29d8210 JavaThread "Unconstrained build operations Thread 51" [_thread_blocked, id=17116, stack(0x00000007f6400000,0x00000007f6500000)]
  0x00000203b29d3eb0 JavaThread "Unconstrained build operations Thread 52" [_thread_blocked, id=17120, stack(0x00000007f6500000,0x00000007f6600000)]
  0x00000203b29d5b90 JavaThread "Unconstrained build operations Thread 53" [_thread_blocked, id=17124, stack(0x00000007f6600000,0x00000007f6700000)]
  0x00000203b29d56c0 JavaThread "Unconstrained build operations Thread 54" [_thread_blocked, id=17128, stack(0x00000007f6700000,0x00000007f6800000)]
  0x00000203b29d1830 JavaThread "Unconstrained build operations Thread 55" [_thread_blocked, id=17132, stack(0x00000007f6800000,0x00000007f6900000)]
  0x00000203b29d2b70 JavaThread "Unconstrained build operations Thread 56" [_thread_blocked, id=17136, stack(0x00000007f6900000,0x00000007f6a00000)]
  0x00000203b29d4850 JavaThread "Unconstrained build operations Thread 57" [_thread_blocked, id=17140, stack(0x00000007f6a00000,0x00000007f6b00000)]
  0x00000203b29d6060 JavaThread "Unconstrained build operations Thread 58" [_thread_blocked, id=17144, stack(0x00000007f6b00000,0x00000007f6c00000)]
  0x00000203b29d86e0 JavaThread "Unconstrained build operations Thread 59" [_thread_blocked, id=17148, stack(0x00000007f6c00000,0x00000007f6d00000)]
  0x00000203b29d21d0 JavaThread "Unconstrained build operations Thread 60" [_thread_blocked, id=17152, stack(0x00000007f6d00000,0x00000007f6e00000)]
  0x00000203b29d3510 JavaThread "Unconstrained build operations Thread 61" [_thread_blocked, id=17156, stack(0x00000007f6e00000,0x00000007f6f00000)]
  0x00000203b29d7870 JavaThread "Unconstrained build operations Thread 62" [_thread_blocked, id=17160, stack(0x00000007f6f00000,0x00000007f7000000)]
  0x00000203b29d0e90 JavaThread "Unconstrained build operations Thread 63" [_thread_blocked, id=17164, stack(0x00000007f7000000,0x00000007f7100000)]
  0x00000203b29d26a0 JavaThread "Unconstrained build operations Thread 64" [_thread_blocked, id=17168, stack(0x00000007f7100000,0x00000007f7200000)]
  0x00000203b29d6a00 JavaThread "Unconstrained build operations Thread 65" [_thread_blocked, id=17172, stack(0x00000007f7200000,0x00000007f7300000)]
  0x00000203b29d7d40 JavaThread "Unconstrained build operations Thread 66" [_thread_blocked, id=17176, stack(0x00000007f7300000,0x00000007f7400000)]
  0x00000203b29d4d20 JavaThread "Unconstrained build operations Thread 67" [_thread_blocked, id=17180, stack(0x00000007f7400000,0x00000007f7500000)]
  0x00000203b29d1d00 JavaThread "Unconstrained build operations Thread 68" [_thread_blocked, id=17184, stack(0x00000007f7500000,0x00000007f7600000)]
  0x00000203b29d6530 JavaThread "Unconstrained build operations Thread 69" [_thread_blocked, id=17188, stack(0x00000007f7600000,0x00000007f7700000)]
  0x00000203b29d3040 JavaThread "Unconstrained build operations Thread 70" [_thread_blocked, id=17192, stack(0x00000007f7700000,0x00000007f7800000)]
  0x00000203b29d39e0 JavaThread "Unconstrained build operations Thread 71" [_thread_blocked, id=17196, stack(0x00000007f7800000,0x00000007f7900000)]
  0x00000203b29d51f0 JavaThread "Unconstrained build operations Thread 72" [_thread_blocked, id=17200, stack(0x00000007f7900000,0x00000007f7a00000)]
  0x00000203b29d6ed0 JavaThread "Unconstrained build operations Thread 73" [_thread_blocked, id=17204, stack(0x00000007f7a00000,0x00000007f7b00000)]
  0x00000203b29d1360 JavaThread "Unconstrained build operations Thread 74" [_thread_blocked, id=17208, stack(0x00000007f7b00000,0x00000007f7c00000)]
  0x00000203b29d4380 JavaThread "Unconstrained build operations Thread 75" [_thread_blocked, id=17212, stack(0x00000007f7c00000,0x00000007f7d00000)]
  0x00000203b29d73a0 JavaThread "Unconstrained build operations Thread 76" [_thread_blocked, id=17216, stack(0x00000007f7d00000,0x00000007f7e00000)]
  0x00000203b0955b50 JavaThread "Unconstrained build operations Thread 77" [_thread_blocked, id=17220, stack(0x00000007f7e00000,0x00000007f7f00000)]
  0x00000203b09564f0 JavaThread "Unconstrained build operations Thread 78" [_thread_blocked, id=17224, stack(0x00000007f7f00000,0x00000007f8000000)]
  0x00000203b0956e90 JavaThread "Unconstrained build operations Thread 79" [_thread_blocked, id=17228, stack(0x00000007f8000000,0x00000007f8100000)]
  0x00000203b0954340 JavaThread "Unconstrained build operations Thread 80" [_thread_blocked, id=17232, stack(0x00000007f8100000,0x00000007f8200000)]
  0x00000203b0953000 JavaThread "jar transforms Thread 5" [_thread_blocked, id=17320, stack(0x00000007f8300000,0x00000007f8400000)]
  0x00000203b0956020 JavaThread "jar transforms Thread 6" [_thread_blocked, id=17324, stack(0x00000007f8400000,0x00000007f8500000)]
  0x00000203b09517f0 JavaThread "jar transforms Thread 7" [_thread_blocked, id=17328, stack(0x00000007f8500000,0x00000007f8600000)]
  0x00000203b0957d00 JavaThread "jar transforms Thread 8" [_thread_blocked, id=17332, stack(0x00000007f8600000,0x00000007f8700000)]
  0x00000203b0957830 JavaThread "Cache worker for Build Output Cleanup Cache (D:\Desktop\flutter\android\.gradle\buildOutputCleanup)" [_thread_blocked, id=17668, stack(0x00000007f8200000,0x00000007f8300000)]
=>0x00000203b433c610 JavaThread "C2 CompilerThread1" daemon [_thread_in_native, id=17972, stack(0x00000007f8800000,0x00000007f8900000)]

Other Threads:
  0x00000203aeeb9330 VMThread "VM Thread" [stack: 0x00000007ef600000,0x00000007ef700000] [id=7068]
  0x00000203af9147f0 WatcherThread [stack: 0x00000007f0200000,0x00000007f0300000] [id=6216]
  0x000002039049d2a0 GCTaskThread "GC Thread#0" [stack: 0x00000007ef100000,0x00000007ef200000] [id=12828]
  0x00000203afc45130 GCTaskThread "GC Thread#1" [stack: 0x00000007f0300000,0x00000007f0400000] [id=2872]
  0x00000203b082fc30 GCTaskThread "GC Thread#2" [stack: 0x00000007f0400000,0x00000007f0500000] [id=14756]
  0x00000203b0468470 GCTaskThread "GC Thread#3" [stack: 0x00000007f0500000,0x00000007f0600000] [id=4536]
  0x00000203b0ebc570 GCTaskThread "GC Thread#4" [stack: 0x00000007f0700000,0x00000007f0800000] [id=14632]
  0x00000203afc98750 GCTaskThread "GC Thread#5" [stack: 0x00000007f1300000,0x00000007f1400000] [id=12184]
  0x00000203b0baed20 GCTaskThread "GC Thread#6" [stack: 0x00000007f1400000,0x00000007f1500000] [id=2252]
  0x00000203b0c42d10 GCTaskThread "GC Thread#7" [stack: 0x00000007f1500000,0x00000007f1600000] [id=8388]
  0x00000203904adf90 ConcurrentGCThread "G1 Main Marker" [stack: 0x00000007ef200000,0x00000007ef300000] [id=5900]
  0x00000203904af760 ConcurrentGCThread "G1 Conc#0" [stack: 0x00000007ef300000,0x00000007ef400000] [id=6684]
  0x00000203b253cc90 ConcurrentGCThread "G1 Conc#1" [stack: 0x00000007f1600000,0x00000007f1700000] [id=6160]
  0x00000203aed104a0 ConcurrentGCThread "G1 Refine#0" [stack: 0x00000007ef400000,0x00000007ef500000] [id=7028]
  0x00000203aed10c70 ConcurrentGCThread "G1 Service" [stack: 0x00000007ef500000,0x00000007ef600000] [id=4856]

Threads with active compile tasks:
C2 CompilerThread0    43438 9287       4       org.gradle.internal.instantiation.generator.AbstractClassGenerator::inspectType (560 bytes)
C2 CompilerThread1    43438 9459       4       java.beans.Introspector::addMethod (196 bytes)

VM state: not at safepoint (normal execution)

VM Mutex/Monitor currently owned by a thread: None

Heap address: 0x00000004d5400000, size: 4096 MB, Compressed Oops mode: Zero based, Oop shift amount: 3

CDS archive(s) not mapped
Compressed class space mapped at: 0x00000005d5400000-0x0000000615400000, reserved size: 1073741824
Narrow klass base: 0x0000000000000000, Narrow klass shift: 3, Narrow klass range: 0x615400000

GC Precious Log:
 CPUs: 8 total, 8 available
 Memory: 7955M
 Large Page Support: Disabled
 NUMA Support: Disabled
 Compressed Oops: Enabled (Zero based)
 Heap Region Size: 2M
 Heap Min Capacity: 8M
 Heap Initial Capacity: 126M
 Heap Max Capacity: 4G
 Pre-touch: Disabled
 Parallel Workers: 8
 Concurrent Workers: 2
 Concurrent Refinement Workers: 8
 Periodic GC: Disabled

Heap:
 garbage-first heap   total 143360K, used 94467K [0x00000004d5400000, 0x00000005d5400000)
  region size 2048K, 7 young (14336K), 1 survivors (2048K)
 Metaspace       used 87610K, committed 88320K, reserved 1130496K
  class space    used 12062K, committed 12352K, reserved 1048576K

Heap Regions: E=young(eden), S=young(survivor), O=old, HS=humongous(starts), HC=humongous(continues), CS=collection set, F=free, OA=open archive, CA=closed archive, TAMS=top-at-mark-start (previous, next)
|   0|0x00000004d5400000, 0x00000004d5600000, 0x00000004d5600000|100%| O|  |TAMS 0x00000004d5600000, 0x00000004d5400000| Untracked 
|   1|0x00000004d5600000, 0x00000004d5800000, 0x00000004d5800000|100%| O|  |TAMS 0x00000004d5800000, 0x00000004d5600000| Untracked 
|   2|0x00000004d5800000, 0x00000004d5a00000, 0x00000004d5a00000|100%|HS|  |TAMS 0x00000004d5a00000, 0x00000004d5800000| Complete 
|   3|0x00000004d5a00000, 0x00000004d5c00000, 0x00000004d5c00000|100%|HC|  |TAMS 0x00000004d5c00000, 0x00000004d5a00000| Complete 
|   4|0x00000004d5c00000, 0x00000004d5e00000, 0x00000004d5e00000|100%| O|  |TAMS 0x00000004d5e00000, 0x00000004d5c00000| Untracked 
|   5|0x00000004d5e00000, 0x00000004d6000000, 0x00000004d6000000|100%| O|  |TAMS 0x00000004d6000000, 0x00000004d5e00000| Untracked 
|   6|0x00000004d6000000, 0x00000004d6200000, 0x00000004d6200000|100%| O|  |TAMS 0x00000004d6200000, 0x00000004d6000000| Untracked 
|   7|0x00000004d6200000, 0x00000004d6400000, 0x00000004d6400000|100%| O|  |TAMS 0x00000004d6400000, 0x00000004d6200000| Untracked 
|   8|0x00000004d6400000, 0x00000004d6600000, 0x00000004d6600000|100%| O|  |TAMS 0x00000004d6600000, 0x00000004d6400000| Untracked 
|   9|0x00000004d6600000, 0x00000004d6800000, 0x00000004d6800000|100%| O|  |TAMS 0x00000004d6800000, 0x00000004d6600000| Untracked 
|  10|0x00000004d6800000, 0x00000004d6a00000, 0x00000004d6a00000|100%| O|  |TAMS 0x00000004d6a00000, 0x00000004d6800000| Untracked 
|  11|0x00000004d6a00000, 0x00000004d6c00000, 0x00000004d6c00000|100%| O|  |TAMS 0x00000004d6c00000, 0x00000004d6a00000| Untracked 
|  12|0x00000004d6c00000, 0x00000004d6e00000, 0x00000004d6e00000|100%| O|  |TAMS 0x00000004d6e00000, 0x00000004d6c00000| Untracked 
|  13|0x00000004d6e00000, 0x00000004d7000000, 0x00000004d7000000|100%| O|  |TAMS 0x00000004d7000000, 0x00000004d6e00000| Untracked 
|  14|0x00000004d7000000, 0x00000004d7200000, 0x00000004d7200000|100%| O|  |TAMS 0x00000004d7200000, 0x00000004d7000000| Untracked 
|  15|0x00000004d7200000, 0x00000004d7400000, 0x00000004d7400000|100%| O|  |TAMS 0x00000004d7400000, 0x00000004d7200000| Untracked 
|  16|0x00000004d7400000, 0x00000004d7600000, 0x00000004d7600000|100%| O|  |TAMS 0x00000004d7600000, 0x00000004d7400000| Untracked 
|  17|0x00000004d7600000, 0x00000004d7800000, 0x00000004d7800000|100%| O|  |TAMS 0x00000004d7800000, 0x00000004d7600000| Untracked 
|  18|0x00000004d7800000, 0x00000004d7a00000, 0x00000004d7a00000|100%| O|  |TAMS 0x00000004d7a00000, 0x00000004d7800000| Untracked 
|  19|0x00000004d7a00000, 0x00000004d7c00000, 0x00000004d7c00000|100%| O|  |TAMS 0x00000004d7c00000, 0x00000004d7a00000| Untracked 
|  20|0x00000004d7c00000, 0x00000004d7e00000, 0x00000004d7e00000|100%| O|  |TAMS 0x00000004d7e00000, 0x00000004d7c00000| Untracked 
|  21|0x00000004d7e00000, 0x00000004d8000000, 0x00000004d8000000|100%|HS|  |TAMS 0x00000004d8000000, 0x00000004d7e00000| Complete 
|  22|0x00000004d8000000, 0x00000004d8200000, 0x00000004d8200000|100%| O|  |TAMS 0x00000004d8200000, 0x00000004d8000000| Untracked 
|  23|0x00000004d8200000, 0x00000004d8400000, 0x00000004d8400000|100%| O|  |TAMS 0x00000004d8400000, 0x00000004d8200000| Untracked 
|  24|0x00000004d8400000, 0x00000004d8600000, 0x00000004d8600000|100%| O|  |TAMS 0x00000004d8600000, 0x00000004d8400000| Untracked 
|  25|0x00000004d8600000, 0x00000004d8800000, 0x00000004d8800000|100%| O|  |TAMS 0x00000004d8800000, 0x00000004d8600000| Untracked 
|  26|0x00000004d8800000, 0x00000004d8a00000, 0x00000004d8a00000|100%|HS|  |TAMS 0x00000004d8a00000, 0x00000004d8800000| Complete 
|  27|0x00000004d8a00000, 0x00000004d8c00000, 0x00000004d8c00000|100%|HC|  |TAMS 0x00000004d8c00000, 0x00000004d8a00000| Complete 
|  28|0x00000004d8c00000, 0x00000004d8c00000, 0x00000004d8e00000|  0%| F|  |TAMS 0x00000004d8c00000, 0x00000004d8c00000| Untracked 
|  29|0x00000004d8e00000, 0x00000004d9000000, 0x00000004d9000000|100%| O|  |TAMS 0x00000004d9000000, 0x00000004d8e00000| Untracked 
|  30|0x00000004d9000000, 0x00000004d9200000, 0x00000004d9200000|100%| O|  |TAMS 0x00000004d9200000, 0x00000004d9000000| Untracked 
|  31|0x00000004d9200000, 0x00000004d9400000, 0x00000004d9400000|100%| O|  |TAMS 0x00000004d9400000, 0x00000004d9200000| Untracked 
|  32|0x00000004d9400000, 0x00000004d9600000, 0x00000004d9600000|100%| O|  |TAMS 0x00000004d9600000, 0x00000004d9400000| Untracked 
|  33|0x00000004d9600000, 0x00000004d9800000, 0x00000004d9800000|100%| O|  |TAMS 0x00000004d9800000, 0x00000004d9600000| Untracked 
|  34|0x00000004d9800000, 0x00000004d9a00000, 0x00000004d9a00000|100%| O|  |TAMS 0x00000004d9a00000, 0x00000004d9800000| Untracked 
|  35|0x00000004d9a00000, 0x00000004d9c00000, 0x00000004d9c00000|100%| O|  |TAMS 0x00000004d9c00000, 0x00000004d9a00000| Untracked 
|  36|0x00000004d9c00000, 0x00000004d9e00000, 0x00000004d9e00000|100%| O|  |TAMS 0x00000004d9e00000, 0x00000004d9c00000| Untracked 
|  37|0x00000004d9e00000, 0x00000004da000000, 0x00000004da000000|100%| O|  |TAMS 0x00000004d9ff1600, 0x00000004d9e00000| Untracked 
|  38|0x00000004da000000, 0x00000004da200000, 0x00000004da200000|100%| O|  |TAMS 0x00000004da000000, 0x00000004da000000| Untracked 
|  39|0x00000004da200000, 0x00000004da400000, 0x00000004da400000|100%| O|  |TAMS 0x00000004da200000, 0x00000004da200000| Untracked 
|  40|0x00000004da400000, 0x00000004da600000, 0x00000004da600000|100%| O|  |TAMS 0x00000004da400000, 0x00000004da400000| Untracked 
|  41|0x00000004da600000, 0x00000004da7a1800, 0x00000004da800000| 81%| O|  |TAMS 0x00000004da600000, 0x00000004da600000| Untracked 
|  42|0x00000004da800000, 0x00000004da800000, 0x00000004daa00000|  0%| F|  |TAMS 0x00000004da800000, 0x00000004da800000| Untracked 
|  43|0x00000004daa00000, 0x00000004daa00000, 0x00000004dac00000|  0%| F|  |TAMS 0x00000004daa00000, 0x00000004daa00000| Untracked 
|  44|0x00000004dac00000, 0x00000004dac00000, 0x00000004dae00000|  0%| F|  |TAMS 0x00000004dac00000, 0x00000004dac00000| Untracked 
|  45|0x00000004dae00000, 0x00000004dae00000, 0x00000004db000000|  0%| F|  |TAMS 0x00000004dae00000, 0x00000004dae00000| Untracked 
|  46|0x00000004db000000, 0x00000004db000000, 0x00000004db200000|  0%| F|  |TAMS 0x00000004db000000, 0x00000004db000000| Untracked 
|  47|0x00000004db200000, 0x00000004db200000, 0x00000004db400000|  0%| F|  |TAMS 0x00000004db200000, 0x00000004db200000| Untracked 
|  48|0x00000004db400000, 0x00000004db400000, 0x00000004db600000|  0%| F|  |TAMS 0x00000004db400000, 0x00000004db400000| Untracked 
|  49|0x00000004db600000, 0x00000004db600000, 0x00000004db800000|  0%| F|  |TAMS 0x00000004db600000, 0x00000004db600000| Untracked 
|  50|0x00000004db800000, 0x00000004db800000, 0x00000004dba00000|  0%| F|  |TAMS 0x00000004db800000, 0x00000004db800000| Untracked 
|  51|0x00000004dba00000, 0x00000004dba00000, 0x00000004dbc00000|  0%| F|  |TAMS 0x00000004dba00000, 0x00000004dba00000| Untracked 
|  52|0x00000004dbc00000, 0x00000004dbc00000, 0x00000004dbe00000|  0%| F|  |TAMS 0x00000004dbc00000, 0x00000004dbc00000| Untracked 
|  53|0x00000004dbe00000, 0x00000004dbe00000, 0x00000004dc000000|  0%| F|  |TAMS 0x00000004dbe00000, 0x00000004dbe00000| Untracked 
|  54|0x00000004dc000000, 0x00000004dc000000, 0x00000004dc200000|  0%| F|  |TAMS 0x00000004dc000000, 0x00000004dc000000| Untracked 
|  55|0x00000004dc200000, 0x00000004dc200000, 0x00000004dc400000|  0%| F|  |TAMS 0x00000004dc200000, 0x00000004dc200000| Untracked 
|  56|0x00000004dc400000, 0x00000004dc400000, 0x00000004dc600000|  0%| F|  |TAMS 0x00000004dc400000, 0x00000004dc400000| Untracked 
|  57|0x00000004dc600000, 0x00000004dc600000, 0x00000004dc800000|  0%| F|  |TAMS 0x00000004dc600000, 0x00000004dc600000| Untracked 
|  58|0x00000004dc800000, 0x00000004dc800000, 0x00000004dca00000|  0%| F|  |TAMS 0x00000004dc800000, 0x00000004dc800000| Untracked 
|  59|0x00000004dca00000, 0x00000004dca00000, 0x00000004dcc00000|  0%| F|  |TAMS 0x00000004dca00000, 0x00000004dca00000| Untracked 
|  60|0x00000004dcc00000, 0x00000004dcc00000, 0x00000004dce00000|  0%| F|  |TAMS 0x00000004dcc00000, 0x00000004dcc00000| Untracked 
|  61|0x00000004dce00000, 0x00000004dce00000, 0x00000004dd000000|  0%| F|  |TAMS 0x00000004dce00000, 0x00000004dce00000| Untracked 
|  62|0x00000004dd000000, 0x00000004dd000000, 0x00000004dd200000|  0%| F|  |TAMS 0x00000004dd000000, 0x00000004dd000000| Untracked 
|  63|0x00000004dd200000, 0x00000004dd344628, 0x00000004dd400000| 63%| E|  |TAMS 0x00000004dd200000, 0x00000004dd200000| Complete 
|  64|0x00000004dd400000, 0x00000004dd600000, 0x00000004dd600000|100%| E|CS|TAMS 0x00000004dd400000, 0x00000004dd400000| Complete 
|  65|0x00000004dd600000, 0x00000004dd800000, 0x00000004dd800000|100%| E|CS|TAMS 0x00000004dd600000, 0x00000004dd600000| Complete 
|  66|0x00000004dd800000, 0x00000004dda00000, 0x00000004dda00000|100%| E|CS|TAMS 0x00000004dd800000, 0x00000004dd800000| Complete 
|  67|0x00000004dda00000, 0x00000004ddc00000, 0x00000004ddc00000|100%| E|CS|TAMS 0x00000004dda00000, 0x00000004dda00000| Complete 
|  68|0x00000004ddc00000, 0x00000004ddc9f550, 0x00000004dde00000| 31%| S|CS|TAMS 0x00000004ddc00000, 0x00000004ddc00000| Complete 
|  69|0x00000004dde00000, 0x00000004de000000, 0x00000004de000000|100%| E|CS|TAMS 0x00000004dde00000, 0x00000004dde00000| Complete 

Card table byte_map: [0x00000203a3430000,0x00000203a3c30000] _byte_map_base: 0x00000203a0d86000

Marking Bits (Prev, Next): (CMBitMap*) 0x000002039049d6a0, (CMBitMap*) 0x000002039049d660
 Prev Bits: [0x00000203a8430000, 0x00000203ac430000)
 Next Bits: [0x00000203a4430000, 0x00000203a8430000)

Polling page: 0x000002038e370000

Metaspace:

Usage:
  Non-class:     73.78 MB used.
      Class:     11.78 MB used.
       Both:     85.56 MB used.

Virtual space:
  Non-class space:       80.00 MB reserved,      74.19 MB ( 93%) committed,  10 nodes.
      Class space:        1.00 GB reserved,      12.06 MB (  1%) committed,  1 nodes.
             Both:        1.08 GB reserved,      86.25 MB (  8%) committed. 

Chunk freelists:
   Non-Class:  1.14 MB
       Class:  3.88 MB
        Both:  5.02 MB

MaxMetaspaceSize: unlimited
CompressedClassSpaceSize: 1.00 GB
Initial GC threshold: 21.00 MB
Current GC threshold: 142.00 MB
CDS: off
MetaspaceReclaimPolicy: balanced
 - commit_granule_bytes: 65536.
 - commit_granule_words: 8192.
 - virtual_space_node_default_size: 1048576.
 - enlarge_chunks_in_place: 1.
 - new_chunks_are_fully_committed: 0.
 - uncommit_free_chunks: 1.
 - use_allocation_guard: 0.
 - handle_deallocations: 1.


Internal statistics:

num_allocs_failed_limit: 9.
num_arena_births: 838.
num_arena_deaths: 0.
num_vsnodes_births: 11.
num_vsnodes_deaths: 0.
num_space_committed: 1380.
num_space_uncommitted: 0.
num_chunks_returned_to_freelist: 9.
num_chunks_taken_from_freelist: 4021.
num_chunk_merges: 3.
num_chunk_splits: 2690.
num_chunks_enlarged: 1841.
num_purges: 0.
num_inconsistent_stats: 0.

CodeHeap 'non-profiled nmethods': size=120000Kb used=4899Kb max_used=4899Kb free=115100Kb
 bounds [0x000002039b3d0000, 0x000002039b8a0000, 0x00000203a2900000]
CodeHeap 'profiled nmethods': size=120000Kb used=17163Kb max_used=17163Kb free=102836Kb
 bounds [0x0000020393900000, 0x00000203949d0000, 0x000002039ae30000]
CodeHeap 'non-nmethods': size=5760Kb used=2455Kb max_used=2455Kb free=3305Kb
 bounds [0x000002039ae30000, 0x000002039b0b0000, 0x000002039b3d0000]
 total_blobs=9633 nmethods=8711 adapters=832
 compilation: enabled
              stopped_count=0, restarted_count=0
 full_count=0

Compilation events (20 events):
Event: 43.379 Thread 0x00000203af84e1a0 9599       3       org.gradle.api.internal.provider.AbstractCollectionProperty::<init> (59 bytes)
Event: 43.380 Thread 0x00000203af84e1a0 nmethod 9599 0x00000203949bad10 code [0x00000203949bafa0, 0x00000203949bc048]
Event: 43.380 Thread 0x00000203af84e1a0 9604       3       java.lang.StringLatin1::regionMatchesCI (98 bytes)
Event: 43.381 Thread 0x00000203af84e1a0 nmethod 9604 0x00000203949bc510 code [0x00000203949bc740, 0x00000203949bce78]
Event: 43.381 Thread 0x00000203af84e1a0 9601       3       org.gradle.internal.typeconversion.NotationParserBuilder::wrapInErrorHandling (43 bytes)
Event: 43.382 Thread 0x00000203af84e1a0 nmethod 9601 0x00000203949bd210 code [0x00000203949bd3e0, 0x00000203949bd978]
Event: 43.382 Thread 0x00000203af84e1a0 9602       3       org.gradle.internal.typeconversion.ErrorHandlingNotationParser::<init> (26 bytes)
Event: 43.382 Thread 0x00000203af84e1a0 nmethod 9602 0x00000203949bdb10 code [0x00000203949bdcc0, 0x00000203949bdf58]
Event: 43.382 Thread 0x00000203af84e1a0 9605       3       org.gradle.api.internal.provider.AbstractCollectionProperty::addCollector (26 bytes)
Event: 43.383 Thread 0x00000203af84e1a0 nmethod 9605 0x00000203949be010 code [0x00000203949be260, 0x00000203949bf0a8]
Event: 43.383 Thread 0x00000203af84e1a0 9603       3       org.gradle.internal.typeconversion.NotationParserBuilder::toType (18 bytes)
Event: 43.383 Thread 0x00000203af84e1a0 nmethod 9603 0x00000203949bf410 code [0x00000203949bf620, 0x00000203949bfd98]
Event: 43.383 Thread 0x00000203af84e1a0 9600       3       org.gradle.api.internal.file.collections.DefaultConfigurableFileCollection$EmptyCollector::plus (14 bytes)
Event: 43.384 Thread 0x00000203af84e1a0 nmethod 9600 0x00000203949c0010 code [0x00000203949c01c0, 0x00000203949c0308]
Event: 43.386 Thread 0x00000203af84e1a0 9606       3       kotlin.text.StringsKt__StringsJVMKt::endsWith (44 bytes)
Event: 43.388 Thread 0x00000203af84e1a0 nmethod 9606 0x00000203949c0410 code [0x00000203949c0740, 0x00000203949c17b8]
Event: 43.388 Thread 0x00000203af84e1a0 9607       3       com.android.build.gradle.internal.api.DefaultAndroidSourceSet::getName (26 bytes)
Event: 43.389 Thread 0x00000203af84e1a0 nmethod 9607 0x00000203949c1e90 code [0x00000203949c2060, 0x00000203949c2338]
Event: 43.389 Thread 0x00000203af84e1a0 9608       3       org.slf4j.LoggerFactory::getLogger (12 bytes)
Event: 43.389 Thread 0x00000203af84e1a0 nmethod 9608 0x00000203949c2490 code [0x00000203949c2640, 0x00000203949c2818]

GC Heap History (20 events):
Event: 32.981 GC heap before
{Heap before GC invocations=38 (full 0):
 garbage-first heap   total 129024K, used 94605K [0x00000004d5400000, 0x00000005d5400000)
  region size 2048K, 16 young (32768K), 3 survivors (6144K)
 Metaspace       used 75357K, committed 75968K, reserved 1122304K
  class space    used 10195K, committed 10496K, reserved 1048576K
}
Event: 32.987 GC heap after
{Heap after GC invocations=39 (full 0):
 garbage-first heap   total 129024K, used 67961K [0x00000004d5400000, 0x00000005d5400000)
  region size 2048K, 1 young (2048K), 1 survivors (2048K)
 Metaspace       used 75357K, committed 75968K, reserved 1122304K
  class space    used 10195K, committed 10496K, reserved 1048576K
}
Event: 35.338 GC heap before
{Heap before GC invocations=39 (full 0):
 garbage-first heap   total 129024K, used 96633K [0x00000004d5400000, 0x00000005d5400000)
  region size 2048K, 15 young (30720K), 1 survivors (2048K)
 Metaspace       used 77833K, committed 78464K, reserved 1122304K
  class space    used 10504K, committed 10752K, reserved 1048576K
}
Event: 35.353 GC heap after
{Heap after GC invocations=40 (full 0):
 garbage-first heap   total 129024K, used 69186K [0x00000004d5400000, 0x00000005d5400000)
  region size 2048K, 2 young (4096K), 2 survivors (4096K)
 Metaspace       used 77833K, committed 78464K, reserved 1122304K
  class space    used 10504K, committed 10752K, reserved 1048576K
}
Event: 36.243 GC heap before
{Heap before GC invocations=41 (full 0):
 garbage-first heap   total 129024K, used 97858K [0x00000004d5400000, 0x00000005d5400000)
  region size 2048K, 16 young (32768K), 2 survivors (4096K)
 Metaspace       used 79408K, committed 80064K, reserved 1122304K
  class space    used 10716K, committed 11008K, reserved 1048576K
}
Event: 36.251 GC heap after
{Heap after GC invocations=42 (full 0):
 garbage-first heap   total 129024K, used 71383K [0x00000004d5400000, 0x00000005d5400000)
  region size 2048K, 2 young (4096K), 2 survivors (4096K)
 Metaspace       used 79408K, committed 80064K, reserved 1122304K
  class space    used 10716K, committed 11008K, reserved 1048576K
}
Event: 36.694 GC heap before
{Heap before GC invocations=42 (full 0):
 garbage-first heap   total 129024K, used 100055K [0x00000004d5400000, 0x00000005d5400000)
  region size 2048K, 16 young (32768K), 2 survivors (4096K)
 Metaspace       used 79847K, committed 80448K, reserved 1122304K
  class space    used 10795K, committed 11072K, reserved 1048576K
}
Event: 36.703 GC heap after
{Heap after GC invocations=43 (full 0):
 garbage-first heap   total 129024K, used 73391K [0x00000004d5400000, 0x00000005d5400000)
  region size 2048K, 1 young (2048K), 1 survivors (2048K)
 Metaspace       used 79847K, committed 80448K, reserved 1122304K
  class space    used 10795K, committed 11072K, reserved 1048576K
}
Event: 37.560 GC heap before
{Heap before GC invocations=44 (full 0):
 garbage-first heap   total 129024K, used 102063K [0x00000004d5400000, 0x00000005d5400000)
  region size 2048K, 15 young (30720K), 1 survivors (2048K)
 Metaspace       used 79952K, committed 80640K, reserved 1122304K
  class space    used 10808K, committed 11136K, reserved 1048576K
}
Event: 37.566 GC heap after
{Heap after GC invocations=45 (full 0):
 garbage-first heap   total 129024K, used 74993K [0x00000004d5400000, 0x00000005d5400000)
  region size 2048K, 2 young (4096K), 2 survivors (4096K)
 Metaspace       used 79952K, committed 80640K, reserved 1122304K
  class space    used 10808K, committed 11136K, reserved 1048576K
}
Event: 38.335 GC heap before
{Heap before GC invocations=45 (full 0):
 garbage-first heap   total 129024K, used 103665K [0x00000004d5400000, 0x00000005d5400000)
  region size 2048K, 16 young (32768K), 2 survivors (4096K)
 Metaspace       used 80910K, committed 81600K, reserved 1122304K
  class space    used 10923K, committed 11200K, reserved 1048576K
}
Event: 38.344 GC heap after
{Heap after GC invocations=46 (full 0):
 garbage-first heap   total 129024K, used 77575K [0x00000004d5400000, 0x00000005d5400000)
  region size 2048K, 2 young (4096K), 2 survivors (4096K)
 Metaspace       used 80910K, committed 81600K, reserved 1122304K
  class space    used 10923K, committed 11200K, reserved 1048576K
}
Event: 40.857 GC heap before
{Heap before GC invocations=47 (full 0):
 garbage-first heap   total 133120K, used 104199K [0x00000004d5400000, 0x00000005d5400000)
  region size 2048K, 15 young (30720K), 2 survivors (4096K)
 Metaspace       used 83637K, committed 84288K, reserved 1122304K
  class space    used 11421K, committed 11712K, reserved 1048576K
}
Event: 40.871 GC heap after
{Heap after GC invocations=48 (full 0):
 garbage-first heap   total 133120K, used 79487K [0x00000004d5400000, 0x00000005d5400000)
  region size 2048K, 1 young (2048K), 1 survivors (2048K)
 Metaspace       used 83637K, committed 84288K, reserved 1122304K
  class space    used 11421K, committed 11712K, reserved 1048576K
}
Event: 42.169 GC heap before
{Heap before GC invocations=48 (full 0):
 garbage-first heap   total 133120K, used 108159K [0x00000004d5400000, 0x00000005d5400000)
  region size 2048K, 15 young (30720K), 1 survivors (2048K)
 Metaspace       used 86381K, committed 87104K, reserved 1130496K
  class space    used 11877K, committed 12224K, reserved 1048576K
}
Event: 42.177 GC heap after
{Heap after GC invocations=49 (full 0):
 garbage-first heap   total 133120K, used 81070K [0x00000004d5400000, 0x00000005d5400000)
  region size 2048K, 2 young (4096K), 2 survivors (4096K)
 Metaspace       used 86381K, committed 87104K, reserved 1130496K
  class space    used 11877K, committed 12224K, reserved 1048576K
}
Event: 42.828 GC heap before
{Heap before GC invocations=50 (full 0):
 garbage-first heap   total 143360K, used 109742K [0x00000004d5400000, 0x00000005d5400000)
  region size 2048K, 16 young (32768K), 2 survivors (4096K)
 Metaspace       used 87091K, committed 87808K, reserved 1130496K
  class space    used 11985K, committed 12288K, reserved 1048576K
}
Event: 42.839 GC heap after
{Heap after GC invocations=51 (full 0):
 garbage-first heap   total 143360K, used 84564K [0x00000004d5400000, 0x00000005d5400000)
  region size 2048K, 2 young (4096K), 2 survivors (4096K)
 Metaspace       used 87091K, committed 87808K, reserved 1130496K
  class space    used 11985K, committed 12288K, reserved 1048576K
}
Event: 42.904 GC heap before
{Heap before GC invocations=51 (full 0):
 garbage-first heap   total 143360K, used 86612K [0x00000004d5400000, 0x00000005d5400000)
  region size 2048K, 3 young (6144K), 2 survivors (4096K)
 Metaspace       used 87182K, committed 87872K, reserved 1130496K
  class space    used 11998K, committed 12288K, reserved 1048576K
}
Event: 42.914 GC heap after
{Heap after GC invocations=52 (full 0):
 garbage-first heap   total 143360K, used 84227K [0x00000004d5400000, 0x00000005d5400000)
  region size 2048K, 1 young (2048K), 1 survivors (2048K)
 Metaspace       used 87182K, committed 87872K, reserved 1130496K
  class space    used 11998K, committed 12288K, reserved 1048576K
}

Dll operation events (2 events):
Event: 0.015 Loaded shared library C:\Program Files\Android\Android Studio2\jbr\bin\java.dll
Event: 1.451 Loaded shared library C:\Program Files\Android\Android Studio2\jbr\bin\verify.dll

Deoptimization events (20 events):
Event: 43.219 Thread 0x00000203b1f8e6d0 DEOPT PACKING pc=0x0000020393ec918d sp=0x00000007f0df3a90
Event: 43.219 Thread 0x00000203b1f8e6d0 DEOPT UNPACKING pc=0x000002039ae8ace3 sp=0x00000007f0df2f80 mode 0
Event: 43.227 Thread 0x00000203b1f8e6d0 DEOPT PACKING pc=0x0000020394984685 sp=0x00000007f0df3970
Event: 43.227 Thread 0x00000203b1f8e6d0 DEOPT UNPACKING pc=0x000002039ae8ace3 sp=0x00000007f0df2e98 mode 0
Event: 43.228 Thread 0x00000203b1f8e6d0 DEOPT PACKING pc=0x0000020394984685 sp=0x00000007f0df38a0
Event: 43.228 Thread 0x00000203b1f8e6d0 DEOPT UNPACKING pc=0x000002039ae8ace3 sp=0x00000007f0df2dc8 mode 0
Event: 43.371 Thread 0x00000203b1f8e6d0 Uncommon trap: trap_request=0xffffff45 fr.pc=0x000002039b832468 relative=0x0000000000000608
Event: 43.371 Thread 0x00000203b1f8e6d0 Uncommon trap: reason=unstable_if action=reinterpret pc=0x000002039b832468 method=java.lang.String.regionMatches(ZILjava/lang/String;II)Z @ 52 c2
Event: 43.371 Thread 0x00000203b1f8e6d0 DEOPT PACKING pc=0x000002039b832468 sp=0x00000007f0df3a90
Event: 43.371 Thread 0x00000203b1f8e6d0 DEOPT UNPACKING pc=0x000002039ae8a1a3 sp=0x00000007f0df3a08 mode 2
Event: 43.371 Thread 0x00000203b1f8e6d0 Uncommon trap: trap_request=0xffffff45 fr.pc=0x000002039b4b1dd4 relative=0x0000000000000494
Event: 43.371 Thread 0x00000203b1f8e6d0 Uncommon trap: reason=unstable_if action=reinterpret pc=0x000002039b4b1dd4 method=java.lang.StringLatin1.regionMatchesCI([BI[BII)Z @ 72 c2
Event: 43.371 Thread 0x00000203b1f8e6d0 DEOPT PACKING pc=0x000002039b4b1dd4 sp=0x00000007f0df39b0
Event: 43.371 Thread 0x00000203b1f8e6d0 DEOPT UNPACKING pc=0x000002039ae8a1a3 sp=0x00000007f0df3940 mode 2
Event: 43.376 Thread 0x00000203b1f8e6d0 DEOPT PACKING pc=0x000002039498461d sp=0x00000007f0df3430
Event: 43.376 Thread 0x00000203b1f8e6d0 DEOPT UNPACKING pc=0x000002039ae8ace3 sp=0x00000007f0df2958 mode 0
Event: 43.379 Thread 0x00000203b1f8e6d0 DEOPT PACKING pc=0x00000203949846dd sp=0x00000007f0df32e0
Event: 43.379 Thread 0x00000203b1f8e6d0 DEOPT UNPACKING pc=0x000002039ae8ace3 sp=0x00000007f0df2808 mode 0
Event: 43.381 Thread 0x00000203b1f8e6d0 DEOPT PACKING pc=0x0000020394984685 sp=0x00000007f0df3340
Event: 43.381 Thread 0x00000203b1f8e6d0 DEOPT UNPACKING pc=0x000002039ae8ace3 sp=0x00000007f0df2868 mode 0

Classes unloaded (0 events):
No events

Classes redefined (0 events):
No events

Internal exceptions (20 events):
Event: 42.920 Thread 0x00000203b1f8e6d0 Exception <a 'java/lang/ClassNotFoundException'{0x00000004dde7e7a8}: com/android/build/gradle/tasks/MergeSourceSetFoldersBeanInfo> (0x00000004dde7e7a8) 
thrown [s\src\hotspot\share\classfile\systemDictionary.cpp, line 256]
Event: 42.921 Thread 0x00000203b1f8e6d0 Exception <a 'java/lang/ClassNotFoundException'{0x00000004dde91d98}: com/android/build/gradle/internal/tasks/NewIncrementalTaskBeanInfo> (0x00000004dde91d98) 
thrown [s\src\hotspot\share\classfile\systemDictionary.cpp, line 256]
Event: 42.922 Thread 0x00000203b1f8e6d0 Exception <a 'java/lang/ClassNotFoundException'{0x00000004ddea6690}: com/android/build/gradle/internal/tasks/AndroidVariantTaskBeanInfo> (0x00000004ddea6690) 
thrown [s\src\hotspot\share\classfile\systemDictionary.cpp, line 256]
Event: 42.923 Thread 0x00000203b1f8e6d0 Exception <a 'java/lang/ClassNotFoundException'{0x00000004ddebab10}: com/android/build/gradle/internal/tasks/BaseTaskBeanInfo> (0x00000004ddebab10) 
thrown [s\src\hotspot\share\classfile\systemDictionary.cpp, line 256]
Event: 42.924 Thread 0x00000203b1f8e6d0 Exception <a 'java/lang/ClassNotFoundException'{0x00000004ddecf248}: com/android/build/gradle/internal/tasks/BaseTaskCustomizer> (0x00000004ddecf248) 
thrown [s\src\hotspot\share\classfile\systemDictionary.cpp, line 256]
Event: 42.927 Thread 0x00000203b1f8e6d0 Exception <a 'java/lang/ClassNotFoundException'{0x00000004ddef5128}: com/android/build/gradle/internal/tasks/AndroidVariantTaskCustomizer> (0x00000004ddef5128) 
thrown [s\src\hotspot\share\classfile\systemDictionary.cpp, line 256]
Event: 42.930 Thread 0x00000203b1f8e6d0 Exception <a 'java/lang/ClassNotFoundException'{0x00000004ddf18678}: com/android/build/gradle/internal/tasks/NewIncrementalTaskCustomizer> (0x00000004ddf18678) 
thrown [s\src\hotspot\share\classfile\systemDictionary.cpp, line 256]
Event: 42.933 Thread 0x00000203b1f8e6d0 Exception <a 'java/lang/ClassNotFoundException'{0x00000004ddf3b0c8}: com/android/build/gradle/tasks/MergeSourceSetFoldersCustomizer> (0x00000004ddf3b0c8) 
thrown [s\src\hotspot\share\classfile\systemDictionary.cpp, line 256]
Event: 42.936 Thread 0x00000203b1f8e6d0 Exception <a 'java/lang/ClassNotFoundException'{0x00000004ddf71058}: com/android/build/gradle/tasks/MergeSourceSetFolders_DecoratedCustomizer> (0x00000004ddf71058) 
thrown [s\src\hotspot\share\classfile\systemDictionary.cpp, line 256]
Event: 43.005 Thread 0x00000203b1f8e6d0 Exception <a 'java/lang/ClassNotFoundException'{0x00000004ddbec338}: com/android/build/gradle/internal/res/LinkApplicationAndroidResourcesTask_DecoratedBeanInfo> (0x00000004ddbec338) 
thrown [s\src\hotspot\share\classfile\systemDictionary.cpp, line 256]
Event: 43.017 Thread 0x00000203b1f8e6d0 Exception <a 'java/lang/ClassNotFoundException'{0x00000004ddbfe378}: com/android/build/gradle/internal/res/LinkApplicationAndroidResourcesTaskBeanInfo> (0x00000004ddbfe378) 
thrown [s\src\hotspot\share\classfile\systemDictionary.cpp, line 256]
Event: 43.039 Thread 0x00000203b1f8e6d0 Exception <a 'java/lang/ClassNotFoundException'{0x00000004dd8105b0}: com/android/build/gradle/tasks/ProcessAndroidResourcesBeanInfo> (0x00000004dd8105b0) 
thrown [s\src\hotspot\share\classfile\systemDictionary.cpp, line 256]
Event: 43.040 Thread 0x00000203b1f8e6d0 Exception <a 'java/lang/ClassNotFoundException'{0x00000004dd822290}: com/android/build/gradle/tasks/ProcessAndroidResourcesCustomizer> (0x00000004dd822290) 
thrown [s\src\hotspot\share\classfile\systemDictionary.cpp, line 256]
Event: 43.042 Thread 0x00000203b1f8e6d0 Exception <a 'java/lang/ClassNotFoundException'{0x00000004dd84be10}: com/android/build/gradle/internal/res/LinkApplicationAndroidResourcesTaskCustomizer> (0x00000004dd84be10) 
thrown [s\src\hotspot\share\classfile\systemDictionary.cpp, line 256]
Event: 43.047 Thread 0x00000203b1f8e6d0 Exception <a 'java/lang/ClassNotFoundException'{0x00000004dd8b5348}: com/android/build/gradle/internal/res/LinkApplicationAndroidResourcesTask_DecoratedCustomizer> (0x00000004dd8b5348) 
thrown [s\src\hotspot\share\classfile\systemDictionary.cpp, line 256]
Event: 43.066 Thread 0x00000203b1f8e6d0 Exception <a 'java/lang/ClassNotFoundException'{0x00000004dd60d600}: com/android/build/gradle/internal/tasks/CompressAssetsTask_DecoratedBeanInfo> (0x00000004dd60d600) 
thrown [s\src\hotspot\share\classfile\systemDictionary.cpp, line 256]
Event: 43.067 Thread 0x00000203b1f8e6d0 Exception <a 'java/lang/ClassNotFoundException'{0x00000004dd61f410}: com/android/build/gradle/internal/tasks/CompressAssetsTaskBeanInfo> (0x00000004dd61f410) 
thrown [s\src\hotspot\share\classfile\systemDictionary.cpp, line 256]
Event: 43.068 Thread 0x00000203b1f8e6d0 Exception <a 'java/lang/ClassNotFoundException'{0x00000004dd631208}: com/android/build/gradle/internal/tasks/CompressAssetsTaskCustomizer> (0x00000004dd631208) 
thrown [s\src\hotspot\share\classfile\systemDictionary.cpp, line 256]
Event: 43.069 Thread 0x00000203b1f8e6d0 Exception <a 'java/lang/ClassNotFoundException'{0x00000004dd659280}: com/android/build/gradle/internal/tasks/CompressAssetsTask_DecoratedCustomizer> (0x00000004dd659280) 
thrown [s\src\hotspot\share\classfile\systemDictionary.cpp, line 256]
Event: 43.233 Thread 0x00000203b1f8e6d0 Exception <a 'java/lang/NoClassDefFoundError'{0x00000004dd427730}: org/jetbrains/kotlin/gradle/plugin/KotlinBasePluginWrapper> (0x00000004dd427730) 
thrown [s\src\hotspot\share\classfile\systemDictionary.cpp, line 245]

VM Operations (20 events):
Event: 39.593 Executing VM operation: Cleanup
Event: 39.593 Executing VM operation: Cleanup done
Event: 39.870 Executing VM operation: HandshakeAllThreads
Event: 39.871 Executing VM operation: HandshakeAllThreads done
Event: 40.856 Executing VM operation: G1CollectForAllocation
Event: 40.872 Executing VM operation: G1CollectForAllocation done
Event: 41.885 Executing VM operation: Cleanup
Event: 41.886 Executing VM operation: Cleanup done
Event: 42.169 Executing VM operation: G1CollectForAllocation
Event: 42.177 Executing VM operation: G1CollectForAllocation done
Event: 42.327 Executing VM operation: G1Concurrent
Event: 42.333 Executing VM operation: G1Concurrent done
Event: 42.415 Executing VM operation: G1Concurrent
Event: 42.415 Executing VM operation: G1Concurrent done
Event: 42.450 Executing VM operation: HandshakeAllThreads
Event: 42.451 Executing VM operation: HandshakeAllThreads done
Event: 42.827 Executing VM operation: G1CollectForAllocation
Event: 42.839 Executing VM operation: G1CollectForAllocation done
Event: 42.904 Executing VM operation: G1CollectForAllocation
Event: 42.914 Executing VM operation: G1CollectForAllocation done

Events (20 events):
Event: 36.608 loading class jdk/internal/loader/URLClassPath$JarLoader$3
Event: 36.608 loading class jdk/internal/loader/URLClassPath$JarLoader$3 done
Event: 37.409 loading class java/beans/IntrospectionException
Event: 37.409 loading class java/beans/IntrospectionException done
Event: 37.662 loading class java/util/AbstractList$ListItr
Event: 37.662 loading class java/util/AbstractList$ListItr done
Event: 37.919 loading class java/lang/EnumBeanInfo
Event: 37.919 loading class java/lang/EnumBeanInfo done
Event: 37.920 loading class java/lang/EnumBeanInfo
Event: 37.920 loading class java/lang/EnumBeanInfo done
Event: 37.921 loading class java/lang/EnumCustomizer
Event: 37.921 loading class java/lang/EnumCustomizer done
Event: 37.922 loading class java/lang/EnumCustomizer
Event: 37.922 loading class java/lang/EnumCustomizer done
Event: 39.025 loading class jdk/internal/access/foreign/MemorySegmentProxy
Event: 39.025 loading class jdk/internal/access/foreign/MemorySegmentProxy done
Event: 40.353 Thread 0x00000203b43407e0 Thread exited: 0x00000203b43407e0
Event: 41.512 Thread 0x00000203b433c610 Thread added: 0x00000203b433c610
Event: 42.710 loading class java/io/FilterReader
Event: 42.710 loading class java/io/FilterReader done


Dynamic libraries:
0x00007ff7e1780000 - 0x00007ff7e178a000 	C:\Program Files\Android\Android Studio2\jbr\bin\java.exe
0x00007ffd8af00000 - 0x00007ffd8b109000 	C:\WINDOWS\SYSTEM32\ntdll.dll
0x00007ffd8ac50000 - 0x00007ffd8ad0d000 	C:\WINDOWS\System32\KERNEL32.DLL
0x00007ffd883e0000 - 0x00007ffd88759000 	C:\WINDOWS\System32\KERNELBASE.dll
0x00007ffd88880000 - 0x00007ffd88991000 	C:\WINDOWS\System32\ucrtbase.dll
0x00007ffd7dc20000 - 0x00007ffd7dc37000 	C:\Program Files\Android\Android Studio2\jbr\bin\jli.dll
0x00007ffd8a210000 - 0x00007ffd8a3bc000 	C:\WINDOWS\System32\USER32.dll
0x00007ffd88ad0000 - 0x00007ffd88af6000 	C:\WINDOWS\System32\win32u.dll
0x00007ffd89b90000 - 0x00007ffd89bb9000 	C:\WINDOWS\System32\GDI32.dll
0x00007ffd88b00000 - 0x00007ffd88c12000 	C:\WINDOWS\System32\gdi32full.dll
0x00007ffd887e0000 - 0x00007ffd8887d000 	C:\WINDOWS\System32\msvcp_win.dll
0x00007ffd7c920000 - 0x00007ffd7c93b000 	C:\Program Files\Android\Android Studio2\jbr\bin\VCRUNTIME140.dll
0x00007ffd69370000 - 0x00007ffd69615000 	C:\WINDOWS\WinSxS\amd64_microsoft.windows.common-controls_6595b64144ccf1df_6.0.22000.120_none_9d947278b86cc467\COMCTL32.dll
0x00007ffd88eb0000 - 0x00007ffd88f53000 	C:\WINDOWS\System32\msvcrt.dll
0x00007ffd89bc0000 - 0x00007ffd89bf1000 	C:\WINDOWS\System32\IMM32.DLL
0x00007ffd81830000 - 0x00007ffd8183c000 	C:\Program Files\Android\Android Studio2\jbr\bin\vcruntime140_1.dll
0x00007ffd7ca60000 - 0x00007ffd7caed000 	C:\Program Files\Android\Android Studio2\jbr\bin\msvcp140.dll
0x00007ffd18eb0000 - 0x00007ffd19b1e000 	C:\Program Files\Android\Android Studio2\jbr\bin\server\jvm.dll
0x00007ffd89cc0000 - 0x00007ffd89d6e000 	C:\WINDOWS\System32\ADVAPI32.dll
0x00007ffd89c20000 - 0x00007ffd89cbe000 	C:\WINDOWS\System32\sechost.dll
0x00007ffd89d70000 - 0x00007ffd89e90000 	C:\WINDOWS\System32\RPCRT4.dll
0x00007ffd4da70000 - 0x00007ffd4da79000 	C:\WINDOWS\SYSTEM32\WSOCK32.dll
0x00007ffd899c0000 - 0x00007ffd89a2f000 	C:\WINDOWS\System32\WS2_32.dll
0x00007ffd7c8c0000 - 0x00007ffd7c8f3000 	C:\WINDOWS\SYSTEM32\WINMM.dll
0x00007ffd82990000 - 0x00007ffd8299a000 	C:\WINDOWS\SYSTEM32\VERSION.dll
0x00007ffd874e0000 - 0x00007ffd874f8000 	C:\WINDOWS\SYSTEM32\kernel.appcore.dll
0x00007ffd81820000 - 0x00007ffd8182a000 	C:\Program Files\Android\Android Studio2\jbr\bin\jimage.dll
0x00007ffd85e50000 - 0x00007ffd86071000 	C:\WINDOWS\SYSTEM32\DBGHELP.DLL
0x00007ffd67a70000 - 0x00007ffd67aa1000 	C:\WINDOWS\SYSTEM32\dbgcore.DLL
0x00007ffd88760000 - 0x00007ffd887df000 	C:\WINDOWS\System32\bcryptPrimitives.dll
0x00007ffd7ca30000 - 0x00007ffd7ca55000 	C:\Program Files\Android\Android Studio2\jbr\bin\java.dll
0x00007ffd7ca10000 - 0x00007ffd7ca28000 	C:\Program Files\Android\Android Studio2\jbr\bin\zip.dll
0x00007ffd8a3c0000 - 0x00007ffd8ab78000 	C:\WINDOWS\System32\SHELL32.dll
0x00007ffd86550000 - 0x00007ffd86db8000 	C:\WINDOWS\SYSTEM32\windows.storage.dll
0x00007ffd89e90000 - 0x00007ffd8a209000 	C:\WINDOWS\System32\combase.dll
0x00007ffd863e0000 - 0x00007ffd86546000 	C:\WINDOWS\SYSTEM32\wintypes.dll
0x00007ffd891b0000 - 0x00007ffd8929a000 	C:\WINDOWS\System32\SHCORE.dll
0x00007ffd8ab80000 - 0x00007ffd8abdd000 	C:\WINDOWS\System32\shlwapi.dll
0x00007ffd88310000 - 0x00007ffd88331000 	C:\WINDOWS\SYSTEM32\profapi.dll
0x00007ffd7c970000 - 0x00007ffd7c989000 	C:\Program Files\Android\Android Studio2\jbr\bin\net.dll
0x00007ffd7e740000 - 0x00007ffd7e84c000 	C:\WINDOWS\SYSTEM32\WINHTTP.dll
0x00007ffd87970000 - 0x00007ffd879d7000 	C:\WINDOWS\system32\mswsock.dll
0x00007ffd7c900000 - 0x00007ffd7c916000 	C:\Program Files\Android\Android Studio2\jbr\bin\nio.dll
0x00007ffd81810000 - 0x00007ffd81820000 	C:\Program Files\Android\Android Studio2\jbr\bin\verify.dll
0x00007ffd7c9e0000 - 0x00007ffd7ca07000 	C:\Users\Dell\.gradle\native\e1d6ef7f7dcc3fd88c89a11ec53ec762bb8ba0a96d01ffa2cd45eb1d1d8dd5c5\windows-amd64\native-platform.dll
0x00007ffd3f3b0000 - 0x00007ffd3f4f4000 	C:\Users\Dell\.gradle\native\0d407fdbe67a94daf76414ababcb853783967236a71b16ec16e742cd7a986fd3\windows-amd64\native-platform-file-events.dll
0x00007ffd7c9d0000 - 0x00007ffd7c9d9000 	C:\Program Files\Android\Android Studio2\jbr\bin\management.dll
0x00007ffd7c9c0000 - 0x00007ffd7c9cb000 	C:\Program Files\Android\Android Studio2\jbr\bin\management_ext.dll
0x00007ffd89a40000 - 0x00007ffd89a48000 	C:\WINDOWS\System32\PSAPI.DLL
0x00007ffd87bb0000 - 0x00007ffd87bc8000 	C:\WINDOWS\SYSTEM32\CRYPTSP.dll
0x00007ffd87440000 - 0x00007ffd87475000 	C:\WINDOWS\system32\rsaenh.dll
0x00007ffd87a60000 - 0x00007ffd87a89000 	C:\WINDOWS\SYSTEM32\USERENV.dll
0x00007ffd87d40000 - 0x00007ffd87d67000 	C:\WINDOWS\SYSTEM32\bcrypt.dll
0x00007ffd87bd0000 - 0x00007ffd87bdc000 	C:\WINDOWS\SYSTEM32\CRYPTBASE.dll
0x00007ffd87010000 - 0x00007ffd8703d000 	C:\WINDOWS\SYSTEM32\IPHLPAPI.DLL
0x00007ffd89a30000 - 0x00007ffd89a39000 	C:\WINDOWS\System32\NSI.dll
0x00007ffd7e720000 - 0x00007ffd7e739000 	C:\WINDOWS\SYSTEM32\dhcpcsvc6.DLL
0x00007ffd7ebe0000 - 0x00007ffd7ebfe000 	C:\WINDOWS\SYSTEM32\dhcpcsvc.DLL
0x00007ffd87040000 - 0x00007ffd87128000 	C:\WINDOWS\SYSTEM32\DNSAPI.dll
0x00007ffd24470000 - 0x00007ffd24478000 	C:\WINDOWS\system32\wshunix.dll

dbghelp: loaded successfully - version: 4.0.5 - missing functions: none
symbol engine: initialized successfully - sym options: 0x614 - pdb path: .;C:\Program Files\Android\Android Studio2\jbr\bin;C:\WINDOWS\SYSTEM32;C:\WINDOWS\WinSxS\amd64_microsoft.windows.common-controls_6595b64144ccf1df_6.0.22000.120_none_9d947278b86cc467;C:\Program Files\Android\Android Studio2\jbr\bin\server;C:\Users\Dell\.gradle\native\e1d6ef7f7dcc3fd88c89a11ec53ec762bb8ba0a96d01ffa2cd45eb1d1d8dd5c5\windows-amd64;C:\Users\Dell\.gradle\native\0d407fdbe67a94daf76414ababcb853783967236a71b16ec16e742cd7a986fd3\windows-amd64

VM Arguments:
jvm_args: --add-opens=java.base/java.util=ALL-UNNAMED --add-opens=java.base/java.lang=ALL-UNNAMED --add-opens=java.base/java.lang.invoke=ALL-UNNAMED --add-opens=java.base/java.util=ALL-UNNAMED --add-opens=java.prefs/java.util.prefs=ALL-UNNAMED --add-opens=java.prefs/java.util.prefs=ALL-UNNAMED --add-opens=java.base/java.nio.charset=ALL-UNNAMED --add-opens=java.base/java.net=ALL-UNNAMED --add-opens=java.base/java.util.concurrent.atomic=ALL-UNNAMED -Xmx4G -Dfile.encoding=windows-1252 -Duser.country=US -Duser.language=en -Duser.variant 
java_command: org.gradle.launcher.daemon.bootstrap.GradleDaemon 7.5
java_class_path (initial): C:\Users\Dell\.gradle\wrapper\dists\gradle-7.5-all\6qsw290k5lz422uaf8jf6m7co\gradle-7.5\lib\gradle-launcher-7.5.jar
Launcher Type: SUN_STANDARD

[Global flags]
     intx CICompilerCount                          = 4                                         {product} {ergonomic}
     uint ConcGCThreads                            = 2                                         {product} {ergonomic}
     uint G1ConcRefinementThreads                  = 8                                         {product} {ergonomic}
   size_t G1HeapRegionSize                         = 2097152                                   {product} {ergonomic}
    uintx GCDrainStackTargetSize                   = 64                                        {product} {ergonomic}
   size_t InitialHeapSize                          = 132120576                                 {product} {ergonomic}
   size_t MarkStackSize                            = 4194304                                   {product} {ergonomic}
   size_t MaxHeapSize                              = 4294967296                                {product} {command line}
   size_t MaxNewSize                               = 2575302656                                {product} {ergonomic}
   size_t MinHeapDeltaBytes                        = 2097152                                   {product} {ergonomic}
   size_t MinHeapSize                              = 8388608                                   {product} {ergonomic}
    uintx NonNMethodCodeHeapSize                   = 5839372                                {pd product} {ergonomic}
    uintx NonProfiledCodeHeapSize                  = 122909434                              {pd product} {ergonomic}
    uintx ProfiledCodeHeapSize                     = 122909434                              {pd product} {ergonomic}
    uintx ReservedCodeCacheSize                    = 251658240                              {pd product} {ergonomic}
     bool SegmentedCodeCache                       = true                                      {product} {ergonomic}
   size_t SoftMaxHeapSize                          = 4294967296                             {manageable} {ergonomic}
     bool UseCompressedClassPointers               = true                           {product lp64_product} {ergonomic}
     bool UseCompressedOops                        = true                           {product lp64_product} {ergonomic}
     bool UseG1GC                                  = true                                      {product} {ergonomic}
     bool UseLargePagesIndividualAllocation        = false                                  {pd product} {ergonomic}

Logging:
Log output configuration:
 #0: stdout all=warning uptime,level,tags
 #1: stderr all=off uptime,level,tags

Environment Variables:
JAVA_HOME=C:\Program Files\Android\Android Studio2\jbr
CLASSPATH=D:\Desktop\flutter\android\\gradle\wrapper\gradle-wrapper.jar
PATH=C:\Program Files\Android\Android Studio2\jbr\bin;C:\Program Files\Common Files\Oracle\Java\javapath;C:\MinGW\bin;C:\WINDOWS\system32;C:\WINDOWS;C:\WINDOWS\System32\Wbem;C:\WINDOWS\System32\WindowsPowerShell\v1.0\;C:\WINDOWS\System32\OpenSSH\;C:\Program Files (x86)\Silverfrost\FTN95;C:\Program Files\dotnet\;C:\Program Files\Git\cmd;C:\Program Files\nodejs\;C:\Users\Dell\AppData\Local\Programs\Python\Python38\Scripts\;C:\Users\Dell\AppData\Local\Programs\Python\Python38\;C:\Users\Dell\AppData\Local\Programs\Python\Python39\Scripts\;C:\Users\Dell\AppData\Local\Programs\Python\Python39\;C:\Users\Dell\AppData\Local\Microsoft\WindowsApps;C:\Users\Dell\AppData\Roaming\npm;C:\Program Files\dart-sdk\bin;C:\Program Files\MinGW\bin;C:\Users\Dell\AppData\Local\Programs\Microsoft VS Code\bin;C:\Program Files\flutter\bin;C:\Program Files\dart-sdk\bin;C:\Program Files\jdk-18.0.2.1_linux-aarch64_bin\jdk-18.0.2.1\bin;C:\Program Files (x86)\Java\jre-1.8\bin;;C:\Program Files\flutter\bin\mingit\cmd;C:\Program Files\flutter\bin\mingit\cmd
USERNAME=Dell
OS=Windows_NT
PROCESSOR_IDENTIFIER=Intel64 Family 6 Model 126 Stepping 5, GenuineIntel
TMP=C:\Users\Dell\AppData\Local\Temp
TEMP=C:\Users\Dell\AppData\Local\Temp


JNI global refs:
JNI global refs: 25, weak refs: 6

JNI global refs memory usage: 843, weak refs: 841


---------------  S Y S T E M  ---------------

OS:
 Windows 11 , 64 bit Build 22000 (10.0.22000.708)
OS uptime: 0 days 0:05 hours

CPU: total 8 (initial active 8) (4 cores per cpu, 2 threads per core) family 6 model 126 stepping 5 microcode 0xa8, cx8, cmov, fxsr, ht, mmx, 3dnowpref, sse, sse2, sse3, ssse3, sse4.1, sse4.2, popcnt, lzcnt, tsc, tscinvbit, avx, avx2, aes, erms, clmul, bmi1, bmi2, adx, avx512f, avx512dq, avx512cd, avx512bw, avx512vl, sha, fma, vzeroupper, avx512_vpopcntdq, avx512_vpclmulqdq, avx512_vaes, avx512_vnni, clflush, clflushopt, avx512_vbmi2, avx512_vbmi

Memory: 4k page, system-wide physical 7955M (348M free)
TotalPageFile size 13237M (AvailPageFile size 2M)
current process WorkingSet (physical memory assigned to process): 392M, peak: 398M
current process commit charge ("private bytes"): 428M, peak: 434M

vm_info: OpenJDK 64-Bit Server VM (17.0.6+0-b2043.56-10027231) for windows-amd64 JRE (17.0.6+0-b2043.56-10027231), built on Apr 28 2023 00:43:19 by "androidbuild" with MS VC++ 16.10 / 16.11 (VS2019)

END.
