#
# There is insufficient memory for the Java Runtime Environment to continue.
# Native memory allocation (mmap) failed to map 65536 bytes for Failed to commit metaspace.
# Possible reasons:
#   The system is out of physical RAM or swap space
#   The process is running with CompressedOops enabled, and the Java Heap may be blocking the growth of the native heap
# Possible solutions:
#   Reduce memory load on the system
#   Increase physical memory or swap space
#   Check if swap backing store is full
#   Decrease Java heap size (-Xmx/-Xms)
#   Decrease number of Java threads
#   Decrease Java thread stack sizes (-Xss)
#   Set larger code cache with -XX:ReservedCodeCacheSize=
#   JVM is running with Unscaled Compressed Oops mode in which the Java heap is
#     placed in the first 4GB address space. The Java Heap base address is the
#     maximum limit for the native heap growth. Please use -XX:HeapBaseMinAddress
#     to set the Java Heap base and to place the Java Heap above 4GB virtual address.
# This output file may be truncated or incomplete.
#
#  Out of Memory Error (virtualSpaceNode.cpp:110), pid=15868, tid=11588
#
# JRE version: OpenJDK Runtime Environment (17.0.6) (build 17.0.6+0-b2043.56-10027231)
# Java VM: OpenJDK 64-Bit Server VM (17.0.6+0-b2043.56-10027231, mixed mode, tiered, compressed oops, compressed class ptrs, g1 gc, windows-amd64)
# No core dump will be written. Minidumps are not enabled by default on client versions of Windows
#

---------------  S U M M A R Y ------------

Command Line: -Dorg.gradle.appname=gradlew org.gradle.wrapper.GradleWrapperMain -q -Ptarget-platform=android-arm64 -Ptarget=D:\Desktop\flutter\lib\projectClone\PasswordAuthentication\main67_authentication.dart -Pbase-application-name=android.app.Application -Pdart-defines=RkxVVFRFUl9XRUJfQVVUT19ERVRFQ1Q9dHJ1ZQ==,RkxVVFRFUl9XRUJfQ0FOVkFTS0lUX1VSTD1odHRwczovL3d3dy5nc3RhdGljLmNvbS9mbHV0dGVyLWNhbnZhc2tpdC81NGE3MTQ1MzAzZjBkZDlkMGY5MzQyNGEyZTEyNGViNGFiZWY1MDkxLw== -Pdart-obfuscation=false -Ptrack-widget-creation=true -Ptree-shake-icons=false -Pfilesystem-scheme=org-dartlang-root assembleDebug

Host: Intel(R) Core(TM) i5-1035G1 CPU @ 1.00GHz, 8 cores, 7G,  Windows 11 , 64 bit Build 22000 (10.0.22000.708)
Time: Wed Dec 20 10:40:35 2023 Nepal Standard Time elapsed time: 10.482845 seconds (0d 0h 0m 10s)

---------------  T H R E A D  ---------------

Current thread (0x00000198b304e020):  JavaThread "C1 CompilerThread0" daemon [_thread_in_vm, id=11588, stack(0x0000003e19000000,0x0000003e19100000)]


Current CompileTask:
C1:  10483 1203   !   3       org.gradle.internal.logging.console.ThrottlingOutputEventListener::onOutput (92 bytes)

Stack: [0x0000003e19000000,0x0000003e19100000]
Native frames: (J=compiled Java code, j=interpreted, Vv=VM code, C=native code)
V  [jvm.dll+0x683c9a]
V  [jvm.dll+0x8427a4]
V  [jvm.dll+0x843f9e]
V  [jvm.dll+0x844603]
V  [jvm.dll+0x249b75]
V  [jvm.dll+0x83e7fb]
V  [jvm.dll+0x628006]
V  [jvm.dll+0x1c194e]
V  [jvm.dll+0x62a941]
V  [jvm.dll+0x6289a6]
V  [jvm.dll+0x639bfa]
V  [jvm.dll+0x632a0a]
V  [jvm.dll+0x1cdb00]
V  [jvm.dll+0x1cdcf0]
V  [jvm.dll+0x147f01]
V  [jvm.dll+0x147d45]
V  [jvm.dll+0x13f58e]
V  [jvm.dll+0x141b45]
V  [jvm.dll+0x13fe24]
V  [jvm.dll+0x139d9f]
V  [jvm.dll+0x1499a6]
V  [jvm.dll+0x135490]
V  [jvm.dll+0x1357f0]
V  [jvm.dll+0x135ab6]
V  [jvm.dll+0x134f4a]
V  [jvm.dll+0x136c11]
V  [jvm.dll+0x22b098]
V  [jvm.dll+0x229159]
V  [jvm.dll+0x7f81ec]
V  [jvm.dll+0x7f274a]
V  [jvm.dll+0x682ad5]
C  [ucrtbase.dll+0x26c0c]
C  [KERNEL32.DLL+0x154e0]
C  [ntdll.dll+0x485b]


---------------  P R O C E S S  ---------------

Threads class SMR info:
_java_thread_list=0x00000198b4485fc0, length=15, elements={
0x0000019898aceeb0, 0x00000198b275e260, 0x00000198b2724610, 0x00000198b2749370,
0x00000198b2749c30, 0x00000198b274a4f0, 0x00000198b274adb0, 0x00000198b302e7d0,
0x00000198b304e020, 0x00000198b3050540, 0x00000198b319fb10, 0x00000198b31b2010,
0x00000198b3c43bb0, 0x00000198b3c436e0, 0x00000198b3c44080
}

Java Threads: ( => current thread )
  0x0000019898aceeb0 JavaThread "main" [_thread_in_native, id=4460, stack(0x0000003e18200000,0x0000003e18300000)]
  0x00000198b275e260 JavaThread "Reference Handler" daemon [_thread_blocked, id=6856, stack(0x0000003e18900000,0x0000003e18a00000)]
  0x00000198b2724610 JavaThread "Finalizer" daemon [_thread_blocked, id=15280, stack(0x0000003e18a00000,0x0000003e18b00000)]
  0x00000198b2749370 JavaThread "Signal Dispatcher" daemon [_thread_blocked, id=3960, stack(0x0000003e18b00000,0x0000003e18c00000)]
  0x00000198b2749c30 JavaThread "Attach Listener" daemon [_thread_blocked, id=3184, stack(0x0000003e18c00000,0x0000003e18d00000)]
  0x00000198b274a4f0 JavaThread "Service Thread" daemon [_thread_blocked, id=8552, stack(0x0000003e18d00000,0x0000003e18e00000)]
  0x00000198b274adb0 JavaThread "Monitor Deflation Thread" daemon [_thread_blocked, id=6172, stack(0x0000003e18e00000,0x0000003e18f00000)]
  0x00000198b302e7d0 JavaThread "C2 CompilerThread0" daemon [_thread_blocked, id=12908, stack(0x0000003e18f00000,0x0000003e19000000)]
=>0x00000198b304e020 JavaThread "C1 CompilerThread0" daemon [_thread_in_vm, id=11588, stack(0x0000003e19000000,0x0000003e19100000)]
  0x00000198b3050540 JavaThread "Sweeper thread" daemon [_thread_blocked, id=15956, stack(0x0000003e19100000,0x0000003e19200000)]
  0x00000198b319fb10 JavaThread "Notification Thread" daemon [_thread_blocked, id=11528, stack(0x0000003e19200000,0x0000003e19300000)]
  0x00000198b31b2010 JavaThread "Common-Cleaner" daemon [_thread_blocked, id=15064, stack(0x0000003e19400000,0x0000003e19500000)]
  0x00000198b3c43bb0 JavaThread "pool-1-thread-1" [_thread_in_vm, id=6536, stack(0x0000003e19a00000,0x0000003e19b00000)]
  0x00000198b3c436e0 JavaThread "DisconnectableInputStream source reader" daemon [_thread_in_native, id=6864, stack(0x0000003e19c00000,0x0000003e19d00000)]
  0x00000198b3c44080 JavaThread "Forward input" [_thread_blocked, id=9056, stack(0x0000003e19d00000,0x0000003e19e00000)]

Other Threads:
  0x00000198b273b320 VMThread "VM Thread" [stack: 0x0000003e18800000,0x0000003e18900000] [id=964]
  0x00000198b319ffe0 WatcherThread [stack: 0x0000003e19300000,0x0000003e19400000] [id=17220]
  0x0000019898b2a190 GCTaskThread "GC Thread#0" [stack: 0x0000003e18300000,0x0000003e18400000] [id=2364]
  0x00000198b3618ac0 GCTaskThread "GC Thread#1" [stack: 0x0000003e19600000,0x0000003e19700000] [id=336]
  0x00000198b33698e0 GCTaskThread "GC Thread#2" [stack: 0x0000003e19700000,0x0000003e19800000] [id=4164]
  0x00000198b3e8a250 GCTaskThread "GC Thread#3" [stack: 0x0000003e19800000,0x0000003e19900000] [id=9648]
  0x00000198b3e8a500 GCTaskThread "GC Thread#4" [stack: 0x0000003e19900000,0x0000003e19a00000] [id=16964]
  0x0000019898b3a8a0 ConcurrentGCThread "G1 Main Marker" [stack: 0x0000003e18400000,0x0000003e18500000] [id=12876]
  0x0000019898b3b1c0 ConcurrentGCThread "G1 Conc#0" [stack: 0x0000003e18500000,0x0000003e18600000] [id=13276]
  0x00000198b25860d0 ConcurrentGCThread "G1 Refine#0" [stack: 0x0000003e18600000,0x0000003e18700000] [id=13448]
  0x00000198b25867a0 ConcurrentGCThread "G1 Service" [stack: 0x0000003e18700000,0x0000003e18800000] [id=2404]

Threads with active compile tasks:
C1 CompilerThread0    10507 1203   !   3       org.gradle.internal.logging.console.ThrottlingOutputEventListener::onOutput (92 bytes)

VM state: not at safepoint (normal execution)

VM Mutex/Monitor currently owned by a thread:  ([mutex/lock_event])
[0x0000019898acb690] Metaspace_lock - owner thread: 0x00000198b304e020
[0x0000019898acc020] MethodData_lock - owner thread: 0x00000198b304e020

Heap address: 0x0000000083a00000, size: 1990 MB, Compressed Oops mode: 32-bit

CDS archive(s) not mapped
Compressed class space mapped at: 0x0000000100000000-0x0000000140000000, reserved size: 1073741824
Narrow klass base: 0x0000000000000000, Narrow klass shift: 3, Narrow klass range: 0x140000000

GC Precious Log:
 CPUs: 8 total, 8 available
 Memory: 7955M
 Large Page Support: Disabled
 NUMA Support: Disabled
 Compressed Oops: Enabled (32-bit)
 Heap Region Size: 1M
 Heap Min Capacity: 8M
 Heap Initial Capacity: 126M
 Heap Max Capacity: 1990M
 Pre-touch: Disabled
 Parallel Workers: 8
 Concurrent Workers: 2
 Concurrent Refinement Workers: 8
 Periodic GC: Disabled

Heap:
 garbage-first heap   total 129024K, used 21504K [0x0000000083a00000, 0x0000000100000000)
  region size 1024K, 16 young (16384K), 3 survivors (3072K)
 Metaspace       used 16130K, committed 16320K, reserved 1064960K
  class space    used 1885K, committed 1984K, reserved 1048576K

Heap Regions: E=young(eden), S=young(survivor), O=old, HS=humongous(starts), HC=humongous(continues), CS=collection set, F=free, OA=open archive, CA=closed archive, TAMS=top-at-mark-start (previous, next)
|   0|0x0000000083a00000, 0x0000000083a00000, 0x0000000083b00000|  0%| F|  |TAMS 0x0000000083a00000, 0x0000000083a00000| Untracked 
|   1|0x0000000083b00000, 0x0000000083b00000, 0x0000000083c00000|  0%| F|  |TAMS 0x0000000083b00000, 0x0000000083b00000| Untracked 
|   2|0x0000000083c00000, 0x0000000083c00000, 0x0000000083d00000|  0%| F|  |TAMS 0x0000000083c00000, 0x0000000083c00000| Untracked 
|   3|0x0000000083d00000, 0x0000000083e00000, 0x0000000083e00000|100%|HS|  |TAMS 0x0000000083d00000, 0x0000000083d00000| Complete 
|   4|0x0000000083e00000, 0x0000000083f00000, 0x0000000083f00000|100%|HC|  |TAMS 0x0000000083e00000, 0x0000000083e00000| Complete 
|   5|0x0000000083f00000, 0x0000000084000000, 0x0000000084000000|100%|HC|  |TAMS 0x0000000083f00000, 0x0000000083f00000| Complete 
|   6|0x0000000084000000, 0x0000000084100000, 0x0000000084100000|100%| O|  |TAMS 0x0000000084000000, 0x0000000084000000| Untracked 
|   7|0x0000000084100000, 0x0000000084200000, 0x0000000084200000|100%| O|  |TAMS 0x0000000084100000, 0x0000000084100000| Untracked 
|   8|0x0000000084200000, 0x0000000084300000, 0x0000000084300000|100%| O|  |TAMS 0x0000000084200000, 0x0000000084200000| Untracked 
|   9|0x0000000084300000, 0x0000000084300000, 0x0000000084400000|  0%| F|  |TAMS 0x0000000084300000, 0x0000000084300000| Untracked 
|  10|0x0000000084400000, 0x0000000084400000, 0x0000000084500000|  0%| F|  |TAMS 0x0000000084400000, 0x0000000084400000| Untracked 
|  11|0x0000000084500000, 0x0000000084500000, 0x0000000084600000|  0%| F|  |TAMS 0x0000000084500000, 0x0000000084500000| Untracked 
|  12|0x0000000084600000, 0x0000000084600000, 0x0000000084700000|  0%| F|  |TAMS 0x0000000084600000, 0x0000000084600000| Untracked 
|  13|0x0000000084700000, 0x0000000084700000, 0x0000000084800000|  0%| F|  |TAMS 0x0000000084700000, 0x0000000084700000| Untracked 
|  14|0x0000000084800000, 0x0000000084800000, 0x0000000084900000|  0%| F|  |TAMS 0x0000000084800000, 0x0000000084800000| Untracked 
|  15|0x0000000084900000, 0x0000000084900000, 0x0000000084a00000|  0%| F|  |TAMS 0x0000000084900000, 0x0000000084900000| Untracked 
|  16|0x0000000084a00000, 0x0000000084a00000, 0x0000000084b00000|  0%| F|  |TAMS 0x0000000084a00000, 0x0000000084a00000| Untracked 
|  17|0x0000000084b00000, 0x0000000084b00000, 0x0000000084c00000|  0%| F|  |TAMS 0x0000000084b00000, 0x0000000084b00000| Untracked 
|  18|0x0000000084c00000, 0x0000000084c00000, 0x0000000084d00000|  0%| F|  |TAMS 0x0000000084c00000, 0x0000000084c00000| Untracked 
|  19|0x0000000084d00000, 0x0000000084d00000, 0x0000000084e00000|  0%| F|  |TAMS 0x0000000084d00000, 0x0000000084d00000| Untracked 
|  20|0x0000000084e00000, 0x0000000084e00000, 0x0000000084f00000|  0%| F|  |TAMS 0x0000000084e00000, 0x0000000084e00000| Untracked 
|  21|0x0000000084f00000, 0x0000000084f00000, 0x0000000085000000|  0%| F|  |TAMS 0x0000000084f00000, 0x0000000084f00000| Untracked 
|  22|0x0000000085000000, 0x0000000085000000, 0x0000000085100000|  0%| F|  |TAMS 0x0000000085000000, 0x0000000085000000| Untracked 
|  23|0x0000000085100000, 0x0000000085100000, 0x0000000085200000|  0%| F|  |TAMS 0x0000000085100000, 0x0000000085100000| Untracked 
|  24|0x0000000085200000, 0x0000000085200000, 0x0000000085300000|  0%| F|  |TAMS 0x0000000085200000, 0x0000000085200000| Untracked 
|  25|0x0000000085300000, 0x0000000085300000, 0x0000000085400000|  0%| F|  |TAMS 0x0000000085300000, 0x0000000085300000| Untracked 
|  26|0x0000000085400000, 0x0000000085400000, 0x0000000085500000|  0%| F|  |TAMS 0x0000000085400000, 0x0000000085400000| Untracked 
|  27|0x0000000085500000, 0x0000000085500000, 0x0000000085600000|  0%| F|  |TAMS 0x0000000085500000, 0x0000000085500000| Untracked 
|  28|0x0000000085600000, 0x0000000085600000, 0x0000000085700000|  0%| F|  |TAMS 0x0000000085600000, 0x0000000085600000| Untracked 
|  29|0x0000000085700000, 0x0000000085700000, 0x0000000085800000|  0%| F|  |TAMS 0x0000000085700000, 0x0000000085700000| Untracked 
|  30|0x0000000085800000, 0x0000000085800000, 0x0000000085900000|  0%| F|  |TAMS 0x0000000085800000, 0x0000000085800000| Untracked 
|  31|0x0000000085900000, 0x0000000085900000, 0x0000000085a00000|  0%| F|  |TAMS 0x0000000085900000, 0x0000000085900000| Untracked 
|  32|0x0000000085a00000, 0x0000000085a00000, 0x0000000085b00000|  0%| F|  |TAMS 0x0000000085a00000, 0x0000000085a00000| Untracked 
|  33|0x0000000085b00000, 0x0000000085b00000, 0x0000000085c00000|  0%| F|  |TAMS 0x0000000085b00000, 0x0000000085b00000| Untracked 
|  34|0x0000000085c00000, 0x0000000085c00000, 0x0000000085d00000|  0%| F|  |TAMS 0x0000000085c00000, 0x0000000085c00000| Untracked 
|  35|0x0000000085d00000, 0x0000000085d00000, 0x0000000085e00000|  0%| F|  |TAMS 0x0000000085d00000, 0x0000000085d00000| Untracked 
|  36|0x0000000085e00000, 0x0000000085e00000, 0x0000000085f00000|  0%| F|  |TAMS 0x0000000085e00000, 0x0000000085e00000| Untracked 
|  37|0x0000000085f00000, 0x0000000085f00000, 0x0000000086000000|  0%| F|  |TAMS 0x0000000085f00000, 0x0000000085f00000| Untracked 
|  38|0x0000000086000000, 0x0000000086000000, 0x0000000086100000|  0%| F|  |TAMS 0x0000000086000000, 0x0000000086000000| Untracked 
|  39|0x0000000086100000, 0x0000000086100000, 0x0000000086200000|  0%| F|  |TAMS 0x0000000086100000, 0x0000000086100000| Untracked 
|  40|0x0000000086200000, 0x0000000086200000, 0x0000000086300000|  0%| F|  |TAMS 0x0000000086200000, 0x0000000086200000| Untracked 
|  41|0x0000000086300000, 0x0000000086300000, 0x0000000086400000|  0%| F|  |TAMS 0x0000000086300000, 0x0000000086300000| Untracked 
|  42|0x0000000086400000, 0x0000000086400000, 0x0000000086500000|  0%| F|  |TAMS 0x0000000086400000, 0x0000000086400000| Untracked 
|  43|0x0000000086500000, 0x0000000086500000, 0x0000000086600000|  0%| F|  |TAMS 0x0000000086500000, 0x0000000086500000| Untracked 
|  44|0x0000000086600000, 0x0000000086600000, 0x0000000086700000|  0%| F|  |TAMS 0x0000000086600000, 0x0000000086600000| Untracked 
|  45|0x0000000086700000, 0x0000000086700000, 0x0000000086800000|  0%| F|  |TAMS 0x0000000086700000, 0x0000000086700000| Untracked 
|  46|0x0000000086800000, 0x0000000086800000, 0x0000000086900000|  0%| F|  |TAMS 0x0000000086800000, 0x0000000086800000| Untracked 
|  47|0x0000000086900000, 0x0000000086900000, 0x0000000086a00000|  0%| F|  |TAMS 0x0000000086900000, 0x0000000086900000| Untracked 
|  48|0x0000000086a00000, 0x0000000086a00000, 0x0000000086b00000|  0%| F|  |TAMS 0x0000000086a00000, 0x0000000086a00000| Untracked 
|  49|0x0000000086b00000, 0x0000000086b00000, 0x0000000086c00000|  0%| F|  |TAMS 0x0000000086b00000, 0x0000000086b00000| Untracked 
|  50|0x0000000086c00000, 0x0000000086c00000, 0x0000000086d00000|  0%| F|  |TAMS 0x0000000086c00000, 0x0000000086c00000| Untracked 
|  51|0x0000000086d00000, 0x0000000086d00000, 0x0000000086e00000|  0%| F|  |TAMS 0x0000000086d00000, 0x0000000086d00000| Untracked 
|  52|0x0000000086e00000, 0x0000000086e00000, 0x0000000086f00000|  0%| F|  |TAMS 0x0000000086e00000, 0x0000000086e00000| Untracked 
|  53|0x0000000086f00000, 0x0000000086f00000, 0x0000000087000000|  0%| F|  |TAMS 0x0000000086f00000, 0x0000000086f00000| Untracked 
|  54|0x0000000087000000, 0x0000000087000000, 0x0000000087100000|  0%| F|  |TAMS 0x0000000087000000, 0x0000000087000000| Untracked 
|  55|0x0000000087100000, 0x0000000087100000, 0x0000000087200000|  0%| F|  |TAMS 0x0000000087100000, 0x0000000087100000| Untracked 
|  56|0x0000000087200000, 0x0000000087200000, 0x0000000087300000|  0%| F|  |TAMS 0x0000000087200000, 0x0000000087200000| Untracked 
|  57|0x0000000087300000, 0x0000000087300000, 0x0000000087400000|  0%| F|  |TAMS 0x0000000087300000, 0x0000000087300000| Untracked 
|  58|0x0000000087400000, 0x0000000087400000, 0x0000000087500000|  0%| F|  |TAMS 0x0000000087400000, 0x0000000087400000| Untracked 
|  59|0x0000000087500000, 0x0000000087500000, 0x0000000087600000|  0%| F|  |TAMS 0x0000000087500000, 0x0000000087500000| Untracked 
|  60|0x0000000087600000, 0x0000000087600000, 0x0000000087700000|  0%| F|  |TAMS 0x0000000087600000, 0x0000000087600000| Untracked 
|  61|0x0000000087700000, 0x0000000087700000, 0x0000000087800000|  0%| F|  |TAMS 0x0000000087700000, 0x0000000087700000| Untracked 
|  62|0x0000000087800000, 0x0000000087800000, 0x0000000087900000|  0%| F|  |TAMS 0x0000000087800000, 0x0000000087800000| Untracked 
|  63|0x0000000087900000, 0x0000000087900000, 0x0000000087a00000|  0%| F|  |TAMS 0x0000000087900000, 0x0000000087900000| Untracked 
|  64|0x0000000087a00000, 0x0000000087a00000, 0x0000000087b00000|  0%| F|  |TAMS 0x0000000087a00000, 0x0000000087a00000| Untracked 
|  65|0x0000000087b00000, 0x0000000087b00000, 0x0000000087c00000|  0%| F|  |TAMS 0x0000000087b00000, 0x0000000087b00000| Untracked 
|  66|0x0000000087c00000, 0x0000000087c00000, 0x0000000087d00000|  0%| F|  |TAMS 0x0000000087c00000, 0x0000000087c00000| Untracked 
|  67|0x0000000087d00000, 0x0000000087d00000, 0x0000000087e00000|  0%| F|  |TAMS 0x0000000087d00000, 0x0000000087d00000| Untracked 
|  68|0x0000000087e00000, 0x0000000087e00000, 0x0000000087f00000|  0%| F|  |TAMS 0x0000000087e00000, 0x0000000087e00000| Untracked 
|  69|0x0000000087f00000, 0x0000000087f00000, 0x0000000088000000|  0%| F|  |TAMS 0x0000000087f00000, 0x0000000087f00000| Untracked 
|  70|0x0000000088000000, 0x0000000088000000, 0x0000000088100000|  0%| F|  |TAMS 0x0000000088000000, 0x0000000088000000| Untracked 
|  71|0x0000000088100000, 0x0000000088100000, 0x0000000088200000|  0%| F|  |TAMS 0x0000000088100000, 0x0000000088100000| Untracked 
|  72|0x0000000088200000, 0x0000000088200000, 0x0000000088300000|  0%| F|  |TAMS 0x0000000088200000, 0x0000000088200000| Untracked 
|  73|0x0000000088300000, 0x0000000088300000, 0x0000000088400000|  0%| F|  |TAMS 0x0000000088300000, 0x0000000088300000| Untracked 
|  74|0x0000000088400000, 0x0000000088400000, 0x0000000088500000|  0%| F|  |TAMS 0x0000000088400000, 0x0000000088400000| Untracked 
|  75|0x0000000088500000, 0x0000000088500000, 0x0000000088600000|  0%| F|  |TAMS 0x0000000088500000, 0x0000000088500000| Untracked 
|  76|0x0000000088600000, 0x0000000088600000, 0x0000000088700000|  0%| F|  |TAMS 0x0000000088600000, 0x0000000088600000| Untracked 
|  77|0x0000000088700000, 0x0000000088700000, 0x0000000088800000|  0%| F|  |TAMS 0x0000000088700000, 0x0000000088700000| Untracked 
|  78|0x0000000088800000, 0x0000000088800000, 0x0000000088900000|  0%| F|  |TAMS 0x0000000088800000, 0x0000000088800000| Untracked 
|  79|0x0000000088900000, 0x0000000088900000, 0x0000000088a00000|  0%| F|  |TAMS 0x0000000088900000, 0x0000000088900000| Untracked 
|  80|0x0000000088a00000, 0x0000000088a00000, 0x0000000088b00000|  0%| F|  |TAMS 0x0000000088a00000, 0x0000000088a00000| Untracked 
|  81|0x0000000088b00000, 0x0000000088b00000, 0x0000000088c00000|  0%| F|  |TAMS 0x0000000088b00000, 0x0000000088b00000| Untracked 
|  82|0x0000000088c00000, 0x0000000088c00000, 0x0000000088d00000|  0%| F|  |TAMS 0x0000000088c00000, 0x0000000088c00000| Untracked 
|  83|0x0000000088d00000, 0x0000000088d00000, 0x0000000088e00000|  0%| F|  |TAMS 0x0000000088d00000, 0x0000000088d00000| Untracked 
|  84|0x0000000088e00000, 0x0000000088e00000, 0x0000000088f00000|  0%| F|  |TAMS 0x0000000088e00000, 0x0000000088e00000| Untracked 
|  85|0x0000000088f00000, 0x0000000088f00000, 0x0000000089000000|  0%| F|  |TAMS 0x0000000088f00000, 0x0000000088f00000| Untracked 
|  86|0x0000000089000000, 0x0000000089000000, 0x0000000089100000|  0%| F|  |TAMS 0x0000000089000000, 0x0000000089000000| Untracked 
|  87|0x0000000089100000, 0x0000000089100000, 0x0000000089200000|  0%| F|  |TAMS 0x0000000089100000, 0x0000000089100000| Untracked 
|  88|0x0000000089200000, 0x0000000089200000, 0x0000000089300000|  0%| F|  |TAMS 0x0000000089200000, 0x0000000089200000| Untracked 
|  89|0x0000000089300000, 0x0000000089300000, 0x0000000089400000|  0%| F|  |TAMS 0x0000000089300000, 0x0000000089300000| Untracked 
|  90|0x0000000089400000, 0x0000000089400000, 0x0000000089500000|  0%| F|  |TAMS 0x0000000089400000, 0x0000000089400000| Untracked 
|  91|0x0000000089500000, 0x0000000089500000, 0x0000000089600000|  0%| F|  |TAMS 0x0000000089500000, 0x0000000089500000| Untracked 
|  92|0x0000000089600000, 0x0000000089600000, 0x0000000089700000|  0%| F|  |TAMS 0x0000000089600000, 0x0000000089600000| Untracked 
|  93|0x0000000089700000, 0x0000000089700000, 0x0000000089800000|  0%| F|  |TAMS 0x0000000089700000, 0x0000000089700000| Untracked 
|  94|0x0000000089800000, 0x0000000089800000, 0x0000000089900000|  0%| F|  |TAMS 0x0000000089800000, 0x0000000089800000| Untracked 
|  95|0x0000000089900000, 0x0000000089900000, 0x0000000089a00000|  0%| F|  |TAMS 0x0000000089900000, 0x0000000089900000| Untracked 
|  96|0x0000000089a00000, 0x0000000089a00000, 0x0000000089b00000|  0%| F|  |TAMS 0x0000000089a00000, 0x0000000089a00000| Untracked 
|  97|0x0000000089b00000, 0x0000000089b00000, 0x0000000089c00000|  0%| F|  |TAMS 0x0000000089b00000, 0x0000000089b00000| Untracked 
|  98|0x0000000089c00000, 0x0000000089c00000, 0x0000000089d00000|  0%| F|  |TAMS 0x0000000089c00000, 0x0000000089c00000| Untracked 
|  99|0x0000000089d00000, 0x0000000089d00000, 0x0000000089e00000|  0%| F|  |TAMS 0x0000000089d00000, 0x0000000089d00000| Untracked 
| 100|0x0000000089e00000, 0x0000000089f00000, 0x0000000089f00000|100%| S|CS|TAMS 0x0000000089e00000, 0x0000000089e00000| Complete 
| 101|0x0000000089f00000, 0x000000008a000000, 0x000000008a000000|100%| S|CS|TAMS 0x0000000089f00000, 0x0000000089f00000| Complete 
| 102|0x000000008a000000, 0x000000008a100000, 0x000000008a100000|100%| S|CS|TAMS 0x000000008a000000, 0x000000008a000000| Complete 
| 103|0x000000008a100000, 0x000000008a100000, 0x000000008a200000|  0%| F|  |TAMS 0x000000008a100000, 0x000000008a100000| Untracked 
| 104|0x000000008a200000, 0x000000008a200000, 0x000000008a300000|  0%| F|  |TAMS 0x000000008a200000, 0x000000008a200000| Untracked 
| 105|0x000000008a300000, 0x000000008a300000, 0x000000008a400000|  0%| F|  |TAMS 0x000000008a300000, 0x000000008a300000| Untracked 
| 106|0x000000008a400000, 0x000000008a400000, 0x000000008a500000|  0%| F|  |TAMS 0x000000008a400000, 0x000000008a400000| Untracked 
| 107|0x000000008a500000, 0x000000008a500000, 0x000000008a600000|  0%| F|  |TAMS 0x000000008a500000, 0x000000008a500000| Untracked 
| 108|0x000000008a600000, 0x000000008a600000, 0x000000008a700000|  0%| F|  |TAMS 0x000000008a600000, 0x000000008a600000| Untracked 
| 109|0x000000008a700000, 0x000000008a700000, 0x000000008a800000|  0%| F|  |TAMS 0x000000008a700000, 0x000000008a700000| Untracked 
| 110|0x000000008a800000, 0x000000008a800000, 0x000000008a900000|  0%| F|  |TAMS 0x000000008a800000, 0x000000008a800000| Untracked 
| 111|0x000000008a900000, 0x000000008a900000, 0x000000008aa00000|  0%| F|  |TAMS 0x000000008a900000, 0x000000008a900000| Untracked 
| 112|0x000000008aa00000, 0x000000008aa00000, 0x000000008ab00000|  0%| F|  |TAMS 0x000000008aa00000, 0x000000008aa00000| Untracked 
| 113|0x000000008ab00000, 0x000000008abc6e10, 0x000000008ac00000| 77%| E|  |TAMS 0x000000008ab00000, 0x000000008ab00000| Complete 
| 114|0x000000008ac00000, 0x000000008ad00000, 0x000000008ad00000|100%| E|CS|TAMS 0x000000008ac00000, 0x000000008ac00000| Complete 
| 115|0x000000008ad00000, 0x000000008ae00000, 0x000000008ae00000|100%| E|CS|TAMS 0x000000008ad00000, 0x000000008ad00000| Complete 
| 116|0x000000008ae00000, 0x000000008af00000, 0x000000008af00000|100%| E|CS|TAMS 0x000000008ae00000, 0x000000008ae00000| Complete 
| 117|0x000000008af00000, 0x000000008b000000, 0x000000008b000000|100%| E|CS|TAMS 0x000000008af00000, 0x000000008af00000| Complete 
| 118|0x000000008b000000, 0x000000008b100000, 0x000000008b100000|100%| E|CS|TAMS 0x000000008b000000, 0x000000008b000000| Complete 
| 119|0x000000008b100000, 0x000000008b200000, 0x000000008b200000|100%| E|CS|TAMS 0x000000008b100000, 0x000000008b100000| Complete 
| 120|0x000000008b200000, 0x000000008b300000, 0x000000008b300000|100%| E|CS|TAMS 0x000000008b200000, 0x000000008b200000| Complete 
| 121|0x000000008b300000, 0x000000008b400000, 0x000000008b400000|100%| E|CS|TAMS 0x000000008b300000, 0x000000008b300000| Complete 
| 122|0x000000008b400000, 0x000000008b500000, 0x000000008b500000|100%| E|CS|TAMS 0x000000008b400000, 0x000000008b400000| Complete 
| 123|0x000000008b500000, 0x000000008b600000, 0x000000008b600000|100%| E|CS|TAMS 0x000000008b500000, 0x000000008b500000| Complete 
| 124|0x000000008b600000, 0x000000008b700000, 0x000000008b700000|100%| E|CS|TAMS 0x000000008b600000, 0x000000008b600000| Complete 
| 125|0x000000008b700000, 0x000000008b800000, 0x000000008b800000|100%| E|CS|TAMS 0x000000008b700000, 0x000000008b700000| Complete 

Card table byte_map: [0x00000198ab6c0000,0x00000198abab0000] _byte_map_base: 0x00000198ab2a3000

Marking Bits (Prev, Next): (CMBitMap*) 0x0000019898b2a6b0, (CMBitMap*) 0x0000019898b2a6f0
 Prev Bits: [0x00000198abea0000, 0x00000198addb8000)
 Next Bits: [0x00000198addc0000, 0x00000198afcd8000)

Polling page: 0x00000198982a0000

Metaspace:

Usage:
  Non-class:     13.91 MB used.
      Class:      1.84 MB used.
       Both:     15.75 MB used.

Virtual space:
  Non-class space:       16.00 MB reserved,      14.00 MB ( 88%) committed,  2 nodes.
      Class space:        1.00 GB reserved,       1.94 MB ( <1%) committed,  1 nodes.
             Both:        1.02 GB reserved,      15.94 MB (  2%) committed. 

Chunk freelists:
   Non-Class:  1.98 MB
       Class:  2.05 MB
        Both:  4.03 MB

MaxMetaspaceSize: unlimited
CompressedClassSpaceSize: 1.00 GB
Initial GC threshold: 21.00 MB
Current GC threshold: 21.00 MB
CDS: off
MetaspaceReclaimPolicy: balanced
 - commit_granule_bytes: 65536.
 - commit_granule_words: 8192.
 - virtual_space_node_default_size: 1048576.
 - enlarge_chunks_in_place: 1.
 - new_chunks_are_fully_committed: 0.
 - uncommit_free_chunks: 1.
 - use_allocation_guard: 0.
 - handle_deallocations: 1.


Internal statistics:

num_allocs_failed_limit: 0.
num_arena_births: 78.
num_arena_deaths: 0.
num_vsnodes_births: 3.
num_vsnodes_deaths: 0.
num_space_committed: 255.
num_space_uncommitted: 0.
num_chunks_returned_to_freelist: 0.
num_chunks_taken_from_freelist: 304.
num_chunk_merges: 0.
num_chunk_splits: 201.
num_chunks_enlarged: 160.
num_purges: 0.
num_inconsistent_stats: 0.

CodeHeap 'non-profiled nmethods': size=120000Kb used=489Kb max_used=489Kb free=119510Kb
 bounds [0x00000198a3a70000, 0x00000198a3ce0000, 0x00000198aafa0000]
CodeHeap 'profiled nmethods': size=120000Kb used=2171Kb max_used=2171Kb free=117828Kb
 bounds [0x000001989bfa0000, 0x000001989c210000, 0x00000198a34d0000]
CodeHeap 'non-nmethods': size=5760Kb used=1174Kb max_used=1197Kb free=4586Kb
 bounds [0x00000198a34d0000, 0x00000198a3740000, 0x00000198a3a70000]
 total_blobs=1661 nmethods=1202 adapters=372
 compilation: enabled
              stopped_count=0, restarted_count=0
 full_count=0

Compilation events (20 events):
Event: 8.699 Thread 0x00000198b304e020 nmethod 1193 0x000001989c1bcd10 code [0x000001989c1bcec0, 0x000001989c1bd118]
Event: 9.792 Thread 0x00000198b304e020 1194       3       java.util.concurrent.ThreadPoolExecutor::isShutdown (12 bytes)
Event: 9.792 Thread 0x00000198b304e020 nmethod 1194 0x000001989c1bd210 code [0x000001989c1bd3c0, 0x000001989c1bd5b8]
Event: 9.792 Thread 0x00000198b304e020 1195       3       java.util.concurrent.ScheduledThreadPoolExecutor::canRunInCurrentRunState (61 bytes)
Event: 9.793 Thread 0x00000198b304e020 nmethod 1195 0x000001989c1bd690 code [0x000001989c1bd8a0, 0x000001989c1be088]
Event: 10.479 Thread 0x00000198b304e020 1196       1       org.gradle.internal.serialize.Serializers$StatefulSerializerAdapter::access$000 (5 bytes)
Event: 10.479 Thread 0x00000198b304e020 nmethod 1196 0x00000198a3ae9810 code [0x00000198a3ae99a0, 0x00000198a3ae9a58]
Event: 10.479 Thread 0x00000198b304e020 1197       1       org.gradle.internal.logging.sink.OutputEventListenerManager::access$000 (5 bytes)
Event: 10.479 Thread 0x00000198b304e020 nmethod 1197 0x00000198a3ae9b10 code [0x00000198a3ae9ca0, 0x00000198a3ae9d58]
Event: 10.479 Thread 0x00000198b304e020 1198       1       org.gradle.internal.logging.sink.OutputEventListenerManager::access$100 (5 bytes)
Event: 10.479 Thread 0x00000198b304e020 nmethod 1198 0x00000198a3ae9e10 code [0x00000198a3ae9fa0, 0x00000198a3aea058]
Event: 10.479 Thread 0x00000198b304e020 1199       1       org.gradle.internal.logging.slf4j.BuildOperationAwareLogger::isTraceEnabled (2 bytes)
Event: 10.479 Thread 0x00000198b304e020 nmethod 1199 0x00000198a3aea110 code [0x00000198a3aea2a0, 0x00000198a3aea378]
Event: 10.479 Thread 0x00000198b304e020 1200       1       org.gradle.launcher.daemon.protocol.OutputMessage::getEvent (5 bytes)
Event: 10.479 Thread 0x00000198b304e020 nmethod 1200 0x00000198a3aea410 code [0x00000198a3aea5a0, 0x00000198a3aea678]
Event: 10.480 Thread 0x00000198b304e020 1201       3       com.esotericsoftware.kryo.io.Input::readUtf8 (90 bytes)
Event: 10.480 Thread 0x00000198b304e020 nmethod 1201 0x000001989c1be290 code [0x000001989c1be460, 0x000001989c1be878]
Event: 10.480 Thread 0x00000198b304e020 1202       3       org.gradle.internal.logging.events.OutputEvent::<init> (5 bytes)
Event: 10.480 Thread 0x00000198b304e020 nmethod 1202 0x000001989c1bea90 code [0x000001989c1bec20, 0x000001989c1bed78]
Event: 10.480 Thread 0x00000198b304e020 1203   !   3       org.gradle.internal.logging.console.ThrottlingOutputEventListener::onOutput (92 bytes)

GC Heap History (2 events):
Event: 1.254 GC heap before
{Heap before GC invocations=0 (full 0):
 garbage-first heap   total 129024K, used 28672K [0x0000000083a00000, 0x0000000100000000)
  region size 1024K, 23 young (23552K), 0 survivors (0K)
 Metaspace       used 11287K, committed 11520K, reserved 1064960K
  class space    used 1197K, committed 1280K, reserved 1048576K
}
Event: 1.269 GC heap after
{Heap after GC invocations=1 (full 0):
 garbage-first heap   total 129024K, used 9216K [0x0000000083a00000, 0x0000000100000000)
  region size 1024K, 3 young (3072K), 3 survivors (3072K)
 Metaspace       used 11287K, committed 11520K, reserved 1064960K
  class space    used 1197K, committed 1280K, reserved 1048576K
}

Dll operation events (2 events):
Event: 0.007 Loaded shared library C:\Program Files\Android\Android Studio2\jbr\bin\java.dll
Event: 0.170 Loaded shared library C:\Program Files\Android\Android Studio2\jbr\bin\verify.dll

Deoptimization events (20 events):
Event: 1.551 Thread 0x0000019898aceeb0 DEOPT PACKING pc=0x00000198a3acd748 sp=0x0000003e182fb2f0
Event: 1.551 Thread 0x0000019898aceeb0 DEOPT UNPACKING pc=0x00000198a352a1a3 sp=0x0000003e182fb290 mode 2
Event: 1.551 Thread 0x0000019898aceeb0 Uncommon trap: trap_request=0xffffffc6 fr.pc=0x00000198a3acd748 relative=0x0000000000000568
Event: 1.551 Thread 0x0000019898aceeb0 Uncommon trap: reason=bimorphic_or_optimized_type_check action=maybe_recompile pc=0x00000198a3acd748 method=java.util.concurrent.ConcurrentHashMap.get(Ljava/lang/Object;)Ljava/lang/Object; @ 149 c2
Event: 1.551 Thread 0x0000019898aceeb0 DEOPT PACKING pc=0x00000198a3acd748 sp=0x0000003e182fb2f0
Event: 1.551 Thread 0x0000019898aceeb0 DEOPT UNPACKING pc=0x00000198a352a1a3 sp=0x0000003e182fb290 mode 2
Event: 1.595 Thread 0x0000019898aceeb0 DEOPT PACKING pc=0x000001989c0b37b8 sp=0x0000003e182fa410
Event: 1.595 Thread 0x0000019898aceeb0 DEOPT UNPACKING pc=0x00000198a352ace3 sp=0x0000003e182f9928 mode 0
Event: 1.682 Thread 0x0000019898aceeb0 Uncommon trap: trap_request=0xffffff45 fr.pc=0x00000198a3ac1370 relative=0x0000000000001cb0
Event: 1.682 Thread 0x0000019898aceeb0 Uncommon trap: reason=unstable_if action=reinterpret pc=0x00000198a3ac1370 method=java.io.WinNTFileSystem.normalize(Ljava/lang/String;)Ljava/lang/String; @ 128 c2
Event: 1.682 Thread 0x0000019898aceeb0 DEOPT PACKING pc=0x00000198a3ac1370 sp=0x0000003e182fbb10
Event: 1.682 Thread 0x0000019898aceeb0 DEOPT UNPACKING pc=0x00000198a352a1a3 sp=0x0000003e182fbaf8 mode 2
Event: 1.995 Thread 0x0000019898aceeb0 Uncommon trap: trap_request=0xffffff45 fr.pc=0x00000198a3aa4c4c relative=0x000000000000068c
Event: 1.995 Thread 0x0000019898aceeb0 Uncommon trap: reason=unstable_if action=reinterpret pc=0x00000198a3aa4c4c method=java.lang.AbstractStringBuilder.append(Ljava/lang/String;)Ljava/lang/AbstractStringBuilder; @ 1 c2
Event: 1.995 Thread 0x0000019898aceeb0 DEOPT PACKING pc=0x00000198a3aa4c4c sp=0x0000003e182fc880
Event: 1.995 Thread 0x0000019898aceeb0 DEOPT UNPACKING pc=0x00000198a352a1a3 sp=0x0000003e182fc800 mode 2
Event: 1.995 Thread 0x0000019898aceeb0 Uncommon trap: trap_request=0xffffff45 fr.pc=0x00000198a3ab1564 relative=0x00000000000006a4
Event: 1.995 Thread 0x0000019898aceeb0 Uncommon trap: reason=unstable_if action=reinterpret pc=0x00000198a3ab1564 method=java.lang.AbstractStringBuilder.append(Ljava/lang/String;)Ljava/lang/AbstractStringBuilder; @ 1 c2
Event: 1.995 Thread 0x0000019898aceeb0 DEOPT PACKING pc=0x00000198a3ab1564 sp=0x0000003e182fc820
Event: 1.995 Thread 0x0000019898aceeb0 DEOPT UNPACKING pc=0x00000198a352a1a3 sp=0x0000003e182fc808 mode 2

Classes unloaded (0 events):
No events

Classes redefined (0 events):
No events

Internal exceptions (19 events):
Event: 0.442 Thread 0x0000019898aceeb0 Exception <a 'java/lang/NoSuchMethodError'{0x000000008b423cd8}: 'int java.lang.invoke.DirectMethodHandle$Holder.invokeStaticInit(java.lang.Object, java.lang.Object)'> (0x000000008b423cd8) 
thrown [s\src\hotspot\share\interpreter\linkResolver.cpp, line 771]
Event: 1.121 Thread 0x0000019898aceeb0 Exception <a 'java/lang/NoSuchMethodError'{0x000000008a399428}: 'void java.lang.invoke.DirectMethodHandle$Holder.invokeStatic(java.lang.Object, java.lang.Object)'> (0x000000008a399428) 
thrown [s\src\hotspot\share\interpreter\linkResolver.cpp, line 771]
Event: 1.151 Thread 0x0000019898aceeb0 Exception <a 'java/lang/NoClassDefFoundError'{0x000000008a21fea8}: org/slf4j/impl/StaticMarkerBinder> (0x000000008a21fea8) 
thrown [s\src\hotspot\share\classfile\systemDictionary.cpp, line 245]
Event: 1.177 Thread 0x0000019898aceeb0 Exception <a 'java/lang/NoSuchMethodError'{0x000000008a2bb2d0}: 'java.lang.Object java.lang.invoke.DirectMethodHandle$Holder.invokeVirtual(java.lang.Object, java.lang.Object, java.lang.Object, java.lang.Object, java.lang.Object, java.lang.Object, java.lang.Object)'> (0x000000008a2bb2d0) 
thrown [s\src\hotspot\share\interpreter\linkResolver.cpp, line 771]
Event: 1.184 Thread 0x0000019898aceeb0 Exception <a 'java/lang/NoSuchMethodError'{0x000000008a2cc860}: 'java.lang.Object java.lang.invoke.Invokers$Holder.invoker(java.lang.Object, java.lang.Object, java.lang.Object)'> (0x000000008a2cc860) 
thrown [s\src\hotspot\share\interpreter\linkResolver.cpp, line 771]
Event: 1.188 Thread 0x0000019898aceeb0 Exception <a 'java/lang/NoSuchMethodError'{0x000000008a2d5908}: 'java.lang.Object java.lang.invoke.DirectMethodHandle$Holder.invokeStatic(java.lang.Object, java.lang.Object, int)'> (0x000000008a2d5908) 
thrown [s\src\hotspot\share\interpreter\linkResolver.cpp, line 771]
Event: 1.191 Thread 0x0000019898aceeb0 Exception <a 'java/lang/NoSuchMethodError'{0x000000008a2e15f8}: 'void java.lang.invoke.DelegatingMethodHandle$Holder.delegate(java.lang.Object, java.lang.Object, int, java.lang.Object)'> (0x000000008a2e15f8) 
thrown [s\src\hotspot\share\interpreter\linkResolver.cpp, line 771]
Event: 1.192 Thread 0x0000019898aceeb0 Exception <a 'java/lang/NoSuchMethodError'{0x000000008a2e5740}: 'int java.lang.invoke.DirectMethodHandle$Holder.invokeSpecial(java.lang.Object, java.lang.Object, java.lang.Object)'> (0x000000008a2e5740) 
thrown [s\src\hotspot\share\interpreter\linkResolver.cpp, line 771]
Event: 1.198 Thread 0x0000019898aceeb0 Exception <a 'java/lang/NoSuchMethodError'{0x000000008a2f8b58}: 'java.lang.Object java.lang.invoke.Invokers$Holder.invokeExact_MT(java.lang.Object, java.lang.Object, java.lang.Object, java.lang.Object)'> (0x000000008a2f8b58) 
thrown [s\src\hotspot\share\interpreter\linkResolver.cpp, line 771]
Event: 1.387 Thread 0x0000019898aceeb0 Exception <a 'java/lang/NoSuchMethodError'{0x000000008b456870}: 'java.lang.Object java.lang.invoke.DirectMethodHandle$Holder.invokeInterface(java.lang.Object, java.lang.Object, java.lang.Object)'> (0x000000008b456870) 
thrown [s\src\hotspot\share\interpreter\linkResolver.cpp, line 771]
Event: 1.393 Thread 0x0000019898aceeb0 Exception <a 'java/lang/NoSuchMethodError'{0x000000008b4781d0}: 'void java.lang.invoke.DirectMethodHandle$Holder.invokeSpecial(java.lang.Object, java.lang.Object, java.lang.Object)'> (0x000000008b4781d0) 
thrown [s\src\hotspot\share\interpreter\linkResolver.cpp, line 771]
Event: 1.416 Thread 0x0000019898aceeb0 Implicit null exception at 0x00000198a3ac2e13 to 0x00000198a3ac3250
Event: 1.416 Thread 0x0000019898aceeb0 Implicit null exception at 0x00000198a3aac811 to 0x00000198a3aacc38
Event: 1.456 Thread 0x0000019898aceeb0 Exception <a 'java/lang/NoSuchMethodError'{0x000000008b215730}: 'java.lang.Object java.lang.invoke.DirectMethodHandle$Holder.invokeStaticInit(java.lang.Object)'> (0x000000008b215730) 
thrown [s\src\hotspot\share\interpreter\linkResolver.cpp, line 771]
Event: 1.624 Thread 0x0000019898aceeb0 Exception <a 'java/lang/NoSuchMethodError'{0x000000008ae09800}: 'java.lang.Object java.lang.invoke.DirectMethodHandle$Holder.invokeStaticInit(java.lang.Object, int, int, int, int)'> (0x000000008ae09800) 
thrown [s\src\hotspot\share\interpreter\linkResolver.cpp, line 771]
Event: 1.699 Thread 0x0000019898aceeb0 Exception <a 'java/lang/NoSuchMethodError'{0x000000008ae5b910}: 'java.lang.Object java.lang.invoke.DirectMethodHandle$Holder.invokeStaticInit(java.lang.Object, java.lang.Object, int, int, int, int)'> (0x000000008ae5b910) 
thrown [s\src\hotspot\share\interpreter\linkResolver.cpp, line 771]
Event: 1.969 Thread 0x0000019898aceeb0 Exception <a 'java/lang/NoSuchMethodError'{0x000000008ae89bc0}: 'void java.lang.invoke.DirectMethodHandle$Holder.invokeStatic(java.lang.Object, java.lang.Object, java.lang.Object)'> (0x000000008ae89bc0) 
thrown [s\src\hotspot\share\interpreter\linkResolver.cpp, line 771]
Event: 1.995 Thread 0x0000019898aceeb0 Implicit null exception at 0x00000198a3aa45f2 to 0x00000198a3aa4c34
Event: 1.995 Thread 0x0000019898aceeb0 Implicit null exception at 0x00000198a3ab0ef2 to 0x00000198a3ab154c

VM Operations (16 events):
Event: 0.162 Executing VM operation: HandshakeAllThreads
Event: 0.162 Executing VM operation: HandshakeAllThreads done
Event: 1.172 Executing VM operation: Cleanup
Event: 1.173 Executing VM operation: Cleanup done
Event: 1.187 Executing VM operation: HandshakeAllThreads
Event: 1.187 Executing VM operation: HandshakeAllThreads done
Event: 1.253 Executing VM operation: G1CollectForAllocation
Event: 1.269 Executing VM operation: G1CollectForAllocation done
Event: 1.556 Executing VM operation: HandshakeAllThreads
Event: 1.556 Executing VM operation: HandshakeAllThreads done
Event: 1.684 Executing VM operation: HandshakeAllThreads
Event: 1.684 Executing VM operation: HandshakeAllThreads done
Event: 2.697 Executing VM operation: Cleanup
Event: 2.697 Executing VM operation: Cleanup done
Event: 4.715 Executing VM operation: Cleanup
Event: 4.715 Executing VM operation: Cleanup done

Events (20 events):
Event: 2.270 loading class jdk/internal/reflect/ByteVectorFactory done
Event: 2.270 loading class jdk/internal/reflect/ByteVectorImpl
Event: 2.270 loading class jdk/internal/reflect/ByteVector
Event: 2.270 loading class jdk/internal/reflect/ByteVector done
Event: 2.270 loading class jdk/internal/reflect/ByteVectorImpl done
Event: 2.270 loading class jdk/internal/reflect/ClassFileAssembler
Event: 2.270 loading class jdk/internal/reflect/ClassFileAssembler done
Event: 2.271 loading class jdk/internal/reflect/UTF8
Event: 2.271 loading class jdk/internal/reflect/UTF8 done
Event: 2.271 Thread 0x00000198b33af4a0 Thread exited: 0x00000198b33af4a0
Event: 2.271 loading class jdk/internal/reflect/Label
Event: 2.272 loading class jdk/internal/reflect/Label done
Event: 2.272 loading class jdk/internal/reflect/Label$PatchInfo
Event: 2.272 loading class jdk/internal/reflect/Label$PatchInfo done
Event: 2.272 loading class jdk/internal/reflect/MethodAccessorGenerator$1
Event: 2.272 loading class jdk/internal/reflect/MethodAccessorGenerator$1 done
Event: 2.272 loading class jdk/internal/reflect/ClassDefiner
Event: 2.272 loading class jdk/internal/reflect/ClassDefiner done
Event: 2.272 loading class jdk/internal/reflect/ClassDefiner$1
Event: 2.272 loading class jdk/internal/reflect/ClassDefiner$1 done


Dynamic libraries:
0x00007ff7cd160000 - 0x00007ff7cd16a000 	C:\Program Files\Android\Android Studio2\jbr\bin\java.exe
0x00007ffcb1820000 - 0x00007ffcb1a29000 	C:\WINDOWS\SYSTEM32\ntdll.dll
0x00007ffcb14d0000 - 0x00007ffcb158d000 	C:\WINDOWS\System32\KERNEL32.DLL
0x00007ffcaee20000 - 0x00007ffcaf199000 	C:\WINDOWS\System32\KERNELBASE.dll
0x00007ffcaf3b0000 - 0x00007ffcaf4c1000 	C:\WINDOWS\System32\ucrtbase.dll
0x00007ffca7170000 - 0x00007ffca7187000 	C:\Program Files\Android\Android Studio2\jbr\bin\jli.dll
0x00007ffca7cf0000 - 0x00007ffca7d0b000 	C:\Program Files\Android\Android Studio2\jbr\bin\VCRUNTIME140.dll
0x00007ffcb1220000 - 0x00007ffcb13cc000 	C:\WINDOWS\System32\USER32.dll
0x00007ffcaf1a0000 - 0x00007ffcaf1c6000 	C:\WINDOWS\System32\win32u.dll
0x00007ffcb0990000 - 0x00007ffcb09b9000 	C:\WINDOWS\System32\GDI32.dll
0x00007ffcaed00000 - 0x00007ffcaee12000 	C:\WINDOWS\System32\gdi32full.dll
0x00007ffc8ed20000 - 0x00007ffc8efc5000 	C:\WINDOWS\WinSxS\amd64_microsoft.windows.common-controls_6595b64144ccf1df_6.0.22000.120_none_9d947278b86cc467\COMCTL32.dll
0x00007ffcaf250000 - 0x00007ffcaf2ed000 	C:\WINDOWS\System32\msvcp_win.dll
0x00007ffcafb20000 - 0x00007ffcafbc3000 	C:\WINDOWS\System32\msvcrt.dll
0x00007ffcb16a0000 - 0x00007ffcb16d1000 	C:\WINDOWS\System32\IMM32.DLL
0x00007ffca9210000 - 0x00007ffca921c000 	C:\Program Files\Android\Android Studio2\jbr\bin\vcruntime140_1.dll
0x00007ffc7f360000 - 0x00007ffc7f3ed000 	C:\Program Files\Android\Android Studio2\jbr\bin\msvcp140.dll
0x00007ffc44250000 - 0x00007ffc44ebe000 	C:\Program Files\Android\Android Studio2\jbr\bin\server\jvm.dll
0x00007ffcb0b90000 - 0x00007ffcb0c3e000 	C:\WINDOWS\System32\ADVAPI32.dll
0x00007ffcb09d0000 - 0x00007ffcb0a6e000 	C:\WINDOWS\System32\sechost.dll
0x00007ffcb0a70000 - 0x00007ffcb0b90000 	C:\WINDOWS\System32\RPCRT4.dll
0x00007ffca28b0000 - 0x00007ffca28e3000 	C:\WINDOWS\SYSTEM32\WINMM.dll
0x00007ffc77c50000 - 0x00007ffc77c59000 	C:\WINDOWS\SYSTEM32\WSOCK32.dll
0x00007ffcb16f0000 - 0x00007ffcb175f000 	C:\WINDOWS\System32\WS2_32.dll
0x00007ffca92b0000 - 0x00007ffca92ba000 	C:\WINDOWS\SYSTEM32\VERSION.dll
0x00007ffcade00000 - 0x00007ffcade18000 	C:\WINDOWS\SYSTEM32\kernel.appcore.dll
0x00007ffca7b50000 - 0x00007ffca7b5a000 	C:\Program Files\Android\Android Studio2\jbr\bin\jimage.dll
0x00007ffcac770000 - 0x00007ffcac991000 	C:\WINDOWS\SYSTEM32\DBGHELP.DLL
0x00007ffc8e740000 - 0x00007ffc8e771000 	C:\WINDOWS\SYSTEM32\dbgcore.DLL
0x00007ffcaf1d0000 - 0x00007ffcaf24f000 	C:\WINDOWS\System32\bcryptPrimitives.dll
0x00007ffca5420000 - 0x00007ffca5445000 	C:\Program Files\Android\Android Studio2\jbr\bin\java.dll
0x00007ffca3e90000 - 0x00007ffca3ea8000 	C:\Program Files\Android\Android Studio2\jbr\bin\zip.dll
0x00007ffcb00b0000 - 0x00007ffcb0868000 	C:\WINDOWS\System32\SHELL32.dll
0x00007ffcace70000 - 0x00007ffcad6d8000 	C:\WINDOWS\SYSTEM32\windows.storage.dll
0x00007ffcb0c40000 - 0x00007ffcb0fb9000 	C:\WINDOWS\System32\combase.dll
0x00007ffcacd00000 - 0x00007ffcace66000 	C:\WINDOWS\SYSTEM32\wintypes.dll
0x00007ffcaffc0000 - 0x00007ffcb00aa000 	C:\WINDOWS\System32\SHCORE.dll
0x00007ffcb13d0000 - 0x00007ffcb142d000 	C:\WINDOWS\System32\shlwapi.dll
0x00007ffcaec30000 - 0x00007ffcaec51000 	C:\WINDOWS\SYSTEM32\profapi.dll
0x00007ffca3e70000 - 0x00007ffca3e89000 	C:\Program Files\Android\Android Studio2\jbr\bin\net.dll
0x00007ffca4ef0000 - 0x00007ffca4ffc000 	C:\WINDOWS\SYSTEM32\WINHTTP.dll
0x00007ffcae2a0000 - 0x00007ffcae307000 	C:\WINDOWS\system32\mswsock.dll
0x00007ffca3e50000 - 0x00007ffca3e66000 	C:\Program Files\Android\Android Studio2\jbr\bin\nio.dll
0x00007ffca3e40000 - 0x00007ffca3e50000 	C:\Program Files\Android\Android Studio2\jbr\bin\verify.dll
0x00007ffca1630000 - 0x00007ffca1657000 	C:\Users\Dell\.gradle\native\e1d6ef7f7dcc3fd88c89a11ec53ec762bb8ba0a96d01ffa2cd45eb1d1d8dd5c5\windows-amd64\native-platform.dll
0x00007ffca3e30000 - 0x00007ffca3e39000 	C:\Program Files\Android\Android Studio2\jbr\bin\management.dll
0x00007ffc84fe0000 - 0x00007ffc84feb000 	C:\Program Files\Android\Android Studio2\jbr\bin\management_ext.dll
0x00007ffcb1210000 - 0x00007ffcb1218000 	C:\WINDOWS\System32\PSAPI.DLL
0x00007ffcae4e0000 - 0x00007ffcae4f8000 	C:\WINDOWS\SYSTEM32\CRYPTSP.dll
0x00007ffcadd60000 - 0x00007ffcadd95000 	C:\WINDOWS\system32\rsaenh.dll
0x00007ffcae390000 - 0x00007ffcae3b9000 	C:\WINDOWS\SYSTEM32\USERENV.dll
0x00007ffcae660000 - 0x00007ffcae687000 	C:\WINDOWS\SYSTEM32\bcrypt.dll
0x00007ffcae500000 - 0x00007ffcae50c000 	C:\WINDOWS\SYSTEM32\CRYPTBASE.dll
0x00007ffcad930000 - 0x00007ffcad95d000 	C:\WINDOWS\SYSTEM32\IPHLPAPI.DLL
0x00007ffcb09c0000 - 0x00007ffcb09c9000 	C:\WINDOWS\System32\NSI.dll
0x00007ffca4970000 - 0x00007ffca4989000 	C:\WINDOWS\SYSTEM32\dhcpcsvc6.DLL
0x00007ffca6660000 - 0x00007ffca667e000 	C:\WINDOWS\SYSTEM32\dhcpcsvc.DLL
0x00007ffcad9a0000 - 0x00007ffcada88000 	C:\WINDOWS\SYSTEM32\DNSAPI.dll
0x00007ffc4add0000 - 0x00007ffc4add8000 	C:\WINDOWS\system32\wshunix.dll

dbghelp: loaded successfully - version: 4.0.5 - missing functions: none
symbol engine: initialized successfully - sym options: 0x614 - pdb path: .;C:\Program Files\Android\Android Studio2\jbr\bin;C:\WINDOWS\SYSTEM32;C:\WINDOWS\WinSxS\amd64_microsoft.windows.common-controls_6595b64144ccf1df_6.0.22000.120_none_9d947278b86cc467;C:\Program Files\Android\Android Studio2\jbr\bin\server;C:\Users\Dell\.gradle\native\e1d6ef7f7dcc3fd88c89a11ec53ec762bb8ba0a96d01ffa2cd45eb1d1d8dd5c5\windows-amd64

VM Arguments:
jvm_args: -Dorg.gradle.appname=gradlew 
java_command: org.gradle.wrapper.GradleWrapperMain -q -Ptarget-platform=android-arm64 -Ptarget=D:\Desktop\flutter\lib\projectClone\PasswordAuthentication\main67_authentication.dart -Pbase-application-name=android.app.Application -Pdart-defines=RkxVVFRFUl9XRUJfQVVUT19ERVRFQ1Q9dHJ1ZQ==,RkxVVFRFUl9XRUJfQ0FOVkFTS0lUX1VSTD1odHRwczovL3d3dy5nc3RhdGljLmNvbS9mbHV0dGVyLWNhbnZhc2tpdC81NGE3MTQ1MzAzZjBkZDlkMGY5MzQyNGEyZTEyNGViNGFiZWY1MDkxLw== -Pdart-obfuscation=false -Ptrack-widget-creation=true -Ptree-shake-icons=false -Pfilesystem-scheme=org-dartlang-root assembleDebug
java_class_path (initial): D:\Desktop\flutter\android\\gradle\wrapper\gradle-wrapper.jar
Launcher Type: SUN_STANDARD

[Global flags]
     intx CICompilerCount                          = 4                                         {product} {ergonomic}
     uint ConcGCThreads                            = 2                                         {product} {ergonomic}
     uint G1ConcRefinementThreads                  = 8                                         {product} {ergonomic}
   size_t G1HeapRegionSize                         = 1048576                                   {product} {ergonomic}
    uintx GCDrainStackTargetSize                   = 64                                        {product} {ergonomic}
   size_t InitialHeapSize                          = 132120576                                 {product} {ergonomic}
   size_t MarkStackSize                            = 4194304                                   {product} {ergonomic}
   size_t MaxHeapSize                              = 2086666240                                {product} {ergonomic}
   size_t MaxNewSize                               = 1251999744                                {product} {ergonomic}
   size_t MinHeapDeltaBytes                        = 1048576                                   {product} {ergonomic}
   size_t MinHeapSize                              = 8388608                                   {product} {ergonomic}
    uintx NonNMethodCodeHeapSize                   = 5839372                                {pd product} {ergonomic}
    uintx NonProfiledCodeHeapSize                  = 122909434                              {pd product} {ergonomic}
    uintx ProfiledCodeHeapSize                     = 122909434                              {pd product} {ergonomic}
    uintx ReservedCodeCacheSize                    = 251658240                              {pd product} {ergonomic}
     bool SegmentedCodeCache                       = true                                      {product} {ergonomic}
   size_t SoftMaxHeapSize                          = 2086666240                             {manageable} {ergonomic}
     bool UseCompressedClassPointers               = true                           {product lp64_product} {ergonomic}
     bool UseCompressedOops                        = true                           {product lp64_product} {ergonomic}
     bool UseG1GC                                  = true                                      {product} {ergonomic}
     bool UseLargePagesIndividualAllocation        = false                                  {pd product} {ergonomic}

Logging:
Log output configuration:
 #0: stdout all=warning uptime,level,tags
 #1: stderr all=off uptime,level,tags

Environment Variables:
JAVA_HOME=C:\Program Files\Android\Android Studio2\jbr
CLASSPATH=D:\Desktop\flutter\android\\gradle\wrapper\gradle-wrapper.jar
PATH=C:\Program Files\Android\Android Studio2\jbr\bin;C:\Program Files\Common Files\Oracle\Java\javapath;C:\MinGW\bin;C:\WINDOWS\system32;C:\WINDOWS;C:\WINDOWS\System32\Wbem;C:\WINDOWS\System32\WindowsPowerShell\v1.0\;C:\WINDOWS\System32\OpenSSH\;C:\Program Files (x86)\Silverfrost\FTN95;C:\Program Files\dotnet\;C:\Program Files\Git\cmd;C:\Program Files\nodejs\;C:\Users\Dell\AppData\Local\Programs\Python\Python38\Scripts\;C:\Users\Dell\AppData\Local\Programs\Python\Python38\;C:\Users\Dell\AppData\Local\Programs\Python\Python39\Scripts\;C:\Users\Dell\AppData\Local\Programs\Python\Python39\;C:\Users\Dell\AppData\Local\Microsoft\WindowsApps;C:\Users\Dell\AppData\Roaming\npm;C:\Program Files\dart-sdk\bin;C:\Program Files\MinGW\bin;C:\Users\Dell\AppData\Local\Programs\Microsoft VS Code\bin;C:\Program Files\flutter\bin;C:\Program Files\dart-sdk\bin;C:\Program Files\jdk-18.0.2.1_linux-aarch64_bin\jdk-18.0.2.1\bin;C:\Program Files (x86)\Java\jre-1.8\bin;;C:\Program Files\flutter\bin\mingit\cmd;C:\Program Files\flutter\bin\mingit\cmd
USERNAME=Dell
OS=Windows_NT
PROCESSOR_IDENTIFIER=Intel64 Family 6 Model 126 Stepping 5, GenuineIntel
TMP=C:\Users\Dell\AppData\Local\Temp
TEMP=C:\Users\Dell\AppData\Local\Temp


JNI global refs:
JNI global refs: 20, weak refs: 0

JNI global refs memory usage: 843, weak refs: 841


---------------  S Y S T E M  ---------------

OS:
 Windows 11 , 64 bit Build 22000 (10.0.22000.708)
OS uptime: 0 days 0:16 hours

CPU: total 8 (initial active 8) (4 cores per cpu, 2 threads per core) family 6 model 126 stepping 5 microcode 0xa8, cx8, cmov, fxsr, ht, mmx, 3dnowpref, sse, sse2, sse3, ssse3, sse4.1, sse4.2, popcnt, lzcnt, tsc, tscinvbit, avx, avx2, aes, erms, clmul, bmi1, bmi2, adx, avx512f, avx512dq, avx512cd, avx512bw, avx512vl, sha, fma, vzeroupper, avx512_vpopcntdq, avx512_vpclmulqdq, avx512_vaes, avx512_vnni, clflush, clflushopt, avx512_vbmi2, avx512_vbmi

Memory: 4k page, system-wide physical 7955M (77M free)
TotalPageFile size 13312M (AvailPageFile size 0M)
current process WorkingSet (physical memory assigned to process): 93M, peak: 101M
current process commit charge ("private bytes"): 226M, peak: 232M

vm_info: OpenJDK 64-Bit Server VM (17.0.6+0-b2043.56-10027231) for windows-amd64 JRE (17.0.6+0-b2043.56-10027231), built on Apr 28 2023 00:43:19 by "androidbuild" with MS VC++ 16.10 / 16.11 (VS2019)

END.
