#
# There is insufficient memory for the Java Runtime Environment to continue.
# Native memory allocation (malloc) failed to allocate 165936 bytes for Chunk::new
# Possible reasons:
#   The system is out of physical RAM or swap space
#   The process is running with CompressedOops enabled, and the Java Heap may be blocking the growth of the native heap
# Possible solutions:
#   Reduce memory load on the system
#   Increase physical memory or swap space
#   Check if swap backing store is full
#   Decrease Java heap size (-Xmx/-Xms)
#   Decrease number of Java threads
#   Decrease Java thread stack sizes (-Xss)
#   Set larger code cache with -XX:ReservedCodeCacheSize=
#   JVM is running with Unscaled Compressed Oops mode in which the Java heap is
#     placed in the first 4GB address space. The Java Heap base address is the
#     maximum limit for the native heap growth. Please use -XX:HeapBaseMinAddress
#     to set the Java Heap base and to place the Java Heap above 4GB virtual address.
# This output file may be truncated or incomplete.
#
#  Out of Memory Error (arena.cpp:189), pid=5476, tid=13316
#
# JRE version: OpenJDK Runtime Environment (17.0.6) (build 17.0.6+0-b2043.56-10027231)
# Java VM: OpenJDK 64-Bit Server VM (17.0.6+0-b2043.56-10027231, mixed mode, tiered, compressed oops, compressed class ptrs, g1 gc, windows-amd64)
# No core dump will be written. Minidumps are not enabled by default on client versions of Windows
#

---------------  S U M M A R Y ------------

Command Line: -Dorg.gradle.appname=gradlew org.gradle.wrapper.GradleWrapperMain -q -Ptarget-platform=android-arm64 -Ptarget=D:\Desktop\flutter\lib\projectClone\PasswordAuthentication\main67_authentication.dart -Pbase-application-name=android.app.Application -Pdart-defines=RkxVVFRFUl9XRUJfQVVUT19ERVRFQ1Q9dHJ1ZQ==,RkxVVFRFUl9XRUJfQ0FOVkFTS0lUX1VSTD1odHRwczovL3d3dy5nc3RhdGljLmNvbS9mbHV0dGVyLWNhbnZhc2tpdC81NGE3MTQ1MzAzZjBkZDlkMGY5MzQyNGEyZTEyNGViNGFiZWY1MDkxLw== -Pdart-obfuscation=false -Ptrack-widget-creation=true -Ptree-shake-icons=false -Pfilesystem-scheme=org-dartlang-root assembleDebug

Host: Intel(R) Core(TM) i5-1035G1 CPU @ 1.00GHz, 8 cores, 7G,  Windows 11 , 64 bit Build 22000 (10.0.22000.708)
Time: Wed Dec 20 10:19:02 2023 Nepal Standard Time elapsed time: 33.920141 seconds (0d 0h 0m 33s)

---------------  T H R E A D  ---------------

Current thread (0x00000160e64306b0):  JavaThread "C2 CompilerThread0" daemon [_thread_in_native, id=13316, stack(0x0000005c60200000,0x0000005c60300000)]


Current CompileTask:
C2:  33920 1498 % !   4       java.io.BufferedReader::readLine @ 139 (327 bytes)

Stack: [0x0000005c60200000,0x0000005c60300000]
Native frames: (J=compiled Java code, j=interpreted, Vv=VM code, C=native code)
V  [jvm.dll+0x683c9a]
V  [jvm.dll+0x8427a4]
V  [jvm.dll+0x843f9e]
V  [jvm.dll+0x844603]
V  [jvm.dll+0x249b75]
V  [jvm.dll+0xabcac]
V  [jvm.dll+0xac27c]
V  [jvm.dll+0x2b0eef]
V  [jvm.dll+0x58a267]
V  [jvm.dll+0x2243b2]
V  [jvm.dll+0x21d8bf]
V  [jvm.dll+0x21b51b]
V  [jvm.dll+0x1a4fdd]
V  [jvm.dll+0x22b098]
V  [jvm.dll+0x229159]
V  [jvm.dll+0x7f81ec]
V  [jvm.dll+0x7f274a]
V  [jvm.dll+0x682ad5]
C  [ucrtbase.dll+0x26c0c]
C  [KERNEL32.DLL+0x154e0]
C  [ntdll.dll+0x485b]


---------------  P R O C E S S  ---------------

Threads class SMR info:
_java_thread_list=0x00000160e7f671e0, length=14, elements={
0x00000160cbdcf5f0, 0x00000160e5a98250, 0x00000160e6402090, 0x00000160e642bff0,
0x00000160e642c5b0, 0x00000160e642cf60, 0x00000160e642d910, 0x00000160e64306b0,
0x00000160e6433910, 0x00000160e644f170, 0x00000160e65b5ce0, 0x00000160e65b61b0,
0x00000160e7820070, 0x00000160e7d0f420
}

Java Threads: ( => current thread )
  0x00000160cbdcf5f0 JavaThread "main" [_thread_in_native, id=14348, stack(0x0000005c5f500000,0x0000005c5f600000)]
  0x00000160e5a98250 JavaThread "Reference Handler" daemon [_thread_blocked, id=12268, stack(0x0000005c5fc00000,0x0000005c5fd00000)]
  0x00000160e6402090 JavaThread "Finalizer" daemon [_thread_blocked, id=7840, stack(0x0000005c5fd00000,0x0000005c5fe00000)]
  0x00000160e642bff0 JavaThread "Signal Dispatcher" daemon [_thread_blocked, id=3696, stack(0x0000005c5fe00000,0x0000005c5ff00000)]
  0x00000160e642c5b0 JavaThread "Attach Listener" daemon [_thread_blocked, id=12760, stack(0x0000005c5ff00000,0x0000005c60000000)]
  0x00000160e642cf60 JavaThread "Service Thread" daemon [_thread_blocked, id=17184, stack(0x0000005c60000000,0x0000005c60100000)]
  0x00000160e642d910 JavaThread "Monitor Deflation Thread" daemon [_thread_blocked, id=14660, stack(0x0000005c60100000,0x0000005c60200000)]
=>0x00000160e64306b0 JavaThread "C2 CompilerThread0" daemon [_thread_in_native, id=13316, stack(0x0000005c60200000,0x0000005c60300000)]
  0x00000160e6433910 JavaThread "C1 CompilerThread0" daemon [_thread_in_native, id=12216, stack(0x0000005c60300000,0x0000005c60400000)]
  0x00000160e644f170 JavaThread "Sweeper thread" daemon [_thread_blocked, id=18956, stack(0x0000005c60400000,0x0000005c60500000)]
  0x00000160e65b5ce0 JavaThread "Notification Thread" daemon [_thread_blocked, id=8220, stack(0x0000005c60500000,0x0000005c60600000)]
  0x00000160e65b61b0 JavaThread "Common-Cleaner" daemon [_thread_blocked, id=13780, stack(0x0000005c60700000,0x0000005c60800000)]
  0x00000160e7820070 JavaThread "pool-1-thread-1" [_thread_blocked, id=18812, stack(0x0000005c60d00000,0x0000005c60e00000)]
  0x00000160e7d0f420 JavaThread "DisconnectableInputStream source reader" daemon [_thread_in_native, id=13712, stack(0x0000005c60f00000,0x0000005c61000000)]

Other Threads:
  0x00000160e5a86430 VMThread "VM Thread" [stack: 0x0000005c5fb00000,0x0000005c5fc00000] [id=12328]
  0x00000160cbe615e0 WatcherThread [stack: 0x0000005c60600000,0x0000005c60700000] [id=6660]
  0x00000160cbe2a3b0 GCTaskThread "GC Thread#0" [stack: 0x0000005c5f600000,0x0000005c5f700000] [id=3568]
  0x00000160e78c2370 GCTaskThread "GC Thread#1" [stack: 0x0000005c60900000,0x0000005c60a00000] [id=15772]
  0x00000160e6863460 GCTaskThread "GC Thread#2" [stack: 0x0000005c60a00000,0x0000005c60b00000] [id=16468]
  0x00000160e6f8d690 GCTaskThread "GC Thread#3" [stack: 0x0000005c60b00000,0x0000005c60c00000] [id=17816]
  0x00000160e6ece2a0 GCTaskThread "GC Thread#4" [stack: 0x0000005c60c00000,0x0000005c60d00000] [id=18548]
  0x00000160cbe3abb0 ConcurrentGCThread "G1 Main Marker" [stack: 0x0000005c5f700000,0x0000005c5f800000] [id=17320]
  0x00000160cbe3b5c0 ConcurrentGCThread "G1 Conc#0" [stack: 0x0000005c5f800000,0x0000005c5f900000] [id=468]
  0x00000160cbe96bf0 ConcurrentGCThread "G1 Refine#0" [stack: 0x0000005c5f900000,0x0000005c5fa00000] [id=1996]
  0x00000160e58d2710 ConcurrentGCThread "G1 Service" [stack: 0x0000005c5fa00000,0x0000005c5fb00000] [id=14324]

Threads with active compile tasks:
C2 CompilerThread0    33928 1498 % !   4       java.io.BufferedReader::readLine @ 139 (327 bytes)
C1 CompilerThread0    33928 1509       3       org.gradle.internal.logging.text.AbstractLineChoppingStyledTextOutput$StateContext::isCurrentCharEquals (70 bytes)

VM state: not at safepoint (normal execution)

VM Mutex/Monitor currently owned by a thread: None

Heap address: 0x0000000083a00000, size: 1990 MB, Compressed Oops mode: 32-bit

CDS archive(s) not mapped
Compressed class space mapped at: 0x0000000100000000-0x0000000140000000, reserved size: 1073741824
Narrow klass base: 0x0000000000000000, Narrow klass shift: 3, Narrow klass range: 0x140000000

GC Precious Log:
 CPUs: 8 total, 8 available
 Memory: 7955M
 Large Page Support: Disabled
 NUMA Support: Disabled
 Compressed Oops: Enabled (32-bit)
 Heap Region Size: 1M
 Heap Min Capacity: 8M
 Heap Initial Capacity: 126M
 Heap Max Capacity: 1990M
 Pre-touch: Disabled
 Parallel Workers: 8
 Concurrent Workers: 2
 Concurrent Refinement Workers: 8
 Periodic GC: Disabled

Heap:
 garbage-first heap   total 129024K, used 30152K [0x0000000083a00000, 0x0000000100000000)
  region size 1024K, 24 young (24576K), 3 survivors (3072K)
 Metaspace       used 18058K, committed 18240K, reserved 1064960K
  class space    used 2067K, committed 2176K, reserved 1048576K

Heap Regions: E=young(eden), S=young(survivor), O=old, HS=humongous(starts), HC=humongous(continues), CS=collection set, F=free, OA=open archive, CA=closed archive, TAMS=top-at-mark-start (previous, next)
|   0|0x0000000083a00000, 0x0000000083a00000, 0x0000000083b00000|  0%| F|  |TAMS 0x0000000083a00000, 0x0000000083a00000| Untracked 
|   1|0x0000000083b00000, 0x0000000083b00000, 0x0000000083c00000|  0%| F|  |TAMS 0x0000000083b00000, 0x0000000083b00000| Untracked 
|   2|0x0000000083c00000, 0x0000000083c00000, 0x0000000083d00000|  0%| F|  |TAMS 0x0000000083c00000, 0x0000000083c00000| Untracked 
|   3|0x0000000083d00000, 0x0000000083e00000, 0x0000000083e00000|100%|HS|  |TAMS 0x0000000083d00000, 0x0000000083d00000| Complete 
|   4|0x0000000083e00000, 0x0000000083f00000, 0x0000000083f00000|100%|HC|  |TAMS 0x0000000083e00000, 0x0000000083e00000| Complete 
|   5|0x0000000083f00000, 0x0000000084000000, 0x0000000084000000|100%|HC|  |TAMS 0x0000000083f00000, 0x0000000083f00000| Complete 
|   6|0x0000000084000000, 0x0000000084100000, 0x0000000084100000|100%| O|  |TAMS 0x0000000084000000, 0x0000000084000000| Untracked 
|   7|0x0000000084100000, 0x0000000084200000, 0x0000000084200000|100%| O|  |TAMS 0x0000000084100000, 0x0000000084100000| Untracked 
|   8|0x0000000084200000, 0x0000000084300000, 0x0000000084300000|100%| O|  |TAMS 0x0000000084200000, 0x0000000084200000| Untracked 
|   9|0x0000000084300000, 0x0000000084372000, 0x0000000084400000| 44%| O|  |TAMS 0x0000000084300000, 0x0000000084300000| Untracked 
|  10|0x0000000084400000, 0x0000000084400000, 0x0000000084500000|  0%| F|  |TAMS 0x0000000084400000, 0x0000000084400000| Untracked 
|  11|0x0000000084500000, 0x0000000084500000, 0x0000000084600000|  0%| F|  |TAMS 0x0000000084500000, 0x0000000084500000| Untracked 
|  12|0x0000000084600000, 0x0000000084600000, 0x0000000084700000|  0%| F|  |TAMS 0x0000000084600000, 0x0000000084600000| Untracked 
|  13|0x0000000084700000, 0x0000000084700000, 0x0000000084800000|  0%| F|  |TAMS 0x0000000084700000, 0x0000000084700000| Untracked 
|  14|0x0000000084800000, 0x0000000084800000, 0x0000000084900000|  0%| F|  |TAMS 0x0000000084800000, 0x0000000084800000| Untracked 
|  15|0x0000000084900000, 0x0000000084900000, 0x0000000084a00000|  0%| F|  |TAMS 0x0000000084900000, 0x0000000084900000| Untracked 
|  16|0x0000000084a00000, 0x0000000084a00000, 0x0000000084b00000|  0%| F|  |TAMS 0x0000000084a00000, 0x0000000084a00000| Untracked 
|  17|0x0000000084b00000, 0x0000000084b00000, 0x0000000084c00000|  0%| F|  |TAMS 0x0000000084b00000, 0x0000000084b00000| Untracked 
|  18|0x0000000084c00000, 0x0000000084c00000, 0x0000000084d00000|  0%| F|  |TAMS 0x0000000084c00000, 0x0000000084c00000| Untracked 
|  19|0x0000000084d00000, 0x0000000084d00000, 0x0000000084e00000|  0%| F|  |TAMS 0x0000000084d00000, 0x0000000084d00000| Untracked 
|  20|0x0000000084e00000, 0x0000000084e00000, 0x0000000084f00000|  0%| F|  |TAMS 0x0000000084e00000, 0x0000000084e00000| Untracked 
|  21|0x0000000084f00000, 0x0000000084f00000, 0x0000000085000000|  0%| F|  |TAMS 0x0000000084f00000, 0x0000000084f00000| Untracked 
|  22|0x0000000085000000, 0x0000000085000000, 0x0000000085100000|  0%| F|  |TAMS 0x0000000085000000, 0x0000000085000000| Untracked 
|  23|0x0000000085100000, 0x0000000085100000, 0x0000000085200000|  0%| F|  |TAMS 0x0000000085100000, 0x0000000085100000| Untracked 
|  24|0x0000000085200000, 0x0000000085200000, 0x0000000085300000|  0%| F|  |TAMS 0x0000000085200000, 0x0000000085200000| Untracked 
|  25|0x0000000085300000, 0x0000000085300000, 0x0000000085400000|  0%| F|  |TAMS 0x0000000085300000, 0x0000000085300000| Untracked 
|  26|0x0000000085400000, 0x0000000085400000, 0x0000000085500000|  0%| F|  |TAMS 0x0000000085400000, 0x0000000085400000| Untracked 
|  27|0x0000000085500000, 0x0000000085500000, 0x0000000085600000|  0%| F|  |TAMS 0x0000000085500000, 0x0000000085500000| Untracked 
|  28|0x0000000085600000, 0x0000000085600000, 0x0000000085700000|  0%| F|  |TAMS 0x0000000085600000, 0x0000000085600000| Untracked 
|  29|0x0000000085700000, 0x0000000085700000, 0x0000000085800000|  0%| F|  |TAMS 0x0000000085700000, 0x0000000085700000| Untracked 
|  30|0x0000000085800000, 0x0000000085800000, 0x0000000085900000|  0%| F|  |TAMS 0x0000000085800000, 0x0000000085800000| Untracked 
|  31|0x0000000085900000, 0x0000000085900000, 0x0000000085a00000|  0%| F|  |TAMS 0x0000000085900000, 0x0000000085900000| Untracked 
|  32|0x0000000085a00000, 0x0000000085a00000, 0x0000000085b00000|  0%| F|  |TAMS 0x0000000085a00000, 0x0000000085a00000| Untracked 
|  33|0x0000000085b00000, 0x0000000085b00000, 0x0000000085c00000|  0%| F|  |TAMS 0x0000000085b00000, 0x0000000085b00000| Untracked 
|  34|0x0000000085c00000, 0x0000000085c00000, 0x0000000085d00000|  0%| F|  |TAMS 0x0000000085c00000, 0x0000000085c00000| Untracked 
|  35|0x0000000085d00000, 0x0000000085d00000, 0x0000000085e00000|  0%| F|  |TAMS 0x0000000085d00000, 0x0000000085d00000| Untracked 
|  36|0x0000000085e00000, 0x0000000085e00000, 0x0000000085f00000|  0%| F|  |TAMS 0x0000000085e00000, 0x0000000085e00000| Untracked 
|  37|0x0000000085f00000, 0x0000000085f00000, 0x0000000086000000|  0%| F|  |TAMS 0x0000000085f00000, 0x0000000085f00000| Untracked 
|  38|0x0000000086000000, 0x0000000086000000, 0x0000000086100000|  0%| F|  |TAMS 0x0000000086000000, 0x0000000086000000| Untracked 
|  39|0x0000000086100000, 0x0000000086100000, 0x0000000086200000|  0%| F|  |TAMS 0x0000000086100000, 0x0000000086100000| Untracked 
|  40|0x0000000086200000, 0x0000000086200000, 0x0000000086300000|  0%| F|  |TAMS 0x0000000086200000, 0x0000000086200000| Untracked 
|  41|0x0000000086300000, 0x0000000086300000, 0x0000000086400000|  0%| F|  |TAMS 0x0000000086300000, 0x0000000086300000| Untracked 
|  42|0x0000000086400000, 0x0000000086400000, 0x0000000086500000|  0%| F|  |TAMS 0x0000000086400000, 0x0000000086400000| Untracked 
|  43|0x0000000086500000, 0x0000000086500000, 0x0000000086600000|  0%| F|  |TAMS 0x0000000086500000, 0x0000000086500000| Untracked 
|  44|0x0000000086600000, 0x0000000086600000, 0x0000000086700000|  0%| F|  |TAMS 0x0000000086600000, 0x0000000086600000| Untracked 
|  45|0x0000000086700000, 0x0000000086700000, 0x0000000086800000|  0%| F|  |TAMS 0x0000000086700000, 0x0000000086700000| Untracked 
|  46|0x0000000086800000, 0x0000000086800000, 0x0000000086900000|  0%| F|  |TAMS 0x0000000086800000, 0x0000000086800000| Untracked 
|  47|0x0000000086900000, 0x0000000086900000, 0x0000000086a00000|  0%| F|  |TAMS 0x0000000086900000, 0x0000000086900000| Untracked 
|  48|0x0000000086a00000, 0x0000000086a00000, 0x0000000086b00000|  0%| F|  |TAMS 0x0000000086a00000, 0x0000000086a00000| Untracked 
|  49|0x0000000086b00000, 0x0000000086b00000, 0x0000000086c00000|  0%| F|  |TAMS 0x0000000086b00000, 0x0000000086b00000| Untracked 
|  50|0x0000000086c00000, 0x0000000086c00000, 0x0000000086d00000|  0%| F|  |TAMS 0x0000000086c00000, 0x0000000086c00000| Untracked 
|  51|0x0000000086d00000, 0x0000000086d00000, 0x0000000086e00000|  0%| F|  |TAMS 0x0000000086d00000, 0x0000000086d00000| Untracked 
|  52|0x0000000086e00000, 0x0000000086e00000, 0x0000000086f00000|  0%| F|  |TAMS 0x0000000086e00000, 0x0000000086e00000| Untracked 
|  53|0x0000000086f00000, 0x0000000086f00000, 0x0000000087000000|  0%| F|  |TAMS 0x0000000086f00000, 0x0000000086f00000| Untracked 
|  54|0x0000000087000000, 0x0000000087000000, 0x0000000087100000|  0%| F|  |TAMS 0x0000000087000000, 0x0000000087000000| Untracked 
|  55|0x0000000087100000, 0x0000000087100000, 0x0000000087200000|  0%| F|  |TAMS 0x0000000087100000, 0x0000000087100000| Untracked 
|  56|0x0000000087200000, 0x0000000087200000, 0x0000000087300000|  0%| F|  |TAMS 0x0000000087200000, 0x0000000087200000| Untracked 
|  57|0x0000000087300000, 0x0000000087300000, 0x0000000087400000|  0%| F|  |TAMS 0x0000000087300000, 0x0000000087300000| Untracked 
|  58|0x0000000087400000, 0x0000000087400000, 0x0000000087500000|  0%| F|  |TAMS 0x0000000087400000, 0x0000000087400000| Untracked 
|  59|0x0000000087500000, 0x0000000087500000, 0x0000000087600000|  0%| F|  |TAMS 0x0000000087500000, 0x0000000087500000| Untracked 
|  60|0x0000000087600000, 0x0000000087600000, 0x0000000087700000|  0%| F|  |TAMS 0x0000000087600000, 0x0000000087600000| Untracked 
|  61|0x0000000087700000, 0x0000000087700000, 0x0000000087800000|  0%| F|  |TAMS 0x0000000087700000, 0x0000000087700000| Untracked 
|  62|0x0000000087800000, 0x0000000087800000, 0x0000000087900000|  0%| F|  |TAMS 0x0000000087800000, 0x0000000087800000| Untracked 
|  63|0x0000000087900000, 0x0000000087900000, 0x0000000087a00000|  0%| F|  |TAMS 0x0000000087900000, 0x0000000087900000| Untracked 
|  64|0x0000000087a00000, 0x0000000087a00000, 0x0000000087b00000|  0%| F|  |TAMS 0x0000000087a00000, 0x0000000087a00000| Untracked 
|  65|0x0000000087b00000, 0x0000000087b00000, 0x0000000087c00000|  0%| F|  |TAMS 0x0000000087b00000, 0x0000000087b00000| Untracked 
|  66|0x0000000087c00000, 0x0000000087c00000, 0x0000000087d00000|  0%| F|  |TAMS 0x0000000087c00000, 0x0000000087c00000| Untracked 
|  67|0x0000000087d00000, 0x0000000087d00000, 0x0000000087e00000|  0%| F|  |TAMS 0x0000000087d00000, 0x0000000087d00000| Untracked 
|  68|0x0000000087e00000, 0x0000000087e00000, 0x0000000087f00000|  0%| F|  |TAMS 0x0000000087e00000, 0x0000000087e00000| Untracked 
|  69|0x0000000087f00000, 0x0000000087f00000, 0x0000000088000000|  0%| F|  |TAMS 0x0000000087f00000, 0x0000000087f00000| Untracked 
|  70|0x0000000088000000, 0x0000000088000000, 0x0000000088100000|  0%| F|  |TAMS 0x0000000088000000, 0x0000000088000000| Untracked 
|  71|0x0000000088100000, 0x0000000088100000, 0x0000000088200000|  0%| F|  |TAMS 0x0000000088100000, 0x0000000088100000| Untracked 
|  72|0x0000000088200000, 0x0000000088200000, 0x0000000088300000|  0%| F|  |TAMS 0x0000000088200000, 0x0000000088200000| Untracked 
|  73|0x0000000088300000, 0x0000000088300000, 0x0000000088400000|  0%| F|  |TAMS 0x0000000088300000, 0x0000000088300000| Untracked 
|  74|0x0000000088400000, 0x0000000088400000, 0x0000000088500000|  0%| F|  |TAMS 0x0000000088400000, 0x0000000088400000| Untracked 
|  75|0x0000000088500000, 0x0000000088500000, 0x0000000088600000|  0%| F|  |TAMS 0x0000000088500000, 0x0000000088500000| Untracked 
|  76|0x0000000088600000, 0x0000000088600000, 0x0000000088700000|  0%| F|  |TAMS 0x0000000088600000, 0x0000000088600000| Untracked 
|  77|0x0000000088700000, 0x0000000088700000, 0x0000000088800000|  0%| F|  |TAMS 0x0000000088700000, 0x0000000088700000| Untracked 
|  78|0x0000000088800000, 0x0000000088800000, 0x0000000088900000|  0%| F|  |TAMS 0x0000000088800000, 0x0000000088800000| Untracked 
|  79|0x0000000088900000, 0x0000000088900000, 0x0000000088a00000|  0%| F|  |TAMS 0x0000000088900000, 0x0000000088900000| Untracked 
|  80|0x0000000088a00000, 0x0000000088a00000, 0x0000000088b00000|  0%| F|  |TAMS 0x0000000088a00000, 0x0000000088a00000| Untracked 
|  81|0x0000000088b00000, 0x0000000088b00000, 0x0000000088c00000|  0%| F|  |TAMS 0x0000000088b00000, 0x0000000088b00000| Untracked 
|  82|0x0000000088c00000, 0x0000000088c00000, 0x0000000088d00000|  0%| F|  |TAMS 0x0000000088c00000, 0x0000000088c00000| Untracked 
|  83|0x0000000088d00000, 0x0000000088d00000, 0x0000000088e00000|  0%| F|  |TAMS 0x0000000088d00000, 0x0000000088d00000| Untracked 
|  84|0x0000000088e00000, 0x0000000088e00000, 0x0000000088f00000|  0%| F|  |TAMS 0x0000000088e00000, 0x0000000088e00000| Untracked 
|  85|0x0000000088f00000, 0x0000000088f00000, 0x0000000089000000|  0%| F|  |TAMS 0x0000000088f00000, 0x0000000088f00000| Untracked 
|  86|0x0000000089000000, 0x0000000089000000, 0x0000000089100000|  0%| F|  |TAMS 0x0000000089000000, 0x0000000089000000| Untracked 
|  87|0x0000000089100000, 0x0000000089100000, 0x0000000089200000|  0%| F|  |TAMS 0x0000000089100000, 0x0000000089100000| Untracked 
|  88|0x0000000089200000, 0x0000000089200000, 0x0000000089300000|  0%| F|  |TAMS 0x0000000089200000, 0x0000000089200000| Untracked 
|  89|0x0000000089300000, 0x0000000089300000, 0x0000000089400000|  0%| F|  |TAMS 0x0000000089300000, 0x0000000089300000| Untracked 
|  90|0x0000000089400000, 0x0000000089400000, 0x0000000089500000|  0%| F|  |TAMS 0x0000000089400000, 0x0000000089400000| Untracked 
|  91|0x0000000089500000, 0x0000000089500000, 0x0000000089600000|  0%| F|  |TAMS 0x0000000089500000, 0x0000000089500000| Untracked 
|  92|0x0000000089600000, 0x0000000089600000, 0x0000000089700000|  0%| F|  |TAMS 0x0000000089600000, 0x0000000089600000| Untracked 
|  93|0x0000000089700000, 0x0000000089700000, 0x0000000089800000|  0%| F|  |TAMS 0x0000000089700000, 0x0000000089700000| Untracked 
|  94|0x0000000089800000, 0x0000000089800000, 0x0000000089900000|  0%| F|  |TAMS 0x0000000089800000, 0x0000000089800000| Untracked 
|  95|0x0000000089900000, 0x0000000089900000, 0x0000000089a00000|  0%| F|  |TAMS 0x0000000089900000, 0x0000000089900000| Untracked 
|  96|0x0000000089a00000, 0x0000000089a00000, 0x0000000089b00000|  0%| F|  |TAMS 0x0000000089a00000, 0x0000000089a00000| Untracked 
|  97|0x0000000089b00000, 0x0000000089b00000, 0x0000000089c00000|  0%| F|  |TAMS 0x0000000089b00000, 0x0000000089b00000| Untracked 
|  98|0x0000000089c00000, 0x0000000089c00000, 0x0000000089d00000|  0%| F|  |TAMS 0x0000000089c00000, 0x0000000089c00000| Untracked 
|  99|0x0000000089d00000, 0x0000000089d00000, 0x0000000089e00000|  0%| F|  |TAMS 0x0000000089d00000, 0x0000000089d00000| Untracked 
| 100|0x0000000089e00000, 0x0000000089f00000, 0x0000000089f00000|100%| S|CS|TAMS 0x0000000089e00000, 0x0000000089e00000| Complete 
| 101|0x0000000089f00000, 0x000000008a000000, 0x000000008a000000|100%| S|CS|TAMS 0x0000000089f00000, 0x0000000089f00000| Complete 
| 102|0x000000008a000000, 0x000000008a100000, 0x000000008a100000|100%| S|CS|TAMS 0x000000008a000000, 0x000000008a000000| Complete 
| 103|0x000000008a100000, 0x000000008a100000, 0x000000008a200000|  0%| F|  |TAMS 0x000000008a100000, 0x000000008a100000| Untracked 
| 104|0x000000008a200000, 0x000000008a200000, 0x000000008a300000|  0%| F|  |TAMS 0x000000008a200000, 0x000000008a200000| Untracked 
| 105|0x000000008a300000, 0x000000008a3c79f8, 0x000000008a400000| 77%| E|  |TAMS 0x000000008a300000, 0x000000008a300000| Complete 
| 106|0x000000008a400000, 0x000000008a500000, 0x000000008a500000|100%| E|CS|TAMS 0x000000008a400000, 0x000000008a400000| Complete 
| 107|0x000000008a500000, 0x000000008a600000, 0x000000008a600000|100%| E|CS|TAMS 0x000000008a500000, 0x000000008a500000| Complete 
| 108|0x000000008a600000, 0x000000008a700000, 0x000000008a700000|100%| E|CS|TAMS 0x000000008a600000, 0x000000008a600000| Complete 
| 109|0x000000008a700000, 0x000000008a800000, 0x000000008a800000|100%| E|CS|TAMS 0x000000008a700000, 0x000000008a700000| Complete 
| 110|0x000000008a800000, 0x000000008a900000, 0x000000008a900000|100%| E|CS|TAMS 0x000000008a800000, 0x000000008a800000| Complete 
| 111|0x000000008a900000, 0x000000008aa00000, 0x000000008aa00000|100%| E|CS|TAMS 0x000000008a900000, 0x000000008a900000| Complete 
| 112|0x000000008aa00000, 0x000000008ab00000, 0x000000008ab00000|100%| E|CS|TAMS 0x000000008aa00000, 0x000000008aa00000| Complete 
| 113|0x000000008ab00000, 0x000000008ac00000, 0x000000008ac00000|100%| E|CS|TAMS 0x000000008ab00000, 0x000000008ab00000| Complete 
| 114|0x000000008ac00000, 0x000000008ad00000, 0x000000008ad00000|100%| E|CS|TAMS 0x000000008ac00000, 0x000000008ac00000| Complete 
| 115|0x000000008ad00000, 0x000000008ae00000, 0x000000008ae00000|100%| E|CS|TAMS 0x000000008ad00000, 0x000000008ad00000| Complete 
| 116|0x000000008ae00000, 0x000000008af00000, 0x000000008af00000|100%| E|CS|TAMS 0x000000008ae00000, 0x000000008ae00000| Complete 
| 117|0x000000008af00000, 0x000000008b000000, 0x000000008b000000|100%| E|CS|TAMS 0x000000008af00000, 0x000000008af00000| Complete 
| 118|0x000000008b000000, 0x000000008b100000, 0x000000008b100000|100%| E|CS|TAMS 0x000000008b000000, 0x000000008b000000| Complete 
| 119|0x000000008b100000, 0x000000008b200000, 0x000000008b200000|100%| E|CS|TAMS 0x000000008b100000, 0x000000008b100000| Complete 
| 120|0x000000008b200000, 0x000000008b300000, 0x000000008b300000|100%| E|CS|TAMS 0x000000008b200000, 0x000000008b200000| Complete 
| 121|0x000000008b300000, 0x000000008b400000, 0x000000008b400000|100%| E|CS|TAMS 0x000000008b300000, 0x000000008b300000| Complete 
| 122|0x000000008b400000, 0x000000008b500000, 0x000000008b500000|100%| E|CS|TAMS 0x000000008b400000, 0x000000008b400000| Complete 
| 123|0x000000008b500000, 0x000000008b600000, 0x000000008b600000|100%| E|CS|TAMS 0x000000008b500000, 0x000000008b500000| Complete 
| 124|0x000000008b600000, 0x000000008b700000, 0x000000008b700000|100%| E|CS|TAMS 0x000000008b600000, 0x000000008b600000| Complete 
| 125|0x000000008b700000, 0x000000008b800000, 0x000000008b800000|100%| E|CS|TAMS 0x000000008b700000, 0x000000008b700000| Complete 

Card table byte_map: [0x00000160de9c0000,0x00000160dedb0000] _byte_map_base: 0x00000160de5a3000

Marking Bits (Prev, Next): (CMBitMap*) 0x00000160cbe2a9c0, (CMBitMap*) 0x00000160cbe2aa00
 Prev Bits: [0x00000160df1a0000, 0x00000160e10b8000)
 Next Bits: [0x00000160e10c0000, 0x00000160e2fd8000)

Polling page: 0x00000160cb5a0000

Metaspace:

Usage:
  Non-class:     15.62 MB used.
      Class:      2.02 MB used.
       Both:     17.64 MB used.

Virtual space:
  Non-class space:       16.00 MB reserved,      15.69 MB ( 98%) committed,  2 nodes.
      Class space:        1.00 GB reserved,       2.12 MB ( <1%) committed,  1 nodes.
             Both:        1.02 GB reserved,      17.81 MB (  2%) committed. 

Chunk freelists:
   Non-Class:  334.00 KB
       Class:  1.72 MB
        Both:  2.05 MB

MaxMetaspaceSize: unlimited
CompressedClassSpaceSize: 1.00 GB
Initial GC threshold: 21.00 MB
Current GC threshold: 21.00 MB
CDS: off
MetaspaceReclaimPolicy: balanced
 - commit_granule_bytes: 65536.
 - commit_granule_words: 8192.
 - virtual_space_node_default_size: 1048576.
 - enlarge_chunks_in_place: 1.
 - new_chunks_are_fully_committed: 0.
 - uncommit_free_chunks: 1.
 - use_allocation_guard: 0.
 - handle_deallocations: 1.


Internal statistics:

num_allocs_failed_limit: 0.
num_arena_births: 94.
num_arena_deaths: 0.
num_vsnodes_births: 3.
num_vsnodes_deaths: 0.
num_space_committed: 285.
num_space_uncommitted: 0.
num_chunks_returned_to_freelist: 0.
num_chunks_taken_from_freelist: 348.
num_chunk_merges: 0.
num_chunk_splits: 223.
num_chunks_enlarged: 179.
num_purges: 0.
num_inconsistent_stats: 0.

CodeHeap 'non-profiled nmethods': size=120000Kb used=628Kb max_used=628Kb free=119371Kb
 bounds [0x00000160d6d70000, 0x00000160d6fe0000, 0x00000160de2a0000]
CodeHeap 'profiled nmethods': size=120000Kb used=2891Kb max_used=2891Kb free=117108Kb
 bounds [0x00000160cf2a0000, 0x00000160cf580000, 0x00000160d67d0000]
CodeHeap 'non-nmethods': size=5760Kb used=1188Kb max_used=1216Kb free=4571Kb
 bounds [0x00000160d67d0000, 0x00000160d6a40000, 0x00000160d6d70000]
 total_blobs=1983 nmethods=1506 adapters=390
 compilation: enabled
              stopped_count=0, restarted_count=0
 full_count=0

Compilation events (20 events):
Event: 28.311 Thread 0x00000160e64306b0 1491       4       java.util.concurrent.locks.AbstractQueuedSynchronizer::compareAndSetState (13 bytes)
Event: 28.312 Thread 0x00000160e64306b0 nmethod 1491 0x00000160d6e0ba90 code [0x00000160d6e0bc00, 0x00000160d6e0bc98]
Event: 31.292 Thread 0x00000160e6433910 1492       3       java.util.concurrent.locks.AbstractQueuedSynchronizer$Node::getAndUnsetStatus (14 bytes)
Event: 31.293 Thread 0x00000160e6433910 nmethod 1492 0x00000160cf56fb90 code [0x00000160cf56fd40, 0x00000160cf570028]
Event: 33.293 Thread 0x00000160e6433910 1493       3       org.gradle.internal.logging.console.ThrottlingOutputEventListener::renderNow (40 bytes)
Event: 33.293 Thread 0x00000160e6433910 nmethod 1493 0x00000160cf570190 code [0x00000160cf570360, 0x00000160cf570848]
Event: 33.904 Thread 0x00000160e6433910 1494       1       java.util.LinkedList::size (5 bytes)
Event: 33.904 Thread 0x00000160e6433910 nmethod 1494 0x00000160d6e0bd90 code [0x00000160d6e0bf20, 0x00000160d6e0bff8]
Event: 33.904 Thread 0x00000160e6433910 1495       3       java.util.LinkedList::checkPositionIndex (22 bytes)
Event: 33.904 Thread 0x00000160e64306b0 1498 % !   4       java.io.BufferedReader::readLine @ 139 (327 bytes)
Event: 33.904 Thread 0x00000160e6433910 nmethod 1495 0x00000160cf570a10 code [0x00000160cf570c60, 0x00000160cf5713a8]
Event: 33.904 Thread 0x00000160e6433910 1496       3       java.util.LinkedList::isPositionIndex (18 bytes)
Event: 33.904 Thread 0x00000160e6433910 nmethod 1496 0x00000160cf571690 code [0x00000160cf571820, 0x00000160cf5719b8]
Event: 33.904 Thread 0x00000160e6433910 1497       3       java.util.LinkedList::node (65 bytes)
Event: 33.904 Thread 0x00000160e6433910 nmethod 1497 0x00000160cf571a90 code [0x00000160cf571c40, 0x00000160cf571f18]
Event: 33.905 Thread 0x00000160e6433910 1499       1       org.gradle.internal.dispatch.MethodInvocation::getMethod (5 bytes)
Event: 33.905 Thread 0x00000160e6433910 nmethod 1499 0x00000160d6e0c090 code [0x00000160d6e0c220, 0x00000160d6e0c2f8]
Event: 33.905 Thread 0x00000160e6433910 1500       1       org.gradle.internal.dispatch.MethodInvocation::getArguments (5 bytes)
Event: 33.905 Thread 0x00000160e6433910 nmethod 1500 0x00000160d6e0c390 code [0x00000160d6e0c520, 0x00000160d6e0c5f8]
Event: 33.906 Thread 0x00000160e6433910 1502       3       java.lang.invoke.MethodHandleNatives::refKindIsMethod (19 bytes)

GC Heap History (2 events):
Event: 1.165 GC heap before
{Heap before GC invocations=0 (full 0):
 garbage-first heap   total 129024K, used 28672K [0x0000000083a00000, 0x0000000100000000)
  region size 1024K, 23 young (23552K), 0 survivors (0K)
 Metaspace       used 11279K, committed 11456K, reserved 1064960K
  class space    used 1195K, committed 1280K, reserved 1048576K
}
Event: 1.175 GC heap after
{Heap after GC invocations=1 (full 0):
 garbage-first heap   total 129024K, used 9672K [0x0000000083a00000, 0x0000000100000000)
  region size 1024K, 3 young (3072K), 3 survivors (3072K)
 Metaspace       used 11279K, committed 11456K, reserved 1064960K
  class space    used 1195K, committed 1280K, reserved 1048576K
}

Dll operation events (2 events):
Event: 0.007 Loaded shared library C:\Program Files\Android\Android Studio2\jbr\bin\java.dll
Event: 0.154 Loaded shared library C:\Program Files\Android\Android Studio2\jbr\bin\verify.dll

Deoptimization events (20 events):
Event: 2.384 Thread 0x00000160e7bb15a0 Uncommon trap: trap_request=0xffffff45 fr.pc=0x00000160d6dc7bc8 relative=0x0000000000000048
Event: 2.384 Thread 0x00000160e7bb15a0 Uncommon trap: reason=unstable_if action=reinterpret pc=0x00000160d6dc7bc8 method=java.lang.CharacterData.of(I)Ljava/lang/CharacterData; @ 4 c2
Event: 2.385 Thread 0x00000160e7bb15a0 DEOPT PACKING pc=0x00000160d6dc7bc8 sp=0x0000005c60ffe4b0
Event: 2.385 Thread 0x00000160e7bb15a0 DEOPT UNPACKING pc=0x00000160d682a1a3 sp=0x0000005c60ffe448 mode 2
Event: 2.389 Thread 0x00000160e7bb15a0 Uncommon trap: trap_request=0xffffff45 fr.pc=0x00000160d6da7474 relative=0x0000000000000154
Event: 2.389 Thread 0x00000160e7bb15a0 Uncommon trap: reason=unstable_if action=reinterpret pc=0x00000160d6da7474 method=java.lang.AbstractStringBuilder.putStringAt(ILjava/lang/String;II)V @ 8 c2
Event: 2.389 Thread 0x00000160e7bb15a0 DEOPT PACKING pc=0x00000160d6da7474 sp=0x0000005c60ffecf0
Event: 2.389 Thread 0x00000160e7bb15a0 DEOPT UNPACKING pc=0x00000160d682a1a3 sp=0x0000005c60ffec20 mode 2
Event: 2.390 Thread 0x00000160e7bb15a0 Uncommon trap: trap_request=0xffffff45 fr.pc=0x00000160d6dc7edc relative=0x000000000000005c
Event: 2.390 Thread 0x00000160e7bb15a0 Uncommon trap: reason=unstable_if action=reinterpret pc=0x00000160d6dc7edc method=java.lang.AbstractStringBuilder.isLatin1()Z @ 10 c2
Event: 2.390 Thread 0x00000160e7bb15a0 DEOPT PACKING pc=0x00000160d6dc7edc sp=0x0000005c60ffeb80
Event: 2.390 Thread 0x00000160e7bb15a0 DEOPT UNPACKING pc=0x00000160d682a1a3 sp=0x0000005c60ffeb10 mode 2
Event: 2.390 Thread 0x00000160e7bb15a0 Uncommon trap: trap_request=0xffffff45 fr.pc=0x00000160d6dd5cb8 relative=0x0000000000000418
Event: 2.390 Thread 0x00000160e7bb15a0 Uncommon trap: reason=unstable_if action=reinterpret pc=0x00000160d6dd5cb8 method=java.lang.AbstractStringBuilder.isLatin1()Z @ 10 c2
Event: 2.390 Thread 0x00000160e7bb15a0 DEOPT PACKING pc=0x00000160d6dd5cb8 sp=0x0000005c60ffeda0
Event: 2.390 Thread 0x00000160e7bb15a0 DEOPT UNPACKING pc=0x00000160d682a1a3 sp=0x0000005c60ffed20 mode 2
Event: 5.484 Thread 0x00000160e7ff6010 Uncommon trap: trap_request=0xffffffde fr.pc=0x00000160d6dcf504 relative=0x0000000000000ee4
Event: 5.484 Thread 0x00000160e7ff6010 Uncommon trap: reason=class_check action=maybe_recompile pc=0x00000160d6dcf504 method=java.util.concurrent.ConcurrentHashMap.putVal(Ljava/lang/Object;Ljava/lang/Object;Z)Ljava/lang/Object; @ 242 c2
Event: 5.484 Thread 0x00000160e7ff6010 DEOPT PACKING pc=0x00000160d6dcf504 sp=0x0000005c611fe170
Event: 5.484 Thread 0x00000160e7ff6010 DEOPT UNPACKING pc=0x00000160d682a1a3 sp=0x0000005c611fe0e0 mode 2

Classes unloaded (0 events):
No events

Classes redefined (0 events):
No events

Internal exceptions (20 events):
Event: 1.118 Thread 0x00000160cbdcf5f0 Exception <a 'java/lang/NoSuchMethodError'{0x000000008a2e8280}: 'int java.lang.invoke.DirectMethodHandle$Holder.invokeSpecial(java.lang.Object, java.lang.Object, java.lang.Object)'> (0x000000008a2e8280) 
thrown [s\src\hotspot\share\interpreter\linkResolver.cpp, line 771]
Event: 1.123 Thread 0x00000160cbdcf5f0 Exception <a 'java/lang/NoSuchMethodError'{0x000000008a2fb678}: 'java.lang.Object java.lang.invoke.Invokers$Holder.invokeExact_MT(java.lang.Object, java.lang.Object, java.lang.Object, java.lang.Object)'> (0x000000008a2fb678) 
thrown [s\src\hotspot\share\interpreter\linkResolver.cpp, line 771]
Event: 1.254 Thread 0x00000160cbdcf5f0 Exception <a 'java/lang/NoSuchMethodError'{0x000000008b4595e8}: 'java.lang.Object java.lang.invoke.DirectMethodHandle$Holder.invokeInterface(java.lang.Object, java.lang.Object, java.lang.Object)'> (0x000000008b4595e8) 
thrown [s\src\hotspot\share\interpreter\linkResolver.cpp, line 771]
Event: 1.260 Thread 0x00000160cbdcf5f0 Exception <a 'java/lang/NoSuchMethodError'{0x000000008b47af48}: 'void java.lang.invoke.DirectMethodHandle$Holder.invokeSpecial(java.lang.Object, java.lang.Object, java.lang.Object)'> (0x000000008b47af48) 
thrown [s\src\hotspot\share\interpreter\linkResolver.cpp, line 771]
Event: 1.275 Thread 0x00000160cbdcf5f0 Implicit null exception at 0x00000160d6db3b13 to 0x00000160d6db3f4c
Event: 1.275 Thread 0x00000160cbdcf5f0 Implicit null exception at 0x00000160d6dac591 to 0x00000160d6dac9ac
Event: 1.303 Thread 0x00000160cbdcf5f0 Exception <a 'java/lang/NoSuchMethodError'{0x000000008b217b28}: 'java.lang.Object java.lang.invoke.DirectMethodHandle$Holder.invokeStaticInit(java.lang.Object)'> (0x000000008b217b28) 
thrown [s\src\hotspot\share\interpreter\linkResolver.cpp, line 771]
Event: 1.445 Thread 0x00000160cbdcf5f0 Exception <a 'java/lang/NoSuchMethodError'{0x000000008ae0cd10}: 'java.lang.Object java.lang.invoke.DirectMethodHandle$Holder.invokeStaticInit(java.lang.Object, int, int, int, int)'> (0x000000008ae0cd10) 
thrown [s\src\hotspot\share\interpreter\linkResolver.cpp, line 771]
Event: 1.803 Thread 0x00000160cbdcf5f0 Exception <a 'java/lang/NoSuchMethodError'{0x000000008ae5f7f8}: 'java.lang.Object java.lang.invoke.DirectMethodHandle$Holder.invokeStaticInit(java.lang.Object, java.lang.Object, int, int, int, int)'> (0x000000008ae5f7f8) 
thrown [s\src\hotspot\share\interpreter\linkResolver.cpp, line 771]
Event: 2.121 Thread 0x00000160cbdcf5f0 Exception <a 'java/lang/NoSuchMethodError'{0x000000008ae8e6d0}: 'void java.lang.invoke.DirectMethodHandle$Holder.invokeStatic(java.lang.Object, java.lang.Object, java.lang.Object)'> (0x000000008ae8e6d0) 
thrown [s\src\hotspot\share\interpreter\linkResolver.cpp, line 771]
Event: 2.140 Thread 0x00000160cbdcf5f0 Implicit null exception at 0x00000160d6da66f2 to 0x00000160d6da6d34
Event: 2.140 Thread 0x00000160cbdcf5f0 Implicit null exception at 0x00000160d6db2e72 to 0x00000160d6db34cc
Event: 2.146 Thread 0x00000160cbdcf5f0 Exception <a 'java/net/ConnectException'{0x000000008ad53598}: Connection refused: no further information> (0x000000008ad53598) 
thrown [s\src\hotspot\share\prims\jni.cpp, line 536]
Event: 2.362 Thread 0x00000160e7bb15a0 Exception <a 'java/lang/NoSuchMethodError'{0x000000008a60bc00}: 'void java.lang.invoke.DirectMethodHandle$Holder.invokeStatic(java.lang.Object, long)'> (0x000000008a60bc00) 
thrown [s\src\hotspot\share\interpreter\linkResolver.cpp, line 771]
Event: 2.362 Thread 0x00000160e7bb15a0 Exception <a 'java/lang/NoSuchMethodError'{0x000000008a6112b0}: 'java.lang.Object java.lang.invoke.DirectMethodHandle$Holder.newInvokeSpecial(java.lang.Object, long)'> (0x000000008a6112b0) 
thrown [s\src\hotspot\share\interpreter\linkResolver.cpp, line 771]
Event: 2.365 Thread 0x00000160e7bb15a0 Exception <a 'java/lang/NoSuchMethodError'{0x000000008a61be58}: 'java.lang.Object java.lang.invoke.DirectMethodHandle$Holder.invokeStaticInit(java.lang.Object, java.lang.Object, long, java.lang.Object)'> (0x000000008a61be58) 
thrown [s\src\hotspot\share\interpreter\linkResolver.cpp, line 771]
Event: 2.365 Thread 0x00000160e7bb15a0 Exception <a 'java/lang/NoSuchMethodError'{0x000000008a6224e0}: 'java.lang.Object java.lang.invoke.DirectMethodHandle$Holder.newInvokeSpecial(java.lang.Object, java.lang.Object, long)'> (0x000000008a6224e0) 
thrown [s\src\hotspot\share\interpreter\linkResolver.cpp, line 771]
Event: 2.366 Thread 0x00000160e7bb15a0 Exception <a 'java/lang/NoSuchMethodError'{0x000000008a6267d0}: 'java.lang.Object java.lang.invoke.Invokers$Holder.linkToTargetMethod(java.lang.Object, long, java.lang.Object)'> (0x000000008a6267d0) 
thrown [s\src\hotspot\share\interpreter\linkResolver.cpp, line 771]
Event: 33.899 Thread 0x00000160cbdcf5f0 Exception <a 'sun/net/ConnectionResetException'{0x000000008a4e18c8}: Connection reset> (0x000000008a4e18c8) 
thrown [s\src\hotspot\share\prims\jni.cpp, line 536]
Event: 33.906 Thread 0x00000160cbdcf5f0 Exception <a 'java/lang/NoSuchMethodError'{0x000000008a35ffc0}: 'int java.lang.invoke.DirectMethodHandle$Holder.invokeVirtual(java.lang.Object, java.lang.Object)'> (0x000000008a35ffc0) 
thrown [s\src\hotspot\share\interpreter\linkResolver.cpp, line 771]

VM Operations (20 events):
Event: 2.385 Executing VM operation: HandshakeAllThreads
Event: 2.386 Executing VM operation: HandshakeAllThreads done
Event: 2.386 Executing VM operation: Cleanup
Event: 2.386 Executing VM operation: Cleanup done
Event: 3.387 Executing VM operation: Cleanup
Event: 3.404 Executing VM operation: Cleanup done
Event: 5.541 Executing VM operation: HandshakeAllThreads
Event: 5.541 Executing VM operation: HandshakeAllThreads done
Event: 5.541 Executing VM operation: Cleanup
Event: 5.545 Executing VM operation: Cleanup done
Event: 6.559 Executing VM operation: Cleanup
Event: 6.559 Executing VM operation: Cleanup done
Event: 20.671 Executing VM operation: Cleanup
Event: 20.671 Executing VM operation: Cleanup done
Event: 21.680 Executing VM operation: Cleanup
Event: 21.680 Executing VM operation: Cleanup done
Event: 26.717 Executing VM operation: Cleanup
Event: 26.717 Executing VM operation: Cleanup done
Event: 27.723 Executing VM operation: Cleanup
Event: 27.723 Executing VM operation: Cleanup done

Events (20 events):
Event: 9.729 loading class jdk/internal/reflect/ByteVectorImpl
Event: 9.729 loading class jdk/internal/reflect/ByteVector
Event: 9.729 loading class jdk/internal/reflect/ByteVector done
Event: 9.729 loading class jdk/internal/reflect/ByteVectorImpl done
Event: 9.729 loading class jdk/internal/reflect/ClassFileAssembler
Event: 9.730 loading class jdk/internal/reflect/ClassFileAssembler done
Event: 9.730 loading class jdk/internal/reflect/UTF8
Event: 9.730 loading class jdk/internal/reflect/UTF8 done
Event: 9.731 loading class jdk/internal/reflect/Label
Event: 9.731 loading class jdk/internal/reflect/Label done
Event: 9.731 loading class jdk/internal/reflect/Label$PatchInfo
Event: 9.732 loading class jdk/internal/reflect/Label$PatchInfo done
Event: 9.732 loading class jdk/internal/reflect/MethodAccessorGenerator$1
Event: 9.732 loading class jdk/internal/reflect/MethodAccessorGenerator$1 done
Event: 9.732 loading class jdk/internal/reflect/ClassDefiner
Event: 9.732 loading class jdk/internal/reflect/ClassDefiner done
Event: 9.732 loading class jdk/internal/reflect/ClassDefiner$1
Event: 9.732 loading class jdk/internal/reflect/ClassDefiner$1 done
Event: 33.898 loading class sun/net/ConnectionResetException
Event: 33.899 loading class sun/net/ConnectionResetException done


Dynamic libraries:
0x00007ff6bddc0000 - 0x00007ff6bddca000 	C:\Program Files\Android\Android Studio2\jbr\bin\java.exe
0x00007ff8ff760000 - 0x00007ff8ff969000 	C:\WINDOWS\SYSTEM32\ntdll.dll
0x00007ff8fe330000 - 0x00007ff8fe3ed000 	C:\WINDOWS\System32\KERNEL32.DLL
0x00007ff8fd030000 - 0x00007ff8fd3a9000 	C:\WINDOWS\System32\KERNELBASE.dll
0x00007ff8fd3b0000 - 0x00007ff8fd4c1000 	C:\WINDOWS\System32\ucrtbase.dll
0x00007ff8e73b0000 - 0x00007ff8e73c7000 	C:\Program Files\Android\Android Studio2\jbr\bin\jli.dll
0x00007ff8e5e80000 - 0x00007ff8e5e9b000 	C:\Program Files\Android\Android Studio2\jbr\bin\VCRUNTIME140.dll
0x00007ff8fe4d0000 - 0x00007ff8fe67c000 	C:\WINDOWS\System32\USER32.dll
0x00007ff8df530000 - 0x00007ff8df7d5000 	C:\WINDOWS\WinSxS\amd64_microsoft.windows.common-controls_6595b64144ccf1df_6.0.22000.120_none_9d947278b86cc467\COMCTL32.dll
0x00007ff8fd4d0000 - 0x00007ff8fd4f6000 	C:\WINDOWS\System32\win32u.dll
0x00007ff8fdf50000 - 0x00007ff8fdff3000 	C:\WINDOWS\System32\msvcrt.dll
0x00007ff8fe3f0000 - 0x00007ff8fe419000 	C:\WINDOWS\System32\GDI32.dll
0x00007ff8fcf10000 - 0x00007ff8fd022000 	C:\WINDOWS\System32\gdi32full.dll
0x00007ff8fcc40000 - 0x00007ff8fccdd000 	C:\WINDOWS\System32\msvcp_win.dll
0x00007ff8fe490000 - 0x00007ff8fe4c1000 	C:\WINDOWS\System32\IMM32.DLL
0x00007ff8f55c0000 - 0x00007ff8f55cc000 	C:\Program Files\Android\Android Studio2\jbr\bin\vcruntime140_1.dll
0x00007ff8e0000000 - 0x00007ff8e008d000 	C:\Program Files\Android\Android Studio2\jbr\bin\msvcp140.dll
0x00007ff8925e0000 - 0x00007ff89324e000 	C:\Program Files\Android\Android Studio2\jbr\bin\server\jvm.dll
0x00007ff8fe020000 - 0x00007ff8fe0ce000 	C:\WINDOWS\System32\ADVAPI32.dll
0x00007ff8fe1c0000 - 0x00007ff8fe25e000 	C:\WINDOWS\System32\sechost.dll
0x00007ff8fee10000 - 0x00007ff8fef30000 	C:\WINDOWS\System32\RPCRT4.dll
0x00007ff8f0f80000 - 0x00007ff8f0fb3000 	C:\WINDOWS\SYSTEM32\WINMM.dll
0x00007ff8e6120000 - 0x00007ff8e6129000 	C:\WINDOWS\SYSTEM32\WSOCK32.dll
0x00007ff8f55b0000 - 0x00007ff8f55ba000 	C:\WINDOWS\SYSTEM32\VERSION.dll
0x00007ff8fe420000 - 0x00007ff8fe48f000 	C:\WINDOWS\System32\WS2_32.dll
0x00007ff8fbd40000 - 0x00007ff8fbd58000 	C:\WINDOWS\SYSTEM32\kernel.appcore.dll
0x00007ff8e8840000 - 0x00007ff8e884a000 	C:\Program Files\Android\Android Studio2\jbr\bin\jimage.dll
0x00007ff8fa6d0000 - 0x00007ff8fa8f1000 	C:\WINDOWS\SYSTEM32\DBGHELP.DLL
0x00007ff8dfce0000 - 0x00007ff8dfd11000 	C:\WINDOWS\SYSTEM32\dbgcore.DLL
0x00007ff8fd570000 - 0x00007ff8fd5ef000 	C:\WINDOWS\System32\bcryptPrimitives.dll
0x00007ff8e5280000 - 0x00007ff8e52a5000 	C:\Program Files\Android\Android Studio2\jbr\bin\java.dll
0x00007ff8e47a0000 - 0x00007ff8e47b8000 	C:\Program Files\Android\Android Studio2\jbr\bin\zip.dll
0x00007ff8fef30000 - 0x00007ff8ff6e8000 	C:\WINDOWS\System32\SHELL32.dll
0x00007ff8fadb0000 - 0x00007ff8fb618000 	C:\WINDOWS\SYSTEM32\windows.storage.dll
0x00007ff8fea80000 - 0x00007ff8fedf9000 	C:\WINDOWS\System32\combase.dll
0x00007ff8fac40000 - 0x00007ff8fada6000 	C:\WINDOWS\SYSTEM32\wintypes.dll
0x00007ff8fd5f0000 - 0x00007ff8fd6da000 	C:\WINDOWS\System32\SHCORE.dll
0x00007ff8fe2d0000 - 0x00007ff8fe32d000 	C:\WINDOWS\System32\shlwapi.dll
0x00007ff8fcb70000 - 0x00007ff8fcb91000 	C:\WINDOWS\SYSTEM32\profapi.dll
0x00007ff8d9cc0000 - 0x00007ff8d9cd9000 	C:\Program Files\Android\Android Studio2\jbr\bin\net.dll
0x00007ff8f2980000 - 0x00007ff8f2a8c000 	C:\WINDOWS\SYSTEM32\WINHTTP.dll
0x00007ff8fc170000 - 0x00007ff8fc1d7000 	C:\WINDOWS\system32\mswsock.dll
0x00007ff8d9ca0000 - 0x00007ff8d9cb6000 	C:\Program Files\Android\Android Studio2\jbr\bin\nio.dll
0x00007ff8e5270000 - 0x00007ff8e5280000 	C:\Program Files\Android\Android Studio2\jbr\bin\verify.dll
0x00007ff8d9c70000 - 0x00007ff8d9c97000 	C:\Users\Dell\.gradle\native\e1d6ef7f7dcc3fd88c89a11ec53ec762bb8ba0a96d01ffa2cd45eb1d1d8dd5c5\windows-amd64\native-platform.dll
0x00007ff8e0130000 - 0x00007ff8e0139000 	C:\Program Files\Android\Android Studio2\jbr\bin\management.dll
0x00007ff8dfe30000 - 0x00007ff8dfe3b000 	C:\Program Files\Android\Android Studio2\jbr\bin\management_ext.dll
0x00007ff8fe680000 - 0x00007ff8fe688000 	C:\WINDOWS\System32\PSAPI.DLL
0x00007ff8fc420000 - 0x00007ff8fc438000 	C:\WINDOWS\SYSTEM32\CRYPTSP.dll
0x00007ff8fbca0000 - 0x00007ff8fbcd5000 	C:\WINDOWS\system32\rsaenh.dll
0x00007ff8fc2d0000 - 0x00007ff8fc2f9000 	C:\WINDOWS\SYSTEM32\USERENV.dll
0x00007ff8fc5a0000 - 0x00007ff8fc5c7000 	C:\WINDOWS\SYSTEM32\bcrypt.dll
0x00007ff8fc440000 - 0x00007ff8fc44c000 	C:\WINDOWS\SYSTEM32\CRYPTBASE.dll
0x00007ff8fb870000 - 0x00007ff8fb89d000 	C:\WINDOWS\SYSTEM32\IPHLPAPI.DLL
0x00007ff8fdcf0000 - 0x00007ff8fdcf9000 	C:\WINDOWS\System32\NSI.dll
0x00007ff8f3010000 - 0x00007ff8f3029000 	C:\WINDOWS\SYSTEM32\dhcpcsvc6.DLL
0x00007ff8f3360000 - 0x00007ff8f337e000 	C:\WINDOWS\SYSTEM32\dhcpcsvc.DLL
0x00007ff8fb8e0000 - 0x00007ff8fb9c8000 	C:\WINDOWS\SYSTEM32\DNSAPI.dll
0x00007ff8f23e0000 - 0x00007ff8f23e8000 	C:\WINDOWS\system32\wshunix.dll

dbghelp: loaded successfully - version: 4.0.5 - missing functions: none
symbol engine: initialized successfully - sym options: 0x614 - pdb path: .;C:\Program Files\Android\Android Studio2\jbr\bin;C:\WINDOWS\SYSTEM32;C:\WINDOWS\WinSxS\amd64_microsoft.windows.common-controls_6595b64144ccf1df_6.0.22000.120_none_9d947278b86cc467;C:\Program Files\Android\Android Studio2\jbr\bin\server;C:\Users\Dell\.gradle\native\e1d6ef7f7dcc3fd88c89a11ec53ec762bb8ba0a96d01ffa2cd45eb1d1d8dd5c5\windows-amd64

VM Arguments:
jvm_args: -Dorg.gradle.appname=gradlew 
java_command: org.gradle.wrapper.GradleWrapperMain -q -Ptarget-platform=android-arm64 -Ptarget=D:\Desktop\flutter\lib\projectClone\PasswordAuthentication\main67_authentication.dart -Pbase-application-name=android.app.Application -Pdart-defines=RkxVVFRFUl9XRUJfQVVUT19ERVRFQ1Q9dHJ1ZQ==,RkxVVFRFUl9XRUJfQ0FOVkFTS0lUX1VSTD1odHRwczovL3d3dy5nc3RhdGljLmNvbS9mbHV0dGVyLWNhbnZhc2tpdC81NGE3MTQ1MzAzZjBkZDlkMGY5MzQyNGEyZTEyNGViNGFiZWY1MDkxLw== -Pdart-obfuscation=false -Ptrack-widget-creation=true -Ptree-shake-icons=false -Pfilesystem-scheme=org-dartlang-root assembleDebug
java_class_path (initial): D:\Desktop\flutter\android\\gradle\wrapper\gradle-wrapper.jar
Launcher Type: SUN_STANDARD

[Global flags]
     intx CICompilerCount                          = 4                                         {product} {ergonomic}
     uint ConcGCThreads                            = 2                                         {product} {ergonomic}
     uint G1ConcRefinementThreads                  = 8                                         {product} {ergonomic}
   size_t G1HeapRegionSize                         = 1048576                                   {product} {ergonomic}
    uintx GCDrainStackTargetSize                   = 64                                        {product} {ergonomic}
   size_t InitialHeapSize                          = 132120576                                 {product} {ergonomic}
   size_t MarkStackSize                            = 4194304                                   {product} {ergonomic}
   size_t MaxHeapSize                              = 2086666240                                {product} {ergonomic}
   size_t MaxNewSize                               = 1251999744                                {product} {ergonomic}
   size_t MinHeapDeltaBytes                        = 1048576                                   {product} {ergonomic}
   size_t MinHeapSize                              = 8388608                                   {product} {ergonomic}
    uintx NonNMethodCodeHeapSize                   = 5839372                                {pd product} {ergonomic}
    uintx NonProfiledCodeHeapSize                  = 122909434                              {pd product} {ergonomic}
    uintx ProfiledCodeHeapSize                     = 122909434                              {pd product} {ergonomic}
    uintx ReservedCodeCacheSize                    = 251658240                              {pd product} {ergonomic}
     bool SegmentedCodeCache                       = true                                      {product} {ergonomic}
   size_t SoftMaxHeapSize                          = 2086666240                             {manageable} {ergonomic}
     bool UseCompressedClassPointers               = true                           {product lp64_product} {ergonomic}
     bool UseCompressedOops                        = true                           {product lp64_product} {ergonomic}
     bool UseG1GC                                  = true                                      {product} {ergonomic}
     bool UseLargePagesIndividualAllocation        = false                                  {pd product} {ergonomic}

Logging:
Log output configuration:
 #0: stdout all=warning uptime,level,tags
 #1: stderr all=off uptime,level,tags

Environment Variables:
JAVA_HOME=C:\Program Files\Android\Android Studio2\jbr
CLASSPATH=D:\Desktop\flutter\android\\gradle\wrapper\gradle-wrapper.jar
PATH=C:\Program Files\Android\Android Studio2\jbr\bin;C:\Program Files\Common Files\Oracle\Java\javapath;C:\MinGW\bin;C:\WINDOWS\system32;C:\WINDOWS;C:\WINDOWS\System32\Wbem;C:\WINDOWS\System32\WindowsPowerShell\v1.0\;C:\WINDOWS\System32\OpenSSH\;C:\Program Files (x86)\Silverfrost\FTN95;C:\Program Files\dotnet\;C:\Program Files\Git\cmd;C:\Program Files\nodejs\;C:\Users\Dell\AppData\Local\Programs\Python\Python38\Scripts\;C:\Users\Dell\AppData\Local\Programs\Python\Python38\;C:\Users\Dell\AppData\Local\Programs\Python\Python39\Scripts\;C:\Users\Dell\AppData\Local\Programs\Python\Python39\;C:\Users\Dell\AppData\Local\Microsoft\WindowsApps;C:\Users\Dell\AppData\Roaming\npm;C:\Program Files\dart-sdk\bin;C:\Program Files\MinGW\bin;C:\Users\Dell\AppData\Local\Programs\Microsoft VS Code\bin;C:\Program Files\flutter\bin;C:\Program Files\dart-sdk\bin;C:\Program Files\jdk-18.0.2.1_linux-aarch64_bin\jdk-18.0.2.1\bin;C:\Program Files (x86)\Java\jre-1.8\bin;;C:\Program Files\flutter\bin\mingit\cmd;C:\Program Files\flutter\bin\mingit\cmd
USERNAME=Dell
OS=Windows_NT
PROCESSOR_IDENTIFIER=Intel64 Family 6 Model 126 Stepping 5, GenuineIntel
TMP=C:\Users\Dell\AppData\Local\Temp
TEMP=C:\Users\Dell\AppData\Local\Temp


JNI global refs:
JNI global refs: 20, weak refs: 13

JNI global refs memory usage: 843, weak refs: 841


---------------  S Y S T E M  ---------------

OS:
 Windows 11 , 64 bit Build 22000 (10.0.22000.708)
OS uptime: 0 days 11:10 hours

CPU: total 8 (initial active 8) (4 cores per cpu, 2 threads per core) family 6 model 126 stepping 5 microcode 0xa8, cx8, cmov, fxsr, ht, mmx, 3dnowpref, sse, sse2, sse3, ssse3, sse4.1, sse4.2, popcnt, lzcnt, tsc, tscinvbit, avx, avx2, aes, erms, clmul, bmi1, bmi2, adx, avx512f, avx512dq, avx512cd, avx512bw, avx512vl, sha, fma, vzeroupper, avx512_vpopcntdq, avx512_vpclmulqdq, avx512_vaes, avx512_vnni, clflush, clflushopt, avx512_vbmi2, avx512_vbmi

Memory: 4k page, system-wide physical 7955M (513M free)
TotalPageFile size 12622M (AvailPageFile size 312M)
current process WorkingSet (physical memory assigned to process): 97M, peak: 104M
current process commit charge ("private bytes"): 227M, peak: 234M

vm_info: OpenJDK 64-Bit Server VM (17.0.6+0-b2043.56-10027231) for windows-amd64 JRE (17.0.6+0-b2043.56-10027231), built on Apr 28 2023 00:43:19 by "androidbuild" with MS VC++ 16.10 / 16.11 (VS2019)

END.
