#
# There is insufficient memory for the Java Runtime Environment to continue.
# Native memory allocation (mmap) failed to map 67108864 bytes for G1 virtual space
# Possible reasons:
#   The system is out of physical RAM or swap space
#   The process is running with CompressedOops enabled, and the Java Heap may be blocking the growth of the native heap
# Possible solutions:
#   Reduce memory load on the system
#   Increase physical memory or swap space
#   Check if swap backing store is full
#   Decrease Java heap size (-Xmx/-Xms)
#   Decrease number of Java threads
#   Decrease Java thread stack sizes (-Xss)
#   Set larger code cache with -XX:ReservedCodeCacheSize=
#   JVM is running with Unscaled Compressed Oops mode in which the Java heap is
#     placed in the first 4GB address space. The Java Heap base address is the
#     maximum limit for the native heap growth. Please use -XX:HeapBaseMinAddress
#     to set the Java Heap base and to place the Java Heap above 4GB virtual address.
# This output file may be truncated or incomplete.
#
#  Out of Memory Error (os_windows.cpp:3769), pid=12488, tid=740
#
# JRE version: OpenJDK Runtime Environment (17.0.6) (build 17.0.6+0-b2043.56-9586694)
# Java VM: OpenJDK 64-Bit Server VM (17.0.6+0-b2043.56-9586694, mixed mode, tiered, compressed oops, compressed class ptrs, g1 gc, windows-amd64)
# No core dump will be written. Minidumps are not enabled by default on client versions of Windows
#

---------------  S U M M A R Y ------------

Command Line: --add-opens=java.base/java.util=ALL-UNNAMED --add-opens=java.base/java.lang=ALL-UNNAMED --add-opens=java.base/java.lang.invoke=ALL-UNNAMED --add-opens=java.prefs/java.util.prefs=ALL-UNNAMED --add-opens=java.base/java.nio.charset=ALL-UNNAMED --add-opens=java.base/java.net=ALL-UNNAMED --add-opens=java.base/java.util.concurrent.atomic=ALL-UNNAMED -Xmx1536M -Dfile.encoding=windows-1252 -Duser.country=US -Duser.language=en -Duser.variant org.gradle.launcher.daemon.bootstrap.GradleDaemon 7.6

Host: Intel(R) Core(TM) i5-1035G1 CPU @ 1.00GHz, 8 cores, 7G,  Windows 11 , 64 bit Build 22000 (10.0.22000.708)
Time: Tue Jul  4 19:22:27 2023 Nepal Standard Time elapsed time: 13.342138 seconds (0d 0h 0m 13s)

---------------  T H R E A D  ---------------

Current thread (0x000001bff2652670):  VMThread "VM Thread" [stack: 0x000000736fd00000,0x000000736fe00000] [id=740]

Stack: [0x000000736fd00000,0x000000736fe00000]
Native frames: (J=compiled Java code, j=interpreted, Vv=VM code, C=native code)
V  [jvm.dll+0x683b4a]
V  [jvm.dll+0x842654]
V  [jvm.dll+0x843dfe]
V  [jvm.dll+0x844463]
V  [jvm.dll+0x249b75]
V  [jvm.dll+0x680a19]
V  [jvm.dll+0x674f0a]
V  [jvm.dll+0x309acb]
V  [jvm.dll+0x310f86]
V  [jvm.dll+0x3608ee]
V  [jvm.dll+0x360b1f]
V  [jvm.dll+0x2dfbf8]
V  [jvm.dll+0x2ddec4]
V  [jvm.dll+0x2dd4cc]
V  [jvm.dll+0x321f3b]
V  [jvm.dll+0x84893b]
V  [jvm.dll+0x849674]
V  [jvm.dll+0x849b8d]
V  [jvm.dll+0x849f64]
V  [jvm.dll+0x84a030]
V  [jvm.dll+0x7f25fa]
V  [jvm.dll+0x682985]
C  [ucrtbase.dll+0x26c0c]
C  [KERNEL32.DLL+0x154e0]
C  [ntdll.dll+0x485b]

VM_Operation (0x00000073780fe380): G1CollectForAllocation, mode: safepoint, requested by thread 0x000001bff8ddffa0


---------------  P R O C E S S  ---------------

Threads class SMR info:
_java_thread_list=0x000001bff6afdc10, length=124, elements={
0x000001bfd9b40300, 0x000001bff26cf010, 0x000001bff26d5380, 0x000001bff26df7a0,
0x000001bff26e2070, 0x000001bff26e2930, 0x000001bff26e3a80, 0x000001bff26e4760,
0x000001bff302afe0, 0x000001bff303ef90, 0x000001bff31ac020, 0x000001bff31b2920,
0x000001bff5457bf0, 0x000001bff4ba2700, 0x000001bff44c2db0, 0x000001bff55cf370,
0x000001bff54c5030, 0x000001bff561f130, 0x000001bff49a39e0, 0x000001bff3495ad0,
0x000001bff3494c60, 0x000001bff3495600, 0x000001bff3495130, 0x000001bff3494790,
0x000001bff3495fa0, 0x000001bff3492ab0, 0x000001bff3492f80, 0x000001bff3493450,
0x000001bff3493920, 0x000001bff3493df0, 0x000001bff34942c0, 0x000001bff586b210,
0x000001bff586ad40, 0x000001bff586d3c0, 0x000001bff586ebd0, 0x000001bff586ff10,
0x000001bff586e700, 0x000001bff5869530, 0x000001bff5869060, 0x000001bff586c550,
0x000001bff58703e0, 0x000001bff586c080, 0x000001bff586d890, 0x000001bff586ca20,
0x000001bff58708b0, 0x000001bff5869a00, 0x000001bff586b6e0, 0x000001bff5869ed0,
0x000001bff586cef0, 0x000001bff586a3a0, 0x000001bff586a870, 0x000001bff573f290,
0x000001bff573e420, 0x000001bff573df50, 0x000001bff5740f70, 0x000001bff5740100,
0x000001bff573d5b0, 0x000001bff573aa60, 0x000001bff573d0e0, 0x000001bff573af30,
0x000001bff573b8d0, 0x000001bff573e8f0, 0x000001bff573b400, 0x000001bff573da80,
0x000001bff573bda0, 0x000001bff5740aa0, 0x000001bff573edc0, 0x000001bff573c270,
0x000001bff5741440, 0x000001bff57405d0, 0x000001bff573c740, 0x000001bff573f760,
0x000001bff573cc10, 0x000001bff5741910, 0x000001bff5741de0, 0x000001bff573a590,
0x000001bff573fc30, 0x000001bff629c240, 0x000001bff629a090, 0x000001bff629aa30,
0x000001bff629a560, 0x000001bff629af00, 0x000001bff629b3d0, 0x000001bff629c710,
0x000001bff629b8a0, 0x000001bff629d580, 0x000001bff629cbe0, 0x000001bff629bd70,
0x000001bff6299bc0, 0x000001bff629d0b0, 0x000001bff71b7010, 0x000001bff71ba500,
0x000001bff71b91c0, 0x000001bff71b74e0, 0x000001bff71ba9d0, 0x000001bff71b61a0,
0x000001bff71bb840, 0x000001bff71b6670, 0x000001bff71b9690, 0x000001bff71b8350,
0x000001bff71b5800, 0x000001bff71b6b40, 0x000001bff71b5330, 0x000001bff71b7e80,
0x000001bff71baea0, 0x000001bff71b79b0, 0x000001bff71bc6b0, 0x000001bff71b9b60,
0x000001bff71ba030, 0x000001bff71b8cf0, 0x000001bff71bcb80, 0x000001bff71b8820,
0x000001bff71b5cd0, 0x000001bff71bb370, 0x000001bff71bbd10, 0x000001bff71bc1e0,
0x000001bff8de2150, 0x000001bff8ddc110, 0x000001bff8ddf130, 0x000001bff8ddf600,
0x000001bff8ddcab0, 0x000001bff8de2af0, 0x000001bff8ddffa0, 0x000001bff9024860
}

Java Threads: ( => current thread )
  0x000001bfd9b40300 JavaThread "main" [_thread_blocked, id=3864, stack(0x000000736f700000,0x000000736f800000)]
  0x000001bff26cf010 JavaThread "Reference Handler" daemon [_thread_blocked, id=5128, stack(0x000000736fe00000,0x000000736ff00000)]
  0x000001bff26d5380 JavaThread "Finalizer" daemon [_thread_blocked, id=5036, stack(0x000000736ff00000,0x0000007370000000)]
  0x000001bff26df7a0 JavaThread "Signal Dispatcher" daemon [_thread_blocked, id=3860, stack(0x0000007370000000,0x0000007370100000)]
  0x000001bff26e2070 JavaThread "Attach Listener" daemon [_thread_blocked, id=3912, stack(0x0000007370100000,0x0000007370200000)]
  0x000001bff26e2930 JavaThread "Service Thread" daemon [_thread_blocked, id=2716, stack(0x0000007370200000,0x0000007370300000)]
  0x000001bff26e3a80 JavaThread "Monitor Deflation Thread" daemon [_thread_blocked, id=12688, stack(0x0000007370300000,0x0000007370400000)]
  0x000001bff26e4760 JavaThread "C2 CompilerThread0" daemon [_thread_blocked, id=1448, stack(0x0000007370400000,0x0000007370500000)]
  0x000001bff302afe0 JavaThread "C1 CompilerThread0" daemon [_thread_blocked, id=10956, stack(0x0000007370500000,0x0000007370600000)]
  0x000001bff303ef90 JavaThread "Sweeper thread" daemon [_thread_blocked, id=9852, stack(0x0000007370600000,0x0000007370700000)]
  0x000001bff31ac020 JavaThread "Common-Cleaner" daemon [_thread_blocked, id=10436, stack(0x0000007370700000,0x0000007370800000)]
  0x000001bff31b2920 JavaThread "Notification Thread" daemon [_thread_blocked, id=9696, stack(0x0000007370800000,0x0000007370900000)]
  0x000001bff5457bf0 JavaThread "Daemon health stats" [_thread_blocked, id=12336, stack(0x0000007371000000,0x0000007371100000)]
  0x000001bff4ba2700 JavaThread "Incoming local TCP Connector on port 50027" [_thread_in_native, id=9212, stack(0x0000007370f00000,0x0000007371000000)]
  0x000001bff44c2db0 JavaThread "Daemon periodic checks" [_thread_blocked, id=13324, stack(0x0000007371100000,0x0000007371200000)]
  0x000001bff55cf370 JavaThread "Daemon" [_thread_blocked, id=13336, stack(0x0000007371200000,0x0000007371300000)]
  0x000001bff54c5030 JavaThread "Handler for socket connection from /127.0.0.1:50027 to /127.0.0.1:50030" [_thread_in_native, id=13340, stack(0x0000007371300000,0x0000007371400000)]
  0x000001bff561f130 JavaThread "Cancel handler" [_thread_blocked, id=13344, stack(0x0000007371400000,0x0000007371500000)]
  0x000001bff49a39e0 JavaThread "Daemon worker" [_thread_blocked, id=13348, stack(0x0000007371500000,0x0000007371600000)]
  0x000001bff3495ad0 JavaThread "Asynchronous log dispatcher for DefaultDaemonConnection: socket connection from /127.0.0.1:50027 to /127.0.0.1:50030" [_thread_blocked, id=13360, stack(0x0000007371600000,0x0000007371700000)]
  0x000001bff3494c60 JavaThread "Stdin handler" [_thread_blocked, id=13364, stack(0x0000007371700000,0x0000007371800000)]
  0x000001bff3495600 JavaThread "Daemon client event forwarder" [_thread_blocked, id=13368, stack(0x0000007371800000,0x0000007371900000)]
  0x000001bff3495130 JavaThread "Cache worker for journal cache (C:\Users\Dell\.gradle\caches\journal-1)" [_thread_blocked, id=13372, stack(0x0000007371900000,0x0000007371a00000)]
  0x000001bff3494790 JavaThread "File lock request listener" [_thread_in_native, id=13376, stack(0x0000007371a00000,0x0000007371b00000)]
  0x000001bff3495fa0 JavaThread "Cache worker for file hash cache (C:\Users\Dell\.gradle\caches\7.6\fileHashes)" [_thread_blocked, id=13396, stack(0x0000007370e00000,0x0000007370f00000)]
  0x000001bff3492ab0 JavaThread "File watcher server" daemon [_thread_in_native, id=13408, stack(0x0000007372000000,0x0000007372100000)]
  0x000001bff3492f80 JavaThread "File watcher consumer" daemon [_thread_blocked, id=13412, stack(0x0000007372100000,0x0000007372200000)]
  0x000001bff3493450 JavaThread "Cache worker for checksums cache (D:\Desktop\flutter\android\.gradle\7.6\checksums)" [_thread_blocked, id=13416, stack(0x0000007372200000,0x0000007372300000)]
  0x000001bff3493920 JavaThread "Cache worker for cache directory md-rule (C:\Users\Dell\.gradle\caches\7.6\md-rule)" [_thread_blocked, id=13424, stack(0x0000007372300000,0x0000007372400000)]
  0x000001bff3493df0 JavaThread "Cache worker for file content cache (C:\Users\Dell\.gradle\caches\7.6\fileContent)" [_thread_blocked, id=13428, stack(0x0000007372400000,0x0000007372500000)]
  0x000001bff34942c0 JavaThread "Cache worker for file hash cache (D:\Desktop\flutter\android\.gradle\7.6\fileHashes)" [_thread_blocked, id=13432, stack(0x0000007372500000,0x0000007372600000)]
  0x000001bff586b210 JavaThread "Cache worker for cache directory md-supplier (C:\Users\Dell\.gradle\caches\7.6\md-supplier)" [_thread_blocked, id=13436, stack(0x0000007372600000,0x0000007372700000)]
  0x000001bff586ad40 JavaThread "Cache worker for execution history cache (C:\Users\Dell\.gradle\caches\7.6\executionHistory)" [_thread_blocked, id=13440, stack(0x0000007372700000,0x0000007372800000)]
  0x000001bff586d3c0 JavaThread "jar transforms" [_thread_blocked, id=13468, stack(0x0000007372900000,0x0000007372a00000)]
  0x000001bff586ebd0 JavaThread "jar transforms Thread 2" [_thread_blocked, id=13544, stack(0x0000007372a00000,0x0000007372b00000)]
  0x000001bff586ff10 JavaThread "jar transforms Thread 3" [_thread_blocked, id=13548, stack(0x0000007372b00000,0x0000007372c00000)]
  0x000001bff586e700 JavaThread "jar transforms Thread 4" [_thread_blocked, id=13552, stack(0x0000007372c00000,0x0000007372d00000)]
  0x000001bff5869530 JavaThread "Cache worker for dependencies-accessors (D:\Desktop\flutter\android\.gradle\7.6\dependencies-accessors)" [_thread_blocked, id=13556, stack(0x0000007372d00000,0x0000007372e00000)]
  0x000001bff5869060 JavaThread "jar transforms Thread 5" [_thread_blocked, id=13568, stack(0x0000007372e00000,0x0000007372f00000)]
  0x000001bff586c550 JavaThread "Cache worker for Build Output Cleanup Cache (D:\Desktop\flutter\android\.gradle\buildOutputCleanup)" [_thread_blocked, id=13572, stack(0x0000007372f00000,0x0000007373000000)]
  0x000001bff58703e0 JavaThread "Unconstrained build operations" [_thread_blocked, id=13632, stack(0x0000007373000000,0x0000007373100000)]
  0x000001bff586c080 JavaThread "Unconstrained build operations Thread 2" [_thread_blocked, id=13636, stack(0x0000007373100000,0x0000007373200000)]
  0x000001bff586d890 JavaThread "Unconstrained build operations Thread 3" [_thread_blocked, id=13640, stack(0x0000007373200000,0x0000007373300000)]
  0x000001bff586ca20 JavaThread "Unconstrained build operations Thread 4" [_thread_blocked, id=13644, stack(0x0000007373300000,0x0000007373400000)]
  0x000001bff58708b0 JavaThread "Unconstrained build operations Thread 5" [_thread_blocked, id=13648, stack(0x0000007373400000,0x0000007373500000)]
  0x000001bff5869a00 JavaThread "Unconstrained build operations Thread 6" [_thread_blocked, id=13652, stack(0x0000007373500000,0x0000007373600000)]
  0x000001bff586b6e0 JavaThread "Unconstrained build operations Thread 7" [_thread_blocked, id=13656, stack(0x0000007373600000,0x0000007373700000)]
  0x000001bff5869ed0 JavaThread "Unconstrained build operations Thread 8" [_thread_blocked, id=13660, stack(0x0000007373700000,0x0000007373800000)]
  0x000001bff586cef0 JavaThread "Unconstrained build operations Thread 9" [_thread_blocked, id=13664, stack(0x0000007373800000,0x0000007373900000)]
  0x000001bff586a3a0 JavaThread "Unconstrained build operations Thread 10" [_thread_blocked, id=13668, stack(0x0000007373900000,0x0000007373a00000)]
  0x000001bff586a870 JavaThread "Unconstrained build operations Thread 11" [_thread_blocked, id=13672, stack(0x0000007373a00000,0x0000007373b00000)]
  0x000001bff573f290 JavaThread "Unconstrained build operations Thread 12" [_thread_blocked, id=13676, stack(0x0000007373b00000,0x0000007373c00000)]
  0x000001bff573e420 JavaThread "Unconstrained build operations Thread 13" [_thread_blocked, id=13680, stack(0x0000007373c00000,0x0000007373d00000)]
  0x000001bff573df50 JavaThread "Unconstrained build operations Thread 14" [_thread_blocked, id=13684, stack(0x0000007373d00000,0x0000007373e00000)]
  0x000001bff5740f70 JavaThread "Unconstrained build operations Thread 15" [_thread_blocked, id=13688, stack(0x0000007373e00000,0x0000007373f00000)]
  0x000001bff5740100 JavaThread "Unconstrained build operations Thread 16" [_thread_blocked, id=13692, stack(0x0000007373f00000,0x0000007374000000)]
  0x000001bff573d5b0 JavaThread "Unconstrained build operations Thread 17" [_thread_blocked, id=13696, stack(0x0000007374000000,0x0000007374100000)]
  0x000001bff573aa60 JavaThread "Unconstrained build operations Thread 18" [_thread_blocked, id=13700, stack(0x0000007374100000,0x0000007374200000)]
  0x000001bff573d0e0 JavaThread "Unconstrained build operations Thread 19" [_thread_blocked, id=13704, stack(0x0000007374200000,0x0000007374300000)]
  0x000001bff573af30 JavaThread "Unconstrained build operations Thread 20" [_thread_blocked, id=13708, stack(0x0000007374300000,0x0000007374400000)]
  0x000001bff573b8d0 JavaThread "Unconstrained build operations Thread 21" [_thread_blocked, id=13712, stack(0x0000007374400000,0x0000007374500000)]
  0x000001bff573e8f0 JavaThread "Unconstrained build operations Thread 22" [_thread_blocked, id=13716, stack(0x0000007374500000,0x0000007374600000)]
  0x000001bff573b400 JavaThread "Unconstrained build operations Thread 23" [_thread_blocked, id=13720, stack(0x0000007374600000,0x0000007374700000)]
  0x000001bff573da80 JavaThread "Unconstrained build operations Thread 24" [_thread_blocked, id=13724, stack(0x0000007374700000,0x0000007374800000)]
  0x000001bff573bda0 JavaThread "Unconstrained build operations Thread 25" [_thread_blocked, id=13728, stack(0x0000007374800000,0x0000007374900000)]
  0x000001bff5740aa0 JavaThread "Unconstrained build operations Thread 26" [_thread_blocked, id=13732, stack(0x0000007374900000,0x0000007374a00000)]
  0x000001bff573edc0 JavaThread "Unconstrained build operations Thread 27" [_thread_blocked, id=13736, stack(0x0000007374a00000,0x0000007374b00000)]
  0x000001bff573c270 JavaThread "Unconstrained build operations Thread 28" [_thread_blocked, id=13740, stack(0x0000007374b00000,0x0000007374c00000)]
  0x000001bff5741440 JavaThread "Unconstrained build operations Thread 29" [_thread_blocked, id=13744, stack(0x0000007374c00000,0x0000007374d00000)]
  0x000001bff57405d0 JavaThread "Unconstrained build operations Thread 30" [_thread_blocked, id=13748, stack(0x0000007374d00000,0x0000007374e00000)]
  0x000001bff573c740 JavaThread "Unconstrained build operations Thread 31" [_thread_blocked, id=13752, stack(0x0000007374e00000,0x0000007374f00000)]
  0x000001bff573f760 JavaThread "Unconstrained build operations Thread 32" [_thread_blocked, id=13756, stack(0x0000007374f00000,0x0000007375000000)]
  0x000001bff573cc10 JavaThread "Unconstrained build operations Thread 33" [_thread_blocked, id=13760, stack(0x0000007375000000,0x0000007375100000)]
  0x000001bff5741910 JavaThread "Unconstrained build operations Thread 34" [_thread_blocked, id=13764, stack(0x0000007375100000,0x0000007375200000)]
  0x000001bff5741de0 JavaThread "Unconstrained build operations Thread 35" [_thread_blocked, id=13768, stack(0x0000007375200000,0x0000007375300000)]
  0x000001bff573a590 JavaThread "Unconstrained build operations Thread 36" [_thread_blocked, id=13772, stack(0x0000007375300000,0x0000007375400000)]
  0x000001bff573fc30 JavaThread "Unconstrained build operations Thread 37" [_thread_blocked, id=13776, stack(0x0000007375400000,0x0000007375500000)]
  0x000001bff629c240 JavaThread "Unconstrained build operations Thread 38" [_thread_blocked, id=13780, stack(0x0000007375500000,0x0000007375600000)]
  0x000001bff629a090 JavaThread "Unconstrained build operations Thread 39" [_thread_blocked, id=13784, stack(0x0000007375600000,0x0000007375700000)]
  0x000001bff629aa30 JavaThread "Unconstrained build operations Thread 40" [_thread_blocked, id=13788, stack(0x0000007375700000,0x0000007375800000)]
  0x000001bff629a560 JavaThread "Unconstrained build operations Thread 41" [_thread_blocked, id=13792, stack(0x0000007375800000,0x0000007375900000)]
  0x000001bff629af00 JavaThread "Unconstrained build operations Thread 42" [_thread_blocked, id=13796, stack(0x0000007375900000,0x0000007375a00000)]
  0x000001bff629b3d0 JavaThread "Unconstrained build operations Thread 43" [_thread_blocked, id=13800, stack(0x0000007375a00000,0x0000007375b00000)]
  0x000001bff629c710 JavaThread "Unconstrained build operations Thread 44" [_thread_blocked, id=13804, stack(0x0000007375b00000,0x0000007375c00000)]
  0x000001bff629b8a0 JavaThread "Unconstrained build operations Thread 45" [_thread_blocked, id=13808, stack(0x0000007375c00000,0x0000007375d00000)]
  0x000001bff629d580 JavaThread "Unconstrained build operations Thread 46" [_thread_blocked, id=13812, stack(0x0000007375d00000,0x0000007375e00000)]
  0x000001bff629cbe0 JavaThread "Unconstrained build operations Thread 47" [_thread_blocked, id=13816, stack(0x0000007375e00000,0x0000007375f00000)]
  0x000001bff629bd70 JavaThread "Unconstrained build operations Thread 48" [_thread_blocked, id=13820, stack(0x0000007375f00000,0x0000007376000000)]
  0x000001bff6299bc0 JavaThread "Unconstrained build operations Thread 49" [_thread_blocked, id=13824, stack(0x0000007376000000,0x0000007376100000)]
  0x000001bff629d0b0 JavaThread "Unconstrained build operations Thread 50" [_thread_blocked, id=13828, stack(0x0000007376100000,0x0000007376200000)]
  0x000001bff71b7010 JavaThread "Unconstrained build operations Thread 51" [_thread_blocked, id=13832, stack(0x0000007376200000,0x0000007376300000)]
  0x000001bff71ba500 JavaThread "Unconstrained build operations Thread 52" [_thread_blocked, id=13836, stack(0x0000007376300000,0x0000007376400000)]
  0x000001bff71b91c0 JavaThread "Unconstrained build operations Thread 53" [_thread_blocked, id=13840, stack(0x0000007376400000,0x0000007376500000)]
  0x000001bff71b74e0 JavaThread "Unconstrained build operations Thread 54" [_thread_blocked, id=13844, stack(0x0000007376500000,0x0000007376600000)]
  0x000001bff71ba9d0 JavaThread "Unconstrained build operations Thread 55" [_thread_blocked, id=13848, stack(0x0000007376600000,0x0000007376700000)]
  0x000001bff71b61a0 JavaThread "Unconstrained build operations Thread 56" [_thread_blocked, id=13852, stack(0x0000007376700000,0x0000007376800000)]
  0x000001bff71bb840 JavaThread "Unconstrained build operations Thread 57" [_thread_blocked, id=13856, stack(0x0000007376800000,0x0000007376900000)]
  0x000001bff71b6670 JavaThread "Unconstrained build operations Thread 58" [_thread_blocked, id=13860, stack(0x0000007376900000,0x0000007376a00000)]
  0x000001bff71b9690 JavaThread "Unconstrained build operations Thread 59" [_thread_blocked, id=13864, stack(0x0000007376a00000,0x0000007376b00000)]
  0x000001bff71b8350 JavaThread "Unconstrained build operations Thread 60" [_thread_blocked, id=13868, stack(0x0000007376b00000,0x0000007376c00000)]
  0x000001bff71b5800 JavaThread "Unconstrained build operations Thread 61" [_thread_blocked, id=13872, stack(0x0000007376c00000,0x0000007376d00000)]
  0x000001bff71b6b40 JavaThread "Unconstrained build operations Thread 62" [_thread_blocked, id=13876, stack(0x0000007376d00000,0x0000007376e00000)]
  0x000001bff71b5330 JavaThread "Unconstrained build operations Thread 63" [_thread_blocked, id=13880, stack(0x0000007376e00000,0x0000007376f00000)]
  0x000001bff71b7e80 JavaThread "Unconstrained build operations Thread 64" [_thread_blocked, id=13884, stack(0x0000007376f00000,0x0000007377000000)]
  0x000001bff71baea0 JavaThread "Unconstrained build operations Thread 65" [_thread_blocked, id=13888, stack(0x0000007377000000,0x0000007377100000)]
  0x000001bff71b79b0 JavaThread "Unconstrained build operations Thread 66" [_thread_blocked, id=13892, stack(0x0000007377100000,0x0000007377200000)]
  0x000001bff71bc6b0 JavaThread "Unconstrained build operations Thread 67" [_thread_blocked, id=13896, stack(0x0000007377200000,0x0000007377300000)]
  0x000001bff71b9b60 JavaThread "Unconstrained build operations Thread 68" [_thread_blocked, id=13900, stack(0x0000007377300000,0x0000007377400000)]
  0x000001bff71ba030 JavaThread "Unconstrained build operations Thread 69" [_thread_blocked, id=13904, stack(0x0000007377400000,0x0000007377500000)]
  0x000001bff71b8cf0 JavaThread "Unconstrained build operations Thread 70" [_thread_blocked, id=13908, stack(0x0000007377500000,0x0000007377600000)]
  0x000001bff71bcb80 JavaThread "Unconstrained build operations Thread 71" [_thread_blocked, id=13912, stack(0x0000007377600000,0x0000007377700000)]
  0x000001bff71b8820 JavaThread "Unconstrained build operations Thread 72" [_thread_blocked, id=13916, stack(0x0000007377700000,0x0000007377800000)]
  0x000001bff71b5cd0 JavaThread "Unconstrained build operations Thread 73" [_thread_blocked, id=13920, stack(0x0000007377800000,0x0000007377900000)]
  0x000001bff71bb370 JavaThread "Unconstrained build operations Thread 74" [_thread_blocked, id=13924, stack(0x0000007377900000,0x0000007377a00000)]
  0x000001bff71bbd10 JavaThread "Unconstrained build operations Thread 75" [_thread_blocked, id=13928, stack(0x0000007377a00000,0x0000007377b00000)]
  0x000001bff71bc1e0 JavaThread "Unconstrained build operations Thread 76" [_thread_blocked, id=13932, stack(0x0000007377b00000,0x0000007377c00000)]
  0x000001bff8de2150 JavaThread "Unconstrained build operations Thread 77" [_thread_blocked, id=13936, stack(0x0000007377c00000,0x0000007377d00000)]
  0x000001bff8ddc110 JavaThread "Unconstrained build operations Thread 78" [_thread_blocked, id=13940, stack(0x0000007377d00000,0x0000007377e00000)]
  0x000001bff8ddf130 JavaThread "Unconstrained build operations Thread 79" [_thread_blocked, id=13944, stack(0x0000007377e00000,0x0000007377f00000)]
  0x000001bff8ddf600 JavaThread "Unconstrained build operations Thread 80" [_thread_blocked, id=13948, stack(0x0000007377f00000,0x0000007378000000)]
  0x000001bff8ddcab0 JavaThread "jar transforms Thread 6" [_thread_blocked, id=13968, stack(0x0000007371f00000,0x0000007372000000)]
  0x000001bff8de2af0 JavaThread "jar transforms Thread 7" [_thread_blocked, id=13972, stack(0x0000007372800000,0x0000007372900000)]
  0x000001bff8ddffa0 JavaThread "jar transforms Thread 8" [_thread_blocked, id=13976, stack(0x0000007378000000,0x0000007378100000)]
  0x000001bff9024860 JavaThread "C2 CompilerThread1" daemon [_thread_blocked, id=13980, stack(0x0000007378100000,0x0000007378200000)]

Other Threads:
=>0x000001bff2652670 VMThread "VM Thread" [stack: 0x000000736fd00000,0x000000736fe00000] [id=740]
  0x000001bff3100390 WatcherThread [stack: 0x0000007370900000,0x0000007370a00000] [id=10216]
  0x000001bfd9b8b070 GCTaskThread "GC Thread#0" [stack: 0x000000736f800000,0x000000736f900000] [id=2752]
  0x000001bff3b1f890 GCTaskThread "GC Thread#1" [stack: 0x0000007370b00000,0x0000007370c00000] [id=3048]
  0x000001bff3b1eb20 GCTaskThread "GC Thread#2" [stack: 0x0000007370c00000,0x0000007370d00000] [id=3760]
  0x000001bff3b1f330 GCTaskThread "GC Thread#3" [stack: 0x0000007370d00000,0x0000007370e00000] [id=2580]
  0x000001bff3b1e5c0 GCTaskThread "GC Thread#4" [stack: 0x0000007370a00000,0x0000007370b00000] [id=8472]
  0x000001bff3b1f080 GCTaskThread "GC Thread#5" [stack: 0x0000007371b00000,0x0000007371c00000] [id=13380]
  0x000001bff3b1f5e0 GCTaskThread "GC Thread#6" [stack: 0x0000007371c00000,0x0000007371d00000] [id=13384]
  0x000001bff6658950 GCTaskThread "GC Thread#7" [stack: 0x0000007371d00000,0x0000007371e00000] [id=13388]
  0x000001bfd9b97fb0 ConcurrentGCThread "G1 Main Marker" [stack: 0x000000736f900000,0x000000736fa00000] [id=7672]
  0x000001bfd9b99160 ConcurrentGCThread "G1 Conc#0" [stack: 0x000000736fa00000,0x000000736fb00000] [id=12452]
  0x000001bff6659160 ConcurrentGCThread "G1 Conc#1" [stack: 0x0000007371e00000,0x0000007371f00000] [id=13392]
  0x000001bfd9c04750 ConcurrentGCThread "G1 Refine#0" [stack: 0x000000736fb00000,0x000000736fc00000] [id=1308]
  0x000001bff2510300 ConcurrentGCThread "G1 Service" [stack: 0x000000736fc00000,0x000000736fd00000] [id=10420]

Threads with active compile tasks:
C2 CompilerThread0    13368 6925       4       org.objectweb.asm.Type::getArgumentsAndReturnSizes (140 bytes)
C2 CompilerThread1    13368 6794   !   4       java.net.URL::<init> (543 bytes)

VM state: at safepoint (normal execution)

VM Mutex/Monitor currently owned by a thread:  ([mutex/lock_event])
[0x000001bfd9b3e8b0] Threads_lock - owner thread: 0x000001bff2652670
[0x000001bfd9b3eee0] Heap_lock - owner thread: 0x000001bff8ddffa0

Heap address: 0x00000000a0000000, size: 1536 MB, Compressed Oops mode: 32-bit

CDS archive(s) not mapped
Compressed class space mapped at: 0x0000000100000000-0x0000000140000000, reserved size: 1073741824
Narrow klass base: 0x0000000000000000, Narrow klass shift: 3, Narrow klass range: 0x140000000

GC Precious Log:
 CPUs: 8 total, 8 available
 Memory: 7955M
 Large Page Support: Disabled
 NUMA Support: Disabled
 Compressed Oops: Enabled (32-bit)
 Heap Region Size: 1M
 Heap Min Capacity: 8M
 Heap Initial Capacity: 126M
 Heap Max Capacity: 1536M
 Pre-touch: Disabled
 Parallel Workers: 8
 Concurrent Workers: 2
 Concurrent Refinement Workers: 8
 Periodic GC: Disabled

Heap:
 garbage-first heap   total 129024K, used 44488K [0x00000000a0000000, 0x0000000100000000)
  region size 1024K, 3 young (3072K), 3 survivors (3072K)
 Metaspace       used 56909K, committed 57280K, reserved 1105920K
  class space    used 7484K, committed 7680K, reserved 1048576K

Heap Regions: E=young(eden), S=young(survivor), O=old, HS=humongous(starts), HC=humongous(continues), CS=collection set, F=free, OA=open archive, CA=closed archive, TAMS=top-at-mark-start (previous, next)
|   0|0x00000000a0000000, 0x00000000a0100000, 0x00000000a0100000|100%|HS|  |TAMS 0x00000000a0100000, 0x00000000a0000000| Complete 
|   1|0x00000000a0100000, 0x00000000a0200000, 0x00000000a0200000|100%|HC|  |TAMS 0x00000000a0200000, 0x00000000a0100000| Complete 
|   2|0x00000000a0200000, 0x00000000a0300000, 0x00000000a0300000|100%|HC|  |TAMS 0x00000000a0300000, 0x00000000a0200000| Complete 
|   3|0x00000000a0300000, 0x00000000a0400000, 0x00000000a0400000|100%| O|  |TAMS 0x00000000a0400000, 0x00000000a0300000| Untracked 
|   4|0x00000000a0400000, 0x00000000a0500000, 0x00000000a0500000|100%| O|  |TAMS 0x00000000a0500000, 0x00000000a0400000| Untracked 
|   5|0x00000000a0500000, 0x00000000a0600000, 0x00000000a0600000|100%| O|  |TAMS 0x00000000a0600000, 0x00000000a0500000| Untracked 
|   6|0x00000000a0600000, 0x00000000a0700000, 0x00000000a0700000|100%| O|  |TAMS 0x00000000a0700000, 0x00000000a0600000| Untracked 
|   7|0x00000000a0700000, 0x00000000a0800000, 0x00000000a0800000|100%| O|  |TAMS 0x00000000a0800000, 0x00000000a0700000| Untracked 
|   8|0x00000000a0800000, 0x00000000a0900000, 0x00000000a0900000|100%| O|  |TAMS 0x00000000a0900000, 0x00000000a0800000| Untracked 
|   9|0x00000000a0900000, 0x00000000a0a00000, 0x00000000a0a00000|100%| O|  |TAMS 0x00000000a0a00000, 0x00000000a0900000| Untracked 
|  10|0x00000000a0a00000, 0x00000000a0a5ca00, 0x00000000a0b00000| 36%| O|  |TAMS 0x00000000a0a5ca00, 0x00000000a0a00000| Untracked 
|  11|0x00000000a0b00000, 0x00000000a0c00000, 0x00000000a0c00000|100%| O|  |TAMS 0x00000000a0c00000, 0x00000000a0b00000| Untracked 
|  12|0x00000000a0c00000, 0x00000000a0d00000, 0x00000000a0d00000|100%| O|  |TAMS 0x00000000a0d00000, 0x00000000a0c00000| Untracked 
|  13|0x00000000a0d00000, 0x00000000a0e00000, 0x00000000a0e00000|100%| O|  |TAMS 0x00000000a0e00000, 0x00000000a0d00000| Untracked 
|  14|0x00000000a0e00000, 0x00000000a0f00000, 0x00000000a0f00000|100%| O|  |TAMS 0x00000000a0f00000, 0x00000000a0e00000| Untracked 
|  15|0x00000000a0f00000, 0x00000000a1000000, 0x00000000a1000000|100%| O|  |TAMS 0x00000000a1000000, 0x00000000a0f00000| Untracked 
|  16|0x00000000a1000000, 0x00000000a1100000, 0x00000000a1100000|100%| O|  |TAMS 0x00000000a1100000, 0x00000000a1000000| Untracked 
|  17|0x00000000a1100000, 0x00000000a1200000, 0x00000000a1200000|100%| O|  |TAMS 0x00000000a1200000, 0x00000000a1100000| Untracked 
|  18|0x00000000a1200000, 0x00000000a1300000, 0x00000000a1300000|100%| O|  |TAMS 0x00000000a1300000, 0x00000000a1200000| Untracked 
|  19|0x00000000a1300000, 0x00000000a1400000, 0x00000000a1400000|100%| O|  |TAMS 0x00000000a1400000, 0x00000000a1300000| Untracked 
|  20|0x00000000a1400000, 0x00000000a1500000, 0x00000000a1500000|100%| O|  |TAMS 0x00000000a1500000, 0x00000000a1400000| Untracked 
|  21|0x00000000a1500000, 0x00000000a1600000, 0x00000000a1600000|100%| O|  |TAMS 0x00000000a1600000, 0x00000000a1500000| Untracked 
|  22|0x00000000a1600000, 0x00000000a1700000, 0x00000000a1700000|100%| O|  |TAMS 0x00000000a1700000, 0x00000000a1600000| Untracked 
|  23|0x00000000a1700000, 0x00000000a1800000, 0x00000000a1800000|100%| O|  |TAMS 0x00000000a1800000, 0x00000000a1700000| Untracked 
|  24|0x00000000a1800000, 0x00000000a1900000, 0x00000000a1900000|100%| O|  |TAMS 0x00000000a1900000, 0x00000000a1800000| Untracked 
|  25|0x00000000a1900000, 0x00000000a1a00000, 0x00000000a1a00000|100%| O|  |TAMS 0x00000000a1a00000, 0x00000000a1900000| Untracked 
|  26|0x00000000a1a00000, 0x00000000a1b00000, 0x00000000a1b00000|100%| O|  |TAMS 0x00000000a1b00000, 0x00000000a1a00000| Untracked 
|  27|0x00000000a1b00000, 0x00000000a1c00000, 0x00000000a1c00000|100%| O|  |TAMS 0x00000000a1c00000, 0x00000000a1b00000| Untracked 
|  28|0x00000000a1c00000, 0x00000000a1d00000, 0x00000000a1d00000|100%| O|  |TAMS 0x00000000a1d00000, 0x00000000a1c00000| Untracked 
|  29|0x00000000a1d00000, 0x00000000a1e00000, 0x00000000a1e00000|100%| O|  |TAMS 0x00000000a1e00000, 0x00000000a1d00000| Untracked 
|  30|0x00000000a1e00000, 0x00000000a1f00000, 0x00000000a1f00000|100%| O|  |TAMS 0x00000000a1f00000, 0x00000000a1e00000| Untracked 
|  31|0x00000000a1f00000, 0x00000000a2000000, 0x00000000a2000000|100%| O|  |TAMS 0x00000000a2000000, 0x00000000a1f00000| Untracked 
|  32|0x00000000a2000000, 0x00000000a2100000, 0x00000000a2100000|100%|HS|  |TAMS 0x00000000a2100000, 0x00000000a2000000| Complete 
|  33|0x00000000a2100000, 0x00000000a2200000, 0x00000000a2200000|100%| O|  |TAMS 0x00000000a2200000, 0x00000000a2100000| Untracked 
|  34|0x00000000a2200000, 0x00000000a2300000, 0x00000000a2300000|100%| O|  |TAMS 0x00000000a2300000, 0x00000000a2200000| Untracked 
|  35|0x00000000a2300000, 0x00000000a2400000, 0x00000000a2400000|100%|HS|  |TAMS 0x00000000a2400000, 0x00000000a2300000| Complete 
|  36|0x00000000a2400000, 0x00000000a2500000, 0x00000000a2500000|100%| O|  |TAMS 0x00000000a2500000, 0x00000000a2400000| Untracked 
|  37|0x00000000a2500000, 0x00000000a2600000, 0x00000000a2600000|100%| O|  |TAMS 0x00000000a2600000, 0x00000000a2500000| Untracked 
|  38|0x00000000a2600000, 0x00000000a2700000, 0x00000000a2700000|100%| O|  |TAMS 0x00000000a2700000, 0x00000000a2600000| Untracked 
|  39|0x00000000a2700000, 0x00000000a2800000, 0x00000000a2800000|100%| O|  |TAMS 0x00000000a2800000, 0x00000000a2700000| Untracked 
|  40|0x00000000a2800000, 0x00000000a287dc00, 0x00000000a2900000| 49%| O|  |TAMS 0x00000000a287dc00, 0x00000000a2800000| Untracked 
|  41|0x00000000a2900000, 0x00000000a2a00000, 0x00000000a2a00000|100%|HS|  |TAMS 0x00000000a2900000, 0x00000000a2900000| Complete 
|  42|0x00000000a2a00000, 0x00000000a2a00000, 0x00000000a2b00000|  0%| F|  |TAMS 0x00000000a2a00000, 0x00000000a2a00000| Untracked 
|  43|0x00000000a2b00000, 0x00000000a2b00000, 0x00000000a2c00000|  0%| F|  |TAMS 0x00000000a2b00000, 0x00000000a2b00000| Untracked 
|  44|0x00000000a2c00000, 0x00000000a2c00000, 0x00000000a2d00000|  0%| F|  |TAMS 0x00000000a2c00000, 0x00000000a2c00000| Untracked 
|  45|0x00000000a2d00000, 0x00000000a2d00000, 0x00000000a2e00000|  0%| F|  |TAMS 0x00000000a2d00000, 0x00000000a2d00000| Untracked 
|  46|0x00000000a2e00000, 0x00000000a2e00000, 0x00000000a2f00000|  0%| F|  |TAMS 0x00000000a2e00000, 0x00000000a2e00000| Untracked 
|  47|0x00000000a2f00000, 0x00000000a2f00000, 0x00000000a3000000|  0%| F|  |TAMS 0x00000000a2f00000, 0x00000000a2f00000| Untracked 
|  48|0x00000000a3000000, 0x00000000a3000000, 0x00000000a3100000|  0%| F|  |TAMS 0x00000000a3000000, 0x00000000a3000000| Untracked 
|  49|0x00000000a3100000, 0x00000000a3100000, 0x00000000a3200000|  0%| F|  |TAMS 0x00000000a3100000, 0x00000000a3100000| Untracked 
|  50|0x00000000a3200000, 0x00000000a3200000, 0x00000000a3300000|  0%| F|  |TAMS 0x00000000a3200000, 0x00000000a3200000| Untracked 
|  51|0x00000000a3300000, 0x00000000a3300000, 0x00000000a3400000|  0%| F|  |TAMS 0x00000000a3300000, 0x00000000a3300000| Untracked 
|  52|0x00000000a3400000, 0x00000000a3400000, 0x00000000a3500000|  0%| F|  |TAMS 0x00000000a3400000, 0x00000000a3400000| Untracked 
|  53|0x00000000a3500000, 0x00000000a3500000, 0x00000000a3600000|  0%| F|  |TAMS 0x00000000a3500000, 0x00000000a3500000| Untracked 
|  54|0x00000000a3600000, 0x00000000a3600000, 0x00000000a3700000|  0%| F|  |TAMS 0x00000000a3600000, 0x00000000a3600000| Untracked 
|  55|0x00000000a3700000, 0x00000000a3700000, 0x00000000a3800000|  0%| F|  |TAMS 0x00000000a3700000, 0x00000000a3700000| Untracked 
|  56|0x00000000a3800000, 0x00000000a3800000, 0x00000000a3900000|  0%| F|  |TAMS 0x00000000a3800000, 0x00000000a3800000| Untracked 
|  57|0x00000000a3900000, 0x00000000a3900000, 0x00000000a3a00000|  0%| F|  |TAMS 0x00000000a3900000, 0x00000000a3900000| Untracked 
|  58|0x00000000a3a00000, 0x00000000a3a00000, 0x00000000a3b00000|  0%| F|  |TAMS 0x00000000a3a00000, 0x00000000a3a00000| Untracked 
|  59|0x00000000a3b00000, 0x00000000a3b97c80, 0x00000000a3c00000| 59%| S|CS|TAMS 0x00000000a3b00000, 0x00000000a3b00000| Complete 
|  60|0x00000000a3c00000, 0x00000000a3d00000, 0x00000000a3d00000|100%| S|CS|TAMS 0x00000000a3c00000, 0x00000000a3c00000| Complete 
|  61|0x00000000a3d00000, 0x00000000a3e00000, 0x00000000a3e00000|100%| S|CS|TAMS 0x00000000a3d00000, 0x00000000a3d00000| Complete 
|  62|0x00000000a3e00000, 0x00000000a3e00000, 0x00000000a3f00000|  0%| F|  |TAMS 0x00000000a3e00000, 0x00000000a3e00000| Untracked 
|  63|0x00000000a3f00000, 0x00000000a3f00000, 0x00000000a4000000|  0%| F|  |TAMS 0x00000000a3f00000, 0x00000000a3f00000| Untracked 
|  64|0x00000000a4000000, 0x00000000a4000000, 0x00000000a4100000|  0%| F|  |TAMS 0x00000000a4000000, 0x00000000a4000000| Untracked 
|  65|0x00000000a4100000, 0x00000000a4100000, 0x00000000a4200000|  0%| F|  |TAMS 0x00000000a4100000, 0x00000000a4100000| Untracked 
|  66|0x00000000a4200000, 0x00000000a4200000, 0x00000000a4300000|  0%| F|  |TAMS 0x00000000a4200000, 0x00000000a4200000| Untracked 
|  67|0x00000000a4300000, 0x00000000a4300000, 0x00000000a4400000|  0%| F|  |TAMS 0x00000000a4300000, 0x00000000a4300000| Untracked 
|  68|0x00000000a4400000, 0x00000000a4400000, 0x00000000a4500000|  0%| F|  |TAMS 0x00000000a4400000, 0x00000000a4400000| Untracked 
|  69|0x00000000a4500000, 0x00000000a4500000, 0x00000000a4600000|  0%| F|  |TAMS 0x00000000a4500000, 0x00000000a4500000| Untracked 
|  70|0x00000000a4600000, 0x00000000a4600000, 0x00000000a4700000|  0%| F|  |TAMS 0x00000000a4600000, 0x00000000a4600000| Untracked 
|  71|0x00000000a4700000, 0x00000000a4700000, 0x00000000a4800000|  0%| F|  |TAMS 0x00000000a4700000, 0x00000000a4700000| Untracked 
|  72|0x00000000a4800000, 0x00000000a4800000, 0x00000000a4900000|  0%| F|  |TAMS 0x00000000a4800000, 0x00000000a4800000| Untracked 
|  73|0x00000000a4900000, 0x00000000a4900000, 0x00000000a4a00000|  0%| F|  |TAMS 0x00000000a4900000, 0x00000000a4900000| Untracked 
|  74|0x00000000a4a00000, 0x00000000a4a00000, 0x00000000a4b00000|  0%| F|  |TAMS 0x00000000a4a00000, 0x00000000a4a00000| Untracked 
|  75|0x00000000a4b00000, 0x00000000a4b00000, 0x00000000a4c00000|  0%| F|  |TAMS 0x00000000a4b00000, 0x00000000a4b00000| Untracked 
|  76|0x00000000a4c00000, 0x00000000a4c00000, 0x00000000a4d00000|  0%| F|  |TAMS 0x00000000a4c00000, 0x00000000a4c00000| Untracked 
|  77|0x00000000a4d00000, 0x00000000a4d00000, 0x00000000a4e00000|  0%| F|  |TAMS 0x00000000a4d00000, 0x00000000a4d00000| Untracked 
|  78|0x00000000a4e00000, 0x00000000a4e00000, 0x00000000a4f00000|  0%| F|  |TAMS 0x00000000a4e00000, 0x00000000a4e00000| Untracked 
|  79|0x00000000a4f00000, 0x00000000a4f00000, 0x00000000a5000000|  0%| F|  |TAMS 0x00000000a4f00000, 0x00000000a4f00000| Untracked 
|  80|0x00000000a5000000, 0x00000000a5000000, 0x00000000a5100000|  0%| F|  |TAMS 0x00000000a5000000, 0x00000000a5000000| Untracked 
|  81|0x00000000a5100000, 0x00000000a5100000, 0x00000000a5200000|  0%| F|  |TAMS 0x00000000a5100000, 0x00000000a5100000| Untracked 
|  82|0x00000000a5200000, 0x00000000a5200000, 0x00000000a5300000|  0%| F|  |TAMS 0x00000000a5200000, 0x00000000a5200000| Untracked 
|  83|0x00000000a5300000, 0x00000000a5300000, 0x00000000a5400000|  0%| F|  |TAMS 0x00000000a5300000, 0x00000000a5300000| Untracked 
|  84|0x00000000a5400000, 0x00000000a5400000, 0x00000000a5500000|  0%| F|  |TAMS 0x00000000a5400000, 0x00000000a5400000| Untracked 
|  85|0x00000000a5500000, 0x00000000a5500000, 0x00000000a5600000|  0%| F|  |TAMS 0x00000000a5500000, 0x00000000a5500000| Untracked 
|  86|0x00000000a5600000, 0x00000000a5600000, 0x00000000a5700000|  0%| F|  |TAMS 0x00000000a5600000, 0x00000000a5600000| Untracked 
|  87|0x00000000a5700000, 0x00000000a5700000, 0x00000000a5800000|  0%| F|  |TAMS 0x00000000a5700000, 0x00000000a5700000| Untracked 
|  88|0x00000000a5800000, 0x00000000a5800000, 0x00000000a5900000|  0%| F|  |TAMS 0x00000000a5800000, 0x00000000a5800000| Untracked 
|  89|0x00000000a5900000, 0x00000000a5900000, 0x00000000a5a00000|  0%| F|  |TAMS 0x00000000a5900000, 0x00000000a5900000| Untracked 
|  90|0x00000000a5a00000, 0x00000000a5a00000, 0x00000000a5b00000|  0%| F|  |TAMS 0x00000000a5a00000, 0x00000000a5a00000| Untracked 
|  91|0x00000000a5b00000, 0x00000000a5b00000, 0x00000000a5c00000|  0%| F|  |TAMS 0x00000000a5b00000, 0x00000000a5b00000| Untracked 
|  92|0x00000000a5c00000, 0x00000000a5c00000, 0x00000000a5d00000|  0%| F|  |TAMS 0x00000000a5c00000, 0x00000000a5c00000| Untracked 
|  93|0x00000000a5d00000, 0x00000000a5d00000, 0x00000000a5e00000|  0%| F|  |TAMS 0x00000000a5d00000, 0x00000000a5d00000| Untracked 
|  94|0x00000000a5e00000, 0x00000000a5e00000, 0x00000000a5f00000|  0%| F|  |TAMS 0x00000000a5e00000, 0x00000000a5e00000| Untracked 
|  95|0x00000000a5f00000, 0x00000000a5f00000, 0x00000000a6000000|  0%| F|  |TAMS 0x00000000a5f00000, 0x00000000a5f00000| Untracked 
|  96|0x00000000a6000000, 0x00000000a6000000, 0x00000000a6100000|  0%| F|  |TAMS 0x00000000a6000000, 0x00000000a6000000| Untracked 
|  97|0x00000000a6100000, 0x00000000a6100000, 0x00000000a6200000|  0%| F|  |TAMS 0x00000000a6100000, 0x00000000a6100000| Untracked 
|  98|0x00000000a6200000, 0x00000000a6200000, 0x00000000a6300000|  0%| F|  |TAMS 0x00000000a6200000, 0x00000000a6200000| Untracked 
|  99|0x00000000a6300000, 0x00000000a6300000, 0x00000000a6400000|  0%| F|  |TAMS 0x00000000a6300000, 0x00000000a6300000| Untracked 
| 100|0x00000000a6400000, 0x00000000a6400000, 0x00000000a6500000|  0%| F|  |TAMS 0x00000000a6400000, 0x00000000a6400000| Untracked 
| 101|0x00000000a6500000, 0x00000000a6500000, 0x00000000a6600000|  0%| F|  |TAMS 0x00000000a6500000, 0x00000000a6500000| Untracked 
| 102|0x00000000a6600000, 0x00000000a6600000, 0x00000000a6700000|  0%| F|  |TAMS 0x00000000a6600000, 0x00000000a6600000| Untracked 
| 103|0x00000000a6700000, 0x00000000a6700000, 0x00000000a6800000|  0%| F|  |TAMS 0x00000000a6700000, 0x00000000a6700000| Untracked 
| 104|0x00000000a6800000, 0x00000000a6800000, 0x00000000a6900000|  0%| F|  |TAMS 0x00000000a6800000, 0x00000000a6800000| Untracked 
| 105|0x00000000a6900000, 0x00000000a6900000, 0x00000000a6a00000|  0%| F|  |TAMS 0x00000000a6900000, 0x00000000a6900000| Untracked 
| 106|0x00000000a6a00000, 0x00000000a6a00000, 0x00000000a6b00000|  0%| F|  |TAMS 0x00000000a6a00000, 0x00000000a6a00000| Untracked 
| 107|0x00000000a6b00000, 0x00000000a6b00000, 0x00000000a6c00000|  0%| F|  |TAMS 0x00000000a6b00000, 0x00000000a6b00000| Untracked 
| 108|0x00000000a6c00000, 0x00000000a6c00000, 0x00000000a6d00000|  0%| F|  |TAMS 0x00000000a6c00000, 0x00000000a6c00000| Untracked 
| 109|0x00000000a6d00000, 0x00000000a6d00000, 0x00000000a6e00000|  0%| F|  |TAMS 0x00000000a6d00000, 0x00000000a6d00000| Untracked 
| 110|0x00000000a6e00000, 0x00000000a6e00000, 0x00000000a6f00000|  0%| F|  |TAMS 0x00000000a6e00000, 0x00000000a6e00000| Untracked 
| 111|0x00000000a6f00000, 0x00000000a6f00000, 0x00000000a7000000|  0%| F|  |TAMS 0x00000000a6f00000, 0x00000000a6f00000| Untracked 
| 112|0x00000000a7000000, 0x00000000a7000000, 0x00000000a7100000|  0%| F|  |TAMS 0x00000000a7000000, 0x00000000a7000000| Untracked 
| 113|0x00000000a7100000, 0x00000000a7100000, 0x00000000a7200000|  0%| F|  |TAMS 0x00000000a7100000, 0x00000000a7100000| Untracked 
| 114|0x00000000a7200000, 0x00000000a7200000, 0x00000000a7300000|  0%| F|  |TAMS 0x00000000a7200000, 0x00000000a7200000| Untracked 
| 115|0x00000000a7300000, 0x00000000a7300000, 0x00000000a7400000|  0%| F|  |TAMS 0x00000000a7300000, 0x00000000a7300000| Untracked 
| 116|0x00000000a7400000, 0x00000000a7400000, 0x00000000a7500000|  0%| F|  |TAMS 0x00000000a7400000, 0x00000000a7400000| Untracked 
| 117|0x00000000a7500000, 0x00000000a7500000, 0x00000000a7600000|  0%| F|  |TAMS 0x00000000a7500000, 0x00000000a7500000| Untracked 
| 118|0x00000000a7600000, 0x00000000a7600000, 0x00000000a7700000|  0%| F|  |TAMS 0x00000000a7600000, 0x00000000a7600000| Untracked 
| 119|0x00000000a7700000, 0x00000000a7700000, 0x00000000a7800000|  0%| F|  |TAMS 0x00000000a7700000, 0x00000000a7700000| Untracked 
| 120|0x00000000a7800000, 0x00000000a7800000, 0x00000000a7900000|  0%| F|  |TAMS 0x00000000a7800000, 0x00000000a7800000| Untracked 
| 121|0x00000000a7900000, 0x00000000a7900000, 0x00000000a7a00000|  0%| F|  |TAMS 0x00000000a7900000, 0x00000000a7900000| Untracked 
| 122|0x00000000a7a00000, 0x00000000a7a00000, 0x00000000a7b00000|  0%| F|  |TAMS 0x00000000a7a00000, 0x00000000a7a00000| Untracked 
| 123|0x00000000a7b00000, 0x00000000a7b00000, 0x00000000a7c00000|  0%| F|  |TAMS 0x00000000a7b00000, 0x00000000a7b00000| Untracked 
| 124|0x00000000a7c00000, 0x00000000a7c00000, 0x00000000a7d00000|  0%| F|  |TAMS 0x00000000a7c00000, 0x00000000a7c00000| Untracked 
| 125|0x00000000a7d00000, 0x00000000a7d00000, 0x00000000a7e00000|  0%| F|  |TAMS 0x00000000a7d00000, 0x00000000a7d00000| Untracked 

Card table byte_map: [0x000001bfec640000,0x000001bfec940000] _byte_map_base: 0x000001bfec140000

Marking Bits (Prev, Next): (CMBitMap*) 0x000001bfd9b8b680, (CMBitMap*) 0x000001bfd9b8b6c0
 Prev Bits: [0x000001bfecc40000, 0x000001bfee440000)
 Next Bits: [0x000001bfee440000, 0x000001bfefc40000)

Polling page: 0x000001bfd7ca0000

Metaspace:

Usage:
  Non-class:     48.27 MB used.
      Class:      7.31 MB used.
       Both:     55.58 MB used.

Virtual space:
  Non-class space:       56.00 MB reserved,      48.44 MB ( 86%) committed,  7 nodes.
      Class space:        1.00 GB reserved,       7.50 MB ( <1%) committed,  1 nodes.
             Both:        1.05 GB reserved,      55.94 MB (  5%) committed. 

Chunk freelists:
   Non-Class:  3.06 MB
       Class:  522.00 KB
        Both:  3.57 MB

MaxMetaspaceSize: unlimited
CompressedClassSpaceSize: 1.00 GB
Initial GC threshold: 21.00 MB
Current GC threshold: 92.94 MB
CDS: off
MetaspaceReclaimPolicy: balanced
 - commit_granule_bytes: 65536.
 - commit_granule_words: 8192.
 - virtual_space_node_default_size: 1048576.
 - enlarge_chunks_in_place: 1.
 - new_chunks_are_fully_committed: 0.
 - uncommit_free_chunks: 1.
 - use_allocation_guard: 0.
 - handle_deallocations: 1.


Internal statistics:

num_allocs_failed_limit: 6.
num_arena_births: 418.
num_arena_deaths: 6.
num_vsnodes_births: 8.
num_vsnodes_deaths: 0.
num_space_committed: 895.
num_space_uncommitted: 0.
num_chunks_returned_to_freelist: 15.
num_chunks_taken_from_freelist: 2178.
num_chunk_merges: 3.
num_chunk_splits: 1495.
num_chunks_enlarged: 1101.
num_purges: 2.
num_inconsistent_stats: 0.

CodeHeap 'non-profiled nmethods': size=120000Kb used=3033Kb max_used=3033Kb free=116966Kb
 bounds [0x000001bfe4ae0000, 0x000001bfe4de0000, 0x000001bfec010000]
CodeHeap 'profiled nmethods': size=120000Kb used=11986Kb max_used=11986Kb free=108013Kb
 bounds [0x000001bfdd010000, 0x000001bfddbd0000, 0x000001bfe4540000]
CodeHeap 'non-nmethods': size=5760Kb used=2335Kb max_used=2399Kb free=3424Kb
 bounds [0x000001bfe4540000, 0x000001bfe47b0000, 0x000001bfe4ae0000]
 total_blobs=7024 nmethods=6179 adapters=757
 compilation: enabled
              stopped_count=0, restarted_count=0
 full_count=0

Compilation events (20 events):
Event: 13.321 Thread 0x000001bff302afe0 7048 %     3       org.objectweb.asm.ClassReader::getFirstAttributeOffset @ 85 (136 bytes)
Event: 13.321 Thread 0x000001bff302afe0 nmethod 7048% 0x000001bfddbc1290 code [0x000001bfddbc14c0, 0x000001bfddbc1b48]
Event: 13.322 Thread 0x000001bff302afe0 7038       2       org.objectweb.asm.ClassWriter::visitAnnotation (40 bytes)
Event: 13.322 Thread 0x000001bff302afe0 nmethod 7038 0x000001bfddbc1e10 code [0x000001bfddbc1fc0, 0x000001bfddbc2218]
Event: 13.322 Thread 0x000001bff302afe0 7047       2       org.objectweb.asm.Type::getMethodType (16 bytes)
Event: 13.322 Thread 0x000001bff302afe0 nmethod 7047 0x000001bfddbc2310 code [0x000001bfddbc24a0, 0x000001bfddbc2678]
Event: 13.322 Thread 0x000001bff302afe0 7043       2       org.objectweb.asm.SymbolTable::hash (23 bytes)
Event: 13.322 Thread 0x000001bff302afe0 nmethod 7043 0x000001bfddbc2790 code [0x000001bfddbc2940, 0x000001bfddbc2ae8]
Event: 13.322 Thread 0x000001bff302afe0 7044       2       org.objectweb.asm.Handle::hashCode (43 bytes)
Event: 13.323 Thread 0x000001bff302afe0 nmethod 7044 0x000001bfddbc2c90 code [0x000001bfddbc2e40, 0x000001bfddbc3008]
Event: 13.323 Thread 0x000001bff302afe0 7045       2       org.objectweb.asm.MethodVisitor::visitInvokeDynamicInsn (39 bytes)
Event: 13.323 Thread 0x000001bff302afe0 nmethod 7045 0x000001bfddbc3190 code [0x000001bfddbc3340, 0x000001bfddbc3538]
Event: 13.323 Thread 0x000001bff302afe0 7039       2       org.objectweb.asm.MethodWriter::visitInvokeDynamicInsn (147 bytes)
Event: 13.324 Thread 0x000001bff302afe0 nmethod 7039 0x000001bfddbc3690 code [0x000001bfddbc3880, 0x000001bfddbc3b48]
Event: 13.324 Thread 0x000001bff302afe0 7040       2       org.objectweb.asm.SymbolTable::addConstantInvokeDynamic (23 bytes)
Event: 13.324 Thread 0x000001bff302afe0 nmethod 7040 0x000001bfddbc3d90 code [0x000001bfddbc3f40, 0x000001bfddbc40b8]
Event: 13.326 Thread 0x000001bff302afe0 7049       2       org.objectweb.asm.MethodWriter::visitTableSwitchInsn (120 bytes)
Event: 13.327 Thread 0x000001bff302afe0 nmethod 7049 0x000001bfddbc4210 code [0x000001bfddbc4400, 0x000001bfddbc4768]
Event: 13.327 Thread 0x000001bff26e4760 nmethod 6772 0x000001bfe4dd0910 code [0x000001bfe4dd0c20, 0x000001bfe4dd4aa0]
Event: 13.329 Thread 0x000001bff26e4760 6925       4       org.objectweb.asm.Type::getArgumentsAndReturnSizes (140 bytes)

GC Heap History (20 events):
Event: 9.103 GC heap after
{Heap after GC invocations=12 (full 0):
 garbage-first heap   total 68608K, used 31337K [0x00000000a0000000, 0x0000000100000000)
  region size 1024K, 4 young (4096K), 4 survivors (4096K)
 Metaspace       used 47977K, committed 48320K, reserved 1097728K
  class space    used 6321K, committed 6464K, reserved 1048576K
}
Event: 9.586 GC heap before
{Heap before GC invocations=12 (full 0):
 garbage-first heap   total 68608K, used 51817K [0x00000000a0000000, 0x0000000100000000)
  region size 1024K, 25 young (25600K), 4 survivors (4096K)
 Metaspace       used 49060K, committed 49472K, reserved 1097728K
  class space    used 6468K, committed 6656K, reserved 1048576K
}
Event: 9.593 GC heap after
{Heap after GC invocations=13 (full 0):
 garbage-first heap   total 68608K, used 32479K [0x00000000a0000000, 0x0000000100000000)
  region size 1024K, 4 young (4096K), 4 survivors (4096K)
 Metaspace       used 49060K, committed 49472K, reserved 1097728K
  class space    used 6468K, committed 6656K, reserved 1048576K
}
Event: 9.953 GC heap before
{Heap before GC invocations=13 (full 0):
 garbage-first heap   total 68608K, used 45791K [0x00000000a0000000, 0x0000000100000000)
  region size 1024K, 19 young (19456K), 4 survivors (4096K)
 Metaspace       used 50863K, committed 51200K, reserved 1097728K
  class space    used 6763K, committed 6912K, reserved 1048576K
}
Event: 9.959 GC heap after
{Heap after GC invocations=14 (full 0):
 garbage-first heap   total 82944K, used 33480K [0x00000000a0000000, 0x0000000100000000)
  region size 1024K, 3 young (3072K), 3 survivors (3072K)
 Metaspace       used 50863K, committed 51200K, reserved 1097728K
  class space    used 6763K, committed 6912K, reserved 1048576K
}
Event: 10.471 GC heap before
{Heap before GC invocations=14 (full 0):
 garbage-first heap   total 82944K, used 64200K [0x00000000a0000000, 0x0000000100000000)
  region size 1024K, 32 young (32768K), 3 survivors (3072K)
 Metaspace       used 52809K, committed 53184K, reserved 1097728K
  class space    used 6960K, committed 7104K, reserved 1048576K
}
Event: 10.478 GC heap after
{Heap after GC invocations=15 (full 0):
 garbage-first heap   total 82944K, used 34990K [0x00000000a0000000, 0x0000000100000000)
  region size 1024K, 3 young (3072K), 3 survivors (3072K)
 Metaspace       used 52809K, committed 53184K, reserved 1097728K
  class space    used 6960K, committed 7104K, reserved 1048576K
}
Event: 11.486 GC heap before
{Heap before GC invocations=15 (full 0):
 garbage-first heap   total 82944K, used 63662K [0x00000000a0000000, 0x0000000100000000)
  region size 1024K, 31 young (31744K), 3 survivors (3072K)
 Metaspace       used 55831K, committed 56320K, reserved 1105920K
  class space    used 7381K, committed 7616K, reserved 1048576K
}
Event: 11.492 GC heap after
{Heap after GC invocations=16 (full 0):
 garbage-first heap   total 82944K, used 37162K [0x00000000a0000000, 0x0000000100000000)
  region size 1024K, 4 young (4096K), 4 survivors (4096K)
 Metaspace       used 55831K, committed 56320K, reserved 1105920K
  class space    used 7381K, committed 7616K, reserved 1048576K
}
Event: 12.771 GC heap before
{Heap before GC invocations=16 (full 0):
 garbage-first heap   total 82944K, used 67882K [0x00000000a0000000, 0x0000000100000000)
  region size 1024K, 32 young (32768K), 4 survivors (4096K)
 Metaspace       used 56648K, committed 57088K, reserved 1105920K
  class space    used 7477K, committed 7680K, reserved 1048576K
}
Event: 12.779 GC heap after
{Heap after GC invocations=17 (full 0):
 garbage-first heap   total 82944K, used 40349K [0x00000000a0000000, 0x0000000100000000)
  region size 1024K, 3 young (3072K), 3 survivors (3072K)
 Metaspace       used 56648K, committed 57088K, reserved 1105920K
  class space    used 7477K, committed 7680K, reserved 1048576K
}
Event: 12.805 GC heap before
{Heap before GC invocations=17 (full 0):
 garbage-first heap   total 82944K, used 43421K [0x00000000a0000000, 0x0000000100000000)
  region size 1024K, 8 young (8192K), 3 survivors (3072K)
 Metaspace       used 56651K, committed 57088K, reserved 1105920K
  class space    used 7477K, committed 7680K, reserved 1048576K
}
Event: 12.809 GC heap after
{Heap after GC invocations=18 (full 0):
 garbage-first heap   total 82944K, used 41170K [0x00000000a0000000, 0x0000000100000000)
  region size 1024K, 3 young (3072K), 3 survivors (3072K)
 Metaspace       used 56651K, committed 57088K, reserved 1105920K
  class space    used 7477K, committed 7680K, reserved 1048576K
}
Event: 12.950 GC heap before
{Heap before GC invocations=19 (full 0):
 garbage-first heap   total 91136K, used 60626K [0x00000000a0000000, 0x0000000100000000)
  region size 1024K, 22 young (22528K), 3 survivors (3072K)
 Metaspace       used 56629K, committed 57088K, reserved 1105920K
  class space    used 7467K, committed 7680K, reserved 1048576K
}
Event: 12.954 GC heap after
{Heap after GC invocations=20 (full 0):
 garbage-first heap   total 91136K, used 41833K [0x00000000a0000000, 0x0000000100000000)
  region size 1024K, 1 young (1024K), 1 survivors (1024K)
 Metaspace       used 56629K, committed 57088K, reserved 1105920K
  class space    used 7467K, committed 7680K, reserved 1048576K
}
Event: 13.059 GC heap before
{Heap before GC invocations=20 (full 0):
 garbage-first heap   total 91136K, used 67433K [0x00000000a0000000, 0x0000000100000000)
  region size 1024K, 26 young (26624K), 1 survivors (1024K)
 Metaspace       used 56686K, committed 57152K, reserved 1105920K
  class space    used 7477K, committed 7680K, reserved 1048576K
}
Event: 13.061 GC heap after
{Heap after GC invocations=21 (full 0):
 garbage-first heap   total 91136K, used 42277K [0x00000000a0000000, 0x0000000100000000)
  region size 1024K, 2 young (2048K), 2 survivors (2048K)
 Metaspace       used 56686K, committed 57152K, reserved 1105920K
  class space    used 7477K, committed 7680K, reserved 1048576K
}
Event: 13.212 GC heap before
{Heap before GC invocations=22 (full 0):
 garbage-first heap   total 97280K, used 67877K [0x00000000a0000000, 0x0000000100000000)
  region size 1024K, 28 young (28672K), 2 survivors (2048K)
 Metaspace       used 56799K, committed 57216K, reserved 1105920K
  class space    used 7483K, committed 7680K, reserved 1048576K
}
Event: 13.215 GC heap after
{Heap after GC invocations=23 (full 0):
 garbage-first heap   total 97280K, used 42501K [0x00000000a0000000, 0x0000000100000000)
  region size 1024K, 2 young (2048K), 2 survivors (2048K)
 Metaspace       used 56799K, committed 57216K, reserved 1105920K
  class space    used 7483K, committed 7680K, reserved 1048576K
}
Event: 13.336 GC heap before
{Heap before GC invocations=23 (full 0):
 garbage-first heap   total 97280K, used 74245K [0x00000000a0000000, 0x0000000100000000)
  region size 1024K, 33 young (33792K), 2 survivors (2048K)
 Metaspace       used 56909K, committed 57280K, reserved 1105920K
  class space    used 7484K, committed 7680K, reserved 1048576K
}

Dll operation events (2 events):
Event: 0.007 Loaded shared library C:\Program Files\Android\Android Studio2\jbr\bin\java.dll
Event: 0.624 Loaded shared library C:\Program Files\Android\Android Studio2\jbr\bin\verify.dll

Deoptimization events (20 events):
Event: 13.004 Thread 0x000001bff8ddffa0 Uncommon trap: trap_request=0xffffff45 fr.pc=0x000001bfe4c88e60 relative=0x0000000000003260
Event: 13.004 Thread 0x000001bff8ddffa0 Uncommon trap: reason=unstable_if action=reinterpret pc=0x000001bfe4c88e60 method=java.util.zip.ZipFile.getInputStream(Ljava/util/zip/ZipEntry;)Ljava/io/InputStream; @ 101 c2
Event: 13.004 Thread 0x000001bff8ddffa0 DEOPT PACKING pc=0x000001bfe4c88e60 sp=0x00000073780fe700
Event: 13.004 Thread 0x000001bff8ddffa0 DEOPT UNPACKING pc=0x000001bfe459a1a3 sp=0x00000073780fe718 mode 2
Event: 13.012 Thread 0x000001bff586ff10 DEOPT PACKING pc=0x000001bfdd9ca106 sp=0x0000007372bfdf80
Event: 13.012 Thread 0x000001bff586ff10 DEOPT UNPACKING pc=0x000001bfe459ace3 sp=0x0000007372bfd690 mode 0
Event: 13.025 Thread 0x000001bff586ff10 DEOPT PACKING pc=0x000001bfdd9ca016 sp=0x0000007372bfdf80
Event: 13.025 Thread 0x000001bff586ff10 DEOPT UNPACKING pc=0x000001bfe459ace3 sp=0x0000007372bfd690 mode 0
Event: 13.036 Thread 0x000001bff586ff10 DEOPT PACKING pc=0x000001bfdd9ca016 sp=0x0000007372bfdf80
Event: 13.036 Thread 0x000001bff586ff10 DEOPT UNPACKING pc=0x000001bfe459ace3 sp=0x0000007372bfd690 mode 0
Event: 13.199 Thread 0x000001bff586d3c0 DEOPT PACKING pc=0x000001bfddb490f7 sp=0x00000073729fe450
Event: 13.199 Thread 0x000001bff586d3c0 DEOPT UNPACKING pc=0x000001bfe459ace3 sp=0x00000073729fd930 mode 0
Event: 13.239 Thread 0x000001bff8ddffa0 Uncommon trap: trap_request=0xffffff45 fr.pc=0x000001bfe4d9eea8 relative=0x0000000000000308
Event: 13.239 Thread 0x000001bff8ddffa0 Uncommon trap: reason=unstable_if action=reinterpret pc=0x000001bfe4d9eea8 method=java.io.BufferedOutputStream.write([BII)V @ 6 c2
Event: 13.239 Thread 0x000001bff8ddffa0 DEOPT PACKING pc=0x000001bfe4d9eea8 sp=0x00000073780feaa0
Event: 13.240 Thread 0x000001bff8ddffa0 DEOPT UNPACKING pc=0x000001bfe459a1a3 sp=0x00000073780fea48 mode 2
Event: 13.316 Thread 0x000001bff586d3c0 DEOPT PACKING pc=0x000001bfddb86890 sp=0x00000073729fda60
Event: 13.316 Thread 0x000001bff586d3c0 DEOPT UNPACKING pc=0x000001bfe459ace3 sp=0x00000073729fcf78 mode 0
Event: 13.322 Thread 0x000001bff586ebd0 DEOPT PACKING pc=0x000001bfddb95e69 sp=0x0000007372afe8e0
Event: 13.322 Thread 0x000001bff586ebd0 DEOPT UNPACKING pc=0x000001bfe459ace3 sp=0x0000007372afde70 mode 0

Classes unloaded (8 events):
Event: 12.886 Thread 0x000001bff2652670 Unloading class 0x00000001006d2000 '_BuildScript_$_run_closure1$_closure3'
Event: 12.886 Thread 0x000001bff2652670 Unloading class 0x00000001006d1970 '_BuildScript_$_run_closure1$_closure2'
Event: 12.886 Thread 0x000001bff2652670 Unloading class 0x00000001006d1560 '_BuildScript_$_run_closure1'
Event: 12.886 Thread 0x000001bff2652670 Unloading class 0x00000001006d1000 '_BuildScript_'
Event: 12.886 Thread 0x000001bff2652670 Unloading class 0x0000000100660548 '_BuildScript_$_run_closure1'
Event: 12.886 Thread 0x000001bff2652670 Unloading class 0x0000000100660000 '_BuildScript_'
Event: 12.886 Thread 0x000001bff2652670 Unloading class 0x0000000100624558 '_BuildScript_$_run_closure1'
Event: 12.886 Thread 0x000001bff2652670 Unloading class 0x0000000100624000 '_BuildScript_'

Classes redefined (0 events):
No events

Internal exceptions (20 events):
Event: 12.731 Thread 0x000001bff5869060 Exception <a 'sun/nio/fs/WindowsException'{0x00000000a3d19cc0}> (0x00000000a3d19cc0) 
thrown [s\src\hotspot\share\prims\jni.cpp, line 517]
Event: 12.731 Thread 0x000001bff586ebd0 Exception <a 'sun/nio/fs/WindowsException'{0x00000000a3f603c0}> (0x00000000a3f603c0) 
thrown [s\src\hotspot\share\prims\jni.cpp, line 517]
Event: 12.731 Thread 0x000001bff8ddffa0 Exception <a 'sun/nio/fs/WindowsException'{0x00000000a3f95348}> (0x00000000a3f95348) 
thrown [s\src\hotspot\share\prims\jni.cpp, line 517]
Event: 12.733 Thread 0x000001bff8ddcab0 Exception <a 'sun/nio/fs/WindowsException'{0x00000000a3baf030}> (0x00000000a3baf030) 
thrown [s\src\hotspot\share\prims\jni.cpp, line 517]
Event: 12.769 Thread 0x000001bff586d3c0 Exception <a 'sun/nio/fs/WindowsException'{0x00000000a3bbb118}> (0x00000000a3bbb118) 
thrown [s\src\hotspot\share\prims\jni.cpp, line 517]
Event: 12.803 Thread 0x000001bff8de2af0 Exception <a 'sun/nio/fs/WindowsException'{0x00000000a4daa078}> (0x00000000a4daa078) 
thrown [s\src\hotspot\share\prims\jni.cpp, line 517]
Event: 13.240 Thread 0x000001bff8ddffa0 Exception <a 'sun/nio/fs/WindowsException'{0x00000000a5974d08}> (0x00000000a5974d08) 
thrown [s\src\hotspot\share\prims\jni.cpp, line 517]
Event: 13.241 Thread 0x000001bff8ddffa0 Exception <a 'sun/nio/fs/WindowsException'{0x00000000a5974ea0}> (0x00000000a5974ea0) 
thrown [s\src\hotspot\share\prims\jni.cpp, line 517]
Event: 13.241 Thread 0x000001bff586ebd0 Exception <a 'sun/nio/fs/WindowsException'{0x00000000a59c89a0}> (0x00000000a59c89a0) 
thrown [s\src\hotspot\share\prims\jni.cpp, line 517]
Event: 13.242 Thread 0x000001bff586ebd0 Exception <a 'sun/nio/fs/WindowsException'{0x00000000a59c8b48}> (0x00000000a59c8b48) 
thrown [s\src\hotspot\share\prims\jni.cpp, line 517]
Event: 13.250 Thread 0x000001bff8ddffa0 Exception <a 'sun/nio/fs/WindowsException'{0x00000000a58e1bb8}> (0x00000000a58e1bb8) 
thrown [s\src\hotspot\share\prims\jni.cpp, line 517]
Event: 13.259 Thread 0x000001bff586ebd0 Exception <a 'sun/nio/fs/WindowsException'{0x00000000a57221e8}> (0x00000000a57221e8) 
thrown [s\src\hotspot\share\prims\jni.cpp, line 517]
Event: 13.280 Thread 0x000001bff5869060 Exception <a 'sun/nio/fs/WindowsException'{0x00000000a503d610}> (0x00000000a503d610) 
thrown [s\src\hotspot\share\prims\jni.cpp, line 517]
Event: 13.281 Thread 0x000001bff5869060 Exception <a 'sun/nio/fs/WindowsException'{0x00000000a503d7a8}> (0x00000000a503d7a8) 
thrown [s\src\hotspot\share\prims\jni.cpp, line 517]
Event: 13.281 Thread 0x000001bff586e700 Exception <a 'sun/nio/fs/WindowsException'{0x00000000a5075490}> (0x00000000a5075490) 
thrown [s\src\hotspot\share\prims\jni.cpp, line 517]
Event: 13.281 Thread 0x000001bff586e700 Exception <a 'sun/nio/fs/WindowsException'{0x00000000a5075618}> (0x00000000a5075618) 
thrown [s\src\hotspot\share\prims\jni.cpp, line 517]
Event: 13.286 Thread 0x000001bff586e700 Exception <a 'sun/nio/fs/WindowsException'{0x00000000a4f7d438}> (0x00000000a4f7d438) 
thrown [s\src\hotspot\share\prims\jni.cpp, line 517]
Event: 13.286 Thread 0x000001bff5869060 Exception <a 'sun/nio/fs/WindowsException'{0x00000000a4fa5cb8}> (0x00000000a4fa5cb8) 
thrown [s\src\hotspot\share\prims\jni.cpp, line 517]
Event: 13.308 Thread 0x000001bff586ebd0 Exception <a 'sun/nio/fs/WindowsException'{0x00000000a488ecd8}> (0x00000000a488ecd8) 
thrown [s\src\hotspot\share\prims\jni.cpp, line 517]
Event: 13.318 Thread 0x000001bff586ebd0 Exception <a 'sun/nio/fs/WindowsException'{0x00000000a488ee80}> (0x00000000a488ee80) 
thrown [s\src\hotspot\share\prims\jni.cpp, line 517]

VM Operations (20 events):
Event: 12.805 Executing VM operation: G1TryInitiateConcMark done
Event: 12.805 Executing VM operation: G1TryInitiateConcMark
Event: 12.809 Executing VM operation: G1TryInitiateConcMark done
Event: 12.885 Executing VM operation: G1Concurrent
Event: 12.895 Executing VM operation: G1Concurrent done
Event: 12.942 Executing VM operation: G1Concurrent
Event: 12.945 Executing VM operation: G1Concurrent done
Event: 12.950 Executing VM operation: G1CollectForAllocation
Event: 12.956 Executing VM operation: G1CollectForAllocation done
Event: 13.042 Executing VM operation: G1CollectForAllocation
Event: 13.058 Executing VM operation: G1CollectForAllocation done
Event: 13.058 Executing VM operation: G1CollectForAllocation
Event: 13.061 Executing VM operation: G1CollectForAllocation done
Event: 13.135 Executing VM operation: G1Concurrent
Event: 13.142 Executing VM operation: G1Concurrent done
Event: 13.190 Executing VM operation: G1Concurrent
Event: 13.193 Executing VM operation: G1Concurrent done
Event: 13.212 Executing VM operation: G1CollectForAllocation
Event: 13.217 Executing VM operation: G1CollectForAllocation done
Event: 13.328 Executing VM operation: G1CollectForAllocation

Events (20 events):
Event: 11.684 Thread 0x000001bff71ba030 Thread added: 0x000001bff71ba030
Event: 11.684 Thread 0x000001bff71b8cf0 Thread added: 0x000001bff71b8cf0
Event: 11.684 Thread 0x000001bff71bcb80 Thread added: 0x000001bff71bcb80
Event: 11.684 Thread 0x000001bff71b8820 Thread added: 0x000001bff71b8820
Event: 11.684 Thread 0x000001bff71b5cd0 Thread added: 0x000001bff71b5cd0
Event: 11.685 Thread 0x000001bff71bb370 Thread added: 0x000001bff71bb370
Event: 11.685 Thread 0x000001bff71bbd10 Thread added: 0x000001bff71bbd10
Event: 11.685 Thread 0x000001bff71bc1e0 Thread added: 0x000001bff71bc1e0
Event: 11.685 Thread 0x000001bff8de2150 Thread added: 0x000001bff8de2150
Event: 11.685 Thread 0x000001bff8ddc110 Thread added: 0x000001bff8ddc110
Event: 11.686 Thread 0x000001bff8ddf130 Thread added: 0x000001bff8ddf130
Event: 11.686 Thread 0x000001bff8ddf600 Thread added: 0x000001bff8ddf600
Event: 12.036 Thread 0x000001bff3bd92f0 Thread exited: 0x000001bff3bd92f0
Event: 12.458 Thread 0x000001bff4b689b0 Thread exited: 0x000001bff4b689b0
Event: 12.713 Thread 0x000001bff8ddcab0 Thread added: 0x000001bff8ddcab0
Event: 12.713 Thread 0x000001bff8de2af0 Thread added: 0x000001bff8de2af0
Event: 12.713 Thread 0x000001bff8ddffa0 Thread added: 0x000001bff8ddffa0
Event: 12.726 Thread 0x000001bff9024860 Thread added: 0x000001bff9024860
Event: 13.015 loading class java/security/Key
Event: 13.015 loading class java/security/Key done


Dynamic libraries:
0x00007ff6405c0000 - 0x00007ff6405ca000 	C:\Program Files\Android\Android Studio2\jbr\bin\java.exe
0x00007ffbd0780000 - 0x00007ffbd0989000 	C:\WINDOWS\SYSTEM32\ntdll.dll
0x00007ffbcf3e0000 - 0x00007ffbcf49d000 	C:\WINDOWS\System32\KERNEL32.DLL
0x00007ffbcddd0000 - 0x00007ffbce149000 	C:\WINDOWS\System32\KERNELBASE.dll
0x00007ffbce290000 - 0x00007ffbce3a1000 	C:\WINDOWS\System32\ucrtbase.dll
0x00007ffba5000000 - 0x00007ffba5017000 	C:\Program Files\Android\Android Studio2\jbr\bin\jli.dll
0x00007ffba5020000 - 0x00007ffba503b000 	C:\Program Files\Android\Android Studio2\jbr\bin\VCRUNTIME140.dll
0x00007ffbcf950000 - 0x00007ffbcfafc000 	C:\WINDOWS\System32\USER32.dll
0x00007ffbb0240000 - 0x00007ffbb04e5000 	C:\WINDOWS\WinSxS\amd64_microsoft.windows.common-controls_6595b64144ccf1df_6.0.22000.120_none_9d947278b86cc467\COMCTL32.dll
0x00007ffbce450000 - 0x00007ffbce476000 	C:\WINDOWS\System32\win32u.dll
0x00007ffbcf810000 - 0x00007ffbcf8b3000 	C:\WINDOWS\System32\msvcrt.dll
0x00007ffbcea80000 - 0x00007ffbceaa9000 	C:\WINDOWS\System32\GDI32.dll
0x00007ffbce4f0000 - 0x00007ffbce602000 	C:\WINDOWS\System32\gdi32full.dll
0x00007ffbce3b0000 - 0x00007ffbce44d000 	C:\WINDOWS\System32\msvcp_win.dll
0x00007ffbcf4b0000 - 0x00007ffbcf4e1000 	C:\WINDOWS\System32\IMM32.DLL
0x00007ffba4ff0000 - 0x00007ffba4ffc000 	C:\Program Files\Android\Android Studio2\jbr\bin\vcruntime140_1.dll
0x00007ffba4f60000 - 0x00007ffba4fed000 	C:\Program Files\Android\Android Studio2\jbr\bin\msvcp140.dll
0x00007ffb4ea90000 - 0x00007ffb4f6fd000 	C:\Program Files\Android\Android Studio2\jbr\bin\server\jvm.dll
0x00007ffbd0690000 - 0x00007ffbd073e000 	C:\WINDOWS\System32\ADVAPI32.dll
0x00007ffbcf4f0000 - 0x00007ffbcf58e000 	C:\WINDOWS\System32\sechost.dll
0x00007ffbcf2c0000 - 0x00007ffbcf3e0000 	C:\WINDOWS\System32\RPCRT4.dll
0x00007ffbc1aa0000 - 0x00007ffbc1ad3000 	C:\WINDOWS\SYSTEM32\WINMM.dll
0x00007ffbc8210000 - 0x00007ffbc821a000 	C:\WINDOWS\SYSTEM32\VERSION.dll
0x00007ffb933c0000 - 0x00007ffb933c9000 	C:\WINDOWS\SYSTEM32\WSOCK32.dll
0x00007ffbcf7a0000 - 0x00007ffbcf80f000 	C:\WINDOWS\System32\WS2_32.dll
0x00007ffbccd60000 - 0x00007ffbccd78000 	C:\WINDOWS\SYSTEM32\kernel.appcore.dll
0x00007ffba4f50000 - 0x00007ffba4f5a000 	C:\Program Files\Android\Android Studio2\jbr\bin\jimage.dll
0x00007ffbcb6d0000 - 0x00007ffbcb8f1000 	C:\WINDOWS\SYSTEM32\DBGHELP.DLL
0x00007ffbb13f0000 - 0x00007ffbb1421000 	C:\WINDOWS\SYSTEM32\dbgcore.DLL
0x00007ffbce150000 - 0x00007ffbce1cf000 	C:\WINDOWS\System32\bcryptPrimitives.dll
0x00007ffba4f20000 - 0x00007ffba4f45000 	C:\Program Files\Android\Android Studio2\jbr\bin\java.dll
0x00007ffba4f00000 - 0x00007ffba4f18000 	C:\Program Files\Android\Android Studio2\jbr\bin\zip.dll
0x00007ffbcfde0000 - 0x00007ffbd0598000 	C:\WINDOWS\System32\SHELL32.dll
0x00007ffbcbdd0000 - 0x00007ffbcc638000 	C:\WINDOWS\SYSTEM32\windows.storage.dll
0x00007ffbceba0000 - 0x00007ffbcef19000 	C:\WINDOWS\System32\combase.dll
0x00007ffbcbc60000 - 0x00007ffbcbdc6000 	C:\WINDOWS\SYSTEM32\wintypes.dll
0x00007ffbceab0000 - 0x00007ffbceb9a000 	C:\WINDOWS\System32\SHCORE.dll
0x00007ffbcef20000 - 0x00007ffbcef7d000 	C:\WINDOWS\System32\shlwapi.dll
0x00007ffbcdb90000 - 0x00007ffbcdbb1000 	C:\WINDOWS\SYSTEM32\profapi.dll
0x00007ffba4ee0000 - 0x00007ffba4ef9000 	C:\Program Files\Android\Android Studio2\jbr\bin\net.dll
0x00007ffbc3a80000 - 0x00007ffbc3b8c000 	C:\WINDOWS\SYSTEM32\WINHTTP.dll
0x00007ffbcd190000 - 0x00007ffbcd1f7000 	C:\WINDOWS\system32\mswsock.dll
0x00007ffba4ec0000 - 0x00007ffba4ed6000 	C:\Program Files\Android\Android Studio2\jbr\bin\nio.dll
0x00007ffba4eb0000 - 0x00007ffba4ec0000 	C:\Program Files\Android\Android Studio2\jbr\bin\verify.dll
0x00007ffba4e80000 - 0x00007ffba4ea7000 	C:\Users\Dell\.gradle\native\68d5fa5c4cc2d200863cafc0d521ce42e7d3e7ee720ec0a83991735586a16f82\windows-amd64\native-platform.dll
0x00007ffb7ea80000 - 0x00007ffb7ebc4000 	C:\Users\Dell\.gradle\native\e376f236ea51e6404a007f0833ffe2c6e607c4080706a723a18a27aeea778392\windows-amd64\native-platform-file-events.dll
0x00007ffba4e70000 - 0x00007ffba4e79000 	C:\Program Files\Android\Android Studio2\jbr\bin\management.dll
0x00007ffba4e60000 - 0x00007ffba4e6b000 	C:\Program Files\Android\Android Studio2\jbr\bin\management_ext.dll
0x00007ffbcfdd0000 - 0x00007ffbcfdd8000 	C:\WINDOWS\System32\PSAPI.DLL
0x00007ffbcd3d0000 - 0x00007ffbcd3e8000 	C:\WINDOWS\SYSTEM32\CRYPTSP.dll
0x00007ffbcccc0000 - 0x00007ffbcccf5000 	C:\WINDOWS\system32\rsaenh.dll
0x00007ffbcd280000 - 0x00007ffbcd2a9000 	C:\WINDOWS\SYSTEM32\USERENV.dll
0x00007ffbcd5c0000 - 0x00007ffbcd5e7000 	C:\WINDOWS\SYSTEM32\bcrypt.dll
0x00007ffbcd580000 - 0x00007ffbcd58c000 	C:\WINDOWS\SYSTEM32\CRYPTBASE.dll
0x00007ffbcc890000 - 0x00007ffbcc8bd000 	C:\WINDOWS\SYSTEM32\IPHLPAPI.DLL
0x00007ffbcf4a0000 - 0x00007ffbcf4a9000 	C:\WINDOWS\System32\NSI.dll
0x00007ffbc33a0000 - 0x00007ffbc33b9000 	C:\WINDOWS\SYSTEM32\dhcpcsvc6.DLL
0x00007ffbc34c0000 - 0x00007ffbc34de000 	C:\WINDOWS\SYSTEM32\dhcpcsvc.DLL
0x00007ffbcc900000 - 0x00007ffbcc9e8000 	C:\WINDOWS\SYSTEM32\DNSAPI.dll
0x00007ffb544f0000 - 0x00007ffb544f8000 	C:\WINDOWS\system32\wshunix.dll

dbghelp: loaded successfully - version: 4.0.5 - missing functions: none
symbol engine: initialized successfully - sym options: 0x614 - pdb path: .;C:\Program Files\Android\Android Studio2\jbr\bin;C:\WINDOWS\SYSTEM32;C:\WINDOWS\WinSxS\amd64_microsoft.windows.common-controls_6595b64144ccf1df_6.0.22000.120_none_9d947278b86cc467;C:\Program Files\Android\Android Studio2\jbr\bin\server;C:\Users\Dell\.gradle\native\68d5fa5c4cc2d200863cafc0d521ce42e7d3e7ee720ec0a83991735586a16f82\windows-amd64;C:\Users\Dell\.gradle\native\e376f236ea51e6404a007f0833ffe2c6e607c4080706a723a18a27aeea778392\windows-amd64

VM Arguments:
jvm_args: --add-opens=java.base/java.util=ALL-UNNAMED --add-opens=java.base/java.lang=ALL-UNNAMED --add-opens=java.base/java.lang.invoke=ALL-UNNAMED --add-opens=java.prefs/java.util.prefs=ALL-UNNAMED --add-opens=java.base/java.nio.charset=ALL-UNNAMED --add-opens=java.base/java.net=ALL-UNNAMED --add-opens=java.base/java.util.concurrent.atomic=ALL-UNNAMED -Xmx1536M -Dfile.encoding=windows-1252 -Duser.country=US -Duser.language=en -Duser.variant 
java_command: org.gradle.launcher.daemon.bootstrap.GradleDaemon 7.6
java_class_path (initial): C:\Users\Dell\.gradle\wrapper\dists\gradle-7.6-all\9f832ih6bniajn45pbmqhk2cw\gradle-7.6\lib\gradle-launcher-7.6.jar
Launcher Type: SUN_STANDARD

[Global flags]
     intx CICompilerCount                          = 4                                         {product} {ergonomic}
     uint ConcGCThreads                            = 2                                         {product} {ergonomic}
     uint G1ConcRefinementThreads                  = 8                                         {product} {ergonomic}
   size_t G1HeapRegionSize                         = 1048576                                   {product} {ergonomic}
    uintx GCDrainStackTargetSize                   = 64                                        {product} {ergonomic}
   size_t InitialHeapSize                          = 132120576                                 {product} {ergonomic}
   size_t MarkStackSize                            = 4194304                                   {product} {ergonomic}
   size_t MaxHeapSize                              = 1610612736                                {product} {command line}
   size_t MaxNewSize                               = 965738496                                 {product} {ergonomic}
   size_t MinHeapDeltaBytes                        = 1048576                                   {product} {ergonomic}
   size_t MinHeapSize                              = 8388608                                   {product} {ergonomic}
    uintx NonNMethodCodeHeapSize                   = 5839372                                {pd product} {ergonomic}
    uintx NonProfiledCodeHeapSize                  = 122909434                              {pd product} {ergonomic}
    uintx ProfiledCodeHeapSize                     = 122909434                              {pd product} {ergonomic}
    uintx ReservedCodeCacheSize                    = 251658240                              {pd product} {ergonomic}
     bool SegmentedCodeCache                       = true                                      {product} {ergonomic}
   size_t SoftMaxHeapSize                          = 1610612736                             {manageable} {ergonomic}
     bool UseCompressedClassPointers               = true                           {product lp64_product} {ergonomic}
     bool UseCompressedOops                        = true                           {product lp64_product} {ergonomic}
     bool UseG1GC                                  = true                                      {product} {ergonomic}
     bool UseLargePagesIndividualAllocation        = false                                  {pd product} {ergonomic}

Logging:
Log output configuration:
 #0: stdout all=warning uptime,level,tags
 #1: stderr all=off uptime,level,tags

Environment Variables:
JAVA_HOME=C:\Program Files\Android\Android Studio2\jbr
CLASSPATH=D:\Desktop\flutter\android\\gradle\wrapper\gradle-wrapper.jar
PATH=C:\Program Files\Common Files\Oracle\Java\javapath;C:\Program Files (x86)\Common Files\Oracle\Java\javapath;C:\MinGW\bin;C:\WINDOWS\system32;C:\WINDOWS;C:\WINDOWS\System32\Wbem;C:\WINDOWS\System32\WindowsPowerShell\v1.0\;C:\WINDOWS\System32\OpenSSH\;C:\Program Files (x86)\Silverfrost\FTN95;C:\Program Files\dotnet\;C:\Program Files\Git\cmd;C:\Program Files\nodejs\;C:\Users\Dell\AppData\Local\Programs\Python\Python38\Scripts\;C:\Users\Dell\AppData\Local\Programs\Python\Python38\;C:\Users\Dell\AppData\Local\Programs\Python\Python39\Scripts\;C:\Users\Dell\AppData\Local\Programs\Python\Python39\;C:\Users\Dell\AppData\Local\Microsoft\WindowsApps;C:\Users\Dell\AppData\Roaming\npm;C:\Program Files\dart-sdk\bin;C:\Program Files\MinGW\bin;C:\Users\Dell\AppData\Local\Programs\Microsoft VS Code\bin;C:\Program Files\flutter\bin;C:\Program Files\dart-sdk\bin;C:\Program Files\jdk-18.0.2.1_linux-aarch64_bin\jdk-18.0.2.1\bin;C:\Program Files (x86)\Java\jre-1.8\bin;;C:\Program Files\flutter\bin\mingit\cmd
USERNAME=Dell
OS=Windows_NT
PROCESSOR_IDENTIFIER=Intel64 Family 6 Model 126 Stepping 5, GenuineIntel
TMP=C:\Users\Dell\AppData\Local\Temp
TEMP=C:\Users\Dell\AppData\Local\Temp



---------------  S Y S T E M  ---------------

OS:
 Windows 11 , 64 bit Build 22000 (10.0.22000.708)
OS uptime: 0 days 0:04 hours

CPU: total 8 (initial active 8) (4 cores per cpu, 2 threads per core) family 6 model 126 stepping 5 microcode 0xa8, cx8, cmov, fxsr, ht, mmx, 3dnowpref, sse, sse2, sse3, ssse3, sse4.1, sse4.2, popcnt, lzcnt, tsc, tscinvbit, avx, avx2, aes, erms, clmul, bmi1, bmi2, adx, avx512f, avx512dq, avx512cd, avx512bw, avx512vl, sha, fma, vzeroupper, avx512_vpopcntdq, avx512_vpclmulqdq, avx512_vaes, avx512_vnni, clflush, clflushopt, avx512_vbmi2, avx512_vbmi

Memory: 4k page, system-wide physical 7955M (514M free)
TotalPageFile size 10297M (AvailPageFile size 47M)
current process WorkingSet (physical memory assigned to process): 276M, peak: 286M
current process commit charge ("private bytes"): 343M, peak: 406M

vm_info: OpenJDK 64-Bit Server VM (17.0.6+0-b2043.56-9586694) for windows-amd64 JRE (17.0.6+0-b2043.56-9586694), built on Feb  9 2023 20:06:20 by "androidbuild" with MS VC++ 16.10 / 16.11 (VS2019)

END.
