#
# There is insufficient memory for the Java Runtime Environment to continue.
# Native memory allocation (malloc) failed to allocate 74416 bytes for Chunk::new
# Possible reasons:
#   The system is out of physical RAM or swap space
#   The process is running with CompressedOops enabled, and the Java Heap may be blocking the growth of the native heap
# Possible solutions:
#   Reduce memory load on the system
#   Increase physical memory or swap space
#   Check if swap backing store is full
#   Decrease Java heap size (-Xmx/-Xms)
#   Decrease number of Java threads
#   Decrease Java thread stack sizes (-Xss)
#   Set larger code cache with -XX:ReservedCodeCacheSize=
#   JVM is running with Unscaled Compressed Oops mode in which the Java heap is
#     placed in the first 4GB address space. The Java Heap base address is the
#     maximum limit for the native heap growth. Please use -XX:HeapBaseMinAddress
#     to set the Java Heap base and to place the Java Heap above 4GB virtual address.
# This output file may be truncated or incomplete.
#
#  Out of Memory Error (arena.cpp:189), pid=4880, tid=4756
#
# JRE version: OpenJDK Runtime Environment (17.0.6) (build 17.0.6+0-b2043.56-10027231)
# Java VM: OpenJDK 64-Bit Server VM (17.0.6+0-b2043.56-10027231, mixed mode, tiered, compressed oops, compressed class ptrs, g1 gc, windows-amd64)
# No core dump will be written. Minidumps are not enabled by default on client versions of Windows
#

---------------  S U M M A R Y ------------

Command Line: -Dorg.gradle.appname=gradlew org.gradle.wrapper.GradleWrapperMain -q -Ptarget-platform=android-arm64 -Ptarget=D:\Desktop\flutter\lib\mainclone2.dart -Pbase-application-name=android.app.Application -Pdart-defines=RkxVVFRFUl9XRUJfQVVUT19ERVRFQ1Q9dHJ1ZQ==,RkxVVFRFUl9XRUJfQ0FOVkFTS0lUX1VSTD1odHRwczovL3d3dy5nc3RhdGljLmNvbS9mbHV0dGVyLWNhbnZhc2tpdC80NWY2ZTAwOTExMGRmNGYzNGVjMmNmOTlmNjNjZjczYjcxYjdhNDIwLw== -Pdart-obfuscation=false -Ptrack-widget-creation=true -Ptree-shake-icons=false -Pfilesystem-scheme=org-dartlang-root assembleDebug

Host: Intel(R) Core(TM) i5-1035G1 CPU @ 1.00GHz, 8 cores, 7G,  Windows 11 , 64 bit Build 22000 (10.0.22000.708)
Time: Mon Dec 11 18:52:37 2023 Nepal Standard Time elapsed time: 1.066275 seconds (0d 0h 0m 1s)

---------------  T H R E A D  ---------------

Current thread (0x0000022b2e4364e0):  JavaThread "C2 CompilerThread1" daemon [_thread_in_native, id=4756, stack(0x0000002dc3e00000,0x0000002dc3f00000)]


Current CompileTask:
C2:   1066  601       4       java.lang.String::substring (58 bytes)

Stack: [0x0000002dc3e00000,0x0000002dc3f00000]
Native frames: (J=compiled Java code, j=interpreted, Vv=VM code, C=native code)
V  [jvm.dll+0x683c9a]
V  [jvm.dll+0x8427a4]
V  [jvm.dll+0x843f9e]
V  [jvm.dll+0x844603]
V  [jvm.dll+0x249b75]
V  [jvm.dll+0xabcac]
V  [jvm.dll+0xac27c]
V  [jvm.dll+0x368802]
V  [jvm.dll+0x332f31]
V  [jvm.dll+0x3323da]
V  [jvm.dll+0x21c201]
V  [jvm.dll+0x21b621]
V  [jvm.dll+0x1a4fdd]
V  [jvm.dll+0x22b098]
V  [jvm.dll+0x229159]
V  [jvm.dll+0x7f81ec]
V  [jvm.dll+0x7f274a]
V  [jvm.dll+0x682ad5]
C  [ucrtbase.dll+0x26c0c]
C  [KERNEL32.DLL+0x154e0]
C  [ntdll.dll+0x485b]


---------------  P R O C E S S  ---------------

Threads class SMR info:
_java_thread_list=0x0000022b2e43dec0, length=13, elements={
0x0000022b13850240, 0x0000022b2e013260, 0x0000022b2d53aef0, 0x0000022b2d575b60,
0x0000022b2d576420, 0x0000022b2d576ce0, 0x0000022b2d5775a0, 0x0000022b2e037330,
0x0000022b2e037c30, 0x0000022b2e058560, 0x0000022b2e1ad760, 0x0000022b2e1c1080,
0x0000022b2e4364e0
}

Java Threads: ( => current thread )
  0x0000022b13850240 JavaThread "main" [_thread_in_vm, id=11336, stack(0x0000002dc2b00000,0x0000002dc2c00000)]
  0x0000022b2e013260 JavaThread "Reference Handler" daemon [_thread_blocked, id=1428, stack(0x0000002dc3200000,0x0000002dc3300000)]
  0x0000022b2d53aef0 JavaThread "Finalizer" daemon [_thread_blocked, id=16000, stack(0x0000002dc3300000,0x0000002dc3400000)]
  0x0000022b2d575b60 JavaThread "Signal Dispatcher" daemon [_thread_blocked, id=14668, stack(0x0000002dc3400000,0x0000002dc3500000)]
  0x0000022b2d576420 JavaThread "Attach Listener" daemon [_thread_blocked, id=1944, stack(0x0000002dc3500000,0x0000002dc3600000)]
  0x0000022b2d576ce0 JavaThread "Service Thread" daemon [_thread_blocked, id=12016, stack(0x0000002dc3600000,0x0000002dc3700000)]
  0x0000022b2d5775a0 JavaThread "Monitor Deflation Thread" daemon [_thread_blocked, id=17456, stack(0x0000002dc3700000,0x0000002dc3800000)]
  0x0000022b2e037330 JavaThread "C2 CompilerThread0" daemon [_thread_blocked, id=12500, stack(0x0000002dc3800000,0x0000002dc3900000)]
  0x0000022b2e037c30 JavaThread "C1 CompilerThread0" daemon [_thread_blocked, id=12580, stack(0x0000002dc3900000,0x0000002dc3a00000)]
  0x0000022b2e058560 JavaThread "Sweeper thread" daemon [_thread_blocked, id=7760, stack(0x0000002dc3a00000,0x0000002dc3b00000)]
  0x0000022b2e1ad760 JavaThread "Notification Thread" daemon [_thread_blocked, id=16540, stack(0x0000002dc3b00000,0x0000002dc3c00000)]
  0x0000022b2e1c1080 JavaThread "Common-Cleaner" daemon [_thread_blocked, id=2456, stack(0x0000002dc3d00000,0x0000002dc3e00000)]
=>0x0000022b2e4364e0 JavaThread "C2 CompilerThread1" daemon [_thread_in_native, id=4756, stack(0x0000002dc3e00000,0x0000002dc3f00000)]

Other Threads:
  0x0000022b2d565b90 VMThread "VM Thread" [stack: 0x0000002dc3100000,0x0000002dc3200000] [id=9208]
  0x0000022b138c5440 WatcherThread [stack: 0x0000002dc3c00000,0x0000002dc3d00000] [id=11048]
  0x0000022b138ac6f0 GCTaskThread "GC Thread#0" [stack: 0x0000002dc2c00000,0x0000002dc2d00000] [id=12788]
  0x0000022b138bce00 ConcurrentGCThread "G1 Main Marker" [stack: 0x0000002dc2d00000,0x0000002dc2e00000] [id=8996]
  0x0000022b138bd720 ConcurrentGCThread "G1 Conc#0" [stack: 0x0000002dc2e00000,0x0000002dc2f00000] [id=20228]
  0x0000022b13917900 ConcurrentGCThread "G1 Refine#0" [stack: 0x0000002dc2f00000,0x0000002dc3000000] [id=15136]
  0x0000022b2d3b2320 ConcurrentGCThread "G1 Service" [stack: 0x0000002dc3000000,0x0000002dc3100000] [id=15984]

Threads with active compile tasks:
C2 CompilerThread1     1087  601       4       java.lang.String::substring (58 bytes)

VM state: not at safepoint (normal execution)

VM Mutex/Monitor currently owned by a thread:  ([mutex/lock_event])
[0x0000022b1384ad60] Metaspace_lock - owner thread: 0x0000022b13850240

OutOfMemory and StackOverflow Exception counts:
OutOfMemoryError java_heap_errors=2
LinkageErrors=1

Heap address: 0x0000000083a00000, size: 1990 MB, Compressed Oops mode: 32-bit

CDS archive(s) not mapped
Compressed class space mapped at: 0x0000000100000000-0x0000000140000000, reserved size: 1073741824
Narrow klass base: 0x0000000000000000, Narrow klass shift: 3, Narrow klass range: 0x140000000

GC Precious Log:
 CPUs: 8 total, 8 available
 Memory: 7955M
 Large Page Support: Disabled
 NUMA Support: Disabled
 Compressed Oops: Enabled (32-bit)
 Heap Region Size: 1M
 Heap Min Capacity: 8M
 Heap Initial Capacity: 126M
 Heap Max Capacity: 1990M
 Pre-touch: Disabled
 Parallel Workers: 8
 Concurrent Workers: 2
 Concurrent Refinement Workers: 8
 Periodic GC: Disabled

Heap:
 garbage-first heap   total 129024K, used 13312K [0x0000000083a00000, 0x0000000100000000)
  region size 1024K, 14 young (14336K), 0 survivors (0K)
 Metaspace       used 8675K, committed 8832K, reserved 1056768K
  class space    used 775K, committed 896K, reserved 1048576K

Heap Regions: E=young(eden), S=young(survivor), O=old, HS=humongous(starts), HC=humongous(continues), CS=collection set, F=free, OA=open archive, CA=closed archive, TAMS=top-at-mark-start (previous, next)
|   0|0x0000000083a00000, 0x0000000083a00000, 0x0000000083b00000|  0%| F|  |TAMS 0x0000000083a00000, 0x0000000083a00000| Untracked 
|   1|0x0000000083b00000, 0x0000000083b00000, 0x0000000083c00000|  0%| F|  |TAMS 0x0000000083b00000, 0x0000000083b00000| Untracked 
|   2|0x0000000083c00000, 0x0000000083c00000, 0x0000000083d00000|  0%| F|  |TAMS 0x0000000083c00000, 0x0000000083c00000| Untracked 
|   3|0x0000000083d00000, 0x0000000083d00000, 0x0000000083e00000|  0%| F|  |TAMS 0x0000000083d00000, 0x0000000083d00000| Untracked 
|   4|0x0000000083e00000, 0x0000000083e00000, 0x0000000083f00000|  0%| F|  |TAMS 0x0000000083e00000, 0x0000000083e00000| Untracked 
|   5|0x0000000083f00000, 0x0000000083f00000, 0x0000000084000000|  0%| F|  |TAMS 0x0000000083f00000, 0x0000000083f00000| Untracked 
|   6|0x0000000084000000, 0x0000000084000000, 0x0000000084100000|  0%| F|  |TAMS 0x0000000084000000, 0x0000000084000000| Untracked 
|   7|0x0000000084100000, 0x0000000084100000, 0x0000000084200000|  0%| F|  |TAMS 0x0000000084100000, 0x0000000084100000| Untracked 
|   8|0x0000000084200000, 0x0000000084200000, 0x0000000084300000|  0%| F|  |TAMS 0x0000000084200000, 0x0000000084200000| Untracked 
|   9|0x0000000084300000, 0x0000000084300000, 0x0000000084400000|  0%| F|  |TAMS 0x0000000084300000, 0x0000000084300000| Untracked 
|  10|0x0000000084400000, 0x0000000084400000, 0x0000000084500000|  0%| F|  |TAMS 0x0000000084400000, 0x0000000084400000| Untracked 
|  11|0x0000000084500000, 0x0000000084500000, 0x0000000084600000|  0%| F|  |TAMS 0x0000000084500000, 0x0000000084500000| Untracked 
|  12|0x0000000084600000, 0x0000000084600000, 0x0000000084700000|  0%| F|  |TAMS 0x0000000084600000, 0x0000000084600000| Untracked 
|  13|0x0000000084700000, 0x0000000084700000, 0x0000000084800000|  0%| F|  |TAMS 0x0000000084700000, 0x0000000084700000| Untracked 
|  14|0x0000000084800000, 0x0000000084800000, 0x0000000084900000|  0%| F|  |TAMS 0x0000000084800000, 0x0000000084800000| Untracked 
|  15|0x0000000084900000, 0x0000000084900000, 0x0000000084a00000|  0%| F|  |TAMS 0x0000000084900000, 0x0000000084900000| Untracked 
|  16|0x0000000084a00000, 0x0000000084a00000, 0x0000000084b00000|  0%| F|  |TAMS 0x0000000084a00000, 0x0000000084a00000| Untracked 
|  17|0x0000000084b00000, 0x0000000084b00000, 0x0000000084c00000|  0%| F|  |TAMS 0x0000000084b00000, 0x0000000084b00000| Untracked 
|  18|0x0000000084c00000, 0x0000000084c00000, 0x0000000084d00000|  0%| F|  |TAMS 0x0000000084c00000, 0x0000000084c00000| Untracked 
|  19|0x0000000084d00000, 0x0000000084d00000, 0x0000000084e00000|  0%| F|  |TAMS 0x0000000084d00000, 0x0000000084d00000| Untracked 
|  20|0x0000000084e00000, 0x0000000084e00000, 0x0000000084f00000|  0%| F|  |TAMS 0x0000000084e00000, 0x0000000084e00000| Untracked 
|  21|0x0000000084f00000, 0x0000000084f00000, 0x0000000085000000|  0%| F|  |TAMS 0x0000000084f00000, 0x0000000084f00000| Untracked 
|  22|0x0000000085000000, 0x0000000085000000, 0x0000000085100000|  0%| F|  |TAMS 0x0000000085000000, 0x0000000085000000| Untracked 
|  23|0x0000000085100000, 0x0000000085100000, 0x0000000085200000|  0%| F|  |TAMS 0x0000000085100000, 0x0000000085100000| Untracked 
|  24|0x0000000085200000, 0x0000000085200000, 0x0000000085300000|  0%| F|  |TAMS 0x0000000085200000, 0x0000000085200000| Untracked 
|  25|0x0000000085300000, 0x0000000085300000, 0x0000000085400000|  0%| F|  |TAMS 0x0000000085300000, 0x0000000085300000| Untracked 
|  26|0x0000000085400000, 0x0000000085400000, 0x0000000085500000|  0%| F|  |TAMS 0x0000000085400000, 0x0000000085400000| Untracked 
|  27|0x0000000085500000, 0x0000000085500000, 0x0000000085600000|  0%| F|  |TAMS 0x0000000085500000, 0x0000000085500000| Untracked 
|  28|0x0000000085600000, 0x0000000085600000, 0x0000000085700000|  0%| F|  |TAMS 0x0000000085600000, 0x0000000085600000| Untracked 
|  29|0x0000000085700000, 0x0000000085700000, 0x0000000085800000|  0%| F|  |TAMS 0x0000000085700000, 0x0000000085700000| Untracked 
|  30|0x0000000085800000, 0x0000000085800000, 0x0000000085900000|  0%| F|  |TAMS 0x0000000085800000, 0x0000000085800000| Untracked 
|  31|0x0000000085900000, 0x0000000085900000, 0x0000000085a00000|  0%| F|  |TAMS 0x0000000085900000, 0x0000000085900000| Untracked 
|  32|0x0000000085a00000, 0x0000000085a00000, 0x0000000085b00000|  0%| F|  |TAMS 0x0000000085a00000, 0x0000000085a00000| Untracked 
|  33|0x0000000085b00000, 0x0000000085b00000, 0x0000000085c00000|  0%| F|  |TAMS 0x0000000085b00000, 0x0000000085b00000| Untracked 
|  34|0x0000000085c00000, 0x0000000085c00000, 0x0000000085d00000|  0%| F|  |TAMS 0x0000000085c00000, 0x0000000085c00000| Untracked 
|  35|0x0000000085d00000, 0x0000000085d00000, 0x0000000085e00000|  0%| F|  |TAMS 0x0000000085d00000, 0x0000000085d00000| Untracked 
|  36|0x0000000085e00000, 0x0000000085e00000, 0x0000000085f00000|  0%| F|  |TAMS 0x0000000085e00000, 0x0000000085e00000| Untracked 
|  37|0x0000000085f00000, 0x0000000085f00000, 0x0000000086000000|  0%| F|  |TAMS 0x0000000085f00000, 0x0000000085f00000| Untracked 
|  38|0x0000000086000000, 0x0000000086000000, 0x0000000086100000|  0%| F|  |TAMS 0x0000000086000000, 0x0000000086000000| Untracked 
|  39|0x0000000086100000, 0x0000000086100000, 0x0000000086200000|  0%| F|  |TAMS 0x0000000086100000, 0x0000000086100000| Untracked 
|  40|0x0000000086200000, 0x0000000086200000, 0x0000000086300000|  0%| F|  |TAMS 0x0000000086200000, 0x0000000086200000| Untracked 
|  41|0x0000000086300000, 0x0000000086300000, 0x0000000086400000|  0%| F|  |TAMS 0x0000000086300000, 0x0000000086300000| Untracked 
|  42|0x0000000086400000, 0x0000000086400000, 0x0000000086500000|  0%| F|  |TAMS 0x0000000086400000, 0x0000000086400000| Untracked 
|  43|0x0000000086500000, 0x0000000086500000, 0x0000000086600000|  0%| F|  |TAMS 0x0000000086500000, 0x0000000086500000| Untracked 
|  44|0x0000000086600000, 0x0000000086600000, 0x0000000086700000|  0%| F|  |TAMS 0x0000000086600000, 0x0000000086600000| Untracked 
|  45|0x0000000086700000, 0x0000000086700000, 0x0000000086800000|  0%| F|  |TAMS 0x0000000086700000, 0x0000000086700000| Untracked 
|  46|0x0000000086800000, 0x0000000086800000, 0x0000000086900000|  0%| F|  |TAMS 0x0000000086800000, 0x0000000086800000| Untracked 
|  47|0x0000000086900000, 0x0000000086900000, 0x0000000086a00000|  0%| F|  |TAMS 0x0000000086900000, 0x0000000086900000| Untracked 
|  48|0x0000000086a00000, 0x0000000086a00000, 0x0000000086b00000|  0%| F|  |TAMS 0x0000000086a00000, 0x0000000086a00000| Untracked 
|  49|0x0000000086b00000, 0x0000000086b00000, 0x0000000086c00000|  0%| F|  |TAMS 0x0000000086b00000, 0x0000000086b00000| Untracked 
|  50|0x0000000086c00000, 0x0000000086c00000, 0x0000000086d00000|  0%| F|  |TAMS 0x0000000086c00000, 0x0000000086c00000| Untracked 
|  51|0x0000000086d00000, 0x0000000086d00000, 0x0000000086e00000|  0%| F|  |TAMS 0x0000000086d00000, 0x0000000086d00000| Untracked 
|  52|0x0000000086e00000, 0x0000000086e00000, 0x0000000086f00000|  0%| F|  |TAMS 0x0000000086e00000, 0x0000000086e00000| Untracked 
|  53|0x0000000086f00000, 0x0000000086f00000, 0x0000000087000000|  0%| F|  |TAMS 0x0000000086f00000, 0x0000000086f00000| Untracked 
|  54|0x0000000087000000, 0x0000000087000000, 0x0000000087100000|  0%| F|  |TAMS 0x0000000087000000, 0x0000000087000000| Untracked 
|  55|0x0000000087100000, 0x0000000087100000, 0x0000000087200000|  0%| F|  |TAMS 0x0000000087100000, 0x0000000087100000| Untracked 
|  56|0x0000000087200000, 0x0000000087200000, 0x0000000087300000|  0%| F|  |TAMS 0x0000000087200000, 0x0000000087200000| Untracked 
|  57|0x0000000087300000, 0x0000000087300000, 0x0000000087400000|  0%| F|  |TAMS 0x0000000087300000, 0x0000000087300000| Untracked 
|  58|0x0000000087400000, 0x0000000087400000, 0x0000000087500000|  0%| F|  |TAMS 0x0000000087400000, 0x0000000087400000| Untracked 
|  59|0x0000000087500000, 0x0000000087500000, 0x0000000087600000|  0%| F|  |TAMS 0x0000000087500000, 0x0000000087500000| Untracked 
|  60|0x0000000087600000, 0x0000000087600000, 0x0000000087700000|  0%| F|  |TAMS 0x0000000087600000, 0x0000000087600000| Untracked 
|  61|0x0000000087700000, 0x0000000087700000, 0x0000000087800000|  0%| F|  |TAMS 0x0000000087700000, 0x0000000087700000| Untracked 
|  62|0x0000000087800000, 0x0000000087800000, 0x0000000087900000|  0%| F|  |TAMS 0x0000000087800000, 0x0000000087800000| Untracked 
|  63|0x0000000087900000, 0x0000000087900000, 0x0000000087a00000|  0%| F|  |TAMS 0x0000000087900000, 0x0000000087900000| Untracked 
|  64|0x0000000087a00000, 0x0000000087a00000, 0x0000000087b00000|  0%| F|  |TAMS 0x0000000087a00000, 0x0000000087a00000| Untracked 
|  65|0x0000000087b00000, 0x0000000087b00000, 0x0000000087c00000|  0%| F|  |TAMS 0x0000000087b00000, 0x0000000087b00000| Untracked 
|  66|0x0000000087c00000, 0x0000000087c00000, 0x0000000087d00000|  0%| F|  |TAMS 0x0000000087c00000, 0x0000000087c00000| Untracked 
|  67|0x0000000087d00000, 0x0000000087d00000, 0x0000000087e00000|  0%| F|  |TAMS 0x0000000087d00000, 0x0000000087d00000| Untracked 
|  68|0x0000000087e00000, 0x0000000087e00000, 0x0000000087f00000|  0%| F|  |TAMS 0x0000000087e00000, 0x0000000087e00000| Untracked 
|  69|0x0000000087f00000, 0x0000000087f00000, 0x0000000088000000|  0%| F|  |TAMS 0x0000000087f00000, 0x0000000087f00000| Untracked 
|  70|0x0000000088000000, 0x0000000088000000, 0x0000000088100000|  0%| F|  |TAMS 0x0000000088000000, 0x0000000088000000| Untracked 
|  71|0x0000000088100000, 0x0000000088100000, 0x0000000088200000|  0%| F|  |TAMS 0x0000000088100000, 0x0000000088100000| Untracked 
|  72|0x0000000088200000, 0x0000000088200000, 0x0000000088300000|  0%| F|  |TAMS 0x0000000088200000, 0x0000000088200000| Untracked 
|  73|0x0000000088300000, 0x0000000088300000, 0x0000000088400000|  0%| F|  |TAMS 0x0000000088300000, 0x0000000088300000| Untracked 
|  74|0x0000000088400000, 0x0000000088400000, 0x0000000088500000|  0%| F|  |TAMS 0x0000000088400000, 0x0000000088400000| Untracked 
|  75|0x0000000088500000, 0x0000000088500000, 0x0000000088600000|  0%| F|  |TAMS 0x0000000088500000, 0x0000000088500000| Untracked 
|  76|0x0000000088600000, 0x0000000088600000, 0x0000000088700000|  0%| F|  |TAMS 0x0000000088600000, 0x0000000088600000| Untracked 
|  77|0x0000000088700000, 0x0000000088700000, 0x0000000088800000|  0%| F|  |TAMS 0x0000000088700000, 0x0000000088700000| Untracked 
|  78|0x0000000088800000, 0x0000000088800000, 0x0000000088900000|  0%| F|  |TAMS 0x0000000088800000, 0x0000000088800000| Untracked 
|  79|0x0000000088900000, 0x0000000088900000, 0x0000000088a00000|  0%| F|  |TAMS 0x0000000088900000, 0x0000000088900000| Untracked 
|  80|0x0000000088a00000, 0x0000000088a00000, 0x0000000088b00000|  0%| F|  |TAMS 0x0000000088a00000, 0x0000000088a00000| Untracked 
|  81|0x0000000088b00000, 0x0000000088b00000, 0x0000000088c00000|  0%| F|  |TAMS 0x0000000088b00000, 0x0000000088b00000| Untracked 
|  82|0x0000000088c00000, 0x0000000088c00000, 0x0000000088d00000|  0%| F|  |TAMS 0x0000000088c00000, 0x0000000088c00000| Untracked 
|  83|0x0000000088d00000, 0x0000000088d00000, 0x0000000088e00000|  0%| F|  |TAMS 0x0000000088d00000, 0x0000000088d00000| Untracked 
|  84|0x0000000088e00000, 0x0000000088e00000, 0x0000000088f00000|  0%| F|  |TAMS 0x0000000088e00000, 0x0000000088e00000| Untracked 
|  85|0x0000000088f00000, 0x0000000088f00000, 0x0000000089000000|  0%| F|  |TAMS 0x0000000088f00000, 0x0000000088f00000| Untracked 
|  86|0x0000000089000000, 0x0000000089000000, 0x0000000089100000|  0%| F|  |TAMS 0x0000000089000000, 0x0000000089000000| Untracked 
|  87|0x0000000089100000, 0x0000000089100000, 0x0000000089200000|  0%| F|  |TAMS 0x0000000089100000, 0x0000000089100000| Untracked 
|  88|0x0000000089200000, 0x0000000089200000, 0x0000000089300000|  0%| F|  |TAMS 0x0000000089200000, 0x0000000089200000| Untracked 
|  89|0x0000000089300000, 0x0000000089300000, 0x0000000089400000|  0%| F|  |TAMS 0x0000000089300000, 0x0000000089300000| Untracked 
|  90|0x0000000089400000, 0x0000000089400000, 0x0000000089500000|  0%| F|  |TAMS 0x0000000089400000, 0x0000000089400000| Untracked 
|  91|0x0000000089500000, 0x0000000089500000, 0x0000000089600000|  0%| F|  |TAMS 0x0000000089500000, 0x0000000089500000| Untracked 
|  92|0x0000000089600000, 0x0000000089600000, 0x0000000089700000|  0%| F|  |TAMS 0x0000000089600000, 0x0000000089600000| Untracked 
|  93|0x0000000089700000, 0x0000000089700000, 0x0000000089800000|  0%| F|  |TAMS 0x0000000089700000, 0x0000000089700000| Untracked 
|  94|0x0000000089800000, 0x0000000089800000, 0x0000000089900000|  0%| F|  |TAMS 0x0000000089800000, 0x0000000089800000| Untracked 
|  95|0x0000000089900000, 0x0000000089900000, 0x0000000089a00000|  0%| F|  |TAMS 0x0000000089900000, 0x0000000089900000| Untracked 
|  96|0x0000000089a00000, 0x0000000089a00000, 0x0000000089b00000|  0%| F|  |TAMS 0x0000000089a00000, 0x0000000089a00000| Untracked 
|  97|0x0000000089b00000, 0x0000000089b00000, 0x0000000089c00000|  0%| F|  |TAMS 0x0000000089b00000, 0x0000000089b00000| Untracked 
|  98|0x0000000089c00000, 0x0000000089c00000, 0x0000000089d00000|  0%| F|  |TAMS 0x0000000089c00000, 0x0000000089c00000| Untracked 
|  99|0x0000000089d00000, 0x0000000089d00000, 0x0000000089e00000|  0%| F|  |TAMS 0x0000000089d00000, 0x0000000089d00000| Untracked 
| 100|0x0000000089e00000, 0x0000000089e00000, 0x0000000089f00000|  0%| F|  |TAMS 0x0000000089e00000, 0x0000000089e00000| Untracked 
| 101|0x0000000089f00000, 0x0000000089f00000, 0x000000008a000000|  0%| F|  |TAMS 0x0000000089f00000, 0x0000000089f00000| Untracked 
| 102|0x000000008a000000, 0x000000008a000000, 0x000000008a100000|  0%| F|  |TAMS 0x000000008a000000, 0x000000008a000000| Untracked 
| 103|0x000000008a100000, 0x000000008a100000, 0x000000008a200000|  0%| F|  |TAMS 0x000000008a100000, 0x000000008a100000| Untracked 
| 104|0x000000008a200000, 0x000000008a200000, 0x000000008a300000|  0%| F|  |TAMS 0x000000008a200000, 0x000000008a200000| Untracked 
| 105|0x000000008a300000, 0x000000008a300000, 0x000000008a400000|  0%| F|  |TAMS 0x000000008a300000, 0x000000008a300000| Untracked 
| 106|0x000000008a400000, 0x000000008a400000, 0x000000008a500000|  0%| F|  |TAMS 0x000000008a400000, 0x000000008a400000| Untracked 
| 107|0x000000008a500000, 0x000000008a500000, 0x000000008a600000|  0%| F|  |TAMS 0x000000008a500000, 0x000000008a500000| Untracked 
| 108|0x000000008a600000, 0x000000008a600000, 0x000000008a700000|  0%| F|  |TAMS 0x000000008a600000, 0x000000008a600000| Untracked 
| 109|0x000000008a700000, 0x000000008a700000, 0x000000008a800000|  0%| F|  |TAMS 0x000000008a700000, 0x000000008a700000| Untracked 
| 110|0x000000008a800000, 0x000000008a800000, 0x000000008a900000|  0%| F|  |TAMS 0x000000008a800000, 0x000000008a800000| Untracked 
| 111|0x000000008a900000, 0x000000008a900000, 0x000000008aa00000|  0%| F|  |TAMS 0x000000008a900000, 0x000000008a900000| Untracked 
| 112|0x000000008aa00000, 0x000000008aaec168, 0x000000008ab00000| 92%| E|  |TAMS 0x000000008aa00000, 0x000000008aa00000| Complete 
| 113|0x000000008ab00000, 0x000000008ac00000, 0x000000008ac00000|100%| E|CS|TAMS 0x000000008ab00000, 0x000000008ab00000| Complete 
| 114|0x000000008ac00000, 0x000000008ad00000, 0x000000008ad00000|100%| E|CS|TAMS 0x000000008ac00000, 0x000000008ac00000| Complete 
| 115|0x000000008ad00000, 0x000000008ae00000, 0x000000008ae00000|100%| E|CS|TAMS 0x000000008ad00000, 0x000000008ad00000| Complete 
| 116|0x000000008ae00000, 0x000000008af00000, 0x000000008af00000|100%| E|CS|TAMS 0x000000008ae00000, 0x000000008ae00000| Complete 
| 117|0x000000008af00000, 0x000000008b000000, 0x000000008b000000|100%| E|CS|TAMS 0x000000008af00000, 0x000000008af00000| Complete 
| 118|0x000000008b000000, 0x000000008b100000, 0x000000008b100000|100%| E|CS|TAMS 0x000000008b000000, 0x000000008b000000| Complete 
| 119|0x000000008b100000, 0x000000008b200000, 0x000000008b200000|100%| E|CS|TAMS 0x000000008b100000, 0x000000008b100000| Complete 
| 120|0x000000008b200000, 0x000000008b300000, 0x000000008b300000|100%| E|CS|TAMS 0x000000008b200000, 0x000000008b200000| Complete 
| 121|0x000000008b300000, 0x000000008b400000, 0x000000008b400000|100%| E|CS|TAMS 0x000000008b300000, 0x000000008b300000| Complete 
| 122|0x000000008b400000, 0x000000008b500000, 0x000000008b500000|100%| E|CS|TAMS 0x000000008b400000, 0x000000008b400000| Complete 
| 123|0x000000008b500000, 0x000000008b600000, 0x000000008b600000|100%| E|CS|TAMS 0x000000008b500000, 0x000000008b500000| Complete 
| 124|0x000000008b600000, 0x000000008b700000, 0x000000008b700000|100%| E|CS|TAMS 0x000000008b600000, 0x000000008b600000| Complete 
| 125|0x000000008b700000, 0x000000008b800000, 0x000000008b800000|100%| E|CS|TAMS 0x000000008b700000, 0x000000008b700000| Complete 

Card table byte_map: [0x0000022b26440000,0x0000022b26830000] _byte_map_base: 0x0000022b26023000

Marking Bits (Prev, Next): (CMBitMap*) 0x0000022b138acc10, (CMBitMap*) 0x0000022b138acc50
 Prev Bits: [0x0000022b26c20000, 0x0000022b28b38000)
 Next Bits: [0x0000022b28b40000, 0x0000022b2aa58000)

Polling page: 0x0000022b13020000

Metaspace:

Usage:
  Non-class:      7.71 MB used.
      Class:    775.97 KB used.
       Both:      8.47 MB used.

Virtual space:
  Non-class space:        8.00 MB reserved,       7.75 MB ( 97%) committed,  1 nodes.
      Class space:        1.00 GB reserved,     896.00 KB ( <1%) committed,  1 nodes.
             Both:        1.01 GB reserved,       8.62 MB ( <1%) committed. 

Chunk freelists:
   Non-Class:  176.00 KB
       Class:  3.16 MB
        Both:  3.33 MB

MaxMetaspaceSize: unlimited
CompressedClassSpaceSize: 1.00 GB
Initial GC threshold: 21.00 MB
Current GC threshold: 21.00 MB
CDS: off
MetaspaceReclaimPolicy: balanced
 - commit_granule_bytes: 65536.
 - commit_granule_words: 8192.
 - virtual_space_node_default_size: 1048576.
 - enlarge_chunks_in_place: 1.
 - new_chunks_are_fully_committed: 0.
 - uncommit_free_chunks: 1.
 - use_allocation_guard: 0.
 - handle_deallocations: 1.


Internal statistics:

num_allocs_failed_limit: 0.
num_arena_births: 14.
num_arena_deaths: 0.
num_vsnodes_births: 2.
num_vsnodes_deaths: 0.
num_space_committed: 138.
num_space_uncommitted: 0.
num_chunks_returned_to_freelist: 0.
num_chunks_taken_from_freelist: 63.
num_chunk_merges: 0.
num_chunk_splits: 32.
num_chunks_enlarged: 28.
num_purges: 0.
num_inconsistent_stats: 0.

CodeHeap 'non-profiled nmethods': size=120000Kb used=198Kb max_used=198Kb free=119801Kb
 bounds [0x0000022b1e7f0000, 0x0000022b1ea60000, 0x0000022b25d20000]
CodeHeap 'profiled nmethods': size=120000Kb used=987Kb max_used=987Kb free=119012Kb
 bounds [0x0000022b16d20000, 0x0000022b16f90000, 0x0000022b1e250000]
CodeHeap 'non-nmethods': size=5760Kb used=1135Kb max_used=1163Kb free=4624Kb
 bounds [0x0000022b1e250000, 0x0000022b1e4c0000, 0x0000022b1e7f0000]
 total_blobs=1020 nmethods=612 adapters=321
 compilation: enabled
              stopped_count=0, restarted_count=0
 full_count=0

Compilation events (20 events):
Event: 1.056 Thread 0x0000022b2e037c30 nmethod 594 0x0000022b16e11410 code [0x0000022b16e115c0, 0x0000022b16e11728]
Event: 1.056 Thread 0x0000022b2e037c30  595   !   3       java.util.zip.ZipFile$CleanableResource::releaseInflater (53 bytes)
Event: 1.056 Thread 0x0000022b2e037c30 nmethod 595 0x0000022b16e11810 code [0x0000022b16e119e0, 0x0000022b16e11e08]
Event: 1.056 Thread 0x0000022b2e037c30  596       3       java.util.zip.ZipCoder$UTF8ZipCoder::hasTrailingSlash (20 bytes)
Event: 1.057 Thread 0x0000022b2e037c30 nmethod 596 0x0000022b16e12010 code [0x0000022b16e121a0, 0x0000022b16e12378]
Event: 1.057 Thread 0x0000022b2e037c30  597       3       java.io.BufferedReader::readLine (7 bytes)
Event: 1.057 Thread 0x0000022b2e037c30 nmethod 597 0x0000022b16e12490 code [0x0000022b16e12640, 0x0000022b16e127a8]
Event: 1.059 Thread 0x0000022b2e037c30  598       1       sun.nio.fs.WindowsPath::getFileSystem (5 bytes)
Event: 1.059 Thread 0x0000022b2e037c30 nmethod 598 0x0000022b1e820b90 code [0x0000022b1e820d20, 0x0000022b1e820df8]
Event: 1.059 Thread 0x0000022b2e037330  599       4       java.lang.StringLatin1::charAt (28 bytes)
Event: 1.060 Thread 0x0000022b2e037c30  600       3       java.nio.file.attribute.FileTime::<init> (21 bytes)
Event: 1.061 Thread 0x0000022b2e037330 nmethod 599 0x0000022b1e820e90 code [0x0000022b1e821000, 0x0000022b1e821098]
Event: 1.061 Thread 0x0000022b2e037c30 nmethod 600 0x0000022b16e12890 code [0x0000022b16e12a40, 0x0000022b16e12c78]
Event: 1.061 Thread 0x0000022b2e4364e0  601       4       java.lang.String::substring (58 bytes)
Event: 1.061 Thread 0x0000022b2e037c30  602       3       java.lang.Math::addExact (32 bytes)
Event: 1.061 Thread 0x0000022b2e037c30 nmethod 602 0x0000022b16e12d10 code [0x0000022b16e12ec0, 0x0000022b16e130c8]
Event: 1.061 Thread 0x0000022b2e037c30  603       3       java.lang.Math::multiplyExact (74 bytes)
Event: 1.062 Thread 0x0000022b2e037c30 nmethod 603 0x0000022b16e13190 code [0x0000022b16e13360, 0x0000022b16e13888]
Event: 1.062 Thread 0x0000022b2e037c30  604       3       java.nio.file.attribute.FileTime::from (18 bytes)
Event: 1.062 Thread 0x0000022b2e037c30 nmethod 604 0x0000022b16e13a10 code [0x0000022b16e13be0, 0x0000022b16e13fa8]

GC Heap History (0 events):
No events

Dll operation events (2 events):
Event: 0.011 Loaded shared library C:\Program Files\Android\Android Studio2\jbr\bin\java.dll
Event: 0.259 Loaded shared library C:\Program Files\Android\Android Studio2\jbr\bin\verify.dll

Deoptimization events (20 events):
Event: 0.978 Thread 0x0000022b13850240 DEOPT PACKING pc=0x0000022b1e80e814 sp=0x0000002dc2bf91c0
Event: 0.978 Thread 0x0000022b13850240 DEOPT UNPACKING pc=0x0000022b1e2aa1a3 sp=0x0000002dc2bf9168 mode 2
Event: 0.988 Thread 0x0000022b13850240 Uncommon trap: trap_request=0xffffffde fr.pc=0x0000022b1e815da4 relative=0x0000000000000e24
Event: 0.988 Thread 0x0000022b13850240 Uncommon trap: reason=class_check action=maybe_recompile pc=0x0000022b1e815da4 method=java.util.HashMap.putVal(ILjava/lang/Object;Ljava/lang/Object;ZZ)Ljava/lang/Object; @ 91 c2
Event: 0.988 Thread 0x0000022b13850240 DEOPT PACKING pc=0x0000022b1e815da4 sp=0x0000002dc2bf9ad0
Event: 0.989 Thread 0x0000022b13850240 DEOPT UNPACKING pc=0x0000022b1e2aa1a3 sp=0x0000002dc2bf9a60 mode 2
Event: 1.001 Thread 0x0000022b13850240 Uncommon trap: trap_request=0xffffffde fr.pc=0x0000022b1e815e44 relative=0x0000000000000ec4
Event: 1.001 Thread 0x0000022b13850240 Uncommon trap: reason=class_check action=maybe_recompile pc=0x0000022b1e815e44 method=java.util.HashMap.putVal(ILjava/lang/Object;Ljava/lang/Object;ZZ)Ljava/lang/Object; @ 203 c2
Event: 1.001 Thread 0x0000022b13850240 DEOPT PACKING pc=0x0000022b1e815e44 sp=0x0000002dc2bf9ad0
Event: 1.001 Thread 0x0000022b13850240 DEOPT UNPACKING pc=0x0000022b1e2aa1a3 sp=0x0000002dc2bf9a60 mode 2
Event: 1.003 Thread 0x0000022b13850240 Uncommon trap: trap_request=0xffffffde fr.pc=0x0000022b1e815e44 relative=0x0000000000000ec4
Event: 1.003 Thread 0x0000022b13850240 Uncommon trap: reason=class_check action=maybe_recompile pc=0x0000022b1e815e44 method=java.util.HashMap.putVal(ILjava/lang/Object;Ljava/lang/Object;ZZ)Ljava/lang/Object; @ 203 c2
Event: 1.003 Thread 0x0000022b13850240 DEOPT PACKING pc=0x0000022b1e815e44 sp=0x0000002dc2bf9ad0
Event: 1.003 Thread 0x0000022b13850240 DEOPT UNPACKING pc=0x0000022b1e2aa1a3 sp=0x0000002dc2bf9a60 mode 2
Event: 1.028 Thread 0x0000022b13850240 DEOPT PACKING pc=0x0000022b16d5cf18 sp=0x0000002dc2bf72b0
Event: 1.028 Thread 0x0000022b13850240 DEOPT UNPACKING pc=0x0000022b1e2aace3 sp=0x0000002dc2bf6770 mode 0
Event: 1.057 Thread 0x0000022b13850240 Uncommon trap: trap_request=0xffffffde fr.pc=0x0000022b1e815da4 relative=0x0000000000000e24
Event: 1.057 Thread 0x0000022b13850240 Uncommon trap: reason=class_check action=maybe_recompile pc=0x0000022b1e815da4 method=java.util.HashMap.putVal(ILjava/lang/Object;Ljava/lang/Object;ZZ)Ljava/lang/Object; @ 91 c2
Event: 1.057 Thread 0x0000022b13850240 DEOPT PACKING pc=0x0000022b1e815da4 sp=0x0000002dc2bfc000
Event: 1.057 Thread 0x0000022b13850240 DEOPT UNPACKING pc=0x0000022b1e2aa1a3 sp=0x0000002dc2bfbf90 mode 2

Classes unloaded (0 events):
No events

Classes redefined (0 events):
No events

Internal exceptions (1 events):
Event: 0.617 Thread 0x0000022b13850240 Exception <a 'java/lang/NoSuchMethodError'{0x000000008b427db0}: 'int java.lang.invoke.DirectMethodHandle$Holder.invokeStaticInit(java.lang.Object, java.lang.Object)'> (0x000000008b427db0) 
thrown [s\src\hotspot\share\interpreter\linkResolver.cpp, line 771]

VM Operations (2 events):
Event: 0.248 Executing VM operation: HandshakeAllThreads
Event: 0.248 Executing VM operation: HandshakeAllThreads done

Events (20 events):
Event: 1.047 loading class java/util/concurrent/locks/AbstractQueuedSynchronizer$ConditionObject
Event: 1.048 loading class java/util/concurrent/locks/Condition
Event: 1.048 loading class java/util/concurrent/locks/Condition done
Event: 1.048 loading class java/util/concurrent/locks/AbstractQueuedSynchronizer$ConditionObject done
Event: 1.048 loading class java/util/concurrent/LinkedBlockingQueue$Node
Event: 1.048 loading class java/util/concurrent/LinkedBlockingQueue$Node done
Event: 1.049 loading class java/lang/SecurityException
Event: 1.049 loading class java/lang/SecurityException done
Event: 1.050 loading class java/util/Collections$EmptyEnumeration
Event: 1.050 loading class java/util/Collections$EmptyEnumeration done
Event: 1.050 loading class jdk/internal/loader/BuiltinClassLoader$1
Event: 1.050 loading class jdk/internal/loader/BuiltinClassLoader$1 done
Event: 1.050 loading class java/lang/CompoundEnumeration
Event: 1.050 loading class java/lang/CompoundEnumeration done
Event: 1.050 loading class jdk/internal/loader/URLClassPath$1
Event: 1.050 loading class jdk/internal/loader/URLClassPath$1 done
Event: 1.050 loading class java/net/URLClassLoader$3
Event: 1.050 loading class java/net/URLClassLoader$3 done
Event: 1.051 loading class java/net/URLClassLoader$3$1
Event: 1.051 loading class java/net/URLClassLoader$3$1 done


Dynamic libraries:
0x00007ff6e3b30000 - 0x00007ff6e3b3a000 	C:\Program Files\Android\Android Studio2\jbr\bin\java.exe
0x00007fffb78c0000 - 0x00007fffb7ac9000 	C:\WINDOWS\SYSTEM32\ntdll.dll
0x00007fffb6780000 - 0x00007fffb683d000 	C:\WINDOWS\System32\KERNEL32.DLL
0x00007fffb5000000 - 0x00007fffb5379000 	C:\WINDOWS\System32\KERNELBASE.dll
0x00007fffb4e60000 - 0x00007fffb4f71000 	C:\WINDOWS\System32\ucrtbase.dll
0x00007fffa14c0000 - 0x00007fffa14d7000 	C:\Program Files\Android\Android Studio2\jbr\bin\jli.dll
0x00007fffb7620000 - 0x00007fffb77cc000 	C:\WINDOWS\System32\USER32.dll
0x00007fffb55b0000 - 0x00007fffb55d6000 	C:\WINDOWS\System32\win32u.dll
0x00007fffb6200000 - 0x00007fffb6229000 	C:\WINDOWS\System32\GDI32.dll
0x00007fffb5380000 - 0x00007fffb5492000 	C:\WINDOWS\System32\gdi32full.dll
0x00007fffb5510000 - 0x00007fffb55ad000 	C:\WINDOWS\System32\msvcp_win.dll
0x00007fffa1500000 - 0x00007fffa151b000 	C:\Program Files\Android\Android Studio2\jbr\bin\VCRUNTIME140.dll
0x00007fff94c70000 - 0x00007fff94f15000 	C:\WINDOWS\WinSxS\amd64_microsoft.windows.common-controls_6595b64144ccf1df_6.0.22000.120_none_9d947278b86cc467\COMCTL32.dll
0x00007fffb6b30000 - 0x00007fffb6bd3000 	C:\WINDOWS\System32\msvcrt.dll
0x00007fffb6580000 - 0x00007fffb65b1000 	C:\WINDOWS\System32\IMM32.DLL
0x00007fffaf410000 - 0x00007fffaf41c000 	C:\Program Files\Android\Android Studio2\jbr\bin\vcruntime140_1.dll
0x00007fff9d100000 - 0x00007fff9d18d000 	C:\Program Files\Android\Android Studio2\jbr\bin\msvcp140.dll
0x00007fff21070000 - 0x00007fff21cde000 	C:\Program Files\Android\Android Studio2\jbr\bin\server\jvm.dll
0x00007fffb58d0000 - 0x00007fffb597e000 	C:\WINDOWS\System32\ADVAPI32.dll
0x00007fffb64d0000 - 0x00007fffb656e000 	C:\WINDOWS\System32\sechost.dll
0x00007fffb6230000 - 0x00007fffb6350000 	C:\WINDOWS\System32\RPCRT4.dll
0x00007fffa9290000 - 0x00007fffa92c3000 	C:\WINDOWS\SYSTEM32\WINMM.dll
0x00007fffaf350000 - 0x00007fffaf35a000 	C:\WINDOWS\SYSTEM32\VERSION.dll
0x00007fff7b230000 - 0x00007fff7b239000 	C:\WINDOWS\SYSTEM32\WSOCK32.dll
0x00007fffb70d0000 - 0x00007fffb713f000 	C:\WINDOWS\System32\WS2_32.dll
0x00007fffb3ea0000 - 0x00007fffb3eb8000 	C:\WINDOWS\SYSTEM32\kernel.appcore.dll
0x00007fffaa5b0000 - 0x00007fffaa5ba000 	C:\Program Files\Android\Android Studio2\jbr\bin\jimage.dll
0x00007fffb2810000 - 0x00007fffb2a31000 	C:\WINDOWS\SYSTEM32\DBGHELP.DLL
0x00007fff95ca0000 - 0x00007fff95cd1000 	C:\WINDOWS\SYSTEM32\dbgcore.DLL
0x00007fffb4f80000 - 0x00007fffb4fff000 	C:\WINDOWS\System32\bcryptPrimitives.dll
0x00007fffa1250000 - 0x00007fffa1275000 	C:\Program Files\Android\Android Studio2\jbr\bin\java.dll
0x00007fffa11c0000 - 0x00007fffa11d8000 	C:\Program Files\Android\Android Studio2\jbr\bin\zip.dll
0x00007fffb5980000 - 0x00007fffb6138000 	C:\WINDOWS\System32\SHELL32.dll
0x00007fffb2f10000 - 0x00007fffb3778000 	C:\WINDOWS\SYSTEM32\windows.storage.dll
0x00007fffb7230000 - 0x00007fffb75a9000 	C:\WINDOWS\System32\combase.dll
0x00007fffb2da0000 - 0x00007fffb2f06000 	C:\WINDOWS\SYSTEM32\wintypes.dll
0x00007fffb6a30000 - 0x00007fffb6b1a000 	C:\WINDOWS\System32\SHCORE.dll
0x00007fffb61a0000 - 0x00007fffb61fd000 	C:\WINDOWS\System32\shlwapi.dll
0x00007fffb4cd0000 - 0x00007fffb4cf1000 	C:\WINDOWS\SYSTEM32\profapi.dll
0x00007fffa11a0000 - 0x00007fffa11b9000 	C:\Program Files\Android\Android Studio2\jbr\bin\net.dll
0x00007fffaadc0000 - 0x00007fffaaecc000 	C:\WINDOWS\SYSTEM32\WINHTTP.dll
0x00007fffb4340000 - 0x00007fffb43a7000 	C:\WINDOWS\system32\mswsock.dll
0x00007fffa0d60000 - 0x00007fffa0d76000 	C:\Program Files\Android\Android Studio2\jbr\bin\nio.dll
0x00007fffaa520000 - 0x00007fffaa530000 	C:\Program Files\Android\Android Studio2\jbr\bin\verify.dll

dbghelp: loaded successfully - version: 4.0.5 - missing functions: none
symbol engine: initialized successfully - sym options: 0x614 - pdb path: .;C:\Program Files\Android\Android Studio2\jbr\bin;C:\WINDOWS\SYSTEM32;C:\WINDOWS\WinSxS\amd64_microsoft.windows.common-controls_6595b64144ccf1df_6.0.22000.120_none_9d947278b86cc467;C:\Program Files\Android\Android Studio2\jbr\bin\server

VM Arguments:
jvm_args: -Dorg.gradle.appname=gradlew 
java_command: org.gradle.wrapper.GradleWrapperMain -q -Ptarget-platform=android-arm64 -Ptarget=D:\Desktop\flutter\lib\mainclone2.dart -Pbase-application-name=android.app.Application -Pdart-defines=RkxVVFRFUl9XRUJfQVVUT19ERVRFQ1Q9dHJ1ZQ==,RkxVVFRFUl9XRUJfQ0FOVkFTS0lUX1VSTD1odHRwczovL3d3dy5nc3RhdGljLmNvbS9mbHV0dGVyLWNhbnZhc2tpdC80NWY2ZTAwOTExMGRmNGYzNGVjMmNmOTlmNjNjZjczYjcxYjdhNDIwLw== -Pdart-obfuscation=false -Ptrack-widget-creation=true -Ptree-shake-icons=false -Pfilesystem-scheme=org-dartlang-root assembleDebug
java_class_path (initial): D:\Desktop\flutter\android\\gradle\wrapper\gradle-wrapper.jar
Launcher Type: SUN_STANDARD

[Global flags]
     intx CICompilerCount                          = 4                                         {product} {ergonomic}
     uint ConcGCThreads                            = 2                                         {product} {ergonomic}
     uint G1ConcRefinementThreads                  = 8                                         {product} {ergonomic}
   size_t G1HeapRegionSize                         = 1048576                                   {product} {ergonomic}
    uintx GCDrainStackTargetSize                   = 64                                        {product} {ergonomic}
   size_t InitialHeapSize                          = 132120576                                 {product} {ergonomic}
   size_t MarkStackSize                            = 4194304                                   {product} {ergonomic}
   size_t MaxHeapSize                              = 2086666240                                {product} {ergonomic}
   size_t MaxNewSize                               = 1251999744                                {product} {ergonomic}
   size_t MinHeapDeltaBytes                        = 1048576                                   {product} {ergonomic}
   size_t MinHeapSize                              = 8388608                                   {product} {ergonomic}
    uintx NonNMethodCodeHeapSize                   = 5839372                                {pd product} {ergonomic}
    uintx NonProfiledCodeHeapSize                  = 122909434                              {pd product} {ergonomic}
    uintx ProfiledCodeHeapSize                     = 122909434                              {pd product} {ergonomic}
    uintx ReservedCodeCacheSize                    = 251658240                              {pd product} {ergonomic}
     bool SegmentedCodeCache                       = true                                      {product} {ergonomic}
   size_t SoftMaxHeapSize                          = 2086666240                             {manageable} {ergonomic}
     bool UseCompressedClassPointers               = true                           {product lp64_product} {ergonomic}
     bool UseCompressedOops                        = true                           {product lp64_product} {ergonomic}
     bool UseG1GC                                  = true                                      {product} {ergonomic}
     bool UseLargePagesIndividualAllocation        = false                                  {pd product} {ergonomic}

Logging:
Log output configuration:
 #0: stdout all=warning uptime,level,tags
 #1: stderr all=off uptime,level,tags

Environment Variables:
JAVA_HOME=C:\Program Files\Android\Android Studio2\jbr
CLASSPATH=D:\Desktop\flutter\android\\gradle\wrapper\gradle-wrapper.jar
PATH=C:\Program Files\Common Files\Oracle\Java\javapath;C:\MinGW\bin;C:\WINDOWS\system32;C:\WINDOWS;C:\WINDOWS\System32\Wbem;C:\WINDOWS\System32\WindowsPowerShell\v1.0\;C:\WINDOWS\System32\OpenSSH\;C:\Program Files (x86)\Silverfrost\FTN95;C:\Program Files\dotnet\;C:\Program Files\Git\cmd;C:\Program Files\nodejs\;C:\Users\Dell\AppData\Local\Programs\Python\Python38\Scripts\;C:\Users\Dell\AppData\Local\Programs\Python\Python38\;C:\Users\Dell\AppData\Local\Programs\Python\Python39\Scripts\;C:\Users\Dell\AppData\Local\Programs\Python\Python39\;C:\Users\Dell\AppData\Local\Microsoft\WindowsApps;C:\Users\Dell\AppData\Roaming\npm;C:\Program Files\dart-sdk\bin;C:\Program Files\MinGW\bin;C:\Users\Dell\AppData\Local\Programs\Microsoft VS Code\bin;C:\Program Files\flutter\bin;C:\Program Files\dart-sdk\bin;C:\Program Files\jdk-18.0.2.1_linux-aarch64_bin\jdk-18.0.2.1\bin;C:\Program Files (x86)\Java\jre-1.8\bin;;C:\Program Files\flutter\bin\mingit\cmd
USERNAME=Dell
OS=Windows_NT
PROCESSOR_IDENTIFIER=Intel64 Family 6 Model 126 Stepping 5, GenuineIntel
TMP=C:\Users\Dell\AppData\Local\Temp
TEMP=C:\Users\Dell\AppData\Local\Temp


JNI global refs:
JNI global refs: 8, weak refs: 0

JNI global refs memory usage: 843, weak refs: 841


---------------  S Y S T E M  ---------------

OS:
 Windows 11 , 64 bit Build 22000 (10.0.22000.708)
OS uptime: 0 days 8:11 hours

CPU: total 8 (initial active 8) (4 cores per cpu, 2 threads per core) family 6 model 126 stepping 5 microcode 0xa8, cx8, cmov, fxsr, ht, mmx, 3dnowpref, sse, sse2, sse3, ssse3, sse4.1, sse4.2, popcnt, lzcnt, tsc, tscinvbit, avx, avx2, aes, erms, clmul, bmi1, bmi2, adx, avx512f, avx512dq, avx512cd, avx512bw, avx512vl, sha, fma, vzeroupper, avx512_vpopcntdq, avx512_vpclmulqdq, avx512_vaes, avx512_vnni, clflush, clflushopt, avx512_vbmi2, avx512_vbmi

Memory: 4k page, system-wide physical 7955M (515M free)
TotalPageFile size 14861M (AvailPageFile size 0M)
current process WorkingSet (physical memory assigned to process): 55M, peak: 55M
current process commit charge ("private bytes"): 211M, peak: 211M

vm_info: OpenJDK 64-Bit Server VM (17.0.6+0-b2043.56-10027231) for windows-amd64 JRE (17.0.6+0-b2043.56-10027231), built on Apr 28 2023 00:43:19 by "androidbuild" with MS VC++ 16.10 / 16.11 (VS2019)

END.
