#
# There is insufficient memory for the Java Runtime Environment to continue.
# Native memory allocation (mmap) failed to map 65536 bytes for Failed to commit metaspace.
# Possible reasons:
#   The system is out of physical RAM or swap space
#   The process is running with CompressedOops enabled, and the Java Heap may be blocking the growth of the native heap
# Possible solutions:
#   Reduce memory load on the system
#   Increase physical memory or swap space
#   Check if swap backing store is full
#   Decrease Java heap size (-Xmx/-Xms)
#   Decrease number of Java threads
#   Decrease Java thread stack sizes (-Xss)
#   Set larger code cache with -XX:ReservedCodeCacheSize=
#   JVM is running with Zero Based Compressed Oops mode in which the Java heap is
#     placed in the first 32GB address space. The Java Heap base address is the
#     maximum limit for the native heap growth. Please use -XX:HeapBaseMinAddress
#     to set the Java Heap base and to place the Java Heap above 32GB virtual address.
# This output file may be truncated or incomplete.
#
#  Out of Memory Error (virtualSpaceNode.cpp:110), pid=18040, tid=18968
#
# JRE version: OpenJDK Runtime Environment (17.0.6) (build 17.0.6+0-b2043.56-10027231)
# Java VM: OpenJDK 64-Bit Server VM (17.0.6+0-b2043.56-10027231, mixed mode, tiered, compressed oops, compressed class ptrs, g1 gc, windows-amd64)
# No core dump will be written. Minidumps are not enabled by default on client versions of Windows
#

---------------  S U M M A R Y ------------

Command Line: --add-opens=java.base/java.util=ALL-UNNAMED --add-opens=java.base/java.lang=ALL-UNNAMED --add-opens=java.base/java.lang.invoke=ALL-UNNAMED --add-opens=java.base/java.util=ALL-UNNAMED --add-opens=java.prefs/java.util.prefs=ALL-UNNAMED --add-opens=java.prefs/java.util.prefs=ALL-UNNAMED --add-opens=java.base/java.nio.charset=ALL-UNNAMED --add-opens=java.base/java.net=ALL-UNNAMED --add-opens=java.base/java.util.concurrent.atomic=ALL-UNNAMED -Xmx4G -Dfile.encoding=windows-1252 -Duser.country=US -Duser.language=en -Duser.variant org.gradle.launcher.daemon.bootstrap.GradleDaemon 7.5

Host: Intel(R) Core(TM) i5-1035G1 CPU @ 1.00GHz, 8 cores, 7G,  Windows 11 , 64 bit Build 22000 (10.0.22000.708)
Time: Wed Dec 20 10:19:02 2023 Nepal Standard Time elapsed time: 31.385186 seconds (0d 0h 0m 31s)

---------------  T H R E A D  ---------------

Current thread (0x000001b5fb05aab0):  JavaThread "C1 CompilerThread0" daemon [_thread_in_vm, id=18968, stack(0x000000603b700000,0x000000603b800000)]


Current CompileTask:
C1:  31385 13511       3       org.gradle.internal.io.LineBufferingOutputStream::write (59 bytes)

Stack: [0x000000603b700000,0x000000603b800000]
Native frames: (J=compiled Java code, j=interpreted, Vv=VM code, C=native code)
V  [jvm.dll+0x683c9a]
V  [jvm.dll+0x8427a4]
V  [jvm.dll+0x843f9e]
V  [jvm.dll+0x844603]
V  [jvm.dll+0x249b75]
V  [jvm.dll+0x83e7fb]
V  [jvm.dll+0x628006]
V  [jvm.dll+0x1c194e]
V  [jvm.dll+0x62a941]
V  [jvm.dll+0x6289a6]
V  [jvm.dll+0x639bfa]
V  [jvm.dll+0x632a0a]
V  [jvm.dll+0x1cdb00]
V  [jvm.dll+0x1cdcf0]
V  [jvm.dll+0x147f01]
V  [jvm.dll+0x147d45]
V  [jvm.dll+0x13f58e]
V  [jvm.dll+0x141b45]
V  [jvm.dll+0x13fd2c]
V  [jvm.dll+0x14881d]
V  [jvm.dll+0x147d45]
V  [jvm.dll+0x13f58e]
V  [jvm.dll+0x141b45]
V  [jvm.dll+0x13fe24]
V  [jvm.dll+0x139d9f]
V  [jvm.dll+0x1499a6]
V  [jvm.dll+0x135490]
V  [jvm.dll+0x1357f0]
V  [jvm.dll+0x135ab6]
V  [jvm.dll+0x134f4a]
V  [jvm.dll+0x136c11]
V  [jvm.dll+0x22b098]
V  [jvm.dll+0x229159]
V  [jvm.dll+0x7f81ec]
V  [jvm.dll+0x7f274a]
V  [jvm.dll+0x682ad5]
C  [ucrtbase.dll+0x26c0c]
C  [KERNEL32.DLL+0x154e0]
C  [ntdll.dll+0x485b]


---------------  P R O C E S S  ---------------

Threads class SMR info:
_java_thread_list=0x000001b5fdf805d0, length=139, elements={
0x000001b5dbb33ab0, 0x000001b5fa5905a0, 0x000001b5fa590e60, 0x000001b5fa59e540,
0x000001b5fa59ee00, 0x000001b5fa59fdc0, 0x000001b5fa5a0770, 0x000001b5fa5a3460,
0x000001b5fb05aab0, 0x000001b5fb05ebd0, 0x000001b5fb1ed020, 0x000001b5fb1f3920,
0x000001b5fd56fe40, 0x000001b5fdce7270, 0x000001b5fc693900, 0x000001b5fd6c9990,
0x000001b5fe050030, 0x000001b5fd688b10, 0x000001b5fd688640, 0x000001b5fd686960,
0x000001b5fd686490, 0x000001b5fd685fc0, 0x000001b5fd685620, 0x000001b5fd685150,
0x000001b5fd685af0, 0x000001b5fd687300, 0x000001b5fd6877d0, 0x000001b5fd687ca0,
0x000001b5fd688170, 0x000001b580982230, 0x000001b580983f10, 0x000001b580982700,
0x000001b580983a40, 0x000001b580981890, 0x000001b5809848b0, 0x000001b580984d80,
0x000001b580985250, 0x000001b5fe1246e0, 0x000001b5fe123d40, 0x000001b5fe11f040,
0x000001b5fe1233a0, 0x000001b5fe120d20, 0x000001b5fe11d830, 0x000001b5fe123870,
0x000001b5fe11f510, 0x000001b5fe124bb0, 0x000001b5fe11dd00, 0x000001b5fe124210,
0x000001b5fe122530, 0x000001b5fe122a00, 0x000001b5fe120380, 0x000001b5fe120850,
0x000001b5fe11e6a0, 0x000001b5fe11e1d0, 0x000001b5fe11eb70, 0x000001b5fe122060,
0x000001b5fe11f9e0, 0x000001b5fe122ed0, 0x000001b5fe11feb0, 0x000001b5fe1211f0,
0x000001b5fba581b0, 0x000001b5fba52170, 0x000001b5fba569a0, 0x000001b5fba55660,
0x000001b5fba59020, 0x000001b5fba57ce0, 0x000001b5fba54320, 0x000001b5fba57810,
0x000001b5fba56e70, 0x000001b5fba51ca0, 0x000001b5fba52b10, 0x000001b5fba517d0,
0x000001b5fba56000, 0x000001b5fba57340, 0x000001b5fba52640, 0x000001b5fba547f0,
0x000001b5fba52fe0, 0x000001b5fba534b0, 0x000001b5fba564d0, 0x000001b5fba55b30,
0x000001b5fba54cc0, 0x000001b5fba53980, 0x000001b5fba53e50, 0x000001b5fba55190,
0x000001b5fba58680, 0x000001b5fba58b50, 0x000001b581992120, 0x000001b5819947a0,
0x000001b581995610, 0x000001b581995ae0, 0x000001b581994c70, 0x000001b581993460,
0x000001b581992ac0, 0x000001b5819942d0, 0x000001b581995140, 0x000001b581992f90,
0x000001b5819925f0, 0x000001b581993930, 0x000001b581993e00, 0x000001b580d86670,
0x000001b580d85800, 0x000001b580d874e0, 0x000001b580d8b370, 0x000001b580d8a9d0,
0x000001b580d8a030, 0x000001b580d8bd10, 0x000001b580d89690, 0x000001b580d8c1e0,
0x000001b580d87e80, 0x000001b580d879b0, 0x000001b580d8c6b0, 0x000001b580d88350,
0x000001b580d85cd0, 0x000001b580d88820, 0x000001b580d85330, 0x000001b580d8aea0,
0x000001b580d87010, 0x000001b580d8a500, 0x000001b580d861a0, 0x000001b580d8b840,
0x000001b580d84e60, 0x000001b580d86b40, 0x000001b580d88cf0, 0x000001b580d89b60,
0x000001b580d891c0, 0x000001b5842a2570, 0x000001b58429e6e0, 0x000001b58429fef0,
0x000001b5842a20a0, 0x000001b5842a1700, 0x000001b58429d3a0, 0x000001b5842a1bd0,
0x000001b58429f550, 0x000001b5842a0d60, 0x000001b5842a1230, 0x000001b58429f080,
0x000001b5fe125080, 0x000001b584c09580, 0x000001b584c08240
}

Java Threads: ( => current thread )
  0x000001b5dbb33ab0 JavaThread "main" [_thread_blocked, id=19160, stack(0x000000603a900000,0x000000603aa00000)]
  0x000001b5fa5905a0 JavaThread "Reference Handler" daemon [_thread_blocked, id=12540, stack(0x000000603b000000,0x000000603b100000)]
  0x000001b5fa590e60 JavaThread "Finalizer" daemon [_thread_blocked, id=9156, stack(0x000000603b100000,0x000000603b200000)]
  0x000001b5fa59e540 JavaThread "Signal Dispatcher" daemon [_thread_blocked, id=14960, stack(0x000000603b200000,0x000000603b300000)]
  0x000001b5fa59ee00 JavaThread "Attach Listener" daemon [_thread_blocked, id=19000, stack(0x000000603b300000,0x000000603b400000)]
  0x000001b5fa59fdc0 JavaThread "Service Thread" daemon [_thread_blocked, id=3088, stack(0x000000603b400000,0x000000603b500000)]
  0x000001b5fa5a0770 JavaThread "Monitor Deflation Thread" daemon [_thread_blocked, id=9008, stack(0x000000603b500000,0x000000603b600000)]
  0x000001b5fa5a3460 JavaThread "C2 CompilerThread0" daemon [_thread_in_native, id=10848, stack(0x000000603b600000,0x000000603b700000)]
=>0x000001b5fb05aab0 JavaThread "C1 CompilerThread0" daemon [_thread_in_vm, id=18968, stack(0x000000603b700000,0x000000603b800000)]
  0x000001b5fb05ebd0 JavaThread "Sweeper thread" daemon [_thread_blocked, id=2200, stack(0x000000603b800000,0x000000603b900000)]
  0x000001b5fb1ed020 JavaThread "Common-Cleaner" daemon [_thread_blocked, id=3320, stack(0x000000603b900000,0x000000603ba00000)]
  0x000001b5fb1f3920 JavaThread "Notification Thread" daemon [_thread_blocked, id=10888, stack(0x000000603ba00000,0x000000603bb00000)]
  0x000001b5fd56fe40 JavaThread "Daemon health stats" [_thread_blocked, id=16372, stack(0x000000603c100000,0x000000603c200000)]
  0x000001b5fdce7270 JavaThread "Incoming local TCP Connector on port 51563" [_thread_in_native, id=7824, stack(0x000000603c200000,0x000000603c300000)]
  0x000001b5fc693900 JavaThread "Daemon periodic checks" [_thread_blocked, id=13064, stack(0x000000603c300000,0x000000603c400000)]
  0x000001b5fd6c9990 JavaThread "Daemon" [_thread_blocked, id=10452, stack(0x000000603c400000,0x000000603c500000)]
  0x000001b5fe050030 JavaThread "Handler for socket connection from /127.0.0.1:51563 to /127.0.0.1:51564" [_thread_in_native, id=13252, stack(0x000000603c500000,0x000000603c600000)]
  0x000001b5fd688b10 JavaThread "Cancel handler" [_thread_blocked, id=16368, stack(0x000000603c600000,0x000000603c700000)]
  0x000001b5fd688640 JavaThread "Daemon worker" [_thread_blocked, id=12132, stack(0x000000603c700000,0x000000603c800000)]
  0x000001b5fd686960 JavaThread "Asynchronous log dispatcher for DefaultDaemonConnection: socket connection from /127.0.0.1:51563 to /127.0.0.1:51564" [_thread_in_vm, id=11748, stack(0x000000603c800000,0x000000603c900000)]
  0x000001b5fd686490 JavaThread "Stdin handler" [_thread_blocked, id=11356, stack(0x000000603c900000,0x000000603ca00000)]
  0x000001b5fd685fc0 JavaThread "Daemon client event forwarder" [_thread_blocked, id=13540, stack(0x000000603ca00000,0x000000603cb00000)]
  0x000001b5fd685620 JavaThread "Cache worker for journal cache (C:\Users\Dell\.gradle\caches\journal-1)" [_thread_blocked, id=10844, stack(0x000000603cb00000,0x000000603cc00000)]
  0x000001b5fd685150 JavaThread "File lock request listener" [_thread_in_native, id=13344, stack(0x000000603cc00000,0x000000603cd00000)]
  0x000001b5fd685af0 JavaThread "Cache worker for file hash cache (C:\Users\Dell\.gradle\caches\7.5\fileHashes)" [_thread_blocked, id=12108, stack(0x000000603d100000,0x000000603d200000)]
  0x000001b5fd687300 JavaThread "File watcher server" daemon [_thread_in_native, id=14576, stack(0x000000603d200000,0x000000603d300000)]
  0x000001b5fd6877d0 JavaThread "File watcher consumer" daemon [_thread_blocked, id=1964, stack(0x000000603d300000,0x000000603d400000)]
  0x000001b5fd687ca0 JavaThread "Cache worker for checksums cache (D:\Desktop\flutter\android\.gradle\7.5\checksums)" [_thread_blocked, id=19324, stack(0x000000603d400000,0x000000603d500000)]
  0x000001b5fd688170 JavaThread "Cache worker for cache directory md-rule (C:\Users\Dell\.gradle\caches\7.5\md-rule)" [_thread_blocked, id=14368, stack(0x000000603d500000,0x000000603d600000)]
  0x000001b580982230 JavaThread "Cache worker for file content cache (C:\Users\Dell\.gradle\caches\7.5\fileContent)" [_thread_blocked, id=3292, stack(0x000000603d600000,0x000000603d700000)]
  0x000001b580983f10 JavaThread "Cache worker for file hash cache (D:\Desktop\flutter\android\.gradle\7.5\fileHashes)" [_thread_blocked, id=3680, stack(0x000000603d700000,0x000000603d800000)]
  0x000001b580982700 JavaThread "Cache worker for cache directory md-supplier (C:\Users\Dell\.gradle\caches\7.5\md-supplier)" [_thread_blocked, id=16028, stack(0x000000603d800000,0x000000603d900000)]
  0x000001b580983a40 JavaThread "Cache worker for execution history cache (C:\Users\Dell\.gradle\caches\7.5\executionHistory)" [_thread_blocked, id=19416, stack(0x000000603d900000,0x000000603da00000)]
  0x000001b580981890 JavaThread "jar transforms" [_thread_blocked, id=8200, stack(0x000000603bc00000,0x000000603bd00000)]
  0x000001b5809848b0 JavaThread "Cache worker for kotlin-dsl (C:\Users\Dell\.gradle\caches\7.5\kotlin-dsl)" [_thread_blocked, id=16324, stack(0x000000603da00000,0x000000603db00000)]
  0x000001b580984d80 JavaThread "jar transforms Thread 2" [_thread_blocked, id=18988, stack(0x000000603dc00000,0x000000603dd00000)]
  0x000001b580985250 JavaThread "Cache worker for dependencies-accessors (D:\Desktop\flutter\android\.gradle\7.5\dependencies-accessors)" [_thread_blocked, id=9512, stack(0x000000603dd00000,0x000000603de00000)]
  0x000001b5fe1246e0 JavaThread "Cache worker for Build Output Cleanup Cache (C:\Program Files\flutter\packages\flutter_tools\gradle\.gradle\buildOutputCleanup)" [_thread_blocked, id=18552, stack(0x000000603de00000,0x000000603df00000)]
  0x000001b5fe123d40 JavaThread "jar transforms Thread 3" [_thread_blocked, id=7496, stack(0x000000603df00000,0x000000603e000000)]
  0x000001b5fe11f040 JavaThread "Memory manager" [_thread_blocked, id=12388, stack(0x000000603e000000,0x000000603e100000)]
  0x000001b5fe1233a0 JavaThread "jar transforms Thread 4" [_thread_blocked, id=12904, stack(0x000000603e100000,0x000000603e200000)]
  0x000001b5fe120d20 JavaThread "included builds" [_thread_blocked, id=11988, stack(0x000000603e200000,0x000000603e300000)]
  0x000001b5fe11d830 JavaThread "Execution worker" [_thread_blocked, id=8500, stack(0x000000603e300000,0x000000603e400000)]
  0x000001b5fe123870 JavaThread "Execution worker Thread 2" [_thread_blocked, id=19432, stack(0x000000603e400000,0x000000603e500000)]
  0x000001b5fe11f510 JavaThread "Execution worker Thread 3" [_thread_blocked, id=9088, stack(0x000000603e500000,0x000000603e600000)]
  0x000001b5fe124bb0 JavaThread "Execution worker Thread 4" [_thread_blocked, id=19028, stack(0x000000603e600000,0x000000603e700000)]
  0x000001b5fe11dd00 JavaThread "Execution worker Thread 5" [_thread_blocked, id=19192, stack(0x000000603e700000,0x000000603e800000)]
  0x000001b5fe124210 JavaThread "Execution worker Thread 6" [_thread_blocked, id=3860, stack(0x000000603e800000,0x000000603e900000)]
  0x000001b5fe122530 JavaThread "Execution worker Thread 7" [_thread_blocked, id=8064, stack(0x000000603e900000,0x000000603ea00000)]
  0x000001b5fe122a00 JavaThread "Cache worker for execution history cache (C:\Program Files\flutter\packages\flutter_tools\gradle\.gradle\7.5\executionHistory)" [_thread_blocked, id=11436, stack(0x000000603ea00000,0x000000603eb00000)]
  0x000001b5fe120380 JavaThread "Unconstrained build operations" [_thread_blocked, id=13352, stack(0x000000603eb00000,0x000000603ec00000)]
  0x000001b5fe120850 JavaThread "Unconstrained build operations Thread 2" [_thread_blocked, id=10176, stack(0x000000603ec00000,0x000000603ed00000)]
  0x000001b5fe11e6a0 JavaThread "Unconstrained build operations Thread 3" [_thread_blocked, id=13300, stack(0x000000603ed00000,0x000000603ee00000)]
  0x000001b5fe11e1d0 JavaThread "Unconstrained build operations Thread 4" [_thread_blocked, id=8740, stack(0x000000603ee00000,0x000000603ef00000)]
  0x000001b5fe11eb70 JavaThread "Unconstrained build operations Thread 5" [_thread_blocked, id=13296, stack(0x000000603ef00000,0x000000603f000000)]
  0x000001b5fe122060 JavaThread "Unconstrained build operations Thread 6" [_thread_blocked, id=12976, stack(0x000000603f000000,0x000000603f100000)]
  0x000001b5fe11f9e0 JavaThread "Unconstrained build operations Thread 7" [_thread_blocked, id=7472, stack(0x000000603f100000,0x000000603f200000)]
  0x000001b5fe122ed0 JavaThread "Unconstrained build operations Thread 8" [_thread_blocked, id=3200, stack(0x000000603f200000,0x000000603f300000)]
  0x000001b5fe11feb0 JavaThread "Unconstrained build operations Thread 9" [_thread_blocked, id=16452, stack(0x000000603f300000,0x000000603f400000)]
  0x000001b5fe1211f0 JavaThread "Unconstrained build operations Thread 10" [_thread_blocked, id=11324, stack(0x000000603f400000,0x000000603f500000)]
  0x000001b5fba581b0 JavaThread "Unconstrained build operations Thread 11" [_thread_blocked, id=5288, stack(0x000000603f500000,0x000000603f600000)]
  0x000001b5fba52170 JavaThread "Unconstrained build operations Thread 12" [_thread_blocked, id=5472, stack(0x000000603f600000,0x000000603f700000)]
  0x000001b5fba569a0 JavaThread "Unconstrained build operations Thread 13" [_thread_blocked, id=3304, stack(0x000000603f700000,0x000000603f800000)]
  0x000001b5fba55660 JavaThread "Unconstrained build operations Thread 14" [_thread_blocked, id=8048, stack(0x000000603f800000,0x000000603f900000)]
  0x000001b5fba59020 JavaThread "Unconstrained build operations Thread 15" [_thread_blocked, id=17400, stack(0x000000603f900000,0x000000603fa00000)]
  0x000001b5fba57ce0 JavaThread "Unconstrained build operations Thread 16" [_thread_blocked, id=17404, stack(0x000000603fa00000,0x000000603fb00000)]
  0x000001b5fba54320 JavaThread "Unconstrained build operations Thread 17" [_thread_blocked, id=10760, stack(0x000000603fb00000,0x000000603fc00000)]
  0x000001b5fba57810 JavaThread "Unconstrained build operations Thread 18" [_thread_blocked, id=15144, stack(0x000000603fc00000,0x000000603fd00000)]
  0x000001b5fba56e70 JavaThread "Unconstrained build operations Thread 19" [_thread_blocked, id=13380, stack(0x000000603fd00000,0x000000603fe00000)]
  0x000001b5fba51ca0 JavaThread "Unconstrained build operations Thread 20" [_thread_blocked, id=17188, stack(0x000000603fe00000,0x000000603ff00000)]
  0x000001b5fba52b10 JavaThread "Unconstrained build operations Thread 21" [_thread_blocked, id=18888, stack(0x000000603ff00000,0x0000006040000000)]
  0x000001b5fba517d0 JavaThread "Unconstrained build operations Thread 22" [_thread_blocked, id=8260, stack(0x0000006040000000,0x0000006040100000)]
  0x000001b5fba56000 JavaThread "Unconstrained build operations Thread 23" [_thread_blocked, id=13204, stack(0x0000006040100000,0x0000006040200000)]
  0x000001b5fba57340 JavaThread "Unconstrained build operations Thread 24" [_thread_blocked, id=16256, stack(0x0000006040200000,0x0000006040300000)]
  0x000001b5fba52640 JavaThread "Unconstrained build operations Thread 25" [_thread_blocked, id=3496, stack(0x0000006040300000,0x0000006040400000)]
  0x000001b5fba547f0 JavaThread "Unconstrained build operations Thread 26" [_thread_blocked, id=2280, stack(0x0000006040400000,0x0000006040500000)]
  0x000001b5fba52fe0 JavaThread "Unconstrained build operations Thread 27" [_thread_blocked, id=3976, stack(0x0000006040500000,0x0000006040600000)]
  0x000001b5fba534b0 JavaThread "Unconstrained build operations Thread 28" [_thread_blocked, id=2892, stack(0x0000006040600000,0x0000006040700000)]
  0x000001b5fba564d0 JavaThread "Unconstrained build operations Thread 29" [_thread_blocked, id=10312, stack(0x0000006040700000,0x0000006040800000)]
  0x000001b5fba55b30 JavaThread "Unconstrained build operations Thread 30" [_thread_blocked, id=15840, stack(0x0000006040800000,0x0000006040900000)]
  0x000001b5fba54cc0 JavaThread "Unconstrained build operations Thread 31" [_thread_blocked, id=6664, stack(0x0000006040900000,0x0000006040a00000)]
  0x000001b5fba53980 JavaThread "Unconstrained build operations Thread 32" [_thread_blocked, id=16348, stack(0x0000006040a00000,0x0000006040b00000)]
  0x000001b5fba53e50 JavaThread "Unconstrained build operations Thread 33" [_thread_blocked, id=9608, stack(0x0000006040b00000,0x0000006040c00000)]
  0x000001b5fba55190 JavaThread "Unconstrained build operations Thread 34" [_thread_blocked, id=7332, stack(0x0000006040c00000,0x0000006040d00000)]
  0x000001b5fba58680 JavaThread "Unconstrained build operations Thread 35" [_thread_blocked, id=12628, stack(0x0000006040d00000,0x0000006040e00000)]
  0x000001b5fba58b50 JavaThread "Unconstrained build operations Thread 36" [_thread_blocked, id=13772, stack(0x0000006040e00000,0x0000006040f00000)]
  0x000001b581992120 JavaThread "Unconstrained build operations Thread 37" [_thread_blocked, id=17568, stack(0x0000006040f00000,0x0000006041000000)]
  0x000001b5819947a0 JavaThread "Unconstrained build operations Thread 38" [_thread_blocked, id=18328, stack(0x0000006041000000,0x0000006041100000)]
  0x000001b581995610 JavaThread "Unconstrained build operations Thread 39" [_thread_blocked, id=11804, stack(0x0000006041100000,0x0000006041200000)]
  0x000001b581995ae0 JavaThread "Unconstrained build operations Thread 40" [_thread_blocked, id=12480, stack(0x0000006041200000,0x0000006041300000)]
  0x000001b581994c70 JavaThread "Unconstrained build operations Thread 41" [_thread_blocked, id=17972, stack(0x0000006041300000,0x0000006041400000)]
  0x000001b581993460 JavaThread "Unconstrained build operations Thread 42" [_thread_blocked, id=18396, stack(0x0000006041400000,0x0000006041500000)]
  0x000001b581992ac0 JavaThread "Unconstrained build operations Thread 43" [_thread_blocked, id=10500, stack(0x0000006041500000,0x0000006041600000)]
  0x000001b5819942d0 JavaThread "Unconstrained build operations Thread 44" [_thread_blocked, id=18324, stack(0x0000006041600000,0x0000006041700000)]
  0x000001b581995140 JavaThread "Unconstrained build operations Thread 45" [_thread_blocked, id=18608, stack(0x0000006041700000,0x0000006041800000)]
  0x000001b581992f90 JavaThread "Unconstrained build operations Thread 46" [_thread_blocked, id=9060, stack(0x0000006041800000,0x0000006041900000)]
  0x000001b5819925f0 JavaThread "Unconstrained build operations Thread 47" [_thread_blocked, id=1396, stack(0x0000006041900000,0x0000006041a00000)]
  0x000001b581993930 JavaThread "Unconstrained build operations Thread 48" [_thread_blocked, id=3428, stack(0x0000006041a00000,0x0000006041b00000)]
  0x000001b581993e00 JavaThread "Unconstrained build operations Thread 49" [_thread_blocked, id=1256, stack(0x0000006041b00000,0x0000006041c00000)]
  0x000001b580d86670 JavaThread "Unconstrained build operations Thread 50" [_thread_blocked, id=9204, stack(0x0000006041c00000,0x0000006041d00000)]
  0x000001b580d85800 JavaThread "Unconstrained build operations Thread 51" [_thread_blocked, id=1724, stack(0x0000006041d00000,0x0000006041e00000)]
  0x000001b580d874e0 JavaThread "Unconstrained build operations Thread 52" [_thread_blocked, id=19312, stack(0x0000006041e00000,0x0000006041f00000)]
  0x000001b580d8b370 JavaThread "Unconstrained build operations Thread 53" [_thread_blocked, id=15100, stack(0x0000006041f00000,0x0000006042000000)]
  0x000001b580d8a9d0 JavaThread "Unconstrained build operations Thread 54" [_thread_blocked, id=12324, stack(0x0000006042000000,0x0000006042100000)]
  0x000001b580d8a030 JavaThread "Unconstrained build operations Thread 55" [_thread_blocked, id=18136, stack(0x0000006042100000,0x0000006042200000)]
  0x000001b580d8bd10 JavaThread "Unconstrained build operations Thread 56" [_thread_blocked, id=17152, stack(0x0000006042200000,0x0000006042300000)]
  0x000001b580d89690 JavaThread "Unconstrained build operations Thread 57" [_thread_blocked, id=12468, stack(0x0000006042300000,0x0000006042400000)]
  0x000001b580d8c1e0 JavaThread "Unconstrained build operations Thread 58" [_thread_blocked, id=11672, stack(0x0000006042400000,0x0000006042500000)]
  0x000001b580d87e80 JavaThread "Unconstrained build operations Thread 59" [_thread_blocked, id=4380, stack(0x0000006042500000,0x0000006042600000)]
  0x000001b580d879b0 JavaThread "Unconstrained build operations Thread 60" [_thread_blocked, id=9616, stack(0x0000006042600000,0x0000006042700000)]
  0x000001b580d8c6b0 JavaThread "Unconstrained build operations Thread 61" [_thread_blocked, id=14228, stack(0x0000006042700000,0x0000006042800000)]
  0x000001b580d88350 JavaThread "Unconstrained build operations Thread 62" [_thread_blocked, id=8916, stack(0x0000006042800000,0x0000006042900000)]
  0x000001b580d85cd0 JavaThread "Unconstrained build operations Thread 63" [_thread_blocked, id=8980, stack(0x0000006042900000,0x0000006042a00000)]
  0x000001b580d88820 JavaThread "Unconstrained build operations Thread 64" [_thread_blocked, id=16148, stack(0x0000006042a00000,0x0000006042b00000)]
  0x000001b580d85330 JavaThread "Unconstrained build operations Thread 65" [_thread_blocked, id=10264, stack(0x0000006042b00000,0x0000006042c00000)]
  0x000001b580d8aea0 JavaThread "Unconstrained build operations Thread 66" [_thread_blocked, id=19400, stack(0x0000006042c00000,0x0000006042d00000)]
  0x000001b580d87010 JavaThread "Unconstrained build operations Thread 67" [_thread_blocked, id=11432, stack(0x0000006042d00000,0x0000006042e00000)]
  0x000001b580d8a500 JavaThread "Unconstrained build operations Thread 68" [_thread_blocked, id=10772, stack(0x0000006042e00000,0x0000006042f00000)]
  0x000001b580d861a0 JavaThread "Unconstrained build operations Thread 69" [_thread_blocked, id=4776, stack(0x0000006042f00000,0x0000006043000000)]
  0x000001b580d8b840 JavaThread "Unconstrained build operations Thread 70" [_thread_blocked, id=10556, stack(0x0000006043000000,0x0000006043100000)]
  0x000001b580d84e60 JavaThread "Unconstrained build operations Thread 71" [_thread_blocked, id=11004, stack(0x0000006043100000,0x0000006043200000)]
  0x000001b580d86b40 JavaThread "Unconstrained build operations Thread 72" [_thread_blocked, id=4512, stack(0x0000006043200000,0x0000006043300000)]
  0x000001b580d88cf0 JavaThread "Unconstrained build operations Thread 73" [_thread_blocked, id=12272, stack(0x0000006043300000,0x0000006043400000)]
  0x000001b580d89b60 JavaThread "Unconstrained build operations Thread 74" [_thread_blocked, id=9452, stack(0x0000006043400000,0x0000006043500000)]
  0x000001b580d891c0 JavaThread "Unconstrained build operations Thread 75" [_thread_blocked, id=13160, stack(0x0000006043500000,0x0000006043600000)]
  0x000001b5842a2570 JavaThread "Unconstrained build operations Thread 76" [_thread_blocked, id=10092, stack(0x0000006043600000,0x0000006043700000)]
  0x000001b58429e6e0 JavaThread "Unconstrained build operations Thread 77" [_thread_blocked, id=9268, stack(0x0000006043700000,0x0000006043800000)]
  0x000001b58429fef0 JavaThread "Unconstrained build operations Thread 78" [_thread_blocked, id=6872, stack(0x0000006043800000,0x0000006043900000)]
  0x000001b5842a20a0 JavaThread "Unconstrained build operations Thread 79" [_thread_blocked, id=17148, stack(0x0000006043900000,0x0000006043a00000)]
  0x000001b5842a1700 JavaThread "Unconstrained build operations Thread 80" [_thread_blocked, id=18392, stack(0x0000006043a00000,0x0000006043b00000)]
  0x000001b58429d3a0 JavaThread "jar transforms Thread 5" [_thread_blocked, id=5732, stack(0x0000006043b00000,0x0000006043c00000)]
  0x000001b5842a1bd0 JavaThread "jar transforms Thread 6" [_thread_blocked, id=8924, stack(0x0000006043c00000,0x0000006043d00000)]
  0x000001b58429f550 JavaThread "jar transforms Thread 7" [_thread_blocked, id=15456, stack(0x0000006043d00000,0x0000006043e00000)]
  0x000001b5842a0d60 JavaThread "jar transforms Thread 8" [_thread_blocked, id=11632, stack(0x0000006043e00000,0x0000006043f00000)]
  0x000001b5842a1230 JavaThread "Cache worker for Build Output Cleanup Cache (D:\Desktop\flutter\android\.gradle\buildOutputCleanup)" [_thread_blocked, id=7728, stack(0x0000006043f00000,0x0000006044000000)]
  0x000001b58429f080 JavaThread "Cache worker for execution history cache (D:\Desktop\flutter\android\.gradle\7.5\executionHistory)" [_thread_blocked, id=10952, stack(0x000000603db00000,0x000000603dc00000)]
  0x000001b5fe125080 JavaThread "Exec process" [_thread_in_native, id=14048, stack(0x0000006044400000,0x0000006044500000)]
  0x000001b584c09580 JavaThread "Exec process Thread 2" [_thread_in_native, id=11664, stack(0x0000006044500000,0x0000006044600000)]
  0x000001b584c08240 JavaThread "Exec process Thread 3" [_thread_in_native, id=1592, stack(0x0000006044600000,0x0000006044700000)]

Other Threads:
  0x000001b5fa588040 VMThread "VM Thread" [stack: 0x000000603af00000,0x000000603b000000] [id=19372]
  0x000001b5fb142a80 WatcherThread [stack: 0x000000603bb00000,0x000000603bc00000] [id=12680]
  0x000001b5dbb9f960 GCTaskThread "GC Thread#0" [stack: 0x000000603aa00000,0x000000603ab00000] [id=12896]
  0x000001b5fc047e20 GCTaskThread "GC Thread#1" [stack: 0x000000603bd00000,0x000000603be00000] [id=17192]
  0x000001b5fb5de3e0 GCTaskThread "GC Thread#2" [stack: 0x000000603be00000,0x000000603bf00000] [id=1744]
  0x000001b5fc1f98a0 GCTaskThread "GC Thread#3" [stack: 0x000000603bf00000,0x000000603c000000] [id=16568]
  0x000001b5fbf2c7e0 GCTaskThread "GC Thread#4" [stack: 0x000000603c000000,0x000000603c100000] [id=17092]
  0x000001b5fd7b5ba0 GCTaskThread "GC Thread#5" [stack: 0x000000603cd00000,0x000000603ce00000] [id=10156]
  0x000001b5fd7b5e50 GCTaskThread "GC Thread#6" [stack: 0x000000603ce00000,0x000000603cf00000] [id=5392]
  0x000001b5fd7b6100 GCTaskThread "GC Thread#7" [stack: 0x000000603cf00000,0x000000603d000000] [id=14904]
  0x000001b5dbbb07a0 ConcurrentGCThread "G1 Main Marker" [stack: 0x000000603ab00000,0x000000603ac00000] [id=3204]
  0x000001b5dbbb2860 ConcurrentGCThread "G1 Conc#0" [stack: 0x000000603ac00000,0x000000603ad00000] [id=19264]
  0x000001b5fd77e930 ConcurrentGCThread "G1 Conc#1" [stack: 0x000000603d000000,0x000000603d100000] [id=16444]
  0x000001b5dbbfd750 ConcurrentGCThread "G1 Refine#0" [stack: 0x000000603ad00000,0x000000603ae00000] [id=19156]
  0x000001b581e2f8a0 ConcurrentGCThread "G1 Refine#1" [stack: 0x0000006044000000,0x0000006044100000] [id=17712]
  0x000001b581e2cd80 ConcurrentGCThread "G1 Refine#2" [stack: 0x0000006044100000,0x0000006044200000] [id=14900]
  0x000001b581e2fe60 ConcurrentGCThread "G1 Refine#3" [stack: 0x0000006044200000,0x0000006044300000] [id=2028]
  0x000001b5dbbfe070 ConcurrentGCThread "G1 Service" [stack: 0x000000603ae00000,0x000000603af00000] [id=15628]

Threads with active compile tasks:
C2 CompilerThread0    31404 13505       4       org.gradle.internal.logging.text.AbstractLineChoppingStyledTextOutput$1::execute (9 bytes)
C1 CompilerThread0    31404 13511       3       org.gradle.internal.io.LineBufferingOutputStream::write (59 bytes)

VM state: not at safepoint (normal execution)

VM Mutex/Monitor currently owned by a thread:  ([mutex/lock_event])
[0x000001b5dbb2fb80] Metaspace_lock - owner thread: 0x000001b5fb05aab0
[0x000001b5dbb2f700] MethodData_lock - owner thread: 0x000001b5fb05aab0

Heap address: 0x0000000700000000, size: 4096 MB, Compressed Oops mode: Zero based, Oop shift amount: 3

CDS archive(s) not mapped
Compressed class space mapped at: 0x0000000800000000-0x0000000840000000, reserved size: 1073741824
Narrow klass base: 0x0000000800000000, Narrow klass shift: 0, Narrow klass range: 0x40000000

GC Precious Log:
 CPUs: 8 total, 8 available
 Memory: 7955M
 Large Page Support: Disabled
 NUMA Support: Disabled
 Compressed Oops: Enabled (Zero based)
 Heap Region Size: 2M
 Heap Min Capacity: 8M
 Heap Initial Capacity: 126M
 Heap Max Capacity: 4G
 Pre-touch: Disabled
 Parallel Workers: 8
 Concurrent Workers: 2
 Concurrent Refinement Workers: 8
 Periodic GC: Disabled

Heap:
 garbage-first heap   total 294912K, used 164831K [0x0000000700000000, 0x0000000800000000)
  region size 2048K, 12 young (24576K), 6 survivors (12288K)
 Metaspace       used 101009K, committed 102016K, reserved 1138688K
  class space    used 13924K, committed 14400K, reserved 1048576K

Heap Regions: E=young(eden), S=young(survivor), O=old, HS=humongous(starts), HC=humongous(continues), CS=collection set, F=free, OA=open archive, CA=closed archive, TAMS=top-at-mark-start (previous, next)
|   0|0x0000000700000000, 0x0000000700200000, 0x0000000700200000|100%| O|  |TAMS 0x0000000700200000, 0x0000000700000000| Untracked 
|   1|0x0000000700200000, 0x0000000700400000, 0x0000000700400000|100%| O|  |TAMS 0x0000000700400000, 0x0000000700200000| Untracked 
|   2|0x0000000700400000, 0x0000000700600000, 0x0000000700600000|100%|HS|  |TAMS 0x0000000700600000, 0x0000000700400000| Complete 
|   3|0x0000000700600000, 0x0000000700800000, 0x0000000700800000|100%|HC|  |TAMS 0x0000000700800000, 0x0000000700600000| Complete 
|   4|0x0000000700800000, 0x0000000700a00000, 0x0000000700a00000|100%| O|  |TAMS 0x0000000700a00000, 0x0000000700800000| Untracked 
|   5|0x0000000700a00000, 0x0000000700c00000, 0x0000000700c00000|100%| O|  |TAMS 0x0000000700c00000, 0x0000000700a00000| Untracked 
|   6|0x0000000700c00000, 0x0000000700e00000, 0x0000000700e00000|100%| O|  |TAMS 0x0000000700e00000, 0x0000000700c00000| Untracked 
|   7|0x0000000700e00000, 0x0000000701000000, 0x0000000701000000|100%| O|  |TAMS 0x0000000701000000, 0x0000000700e00000| Untracked 
|   8|0x0000000701000000, 0x0000000701200000, 0x0000000701200000|100%| O|  |TAMS 0x0000000701200000, 0x0000000701000000| Untracked 
|   9|0x0000000701200000, 0x0000000701400000, 0x0000000701400000|100%| O|  |TAMS 0x0000000701400000, 0x0000000701200000| Untracked 
|  10|0x0000000701400000, 0x0000000701600000, 0x0000000701600000|100%| O|  |TAMS 0x0000000701600000, 0x0000000701400000| Untracked 
|  11|0x0000000701600000, 0x0000000701800000, 0x0000000701800000|100%| O|  |TAMS 0x0000000701800000, 0x0000000701600000| Untracked 
|  12|0x0000000701800000, 0x0000000701a00000, 0x0000000701a00000|100%| O|  |TAMS 0x0000000701a00000, 0x0000000701800000| Untracked 
|  13|0x0000000701a00000, 0x0000000701c00000, 0x0000000701c00000|100%| O|  |TAMS 0x0000000701c00000, 0x0000000701a00000| Untracked 
|  14|0x0000000701c00000, 0x0000000701e00000, 0x0000000701e00000|100%| O|  |TAMS 0x0000000701e00000, 0x0000000701c00000| Untracked 
|  15|0x0000000701e00000, 0x0000000702000000, 0x0000000702000000|100%| O|  |TAMS 0x0000000702000000, 0x0000000701e00000| Untracked 
|  16|0x0000000702000000, 0x0000000702200000, 0x0000000702200000|100%| O|  |TAMS 0x0000000702200000, 0x0000000702000000| Untracked 
|  17|0x0000000702200000, 0x0000000702400000, 0x0000000702400000|100%| O|  |TAMS 0x0000000702400000, 0x0000000702200000| Untracked 
|  18|0x0000000702400000, 0x0000000702600000, 0x0000000702600000|100%| O|  |TAMS 0x0000000702600000, 0x0000000702400000| Untracked 
|  19|0x0000000702600000, 0x0000000702800000, 0x0000000702800000|100%| O|  |TAMS 0x0000000702800000, 0x0000000702600000| Untracked 
|  20|0x0000000702800000, 0x0000000702a00000, 0x0000000702a00000|100%| O|  |TAMS 0x0000000702a00000, 0x0000000702800000| Untracked 
|  21|0x0000000702a00000, 0x0000000702c00000, 0x0000000702c00000|100%| O|  |TAMS 0x0000000702c00000, 0x0000000702a00000| Untracked 
|  22|0x0000000702c00000, 0x0000000702e00000, 0x0000000702e00000|100%|HS|  |TAMS 0x0000000702e00000, 0x0000000702c00000| Complete 
|  23|0x0000000702e00000, 0x0000000703000000, 0x0000000703000000|100%| O|  |TAMS 0x0000000703000000, 0x0000000702e00000| Untracked 
|  24|0x0000000703000000, 0x0000000703200000, 0x0000000703200000|100%| O|  |TAMS 0x0000000703200000, 0x0000000703000000| Untracked 
|  25|0x0000000703200000, 0x0000000703400000, 0x0000000703400000|100%| O|  |TAMS 0x0000000703400000, 0x0000000703200000| Untracked 
|  26|0x0000000703400000, 0x0000000703600000, 0x0000000703600000|100%|HS|  |TAMS 0x0000000703600000, 0x0000000703400000| Complete 
|  27|0x0000000703600000, 0x0000000703800000, 0x0000000703800000|100%|HC|  |TAMS 0x0000000703800000, 0x0000000703600000| Complete 
|  28|0x0000000703800000, 0x0000000703a00000, 0x0000000703a00000|100%| O|  |TAMS 0x0000000703a00000, 0x0000000703800000| Untracked 
|  29|0x0000000703a00000, 0x0000000703c00000, 0x0000000703c00000|100%|HS|  |TAMS 0x0000000703a00000, 0x0000000703a00000| Complete 
|  30|0x0000000703c00000, 0x0000000703e00000, 0x0000000703e00000|100%| O|  |TAMS 0x0000000703e00000, 0x0000000703c00000| Untracked 
|  31|0x0000000703e00000, 0x0000000704000000, 0x0000000704000000|100%| O|  |TAMS 0x0000000704000000, 0x0000000703e00000| Untracked 
|  32|0x0000000704000000, 0x0000000704200000, 0x0000000704200000|100%| O|  |TAMS 0x0000000704200000, 0x0000000704000000| Untracked 
|  33|0x0000000704200000, 0x0000000704400000, 0x0000000704400000|100%| O|  |TAMS 0x0000000704400000, 0x0000000704200000| Untracked 
|  34|0x0000000704400000, 0x0000000704600000, 0x0000000704600000|100%| O|  |TAMS 0x0000000704600000, 0x0000000704400000| Untracked 
|  35|0x0000000704600000, 0x0000000704800000, 0x0000000704800000|100%| O|  |TAMS 0x0000000704800000, 0x0000000704600000| Untracked 
|  36|0x0000000704800000, 0x0000000704a00000, 0x0000000704a00000|100%| O|  |TAMS 0x0000000704a00000, 0x0000000704800000| Untracked 
|  37|0x0000000704a00000, 0x0000000704bfe600, 0x0000000704c00000| 99%| O|  |TAMS 0x0000000704bfe600, 0x0000000704a00000| Untracked 
|  38|0x0000000704c00000, 0x0000000704e00000, 0x0000000704e00000|100%|HS|  |TAMS 0x0000000704c00000, 0x0000000704c00000| Complete 
|  39|0x0000000704e00000, 0x0000000705000000, 0x0000000705000000|100%|HC|  |TAMS 0x0000000704e00000, 0x0000000704e00000| Complete 
|  40|0x0000000705000000, 0x0000000705200000, 0x0000000705200000|100%| O|  |TAMS 0x0000000705000000, 0x0000000705000000| Untracked 
|  41|0x0000000705200000, 0x0000000705400000, 0x0000000705400000|100%| O|  |TAMS 0x0000000705200000, 0x0000000705200000| Untracked 
|  42|0x0000000705400000, 0x0000000705600000, 0x0000000705600000|100%| O|  |TAMS 0x0000000705400000, 0x0000000705400000| Untracked 
|  43|0x0000000705600000, 0x0000000705800000, 0x0000000705800000|100%| O|  |TAMS 0x0000000705600000, 0x0000000705600000| Untracked 
|  44|0x0000000705800000, 0x0000000705a00000, 0x0000000705a00000|100%| O|  |TAMS 0x0000000705800000, 0x0000000705800000| Untracked 
|  45|0x0000000705a00000, 0x0000000705c00000, 0x0000000705c00000|100%| O|  |TAMS 0x0000000705a00000, 0x0000000705a00000| Untracked 
|  46|0x0000000705c00000, 0x0000000705e00000, 0x0000000705e00000|100%| O|  |TAMS 0x0000000705c00000, 0x0000000705c00000| Untracked 
|  47|0x0000000705e00000, 0x0000000706000000, 0x0000000706000000|100%| O|  |TAMS 0x0000000705e00000, 0x0000000705e00000| Untracked 
|  48|0x0000000706000000, 0x0000000706200000, 0x0000000706200000|100%| O|  |TAMS 0x0000000706000000, 0x0000000706000000| Untracked 
|  49|0x0000000706200000, 0x0000000706400000, 0x0000000706400000|100%| O|  |TAMS 0x0000000706200000, 0x0000000706200000| Untracked 
|  50|0x0000000706400000, 0x0000000706600000, 0x0000000706600000|100%| O|  |TAMS 0x0000000706400000, 0x0000000706400000| Untracked 
|  51|0x0000000706600000, 0x0000000706800000, 0x0000000706800000|100%| O|  |TAMS 0x0000000706600000, 0x0000000706600000| Untracked 
|  52|0x0000000706800000, 0x0000000706a00000, 0x0000000706a00000|100%| O|  |TAMS 0x0000000706800000, 0x0000000706800000| Untracked 
|  53|0x0000000706a00000, 0x0000000706c00000, 0x0000000706c00000|100%| O|  |TAMS 0x0000000706a00000, 0x0000000706a00000| Untracked 
|  54|0x0000000706c00000, 0x0000000706e00000, 0x0000000706e00000|100%| O|  |TAMS 0x0000000706c00000, 0x0000000706c00000| Untracked 
|  55|0x0000000706e00000, 0x0000000707000000, 0x0000000707000000|100%| O|  |TAMS 0x0000000706e00000, 0x0000000706e00000| Untracked 
|  56|0x0000000707000000, 0x0000000707200000, 0x0000000707200000|100%| O|  |TAMS 0x0000000707000000, 0x0000000707000000| Untracked 
|  57|0x0000000707200000, 0x0000000707400000, 0x0000000707400000|100%| O|  |TAMS 0x0000000707200000, 0x0000000707200000| Untracked 
|  58|0x0000000707400000, 0x0000000707600000, 0x0000000707600000|100%| O|  |TAMS 0x0000000707400000, 0x0000000707400000| Untracked 
|  59|0x0000000707600000, 0x0000000707800000, 0x0000000707800000|100%| O|  |TAMS 0x0000000707600000, 0x0000000707600000| Untracked 
|  60|0x0000000707800000, 0x0000000707a00000, 0x0000000707a00000|100%| O|  |TAMS 0x0000000707800000, 0x0000000707800000| Untracked 
|  61|0x0000000707a00000, 0x0000000707c00000, 0x0000000707c00000|100%| O|  |TAMS 0x0000000707a00000, 0x0000000707a00000| Untracked 
|  62|0x0000000707c00000, 0x0000000707e00000, 0x0000000707e00000|100%| O|  |TAMS 0x0000000707c00000, 0x0000000707c00000| Untracked 
|  63|0x0000000707e00000, 0x0000000708000000, 0x0000000708000000|100%| O|  |TAMS 0x0000000707e00000, 0x0000000707e00000| Untracked 
|  64|0x0000000708000000, 0x0000000708200000, 0x0000000708200000|100%| O|  |TAMS 0x0000000708000000, 0x0000000708000000| Untracked 
|  65|0x0000000708200000, 0x0000000708400000, 0x0000000708400000|100%| O|  |TAMS 0x0000000708200000, 0x0000000708200000| Untracked 
|  66|0x0000000708400000, 0x0000000708600000, 0x0000000708600000|100%| O|  |TAMS 0x0000000708400000, 0x0000000708400000| Untracked 
|  67|0x0000000708600000, 0x0000000708800000, 0x0000000708800000|100%| O|  |TAMS 0x0000000708600000, 0x0000000708600000| Untracked 
|  68|0x0000000708800000, 0x0000000708a00000, 0x0000000708a00000|100%| O|  |TAMS 0x0000000708800000, 0x0000000708800000| Untracked 
|  69|0x0000000708a00000, 0x0000000708c00000, 0x0000000708c00000|100%| O|  |TAMS 0x0000000708a00000, 0x0000000708a00000| Untracked 
|  70|0x0000000708c00000, 0x0000000708c55a00, 0x0000000708e00000| 16%| O|  |TAMS 0x0000000708c00000, 0x0000000708c00000| Untracked 
|  71|0x0000000708e00000, 0x0000000708e00000, 0x0000000709000000|  0%| F|  |TAMS 0x0000000708e00000, 0x0000000708e00000| Untracked 
|  72|0x0000000709000000, 0x0000000709000000, 0x0000000709200000|  0%| F|  |TAMS 0x0000000709000000, 0x0000000709000000| Untracked 
|  73|0x0000000709200000, 0x0000000709200000, 0x0000000709400000|  0%| F|  |TAMS 0x0000000709200000, 0x0000000709200000| Untracked 
|  74|0x0000000709400000, 0x0000000709400000, 0x0000000709600000|  0%| F|  |TAMS 0x0000000709400000, 0x0000000709400000| Untracked 
|  75|0x0000000709600000, 0x0000000709600000, 0x0000000709800000|  0%| F|  |TAMS 0x0000000709600000, 0x0000000709600000| Untracked 
|  76|0x0000000709800000, 0x0000000709800000, 0x0000000709a00000|  0%| F|  |TAMS 0x0000000709800000, 0x0000000709800000| Untracked 
|  77|0x0000000709a00000, 0x0000000709a00000, 0x0000000709c00000|  0%| F|  |TAMS 0x0000000709a00000, 0x0000000709a00000| Untracked 
|  78|0x0000000709c00000, 0x0000000709c00000, 0x0000000709e00000|  0%| F|  |TAMS 0x0000000709c00000, 0x0000000709c00000| Untracked 
|  79|0x0000000709e00000, 0x0000000709e00000, 0x000000070a000000|  0%| F|  |TAMS 0x0000000709e00000, 0x0000000709e00000| Untracked 
|  80|0x000000070a000000, 0x000000070a000000, 0x000000070a200000|  0%| F|  |TAMS 0x000000070a000000, 0x000000070a000000| Untracked 
|  81|0x000000070a200000, 0x000000070a200000, 0x000000070a400000|  0%| F|  |TAMS 0x000000070a200000, 0x000000070a200000| Untracked 
|  82|0x000000070a400000, 0x000000070a400000, 0x000000070a600000|  0%| F|  |TAMS 0x000000070a400000, 0x000000070a400000| Untracked 
|  83|0x000000070a600000, 0x000000070a600000, 0x000000070a800000|  0%| F|  |TAMS 0x000000070a600000, 0x000000070a600000| Untracked 
|  84|0x000000070a800000, 0x000000070a800000, 0x000000070aa00000|  0%| F|  |TAMS 0x000000070a800000, 0x000000070a800000| Untracked 
|  85|0x000000070aa00000, 0x000000070aa00000, 0x000000070ac00000|  0%| F|  |TAMS 0x000000070aa00000, 0x000000070aa00000| Untracked 
|  86|0x000000070ac00000, 0x000000070ac00000, 0x000000070ae00000|  0%| F|  |TAMS 0x000000070ac00000, 0x000000070ac00000| Untracked 
|  87|0x000000070ae00000, 0x000000070ae00000, 0x000000070b000000|  0%| F|  |TAMS 0x000000070ae00000, 0x000000070ae00000| Untracked 
|  88|0x000000070b000000, 0x000000070b000000, 0x000000070b200000|  0%| F|  |TAMS 0x000000070b000000, 0x000000070b000000| Untracked 
|  89|0x000000070b200000, 0x000000070b200000, 0x000000070b400000|  0%| F|  |TAMS 0x000000070b200000, 0x000000070b200000| Untracked 
|  90|0x000000070b400000, 0x000000070b400000, 0x000000070b600000|  0%| F|  |TAMS 0x000000070b400000, 0x000000070b400000| Untracked 
|  91|0x000000070b600000, 0x000000070b600000, 0x000000070b800000|  0%| F|  |TAMS 0x000000070b600000, 0x000000070b600000| Untracked 
|  92|0x000000070b800000, 0x000000070b800000, 0x000000070ba00000|  0%| F|  |TAMS 0x000000070b800000, 0x000000070b800000| Untracked 
|  93|0x000000070ba00000, 0x000000070baa3ea0, 0x000000070bc00000| 32%| S|CS|TAMS 0x000000070ba00000, 0x000000070ba00000| Complete 
|  94|0x000000070bc00000, 0x000000070be00000, 0x000000070be00000|100%| S|CS|TAMS 0x000000070bc00000, 0x000000070bc00000| Complete 
|  95|0x000000070be00000, 0x000000070be00000, 0x000000070c000000|  0%| F|  |TAMS 0x000000070be00000, 0x000000070be00000| Untracked 
|  96|0x000000070c000000, 0x000000070c000000, 0x000000070c200000|  0%| F|  |TAMS 0x000000070c000000, 0x000000070c000000| Untracked 
|  97|0x000000070c200000, 0x000000070c200000, 0x000000070c400000|  0%| F|  |TAMS 0x000000070c200000, 0x000000070c200000| Untracked 
|  98|0x000000070c400000, 0x000000070c400000, 0x000000070c600000|  0%| F|  |TAMS 0x000000070c400000, 0x000000070c400000| Untracked 
|  99|0x000000070c600000, 0x000000070c600000, 0x000000070c800000|  0%| F|  |TAMS 0x000000070c600000, 0x000000070c600000| Untracked 
| 100|0x000000070c800000, 0x000000070c800000, 0x000000070ca00000|  0%| F|  |TAMS 0x000000070c800000, 0x000000070c800000| Untracked 
| 101|0x000000070ca00000, 0x000000070ca00000, 0x000000070cc00000|  0%| F|  |TAMS 0x000000070ca00000, 0x000000070ca00000| Untracked 
| 102|0x000000070cc00000, 0x000000070ce00000, 0x000000070ce00000|100%| S|CS|TAMS 0x000000070cc00000, 0x000000070cc00000| Complete 
| 103|0x000000070ce00000, 0x000000070d000000, 0x000000070d000000|100%| S|CS|TAMS 0x000000070ce00000, 0x000000070ce00000| Complete 
| 104|0x000000070d000000, 0x000000070d200000, 0x000000070d200000|100%| S|CS|TAMS 0x000000070d000000, 0x000000070d000000| Complete 
| 105|0x000000070d200000, 0x000000070d400000, 0x000000070d400000|100%| S|CS|TAMS 0x000000070d200000, 0x000000070d200000| Complete 
| 106|0x000000070d400000, 0x000000070d400000, 0x000000070d600000|  0%| F|  |TAMS 0x000000070d400000, 0x000000070d400000| Untracked 
| 107|0x000000070d600000, 0x000000070d600000, 0x000000070d800000|  0%| F|  |TAMS 0x000000070d600000, 0x000000070d600000| Untracked 
| 108|0x000000070d800000, 0x000000070d800000, 0x000000070da00000|  0%| F|  |TAMS 0x000000070d800000, 0x000000070d800000| Untracked 
| 109|0x000000070da00000, 0x000000070da00000, 0x000000070dc00000|  0%| F|  |TAMS 0x000000070da00000, 0x000000070da00000| Untracked 
| 110|0x000000070dc00000, 0x000000070dc00000, 0x000000070de00000|  0%| F|  |TAMS 0x000000070dc00000, 0x000000070dc00000| Untracked 
| 111|0x000000070de00000, 0x000000070de00000, 0x000000070e000000|  0%| F|  |TAMS 0x000000070de00000, 0x000000070de00000| Untracked 
| 112|0x000000070e000000, 0x000000070e000000, 0x000000070e200000|  0%| F|  |TAMS 0x000000070e000000, 0x000000070e000000| Untracked 
| 113|0x000000070e200000, 0x000000070e200000, 0x000000070e400000|  0%| F|  |TAMS 0x000000070e200000, 0x000000070e200000| Untracked 
| 114|0x000000070e400000, 0x000000070e400000, 0x000000070e600000|  0%| F|  |TAMS 0x000000070e400000, 0x000000070e400000| Untracked 
| 115|0x000000070e600000, 0x000000070e600000, 0x000000070e800000|  0%| F|  |TAMS 0x000000070e600000, 0x000000070e600000| Untracked 
| 116|0x000000070e800000, 0x000000070e800000, 0x000000070ea00000|  0%| F|  |TAMS 0x000000070e800000, 0x000000070e800000| Untracked 
| 117|0x000000070ea00000, 0x000000070ea00000, 0x000000070ec00000|  0%| F|  |TAMS 0x000000070ea00000, 0x000000070ea00000| Untracked 
| 118|0x000000070ec00000, 0x000000070ec00000, 0x000000070ee00000|  0%| F|  |TAMS 0x000000070ec00000, 0x000000070ec00000| Untracked 
| 119|0x000000070ee00000, 0x000000070ee00000, 0x000000070f000000|  0%| F|  |TAMS 0x000000070ee00000, 0x000000070ee00000| Untracked 
| 120|0x000000070f000000, 0x000000070f000000, 0x000000070f200000|  0%| F|  |TAMS 0x000000070f000000, 0x000000070f000000| Untracked 
| 121|0x000000070f200000, 0x000000070f200000, 0x000000070f400000|  0%| F|  |TAMS 0x000000070f200000, 0x000000070f200000| Untracked 
| 122|0x000000070f400000, 0x000000070f400000, 0x000000070f600000|  0%| F|  |TAMS 0x000000070f400000, 0x000000070f400000| Untracked 
| 123|0x000000070f600000, 0x000000070f600000, 0x000000070f800000|  0%| F|  |TAMS 0x000000070f600000, 0x000000070f600000| Untracked 
| 124|0x000000070f800000, 0x000000070f800000, 0x000000070fa00000|  0%| F|  |TAMS 0x000000070f800000, 0x000000070f800000| Untracked 
| 125|0x000000070fa00000, 0x000000070fa00000, 0x000000070fc00000|  0%| F|  |TAMS 0x000000070fa00000, 0x000000070fa00000| Untracked 
| 126|0x000000070fc00000, 0x000000070fc00000, 0x000000070fe00000|  0%| F|  |TAMS 0x000000070fc00000, 0x000000070fc00000| Untracked 
| 127|0x000000070fe00000, 0x000000070fe00000, 0x0000000710000000|  0%| F|  |TAMS 0x000000070fe00000, 0x000000070fe00000| Untracked 
| 128|0x0000000710000000, 0x0000000710000000, 0x0000000710200000|  0%| F|  |TAMS 0x0000000710000000, 0x0000000710000000| Untracked 
| 129|0x0000000710200000, 0x0000000710200000, 0x0000000710400000|  0%| F|  |TAMS 0x0000000710200000, 0x0000000710200000| Untracked 
| 130|0x0000000710400000, 0x0000000710400000, 0x0000000710600000|  0%| F|  |TAMS 0x0000000710400000, 0x0000000710400000| Untracked 
| 131|0x0000000710600000, 0x0000000710600000, 0x0000000710800000|  0%| F|  |TAMS 0x0000000710600000, 0x0000000710600000| Untracked 
| 132|0x0000000710800000, 0x0000000710800000, 0x0000000710a00000|  0%| F|  |TAMS 0x0000000710800000, 0x0000000710800000| Untracked 
| 133|0x0000000710a00000, 0x0000000710a00000, 0x0000000710c00000|  0%| F|  |TAMS 0x0000000710a00000, 0x0000000710a00000| Untracked 
| 134|0x0000000710c00000, 0x0000000710c00000, 0x0000000710e00000|  0%| F|  |TAMS 0x0000000710c00000, 0x0000000710c00000| Untracked 
| 135|0x0000000710e00000, 0x0000000710e00000, 0x0000000711000000|  0%| F|  |TAMS 0x0000000710e00000, 0x0000000710e00000| Untracked 
| 136|0x0000000711000000, 0x0000000711000000, 0x0000000711200000|  0%| F|  |TAMS 0x0000000711000000, 0x0000000711000000| Untracked 
| 137|0x0000000711200000, 0x0000000711200000, 0x0000000711400000|  0%| F|  |TAMS 0x0000000711200000, 0x0000000711200000| Untracked 
| 138|0x0000000711400000, 0x00000007114fed78, 0x0000000711600000| 49%| E|  |TAMS 0x0000000711400000, 0x0000000711400000| Complete 
| 139|0x0000000711600000, 0x0000000711800000, 0x0000000711800000|100%| E|CS|TAMS 0x0000000711600000, 0x0000000711600000| Complete 
| 158|0x0000000713c00000, 0x0000000713e00000, 0x0000000713e00000|100%| E|CS|TAMS 0x0000000713c00000, 0x0000000713c00000| Complete 
| 159|0x0000000713e00000, 0x0000000714000000, 0x0000000714000000|100%| E|CS|TAMS 0x0000000713e00000, 0x0000000713e00000| Complete 
| 160|0x0000000714000000, 0x0000000714200000, 0x0000000714200000|100%| E|CS|TAMS 0x0000000714000000, 0x0000000714000000| Complete 
| 161|0x0000000714200000, 0x0000000714400000, 0x0000000714400000|100%| E|CS|TAMS 0x0000000714200000, 0x0000000714200000| Complete 

Card table byte_map: [0x000001b5eeb30000,0x000001b5ef330000] _byte_map_base: 0x000001b5eb330000

Marking Bits (Prev, Next): (CMBitMap*) 0x000001b5dbb9feb0, (CMBitMap*) 0x000001b5dbb9fe70
 Prev Bits: [0x000001b5f3b30000, 0x000001b5f7b30000)
 Next Bits: [0x000001b5efb30000, 0x000001b5f3b30000)

Polling page: 0x000001b5db300000

Metaspace:

Usage:
  Non-class:     85.04 MB used.
      Class:     13.60 MB used.
       Both:     98.64 MB used.

Virtual space:
  Non-class space:       88.00 MB reserved,      85.56 MB ( 97%) committed,  11 nodes.
      Class space:        1.00 GB reserved,      14.06 MB (  1%) committed,  1 nodes.
             Both:        1.09 GB reserved,      99.62 MB (  9%) committed. 

Chunk freelists:
   Non-Class:  2.36 MB
       Class:  1.91 MB
        Both:  4.27 MB

MaxMetaspaceSize: unlimited
CompressedClassSpaceSize: 1.00 GB
Initial GC threshold: 21.00 MB
Current GC threshold: 139.94 MB
CDS: off
MetaspaceReclaimPolicy: balanced
 - commit_granule_bytes: 65536.
 - commit_granule_words: 8192.
 - virtual_space_node_default_size: 1048576.
 - enlarge_chunks_in_place: 1.
 - new_chunks_are_fully_committed: 0.
 - uncommit_free_chunks: 1.
 - use_allocation_guard: 0.
 - handle_deallocations: 1.


Internal statistics:

num_allocs_failed_limit: 9.
num_arena_births: 1336.
num_arena_deaths: 0.
num_vsnodes_births: 12.
num_vsnodes_deaths: 0.
num_space_committed: 1594.
num_space_uncommitted: 0.
num_chunks_returned_to_freelist: 9.
num_chunks_taken_from_freelist: 5330.
num_chunk_merges: 3.
num_chunk_splits: 3403.
num_chunks_enlarged: 2150.
num_purges: 0.
num_inconsistent_stats: 0.

CodeHeap 'non-profiled nmethods': size=120000Kb used=6170Kb max_used=6170Kb free=113829Kb
 bounds [0x000001b5e6ad0000, 0x000001b5e70e0000, 0x000001b5ee000000]
CodeHeap 'profiled nmethods': size=120000Kb used=21442Kb max_used=21442Kb free=98557Kb
 bounds [0x000001b5df000000, 0x000001b5e0500000, 0x000001b5e6530000]
CodeHeap 'non-nmethods': size=5760Kb used=2415Kb max_used=2489Kb free=3344Kb
 bounds [0x000001b5e6530000, 0x000001b5e67b0000, 0x000001b5e6ad0000]
 total_blobs=12616 nmethods=11679 adapters=847
 compilation: enabled
              stopped_count=0, restarted_count=0
 full_count=0

Compilation events (20 events):
Event: 27.210 Thread 0x000001b5fa5a3460 nmethod 13452 0x000001b5e70d0f10 code [0x000001b5e70d1080, 0x000001b5e70d1178]
Event: 27.210 Thread 0x000001b5fa5a3460 13484       4       org.codehaus.groovy.runtime.metaclass.MetaMethodIndex::resize (103 bytes)
Event: 27.224 Thread 0x000001b581e27030 nmethod 13414 0x000001b5e70d1290 code [0x000001b5e70d1540, 0x000001b5e70d47a0]
Event: 27.224 Thread 0x000001b581e27030 13485       4       java.util.Collections$EmptySet::iterator (4 bytes)
Event: 27.225 Thread 0x000001b581e27030 nmethod 13485 0x000001b5e70d5a10 code [0x000001b5e70d5b80, 0x000001b5e70d5bf8]
Event: 27.225 Thread 0x000001b5fa5a3460 nmethod 13484 0x000001b5e70d5d10 code [0x000001b5e70d5ea0, 0x000001b5e70d6498]
Event: 27.563 Thread 0x000001b5fb05aab0 13500       3       javax.management.ObjectName::getInstance (9 bytes)
Event: 27.564 Thread 0x000001b5fb05aab0 nmethod 13500 0x000001b5e04edc10 code [0x000001b5e04eddc0, 0x000001b5e04ee008]
Event: 28.571 Thread 0x000001b5fa5a3460 13501       4       java.util.stream.ReduceOps$3ReducingSink::accept (15 bytes)
Event: 28.572 Thread 0x000001b5fa5a3460 nmethod 13501 0x000001b5e70d6610 code [0x000001b5e70d6780, 0x000001b5e70d6838]
Event: 29.566 Thread 0x000001b5fb05aab0 13502       3       java.lang.invoke.DelegatingMethodHandle$Holder::reinvoke_L (20 bytes)
Event: 29.567 Thread 0x000001b5fb05aab0 nmethod 13502 0x000001b5e04ee110 code [0x000001b5e04ee2e0, 0x000001b5e04ee758]
Event: 30.574 Thread 0x000001b5fb05aab0 13503   !   3       sun.management.Util::newObjectName (15 bytes)
Event: 30.574 Thread 0x000001b5fb05aab0 nmethod 13503 0x000001b5e04ee890 code [0x000001b5e04eea60, 0x000001b5e04eedd8]
Event: 30.574 Thread 0x000001b5fb05aab0 13504       3       java.lang.invoke.LambdaForm$MH/0x0000000800192c00::invoke (148 bytes)
Event: 30.575 Thread 0x000001b5fb05aab0 nmethod 13504 0x000001b5e04eef90 code [0x000001b5e04ef200, 0x000001b5e04f03a8]
Event: 31.382 Thread 0x000001b5fa5a3460 13505       4       org.gradle.internal.logging.text.AbstractLineChoppingStyledTextOutput$1::execute (9 bytes)
Event: 31.382 Thread 0x000001b5fb05aab0 13510       3       org.gradle.internal.logging.text.AbstractLineChoppingStyledTextOutput$StateContext::flushLineText (113 bytes)
Event: 31.383 Thread 0x000001b5fb05aab0 nmethod 13510 0x000001b5e04f0810 code [0x000001b5e04f0aa0, 0x000001b5e04f1458]
Event: 31.383 Thread 0x000001b5fb05aab0 13511       3       org.gradle.internal.io.LineBufferingOutputStream::write (59 bytes)

GC Heap History (20 events):
Event: 15.803 GC heap before
{Heap before GC invocations=35 (full 0):
 garbage-first heap   total 147456K, used 111617K [0x0000000700000000, 0x0000000800000000)
  region size 2048K, 22 young (45056K), 2 survivors (4096K)
 Metaspace       used 79316K, committed 79936K, reserved 1122304K
  class space    used 10718K, committed 11008K, reserved 1048576K
}
Event: 15.812 GC heap after
{Heap after GC invocations=36 (full 0):
 garbage-first heap   total 147456K, used 72378K [0x0000000700000000, 0x0000000800000000)
  region size 2048K, 3 young (6144K), 3 survivors (6144K)
 Metaspace       used 79316K, committed 79936K, reserved 1122304K
  class space    used 10718K, committed 11008K, reserved 1048576K
}
Event: 15.817 GC heap before
{Heap before GC invocations=36 (full 0):
 garbage-first heap   total 147456K, used 74426K [0x0000000700000000, 0x0000000800000000)
  region size 2048K, 4 young (8192K), 3 survivors (6144K)
 Metaspace       used 79316K, committed 79936K, reserved 1122304K
  class space    used 10718K, committed 11008K, reserved 1048576K
}
Event: 15.822 GC heap after
{Heap after GC invocations=37 (full 0):
 garbage-first heap   total 147456K, used 71661K [0x0000000700000000, 0x0000000800000000)
  region size 2048K, 1 young (2048K), 1 survivors (2048K)
 Metaspace       used 79316K, committed 79936K, reserved 1122304K
  class space    used 10718K, committed 11008K, reserved 1048576K
}
Event: 16.321 GC heap before
{Heap before GC invocations=37 (full 0):
 garbage-first heap   total 147456K, used 112621K [0x0000000700000000, 0x0000000800000000)
  region size 2048K, 21 young (43008K), 1 survivors (2048K)
 Metaspace       used 79802K, committed 80384K, reserved 1122304K
  class space    used 10805K, committed 11072K, reserved 1048576K
}
Event: 16.326 GC heap after
{Heap after GC invocations=38 (full 0):
 garbage-first heap   total 147456K, used 73255K [0x0000000700000000, 0x0000000800000000)
  region size 2048K, 2 young (4096K), 2 survivors (4096K)
 Metaspace       used 79802K, committed 80384K, reserved 1122304K
  class space    used 10805K, committed 11072K, reserved 1048576K
}
Event: 17.261 GC heap before
{Heap before GC invocations=39 (full 0):
 garbage-first heap   total 147456K, used 114215K [0x0000000700000000, 0x0000000800000000)
  region size 2048K, 22 young (45056K), 2 survivors (4096K)
 Metaspace       used 80340K, committed 81024K, reserved 1122304K
  class space    used 10866K, committed 11200K, reserved 1048576K
}
Event: 17.269 GC heap after
{Heap after GC invocations=40 (full 0):
 garbage-first heap   total 147456K, used 76923K [0x0000000700000000, 0x0000000800000000)
  region size 2048K, 3 young (6144K), 3 survivors (6144K)
 Metaspace       used 80340K, committed 81024K, reserved 1122304K
  class space    used 10866K, committed 11200K, reserved 1048576K
}
Event: 17.320 GC heap before
{Heap before GC invocations=40 (full 0):
 garbage-first heap   total 147456K, used 78971K [0x0000000700000000, 0x0000000800000000)
  region size 2048K, 4 young (8192K), 3 survivors (6144K)
 Metaspace       used 80620K, committed 81280K, reserved 1122304K
  class space    used 10897K, committed 11200K, reserved 1048576K
}
Event: 17.328 GC heap after
{Heap after GC invocations=41 (full 0):
 garbage-first heap   total 147456K, used 76717K [0x0000000700000000, 0x0000000800000000)
  region size 2048K, 1 young (2048K), 1 survivors (2048K)
 Metaspace       used 80620K, committed 81280K, reserved 1122304K
  class space    used 10897K, committed 11200K, reserved 1048576K
}
Event: 18.132 GC heap before
{Heap before GC invocations=41 (full 0):
 garbage-first heap   total 147456K, used 115629K [0x0000000700000000, 0x0000000800000000)
  region size 2048K, 20 young (40960K), 1 survivors (2048K)
 Metaspace       used 84732K, committed 85376K, reserved 1130496K
  class space    used 11669K, committed 11968K, reserved 1048576K
}
Event: 18.140 GC heap after
{Heap after GC invocations=42 (full 0):
 garbage-first heap   total 331776K, used 78336K [0x0000000700000000, 0x0000000800000000)
  region size 2048K, 2 young (4096K), 2 survivors (4096K)
 Metaspace       used 84732K, committed 85376K, reserved 1130496K
  class space    used 11669K, committed 11968K, reserved 1048576K
}
Event: 20.892 GC heap before
{Heap before GC invocations=43 (full 0):
 garbage-first heap   total 294912K, used 254464K [0x0000000700000000, 0x0000000800000000)
  region size 2048K, 86 young (176128K), 2 survivors (4096K)
 Metaspace       used 90423K, committed 91200K, reserved 1130496K
  class space    used 12443K, committed 12800K, reserved 1048576K
}
Event: 20.914 GC heap after
{Heap after GC invocations=44 (full 0):
 garbage-first heap   total 294912K, used 108196K [0x0000000700000000, 0x0000000800000000)
  region size 2048K, 11 young (22528K), 11 survivors (22528K)
 Metaspace       used 90423K, committed 91200K, reserved 1130496K
  class space    used 12443K, committed 12800K, reserved 1048576K
}
Event: 22.773 GC heap before
{Heap before GC invocations=44 (full 0):
 garbage-first heap   total 294912K, used 208548K [0x0000000700000000, 0x0000000800000000)
  region size 2048K, 60 young (122880K), 11 survivors (22528K)
 Metaspace       used 93553K, committed 94464K, reserved 1130496K
  class space    used 12905K, committed 13312K, reserved 1048576K
}
Event: 22.802 GC heap after
{Heap after GC invocations=45 (full 0):
 garbage-first heap   total 294912K, used 127249K [0x0000000700000000, 0x0000000800000000)
  region size 2048K, 8 young (16384K), 8 survivors (16384K)
 Metaspace       used 93553K, committed 94464K, reserved 1130496K
  class space    used 12905K, committed 13312K, reserved 1048576K
}
Event: 24.640 GC heap before
{Heap before GC invocations=45 (full 0):
 garbage-first heap   total 294912K, used 213265K [0x0000000700000000, 0x0000000800000000)
  region size 2048K, 50 young (102400K), 8 survivors (16384K)
 Metaspace       used 99220K, committed 100224K, reserved 1138688K
  class space    used 13662K, committed 14080K, reserved 1048576K
}
Event: 24.666 GC heap after
{Heap after GC invocations=46 (full 0):
 garbage-first heap   total 294912K, used 143353K [0x0000000700000000, 0x0000000800000000)
  region size 2048K, 7 young (14336K), 7 survivors (14336K)
 Metaspace       used 99220K, committed 100224K, reserved 1138688K
  class space    used 13662K, committed 14080K, reserved 1048576K
}
Event: 26.951 GC heap before
{Heap before GC invocations=46 (full 0):
 garbage-first heap   total 294912K, used 219129K [0x0000000700000000, 0x0000000800000000)
  region size 2048K, 45 young (92160K), 7 survivors (14336K)
 Metaspace       used 100572K, committed 101632K, reserved 1138688K
  class space    used 13847K, committed 14336K, reserved 1048576K
}
Event: 26.983 GC heap after
{Heap after GC invocations=47 (full 0):
 garbage-first heap   total 294912K, used 154591K [0x0000000700000000, 0x0000000800000000)
  region size 2048K, 6 young (12288K), 6 survivors (12288K)
 Metaspace       used 100572K, committed 101632K, reserved 1138688K
  class space    used 13847K, committed 14336K, reserved 1048576K
}

Dll operation events (2 events):
Event: 0.006 Loaded shared library C:\Program Files\Android\Android Studio2\jbr\bin\java.dll
Event: 0.823 Loaded shared library C:\Program Files\Android\Android Studio2\jbr\bin\verify.dll

Deoptimization events (20 events):
Event: 31.382 Thread 0x000001b584c09580 Uncommon trap: trap_request=0xffffffc6 fr.pc=0x000001b5e6d4abb0 relative=0x0000000000000430
Event: 31.382 Thread 0x000001b584c09580 Uncommon trap: reason=bimorphic_or_optimized_type_check action=maybe_recompile pc=0x000001b5e6d4abb0 method=org.gradle.internal.logging.sink.OutputEventRenderer.onOutput(Lorg/gradle/internal/logging/events/OutputEvent;)V @ 1 c2
Event: 31.382 Thread 0x000001b584c09580 DEOPT PACKING pc=0x000001b5e6d4abb0 sp=0x00000060445fe6a0
Event: 31.382 Thread 0x000001b584c09580 DEOPT UNPACKING pc=0x000001b5e658a1a3 sp=0x00000060445fe5f8 mode 2
Event: 31.382 Thread 0x000001b584c09580 Uncommon trap: trap_request=0xffffffde fr.pc=0x000001b5e6c8359c relative=0x00000000000047fc
Event: 31.382 Thread 0x000001b584c09580 Uncommon trap: reason=class_check action=maybe_recompile pc=0x000001b5e6c8359c method=org.gradle.internal.logging.sink.OutputEventTransformer.onOutput(Lorg/gradle/internal/logging/events/OutputEvent;)V @ 225 c2
Event: 31.382 Thread 0x000001b584c09580 DEOPT PACKING pc=0x000001b5e6c8359c sp=0x00000060445fe560
Event: 31.382 Thread 0x000001b584c09580 DEOPT UNPACKING pc=0x000001b5e658a1a3 sp=0x00000060445fe558 mode 2
Event: 31.382 Thread 0x000001b584c09580 Uncommon trap: trap_request=0xffffffc6 fr.pc=0x000001b5e6d4abb0 relative=0x0000000000000430
Event: 31.382 Thread 0x000001b584c09580 Uncommon trap: reason=bimorphic_or_optimized_type_check action=maybe_recompile pc=0x000001b5e6d4abb0 method=org.gradle.internal.logging.sink.OutputEventRenderer.onOutput(Lorg/gradle/internal/logging/events/OutputEvent;)V @ 1 c2
Event: 31.382 Thread 0x000001b584c09580 DEOPT PACKING pc=0x000001b5e6d4abb0 sp=0x00000060445fe6a0
Event: 31.382 Thread 0x000001b584c09580 DEOPT UNPACKING pc=0x000001b5e658a1a3 sp=0x00000060445fe5f8 mode 2
Event: 31.382 Thread 0x000001b584c09580 Uncommon trap: trap_request=0xffffffde fr.pc=0x000001b5e6c8359c relative=0x00000000000047fc
Event: 31.382 Thread 0x000001b584c09580 Uncommon trap: reason=class_check action=maybe_recompile pc=0x000001b5e6c8359c method=org.gradle.internal.logging.sink.OutputEventTransformer.onOutput(Lorg/gradle/internal/logging/events/OutputEvent;)V @ 225 c2
Event: 31.382 Thread 0x000001b584c09580 DEOPT PACKING pc=0x000001b5e6c8359c sp=0x00000060445fe560
Event: 31.382 Thread 0x000001b584c09580 DEOPT UNPACKING pc=0x000001b5e658a1a3 sp=0x00000060445fe558 mode 2
Event: 31.382 Thread 0x000001b584c09580 Uncommon trap: trap_request=0xffffffc6 fr.pc=0x000001b5e6dc4b38 relative=0x00000000000002d8
Event: 31.382 Thread 0x000001b584c09580 Uncommon trap: reason=bimorphic_or_optimized_type_check action=maybe_recompile pc=0x000001b5e6dc4b38 method=org.gradle.internal.logging.sink.OutputEventRenderer.onOutput(Lorg/gradle/internal/logging/events/OutputEvent;)V @ 1 c2
Event: 31.382 Thread 0x000001b584c09580 DEOPT PACKING pc=0x000001b5e6dc4b38 sp=0x00000060445fe640
Event: 31.382 Thread 0x000001b584c09580 DEOPT UNPACKING pc=0x000001b5e658a1a3 sp=0x00000060445fe5f8 mode 2

Classes unloaded (0 events):
No events

Classes redefined (0 events):
No events

Internal exceptions (20 events):
Event: 27.145 Thread 0x000001b5fe122530 Exception <a 'java/lang/ClassNotFoundException'{0x00000007116477a0}: org/gradle/process/internal/DefaultExecAction_DecoratedBeanInfo> (0x00000007116477a0) 
thrown [s\src\hotspot\share\classfile\systemDictionary.cpp, line 256]
Event: 27.146 Thread 0x000001b5fe122530 Exception <a 'java/lang/ClassNotFoundException'{0x0000000711657810}: org/gradle/process/internal/DefaultExecActionBeanInfo> (0x0000000711657810) 
thrown [s\src\hotspot\share\classfile\systemDictionary.cpp, line 256]
Event: 27.146 Thread 0x000001b5fe122530 Exception <a 'java/lang/ClassNotFoundException'{0x0000000711668490}: org/gradle/process/internal/DefaultExecHandleBuilderBeanInfo> (0x0000000711668490) 
thrown [s\src\hotspot\share\classfile\systemDictionary.cpp, line 256]
Event: 27.147 Thread 0x000001b5fe122530 Exception <a 'java/lang/ClassNotFoundException'{0x0000000711679418}: org/gradle/process/internal/AbstractExecHandleBuilderBeanInfo> (0x0000000711679418) 
thrown [s\src\hotspot\share\classfile\systemDictionary.cpp, line 256]
Event: 27.147 Thread 0x000001b5fe122530 Exception <a 'java/lang/ClassNotFoundException'{0x000000071168b090}: org/gradle/process/internal/DefaultProcessForkOptionsBeanInfo> (0x000000071168b090) 
thrown [s\src\hotspot\share\classfile\systemDictionary.cpp, line 256]
Event: 27.148 Thread 0x000001b5fe122530 Exception <a 'java/lang/ClassNotFoundException'{0x000000071169c618}: org/gradle/process/internal/DefaultProcessForkOptionsCustomizer> (0x000000071169c618) 
thrown [s\src\hotspot\share\classfile\systemDictionary.cpp, line 256]
Event: 27.149 Thread 0x000001b5fe122530 Exception <a 'java/lang/ClassNotFoundException'{0x00000007116bad18}: org/gradle/process/internal/AbstractExecHandleBuilderCustomizer> (0x00000007116bad18) 
thrown [s\src\hotspot\share\classfile\systemDictionary.cpp, line 256]
Event: 27.150 Thread 0x000001b5fe122530 Exception <a 'java/lang/ClassNotFoundException'{0x00000007116dd7b0}: org/gradle/process/internal/DefaultExecHandleBuilderCustomizer> (0x00000007116dd7b0) 
thrown [s\src\hotspot\share\classfile\systemDictionary.cpp, line 256]
Event: 27.152 Thread 0x000001b5fe122530 Exception <a 'java/lang/ClassNotFoundException'{0x000000071171c190}: org/gradle/process/internal/DefaultExecActionCustomizer> (0x000000071171c190) 
thrown [s\src\hotspot\share\classfile\systemDictionary.cpp, line 256]
Event: 27.153 Thread 0x000001b5fe122530 Exception <a 'java/lang/ClassNotFoundException'{0x00000007117364a0}: org/gradle/process/internal/DefaultExecAction_DecoratedCustomizer> (0x00000007117364a0) 
thrown [s\src\hotspot\share\classfile\systemDictionary.cpp, line 256]
Event: 27.156 Thread 0x000001b5fe122530 Exception <a 'java/lang/ClassNotFoundException'{0x000000071176d978}: org/gradle/api/logging/LogLevelBeanInfo> (0x000000071176d978) 
thrown [s\src\hotspot\share\classfile\systemDictionary.cpp, line 256]
Event: 27.156 Thread 0x000001b5fe122530 Exception <a 'java/lang/ClassNotFoundException'{0x000000071177d350}: org/gradle/api/logging/LogLevelCustomizer> (0x000000071177d350) 
thrown [s\src\hotspot\share\classfile\systemDictionary.cpp, line 256]
Event: 27.159 Thread 0x000001b5fe122530 Exception <a 'java/lang/ClassNotFoundException'{0x00000007117c02e0}: org/gradle/internal/logging/services/DefaultLoggingManagerBeanInfo> (0x00000007117c02e0) 
thrown [s\src\hotspot\share\classfile\systemDictionary.cpp, line 256]
Event: 27.160 Thread 0x000001b5fe122530 Exception <a 'java/lang/ClassNotFoundException'{0x00000007117d0888}: org/gradle/internal/logging/services/DefaultLoggingManagerCustomizer> (0x00000007117d0888) 
thrown [s\src\hotspot\share\classfile\systemDictionary.cpp, line 256]
Event: 27.163 Thread 0x000001b5fe122530 Exception <a 'java/lang/ClassNotFoundException'{0x0000000711400d20}: java/lang/BooleanBeanInfo> (0x0000000711400d20) 
thrown [s\src\hotspot\share\classfile\systemDictionary.cpp, line 256]
Event: 27.163 Thread 0x000001b5fe122530 Exception <a 'java/lang/ClassNotFoundException'{0x00000007114069f8}: java/lang/BooleanCustomizer> (0x00000007114069f8) 
thrown [s\src\hotspot\share\classfile\systemDictionary.cpp, line 256]
Event: 27.183 Thread 0x000001b5fe125080 Exception <a 'java/lang/NoSuchMethodError'{0x0000000711479e18}: 'void java.lang.invoke.DirectMethodHandle$Holder.invokeStatic(java.lang.Object, long)'> (0x0000000711479e18) 
thrown [s\src\hotspot\share\interpreter\linkResolver.cpp, line 771]
Event: 27.184 Thread 0x000001b5fe125080 Exception <a 'java/lang/NoSuchMethodError'{0x000000071147f2e8}: 'java.lang.Object java.lang.invoke.DirectMethodHandle$Holder.newInvokeSpecial(java.lang.Object, long)'> (0x000000071147f2e8) 
thrown [s\src\hotspot\share\interpreter\linkResolver.cpp, line 771]
Event: 27.189 Thread 0x000001b5fe125080 Exception <a 'java/lang/NoSuchMethodError'{0x0000000711486010}: 'java.lang.Object java.lang.invoke.DirectMethodHandle$Holder.invokeStatic(java.lang.Object, java.lang.Object, long, java.lang.Object)'> (0x0000000711486010) 
thrown [s\src\hotspot\share\interpreter\linkResolver.cpp, line 771]
Event: 27.192 Thread 0x000001b5fe125080 Exception <a 'java/lang/NoSuchMethodError'{0x0000000711489a60}: 'java.lang.Object java.lang.invoke.DirectMethodHandle$Holder.invokeStaticInit(java.lang.Object, java.lang.Object, long, java.lang.Object)'> (0x0000000711489a60) 
thrown [s\src\hotspot\share\interpreter\linkResolver.cpp, line 771]

VM Operations (20 events):
Event: 25.022 Executing VM operation: ICBufferFull
Event: 25.022 Executing VM operation: ICBufferFull done
Event: 25.736 Executing VM operation: ICBufferFull
Event: 25.736 Executing VM operation: ICBufferFull done
Event: 25.755 Executing VM operation: HandshakeAllThreads
Event: 25.756 Executing VM operation: HandshakeAllThreads done
Event: 26.058 Executing VM operation: HandshakeAllThreads
Event: 26.059 Executing VM operation: HandshakeAllThreads done
Event: 26.950 Executing VM operation: G1CollectForAllocation
Event: 26.983 Executing VM operation: G1CollectForAllocation done
Event: 27.068 Executing VM operation: HandshakeAllThreads
Event: 27.068 Executing VM operation: HandshakeAllThreads done
Event: 27.073 Executing VM operation: HandshakeAllThreads
Event: 27.074 Executing VM operation: HandshakeAllThreads done
Event: 27.194 Executing VM operation: HandshakeAllThreads
Event: 27.195 Executing VM operation: HandshakeAllThreads done
Event: 28.195 Executing VM operation: Cleanup
Event: 28.195 Executing VM operation: Cleanup done
Event: 31.380 Executing VM operation: HandshakeAllThreads
Event: 31.381 Executing VM operation: HandshakeAllThreads done

Events (20 events):
Event: 27.163 loading class java/lang/BooleanBeanInfo
Event: 27.163 loading class java/lang/BooleanBeanInfo done
Event: 27.163 loading class java/lang/BooleanCustomizer
Event: 27.163 loading class java/lang/BooleanCustomizer done
Event: 27.163 loading class java/lang/BooleanCustomizer
Event: 27.163 loading class java/lang/BooleanCustomizer done
Event: 27.174 Thread 0x000001b5fe125080 Thread added: 0x000001b5fe125080
Event: 27.175 loading class java/lang/ProcessImpl
Event: 27.176 loading class java/lang/ProcessImpl done
Event: 27.185 loading class java/lang/ProcessHandleImpl
Event: 27.188 loading class java/lang/ProcessHandleImpl done
Event: 27.193 loading class java/lang/ProcessImpl$2
Event: 27.193 loading class java/lang/ProcessImpl$2 done
Event: 27.193 loading class java/lang/Process$PipeInputStream
Event: 27.193 loading class java/lang/Process$PipeInputStream done
Event: 27.195 loading class jdk/internal/event/ProcessStartEvent
Event: 27.195 loading class jdk/internal/event/ProcessStartEvent done
Event: 27.197 Thread 0x000001b584c09580 Thread added: 0x000001b584c09580
Event: 27.197 Thread 0x000001b584c08240 Thread added: 0x000001b584c08240
Event: 27.563 Thread 0x000001b581e27030 Thread exited: 0x000001b581e27030


Dynamic libraries:
0x00007ff6bddc0000 - 0x00007ff6bddca000 	C:\Program Files\Android\Android Studio2\jbr\bin\java.exe
0x00007ff8ff760000 - 0x00007ff8ff969000 	C:\WINDOWS\SYSTEM32\ntdll.dll
0x00007ff8fe330000 - 0x00007ff8fe3ed000 	C:\WINDOWS\System32\KERNEL32.DLL
0x00007ff8fd030000 - 0x00007ff8fd3a9000 	C:\WINDOWS\System32\KERNELBASE.dll
0x00007ff8fd3b0000 - 0x00007ff8fd4c1000 	C:\WINDOWS\System32\ucrtbase.dll
0x00007ff8e5e80000 - 0x00007ff8e5e9b000 	C:\Program Files\Android\Android Studio2\jbr\bin\VCRUNTIME140.dll
0x00007ff8e73b0000 - 0x00007ff8e73c7000 	C:\Program Files\Android\Android Studio2\jbr\bin\jli.dll
0x00007ff8fe4d0000 - 0x00007ff8fe67c000 	C:\WINDOWS\System32\USER32.dll
0x00007ff8fd4d0000 - 0x00007ff8fd4f6000 	C:\WINDOWS\System32\win32u.dll
0x00007ff8df530000 - 0x00007ff8df7d5000 	C:\WINDOWS\WinSxS\amd64_microsoft.windows.common-controls_6595b64144ccf1df_6.0.22000.120_none_9d947278b86cc467\COMCTL32.dll
0x00007ff8fe3f0000 - 0x00007ff8fe419000 	C:\WINDOWS\System32\GDI32.dll
0x00007ff8fdf50000 - 0x00007ff8fdff3000 	C:\WINDOWS\System32\msvcrt.dll
0x00007ff8fcf10000 - 0x00007ff8fd022000 	C:\WINDOWS\System32\gdi32full.dll
0x00007ff8fcc40000 - 0x00007ff8fccdd000 	C:\WINDOWS\System32\msvcp_win.dll
0x00007ff8fe490000 - 0x00007ff8fe4c1000 	C:\WINDOWS\System32\IMM32.DLL
0x00007ff8f55c0000 - 0x00007ff8f55cc000 	C:\Program Files\Android\Android Studio2\jbr\bin\vcruntime140_1.dll
0x00007ff8e0000000 - 0x00007ff8e008d000 	C:\Program Files\Android\Android Studio2\jbr\bin\msvcp140.dll
0x00007ff8925e0000 - 0x00007ff89324e000 	C:\Program Files\Android\Android Studio2\jbr\bin\server\jvm.dll
0x00007ff8fe020000 - 0x00007ff8fe0ce000 	C:\WINDOWS\System32\ADVAPI32.dll
0x00007ff8fe1c0000 - 0x00007ff8fe25e000 	C:\WINDOWS\System32\sechost.dll
0x00007ff8fee10000 - 0x00007ff8fef30000 	C:\WINDOWS\System32\RPCRT4.dll
0x00007ff8e6120000 - 0x00007ff8e6129000 	C:\WINDOWS\SYSTEM32\WSOCK32.dll
0x00007ff8f0f80000 - 0x00007ff8f0fb3000 	C:\WINDOWS\SYSTEM32\WINMM.dll
0x00007ff8f55b0000 - 0x00007ff8f55ba000 	C:\WINDOWS\SYSTEM32\VERSION.dll
0x00007ff8fe420000 - 0x00007ff8fe48f000 	C:\WINDOWS\System32\WS2_32.dll
0x00007ff8fbd40000 - 0x00007ff8fbd58000 	C:\WINDOWS\SYSTEM32\kernel.appcore.dll
0x00007ff8e8840000 - 0x00007ff8e884a000 	C:\Program Files\Android\Android Studio2\jbr\bin\jimage.dll
0x00007ff8fa6d0000 - 0x00007ff8fa8f1000 	C:\WINDOWS\SYSTEM32\DBGHELP.DLL
0x00007ff8dfce0000 - 0x00007ff8dfd11000 	C:\WINDOWS\SYSTEM32\dbgcore.DLL
0x00007ff8fd570000 - 0x00007ff8fd5ef000 	C:\WINDOWS\System32\bcryptPrimitives.dll
0x00007ff8e5280000 - 0x00007ff8e52a5000 	C:\Program Files\Android\Android Studio2\jbr\bin\java.dll
0x00007ff8e47a0000 - 0x00007ff8e47b8000 	C:\Program Files\Android\Android Studio2\jbr\bin\zip.dll
0x00007ff8fef30000 - 0x00007ff8ff6e8000 	C:\WINDOWS\System32\SHELL32.dll
0x00007ff8fadb0000 - 0x00007ff8fb618000 	C:\WINDOWS\SYSTEM32\windows.storage.dll
0x00007ff8fea80000 - 0x00007ff8fedf9000 	C:\WINDOWS\System32\combase.dll
0x00007ff8fac40000 - 0x00007ff8fada6000 	C:\WINDOWS\SYSTEM32\wintypes.dll
0x00007ff8fd5f0000 - 0x00007ff8fd6da000 	C:\WINDOWS\System32\SHCORE.dll
0x00007ff8fe2d0000 - 0x00007ff8fe32d000 	C:\WINDOWS\System32\shlwapi.dll
0x00007ff8fcb70000 - 0x00007ff8fcb91000 	C:\WINDOWS\SYSTEM32\profapi.dll
0x00007ff8d9cc0000 - 0x00007ff8d9cd9000 	C:\Program Files\Android\Android Studio2\jbr\bin\net.dll
0x00007ff8f2980000 - 0x00007ff8f2a8c000 	C:\WINDOWS\SYSTEM32\WINHTTP.dll
0x00007ff8fc170000 - 0x00007ff8fc1d7000 	C:\WINDOWS\system32\mswsock.dll
0x00007ff8d9ca0000 - 0x00007ff8d9cb6000 	C:\Program Files\Android\Android Studio2\jbr\bin\nio.dll
0x00007ff8e5270000 - 0x00007ff8e5280000 	C:\Program Files\Android\Android Studio2\jbr\bin\verify.dll
0x00007ff8d9c70000 - 0x00007ff8d9c97000 	C:\Users\Dell\.gradle\native\e1d6ef7f7dcc3fd88c89a11ec53ec762bb8ba0a96d01ffa2cd45eb1d1d8dd5c5\windows-amd64\native-platform.dll
0x00007ff8bd430000 - 0x00007ff8bd574000 	C:\Users\Dell\.gradle\native\0d407fdbe67a94daf76414ababcb853783967236a71b16ec16e742cd7a986fd3\windows-amd64\native-platform-file-events.dll
0x00007ff8e0130000 - 0x00007ff8e0139000 	C:\Program Files\Android\Android Studio2\jbr\bin\management.dll
0x00007ff8dfe30000 - 0x00007ff8dfe3b000 	C:\Program Files\Android\Android Studio2\jbr\bin\management_ext.dll
0x00007ff8fe680000 - 0x00007ff8fe688000 	C:\WINDOWS\System32\PSAPI.DLL
0x00007ff8fc420000 - 0x00007ff8fc438000 	C:\WINDOWS\SYSTEM32\CRYPTSP.dll
0x00007ff8fbca0000 - 0x00007ff8fbcd5000 	C:\WINDOWS\system32\rsaenh.dll
0x00007ff8fc2d0000 - 0x00007ff8fc2f9000 	C:\WINDOWS\SYSTEM32\USERENV.dll
0x00007ff8fc5a0000 - 0x00007ff8fc5c7000 	C:\WINDOWS\SYSTEM32\bcrypt.dll
0x00007ff8fc440000 - 0x00007ff8fc44c000 	C:\WINDOWS\SYSTEM32\CRYPTBASE.dll
0x00007ff8fb870000 - 0x00007ff8fb89d000 	C:\WINDOWS\SYSTEM32\IPHLPAPI.DLL
0x00007ff8fdcf0000 - 0x00007ff8fdcf9000 	C:\WINDOWS\System32\NSI.dll
0x00007ff8f3010000 - 0x00007ff8f3029000 	C:\WINDOWS\SYSTEM32\dhcpcsvc6.DLL
0x00007ff8f3360000 - 0x00007ff8f337e000 	C:\WINDOWS\SYSTEM32\dhcpcsvc.DLL
0x00007ff8fb8e0000 - 0x00007ff8fb9c8000 	C:\WINDOWS\SYSTEM32\DNSAPI.dll
0x00007ff8f23e0000 - 0x00007ff8f23e8000 	C:\WINDOWS\system32\wshunix.dll

dbghelp: loaded successfully - version: 4.0.5 - missing functions: none
symbol engine: initialized successfully - sym options: 0x614 - pdb path: .;C:\Program Files\Android\Android Studio2\jbr\bin;C:\WINDOWS\SYSTEM32;C:\WINDOWS\WinSxS\amd64_microsoft.windows.common-controls_6595b64144ccf1df_6.0.22000.120_none_9d947278b86cc467;C:\Program Files\Android\Android Studio2\jbr\bin\server;C:\Users\Dell\.gradle\native\e1d6ef7f7dcc3fd88c89a11ec53ec762bb8ba0a96d01ffa2cd45eb1d1d8dd5c5\windows-amd64;C:\Users\Dell\.gradle\native\0d407fdbe67a94daf76414ababcb853783967236a71b16ec16e742cd7a986fd3\windows-amd64

VM Arguments:
jvm_args: --add-opens=java.base/java.util=ALL-UNNAMED --add-opens=java.base/java.lang=ALL-UNNAMED --add-opens=java.base/java.lang.invoke=ALL-UNNAMED --add-opens=java.base/java.util=ALL-UNNAMED --add-opens=java.prefs/java.util.prefs=ALL-UNNAMED --add-opens=java.prefs/java.util.prefs=ALL-UNNAMED --add-opens=java.base/java.nio.charset=ALL-UNNAMED --add-opens=java.base/java.net=ALL-UNNAMED --add-opens=java.base/java.util.concurrent.atomic=ALL-UNNAMED -Xmx4G -Dfile.encoding=windows-1252 -Duser.country=US -Duser.language=en -Duser.variant 
java_command: org.gradle.launcher.daemon.bootstrap.GradleDaemon 7.5
java_class_path (initial): C:\Users\Dell\.gradle\wrapper\dists\gradle-7.5-all\6qsw290k5lz422uaf8jf6m7co\gradle-7.5\lib\gradle-launcher-7.5.jar
Launcher Type: SUN_STANDARD

[Global flags]
     intx CICompilerCount                          = 4                                         {product} {ergonomic}
     uint ConcGCThreads                            = 2                                         {product} {ergonomic}
     uint G1ConcRefinementThreads                  = 8                                         {product} {ergonomic}
   size_t G1HeapRegionSize                         = 2097152                                   {product} {ergonomic}
    uintx GCDrainStackTargetSize                   = 64                                        {product} {ergonomic}
   size_t InitialHeapSize                          = 132120576                                 {product} {ergonomic}
   size_t MarkStackSize                            = 4194304                                   {product} {ergonomic}
   size_t MaxHeapSize                              = 4294967296                                {product} {command line}
   size_t MaxNewSize                               = 2575302656                                {product} {ergonomic}
   size_t MinHeapDeltaBytes                        = 2097152                                   {product} {ergonomic}
   size_t MinHeapSize                              = 8388608                                   {product} {ergonomic}
    uintx NonNMethodCodeHeapSize                   = 5839372                                {pd product} {ergonomic}
    uintx NonProfiledCodeHeapSize                  = 122909434                              {pd product} {ergonomic}
    uintx ProfiledCodeHeapSize                     = 122909434                              {pd product} {ergonomic}
    uintx ReservedCodeCacheSize                    = 251658240                              {pd product} {ergonomic}
     bool SegmentedCodeCache                       = true                                      {product} {ergonomic}
   size_t SoftMaxHeapSize                          = 4294967296                             {manageable} {ergonomic}
     bool UseCompressedClassPointers               = true                           {product lp64_product} {ergonomic}
     bool UseCompressedOops                        = true                           {product lp64_product} {ergonomic}
     bool UseG1GC                                  = true                                      {product} {ergonomic}
     bool UseLargePagesIndividualAllocation        = false                                  {pd product} {ergonomic}

Logging:
Log output configuration:
 #0: stdout all=warning uptime,level,tags
 #1: stderr all=off uptime,level,tags

Environment Variables:
JAVA_HOME=C:\Program Files\Android\Android Studio2\jbr
CLASSPATH=D:\Desktop\flutter\android\\gradle\wrapper\gradle-wrapper.jar
PATH=C:\Program Files\Android\Android Studio2\jbr\bin;C:\Program Files\Common Files\Oracle\Java\javapath;C:\MinGW\bin;C:\WINDOWS\system32;C:\WINDOWS;C:\WINDOWS\System32\Wbem;C:\WINDOWS\System32\WindowsPowerShell\v1.0\;C:\WINDOWS\System32\OpenSSH\;C:\Program Files (x86)\Silverfrost\FTN95;C:\Program Files\dotnet\;C:\Program Files\Git\cmd;C:\Program Files\nodejs\;C:\Users\Dell\AppData\Local\Programs\Python\Python38\Scripts\;C:\Users\Dell\AppData\Local\Programs\Python\Python38\;C:\Users\Dell\AppData\Local\Programs\Python\Python39\Scripts\;C:\Users\Dell\AppData\Local\Programs\Python\Python39\;C:\Users\Dell\AppData\Local\Microsoft\WindowsApps;C:\Users\Dell\AppData\Roaming\npm;C:\Program Files\dart-sdk\bin;C:\Program Files\MinGW\bin;C:\Users\Dell\AppData\Local\Programs\Microsoft VS Code\bin;C:\Program Files\flutter\bin;C:\Program Files\dart-sdk\bin;C:\Program Files\jdk-18.0.2.1_linux-aarch64_bin\jdk-18.0.2.1\bin;C:\Program Files (x86)\Java\jre-1.8\bin;;C:\Program Files\flutter\bin\mingit\cmd;C:\Program Files\flutter\bin\mingit\cmd
USERNAME=Dell
OS=Windows_NT
PROCESSOR_IDENTIFIER=Intel64 Family 6 Model 126 Stepping 5, GenuineIntel
TMP=C:\Users\Dell\AppData\Local\Temp
TEMP=C:\Users\Dell\AppData\Local\Temp


JNI global refs:
JNI global refs: 26, weak refs: 25

JNI global refs memory usage: 843, weak refs: 841


---------------  S Y S T E M  ---------------

OS:
 Windows 11 , 64 bit Build 22000 (10.0.22000.708)
OS uptime: 0 days 11:10 hours

CPU: total 8 (initial active 8) (4 cores per cpu, 2 threads per core) family 6 model 126 stepping 5 microcode 0xa8, cx8, cmov, fxsr, ht, mmx, 3dnowpref, sse, sse2, sse3, ssse3, sse4.1, sse4.2, popcnt, lzcnt, tsc, tscinvbit, avx, avx2, aes, erms, clmul, bmi1, bmi2, adx, avx512f, avx512dq, avx512cd, avx512bw, avx512vl, sha, fma, vzeroupper, avx512_vpopcntdq, avx512_vpclmulqdq, avx512_vaes, avx512_vnni, clflush, clflushopt, avx512_vbmi2, avx512_vbmi

Memory: 4k page, system-wide physical 7955M (151M free)
TotalPageFile size 12622M (AvailPageFile size 0M)
current process WorkingSet (physical memory assigned to process): 525M, peak: 568M
current process commit charge ("private bytes"): 588M, peak: 633M

vm_info: OpenJDK 64-Bit Server VM (17.0.6+0-b2043.56-10027231) for windows-amd64 JRE (17.0.6+0-b2043.56-10027231), built on Apr 28 2023 00:43:19 by "androidbuild" with MS VC++ 16.10 / 16.11 (VS2019)

END.
